
Showing logs for build [32mseldonio-seldon-core-pr-1452-li-jptbk-2[0m stage [32mpr-build-comment[0m and container [32mstep-credential-initializer-4lt4j[0m
{"level":"warn","ts":1581934340.1560318,"logger":"fallback-logger","caller":"logging/config.go:69","msg":"Fetch GitHub commit ID from kodata failed: \"ref: refs/heads/0.8.0-**-support-backwards-incompats\" is not a valid GitHub commit ID"}
{"level":"info","ts":1581934340.1566312,"logger":"fallback-logger","caller":"creds-init/main.go:40","msg":"Credentials initialized."}

Showing logs for build [32mseldonio-seldon-core-pr-1452-li-jptbk-2[0m stage [32mpr-build-comment[0m and container [32mstep-working-dir-initializer-x46qc[0m
{"level":"warn","ts":1581934341.7389536,"logger":"fallback-logger","caller":"logging/config.go:69","msg":"Fetch GitHub commit ID from kodata failed: open /var/run/ko/HEAD: no such file or directory"}
{"level":"info","ts":1581934341.740645,"logger":"fallback-logger","caller":"bash/main.go:64","msg":"Successfully executed command \"sh -c mkdir -p /workspace/source\"; output "}

Showing logs for build [32mseldonio-seldon-core-pr-1452-li-jptbk-2[0m stage [32mpr-build-comment[0m and container [32mstep-place-tools[0m

Showing logs for build [32mseldonio-seldon-core-pr-1452-li-jptbk-2[0m stage [32mpr-build-comment[0m and container [32mstep-create-dir-workspace-9czsv[0m
{"level":"warn","ts":1581934348.9420495,"logger":"fallback-logger","caller":"logging/config.go:69","msg":"Fetch GitHub commit ID from kodata failed: open /var/run/ko/HEAD: no such file or directory"}
{"level":"info","ts":1581934348.9441524,"logger":"fallback-logger","caller":"bash/main.go:64","msg":"Successfully executed command \"sh -c mkdir -p source\"; output "}

Showing logs for build [32mseldonio-seldon-core-pr-1452-li-jptbk-2[0m stage [32mpr-build-comment[0m and container [32mstep-git-source-seldonio-seldon-core-pr-1452-li-c8p6m[0m
{"level":"warn","ts":1581934349.2223809,"logger":"fallback-logger","caller":"logging/config.go:69","msg":"Fetch GitHub commit ID from kodata failed: \"ref: refs/heads/0.8.0-**-support-backwards-incompats\" is not a valid GitHub commit ID"}
{"level":"info","ts":1581934352.8882391,"logger":"fallback-logger","caller":"git/git.go:103","msg":"Successfully cloned https://github.com/SeldonIO/seldon-core.git @ master in path /workspace/source"}

Showing logs for build [32mseldonio-seldon-core-pr-1452-li-jptbk-2[0m stage [32mpr-build-comment[0m and container [32mstep-git-merge[0m
Using SHAs from PULL_REFS=master:177f8b05106b3d1a5bce1a142a912ef4f0c7e72c,1452:58010204ff127aa3e315a84e0d40a2b0114905b7
DEBUG: ran git fetch --unshallow origin 58010204ff127aa3e315a84e0d40a2b0114905b7: 177f8b05106b3d1a5bce1a142a912ef4f0c7e72c: in 
DEBUG: ran git checkout master in 
DEBUG: ran git reset --hard 177f8b05106b3d1a5bce1a142a912ef4f0c7e72c in 
DEBUG: ran clean --force -d . in 
DEBUG: ran git merge 58010204ff127aa3e315a84e0d40a2b0114905b7 in 
Merged SHA 1822d3144514e5c0923f3e40b988bfd82cb9fd92 with commit message 'Merge commit '58010204ff127aa3e315a84e0d40a2b0114905b7'' into base branch master
Merged SHA 58010204ff127aa3e315a84e0d40a2b0114905b7 with commit message 'Bump grpc.version from 1.25.0 to 1.27.1 in /engine' into base branch master

Showing logs for build [32mseldonio-seldon-core-pr-1452-li-jptbk-2[0m stage [32mpr-build-comment[0m and container [32mstep-step2[0m
+++ dirname ./add-pr-build-comment
++ cd .
++ pwd
+ STARTUP_DIR=/workspace/source/ci
+ REPO_OWNER=SeldonIO
+ REPO_NAME=seldon-core
+ PULL_NUMBER=1452
+ BUILD_NUMBER=2
+ PIPELINE_CONTEXT=lint
++ cat
+++ date
+ COMMENT_MSG='Mon Feb 17 10:12:40 UTC 2020
The logs for [lint] [2] will show after the pipeline context has finished.  
https://github.com/SeldonIO/seldon-core/blob/gh-pages/jenkins-x/logs/SeldonIO/seldon-core/PR-1452/2.log

impatient try  
** get build logs SeldonIO/seldon-core/PR-1452 --build=2'
+ ** step pr comment --owner=SeldonIO --repository=seldon-core --pull-request=1452 '--comment=Mon Feb 17 10:12:40 UTC 2020
The logs for [lint] [2] will show after the pipeline context has finished.  
https://github.com/SeldonIO/seldon-core/blob/gh-pages/jenkins-x/logs/SeldonIO/seldon-core/PR-1452/2.log

impatient try  
** get build logs SeldonIO/seldon-core/PR-1452 --build=2'

Showing logs for build [32mseldonio-seldon-core-pr-1452-li-jptbk-2[0m stage [32mpr-build-comment[0m and container [32mstep-source-mkdir-seldonio-seldon-core-pr-1452-li-4bnd5[0m
{"level":"warn","ts":1581934363.1007702,"logger":"fallback-logger","caller":"logging/config.go:69","msg":"Fetch GitHub commit ID from kodata failed: open /var/run/ko/HEAD: no such file or directory"}
{"level":"info","ts":1581934363.1311085,"logger":"fallback-logger","caller":"bash/main.go:64","msg":"Successfully executed command \"sh -c mkdir -p /pvc/pr-build-comment/workspace\"; output "}

Showing logs for build [32mseldonio-seldon-core-pr-1452-li-jptbk-2[0m stage [32mpr-build-comment[0m and container [32mstep-source-copy-seldonio-seldon-core-pr-1452-li-7gcrl[0m
{"level":"warn","ts":1581934363.4110804,"logger":"fallback-logger","caller":"logging/config.go:69","msg":"Fetch GitHub commit ID from kodata failed: open /var/run/ko/HEAD: no such file or directory"}
{"level":"info","ts":1581934363.7400525,"logger":"fallback-logger","caller":"bash/main.go:64","msg":"Successfully executed command \"sh -c cp -r source/. /pvc/pr-build-comment/workspace\"; output "}

Showing logs for build [32mseldonio-seldon-core-pr-1452-li-jptbk-2[0m stage [32mpython-lint-task[0m and container [32mstep-credential-initializer-hkmrd[0m
{"level":"warn","ts":1581934384.3224084,"logger":"fallback-logger","caller":"logging/config.go:69","msg":"Fetch GitHub commit ID from kodata failed: \"ref: refs/heads/0.8.0-**-support-backwards-incompats\" is not a valid GitHub commit ID"}
{"level":"info","ts":1581934384.3231237,"logger":"fallback-logger","caller":"creds-init/main.go:40","msg":"Credentials initialized."}

Showing logs for build [32mseldonio-seldon-core-pr-1452-li-jptbk-2[0m stage [32mpython-lint-task[0m and container [32mstep-working-dir-initializer-z2ths[0m
{"level":"warn","ts":1581934385.1269898,"logger":"fallback-logger","caller":"logging/config.go:69","msg":"Fetch GitHub commit ID from kodata failed: open /var/run/ko/HEAD: no such file or directory"}
{"level":"info","ts":1581934385.1293397,"logger":"fallback-logger","caller":"bash/main.go:64","msg":"Successfully executed command \"sh -c mkdir -p /workspace/source\"; output "}

Showing logs for build [32mseldonio-seldon-core-pr-1452-li-jptbk-2[0m stage [32mpython-lint-task[0m and container [32mstep-place-tools[0m

Showing logs for build [32mseldonio-seldon-core-pr-1452-li-jptbk-2[0m stage [32mpython-lint-task[0m and container [32mstep-create-dir-workspace-s8m4j[0m
{"level":"warn","ts":1581934397.3827188,"logger":"fallback-logger","caller":"logging/config.go:69","msg":"Fetch GitHub commit ID from kodata failed: open /var/run/ko/HEAD: no such file or directory"}
{"level":"info","ts":1581934397.3841765,"logger":"fallback-logger","caller":"bash/main.go:64","msg":"Successfully executed command \"sh -c mkdir -p /workspace/source\"; output "}

Showing logs for build [32mseldonio-seldon-core-pr-1452-li-jptbk-2[0m stage [32mpython-lint-task[0m and container [32mstep-source-copy-workspace-b5kvj[0m
{"level":"warn","ts":1581934397.6484168,"logger":"fallback-logger","caller":"logging/config.go:69","msg":"Fetch GitHub commit ID from kodata failed: open /var/run/ko/HEAD: no such file or directory"}
{"level":"info","ts":1581934401.942253,"logger":"fallback-logger","caller":"bash/main.go:64","msg":"Successfully executed command \"sh -c cp -r /pvc/pr-build-comment/workspace/. /workspace/source\"; output "}

Showing logs for build [32mseldonio-seldon-core-pr-1452-li-jptbk-2[0m stage [32mpython-lint-task[0m and container [32mstep-python-lint[0m
make: Entering directory '/workspace/source/python'
pip install black==19.3b0
Collecting black==19.3b0
  Downloading black-19.3b0-py36-none-any.whl (89 kB)
Collecting attrs>=18.1.0
  Downloading attrs-19.3.0-py2.py3-none-any.whl (39 kB)
Collecting click>=6.5
  Downloading Click-7.0-py2.py3-none-any.whl (81 kB)
Collecting appdirs
  Downloading appdirs-1.4.3-py2.py3-none-any.whl (12 kB)
Collecting toml>=0.9.4
  Downloading toml-0.10.0-py2.py3-none-any.whl (25 kB)
Installing collected packages: attrs, click, appdirs, toml, black
Successfully installed appdirs-1.4.3 attrs-19.3.0 black-19.3b0 click-7.0 toml-0.10.0
black \
	--check ./ ../testing \
	--exclude "(testing/scripts/proto|seldon_core/proto/|.eggs|.tox)"
All done! ✨ 🍰 ✨
55 files would be left unchanged.
make: Leaving directory '/workspace/source/python'
