
Showing logs for build [32mseldonio-seldon-core-pr-1447-li-d64ng-2[0m stage [32mpr-build-comment[0m and container [32mstep-credential-initializer-fg4hl[0m
{"level":"warn","ts":1581771169.0800269,"logger":"fallback-logger","caller":"logging/config.go:69","msg":"Fetch GitHub commit ID from kodata failed: \"ref: refs/heads/0.8.0-**-support-backwards-incompats\" is not a valid GitHub commit ID"}
{"level":"info","ts":1581771169.0804474,"logger":"fallback-logger","caller":"creds-init/main.go:40","msg":"Credentials initialized."}

Showing logs for build [32mseldonio-seldon-core-pr-1447-li-d64ng-2[0m stage [32mpr-build-comment[0m and container [32mstep-working-dir-initializer-4s2g8[0m
{"level":"warn","ts":1581771170.037923,"logger":"fallback-logger","caller":"logging/config.go:69","msg":"Fetch GitHub commit ID from kodata failed: open /var/run/ko/HEAD: no such file or directory"}
{"level":"info","ts":1581771170.0394895,"logger":"fallback-logger","caller":"bash/main.go:64","msg":"Successfully executed command \"sh -c mkdir -p /workspace/source\"; output "}

Showing logs for build [32mseldonio-seldon-core-pr-1447-li-d64ng-2[0m stage [32mpr-build-comment[0m and container [32mstep-place-tools[0m

Showing logs for build [32mseldonio-seldon-core-pr-1447-li-d64ng-2[0m stage [32mpr-build-comment[0m and container [32mstep-create-dir-workspace-n9nq4[0m
{"level":"warn","ts":1581771176.0900471,"logger":"fallback-logger","caller":"logging/config.go:69","msg":"Fetch GitHub commit ID from kodata failed: open /var/run/ko/HEAD: no such file or directory"}
{"level":"info","ts":1581771176.0914483,"logger":"fallback-logger","caller":"bash/main.go:64","msg":"Successfully executed command \"sh -c mkdir -p source\"; output "}

Showing logs for build [32mseldonio-seldon-core-pr-1447-li-d64ng-2[0m stage [32mpr-build-comment[0m and container [32mstep-git-source-seldonio-seldon-core-pr-1447-li-dv8r6[0m
{"level":"warn","ts":1581771176.308703,"logger":"fallback-logger","caller":"logging/config.go:69","msg":"Fetch GitHub commit ID from kodata failed: \"ref: refs/heads/0.8.0-**-support-backwards-incompats\" is not a valid GitHub commit ID"}
{"level":"info","ts":1581771178.7362413,"logger":"fallback-logger","caller":"git/git.go:103","msg":"Successfully cloned https://github.com/SeldonIO/seldon-core.git @ master in path /workspace/source"}

Showing logs for build [32mseldonio-seldon-core-pr-1447-li-d64ng-2[0m stage [32mpr-build-comment[0m and container [32mstep-git-merge[0m
Using SHAs from PULL_REFS=master:25778017d9f571e5be0be1a3bae7e163ced8ea4a,1447:1295def28c9c3d084a452d2d30d9776d131ccfaf
DEBUG: ran git fetch --unshallow origin 1295def28c9c3d084a452d2d30d9776d131ccfaf: 25778017d9f571e5be0be1a3bae7e163ced8ea4a: in 
DEBUG: ran git checkout master in 
DEBUG: ran git reset --hard 25778017d9f571e5be0be1a3bae7e163ced8ea4a in 
DEBUG: ran clean --force -d . in 
DEBUG: ran git merge 1295def28c9c3d084a452d2d30d9776d131ccfaf in 
Merged SHA 1295def28c9c3d084a452d2d30d9776d131ccfaf with commit message 'Added current opentracing required changes' into base branch master
Merged SHA 680af52d4bd9cba2568635ecef07310929a61ae6 with commit message 'Added example for streaming' into base branch master
Merged SHA 4cf2ac65da294e2970d5ed173c2bd7fcab91f64f with commit message 'Added faust as requirement' into base branch master
Merged SHA 2fbb66bbb03fdb3d45239459d37e4a1d03c50c6d with commit message 'Added faust as requirement' into base branch master
Merged SHA 19a818afa56dfc14a0707bbed1d82fe972ea708a with commit message 'Added initial implementation of simple streaming' into base branch master

Showing logs for build [32mseldonio-seldon-core-pr-1447-li-d64ng-2[0m stage [32mpr-build-comment[0m and container [32mstep-step2[0m
+++ dirname ./add-pr-build-comment
++ cd .
++ pwd
+ STARTUP_DIR=/workspace/source/ci
+ REPO_OWNER=SeldonIO
+ REPO_NAME=seldon-core
+ PULL_NUMBER=1447
+ BUILD_NUMBER=2
+ PIPELINE_CONTEXT=lint
++ cat
+++ date
+ COMMENT_MSG='Sat Feb 15 12:53:04 UTC 2020
The logs for [lint] [2] will show after the pipeline context has finished.  
https://github.com/SeldonIO/seldon-core/blob/gh-pages/jenkins-x/logs/SeldonIO/seldon-core/PR-1447/2.log

impatient try  
** get build logs SeldonIO/seldon-core/PR-1447 --build=2'
+ ** step pr comment --owner=SeldonIO --repository=seldon-core --pull-request=1447 '--comment=Sat Feb 15 12:53:04 UTC 2020
The logs for [lint] [2] will show after the pipeline context has finished.  
https://github.com/SeldonIO/seldon-core/blob/gh-pages/jenkins-x/logs/SeldonIO/seldon-core/PR-1447/2.log

impatient try  
** get build logs SeldonIO/seldon-core/PR-1447 --build=2'

Showing logs for build [32mseldonio-seldon-core-pr-1447-li-d64ng-2[0m stage [32mpr-build-comment[0m and container [32mstep-source-mkdir-seldonio-seldon-core-pr-1447-li-przsg[0m
{"level":"warn","ts":1581771186.925815,"logger":"fallback-logger","caller":"logging/config.go:69","msg":"Fetch GitHub commit ID from kodata failed: open /var/run/ko/HEAD: no such file or directory"}
{"level":"info","ts":1581771186.9291964,"logger":"fallback-logger","caller":"bash/main.go:64","msg":"Successfully executed command \"sh -c mkdir -p /pvc/pr-build-comment/workspace\"; output "}

Showing logs for build [32mseldonio-seldon-core-pr-1447-li-d64ng-2[0m stage [32mpr-build-comment[0m and container [32mstep-source-copy-seldonio-seldon-core-pr-1447-li-4vxtl[0m
{"level":"warn","ts":1581771187.1417143,"logger":"fallback-logger","caller":"logging/config.go:69","msg":"Fetch GitHub commit ID from kodata failed: open /var/run/ko/HEAD: no such file or directory"}
{"level":"info","ts":1581771187.4775956,"logger":"fallback-logger","caller":"bash/main.go:64","msg":"Successfully executed command \"sh -c cp -r source/. /pvc/pr-build-comment/workspace\"; output "}

Showing logs for build [32mseldonio-seldon-core-pr-1447-li-d64ng-2[0m stage [32mpython-lint-task[0m and container [32mstep-credential-initializer-mf7xs[0m
{"level":"warn","ts":1581771190.8347797,"logger":"fallback-logger","caller":"logging/config.go:69","msg":"Fetch GitHub commit ID from kodata failed: \"ref: refs/heads/0.8.0-**-support-backwards-incompats\" is not a valid GitHub commit ID"}
{"level":"info","ts":1581771190.8352463,"logger":"fallback-logger","caller":"creds-init/main.go:40","msg":"Credentials initialized."}

Showing logs for build [32mseldonio-seldon-core-pr-1447-li-d64ng-2[0m stage [32mpython-lint-task[0m and container [32mstep-working-dir-initializer-xh2rp[0m
{"level":"warn","ts":1581771191.8115664,"logger":"fallback-logger","caller":"logging/config.go:69","msg":"Fetch GitHub commit ID from kodata failed: open /var/run/ko/HEAD: no such file or directory"}
{"level":"info","ts":1581771191.8132231,"logger":"fallback-logger","caller":"bash/main.go:64","msg":"Successfully executed command \"sh -c mkdir -p /workspace/source\"; output "}

Showing logs for build [32mseldonio-seldon-core-pr-1447-li-d64ng-2[0m stage [32mpython-lint-task[0m and container [32mstep-place-tools[0m

Showing logs for build [32mseldonio-seldon-core-pr-1447-li-d64ng-2[0m stage [32mpython-lint-task[0m and container [32mstep-create-dir-workspace-hbgd8[0m
{"level":"warn","ts":1581771195.890202,"logger":"fallback-logger","caller":"logging/config.go:69","msg":"Fetch GitHub commit ID from kodata failed: open /var/run/ko/HEAD: no such file or directory"}
{"level":"info","ts":1581771195.8916998,"logger":"fallback-logger","caller":"bash/main.go:64","msg":"Successfully executed command \"sh -c mkdir -p /workspace/source\"; output "}

Showing logs for build [32mseldonio-seldon-core-pr-1447-li-d64ng-2[0m stage [32mpython-lint-task[0m and container [32mstep-source-copy-workspace-fvmxc[0m
{"level":"warn","ts":1581771196.1444016,"logger":"fallback-logger","caller":"logging/config.go:69","msg":"Fetch GitHub commit ID from kodata failed: open /var/run/ko/HEAD: no such file or directory"}
{"level":"info","ts":1581771196.425319,"logger":"fallback-logger","caller":"bash/main.go:64","msg":"Successfully executed command \"sh -c cp -r /pvc/pr-build-comment/workspace/. /workspace/source\"; output "}

Showing logs for build [32mseldonio-seldon-core-pr-1447-li-d64ng-2[0m stage [32mpython-lint-task[0m and container [32mstep-python-lint[0m
make: Entering directory '/workspace/source/python'
pip install black==19.3b0
Collecting black==19.3b0
  Downloading black-19.3b0-py36-none-any.whl (89 kB)
Collecting attrs>=18.1.0
  Downloading attrs-19.3.0-py2.py3-none-any.whl (39 kB)
Collecting appdirs
  Downloading appdirs-1.4.3-py2.py3-none-any.whl (12 kB)
Collecting toml>=0.9.4
  Downloading toml-0.10.0-py2.py3-none-any.whl (25 kB)
Collecting click>=6.5
  Downloading Click-7.0-py2.py3-none-any.whl (81 kB)
Installing collected packages: attrs, appdirs, toml, click, black
Successfully installed appdirs-1.4.3 attrs-19.3.0 black-19.3b0 click-7.0 toml-0.10.0
black \
	--check ./ ../testing \
	--exclude "(testing/scripts/proto|seldon_core/proto/|.eggs|.tox)"
All done! ✨ 🍰 ✨
55 files would be left unchanged.
make: Leaving directory '/workspace/source/python'
