
Showing logs for build [32mseldonio-seldon-core-pr-1450-li-r6t65-2[0m stage [32mpr-build-comment[0m and container [32mstep-credential-initializer-srrls[0m
{"level":"warn","ts":1581934402.4091375,"logger":"fallback-logger","caller":"logging/config.go:69","msg":"Fetch GitHub commit ID from kodata failed: \"ref: refs/heads/0.8.0-**-support-backwards-incompats\" is not a valid GitHub commit ID"}
{"level":"info","ts":1581934402.4130776,"logger":"fallback-logger","caller":"creds-init/main.go:40","msg":"Credentials initialized."}

Showing logs for build [32mseldonio-seldon-core-pr-1450-li-r6t65-2[0m stage [32mpr-build-comment[0m and container [32mstep-working-dir-initializer-r5znb[0m
{"level":"warn","ts":1581934403.7769606,"logger":"fallback-logger","caller":"logging/config.go:69","msg":"Fetch GitHub commit ID from kodata failed: open /var/run/ko/HEAD: no such file or directory"}
{"level":"info","ts":1581934403.7791536,"logger":"fallback-logger","caller":"bash/main.go:64","msg":"Successfully executed command \"sh -c mkdir -p /workspace/source\"; output "}

Showing logs for build [32mseldonio-seldon-core-pr-1450-li-r6t65-2[0m stage [32mpr-build-comment[0m and container [32mstep-place-tools[0m

Showing logs for build [32mseldonio-seldon-core-pr-1450-li-r6t65-2[0m stage [32mpr-build-comment[0m and container [32mstep-create-dir-workspace-wk2fg[0m
{"level":"warn","ts":1581934417.5485017,"logger":"fallback-logger","caller":"logging/config.go:69","msg":"Fetch GitHub commit ID from kodata failed: open /var/run/ko/HEAD: no such file or directory"}
{"level":"info","ts":1581934417.5502148,"logger":"fallback-logger","caller":"bash/main.go:64","msg":"Successfully executed command \"sh -c mkdir -p source\"; output "}

Showing logs for build [32mseldonio-seldon-core-pr-1450-li-r6t65-2[0m stage [32mpr-build-comment[0m and container [32mstep-git-source-seldonio-seldon-core-pr-1450-li-9ht9k[0m
{"level":"warn","ts":1581934417.8673377,"logger":"fallback-logger","caller":"logging/config.go:69","msg":"Fetch GitHub commit ID from kodata failed: \"ref: refs/heads/0.8.0-**-support-backwards-incompats\" is not a valid GitHub commit ID"}
{"level":"info","ts":1581934421.4914055,"logger":"fallback-logger","caller":"git/git.go:103","msg":"Successfully cloned https://github.com/SeldonIO/seldon-core.git @ master in path /workspace/source"}

Showing logs for build [32mseldonio-seldon-core-pr-1450-li-r6t65-2[0m stage [32mpr-build-comment[0m and container [32mstep-git-merge[0m
Using SHAs from PULL_REFS=master:177f8b05106b3d1a5bce1a142a912ef4f0c7e72c,1450:f9fd23d4cdf44c66a26a0322ecdf856c8951071d
DEBUG: ran git fetch --unshallow origin f9fd23d4cdf44c66a26a0322ecdf856c8951071d: 177f8b05106b3d1a5bce1a142a912ef4f0c7e72c: in 
DEBUG: ran git checkout master in 
DEBUG: ran git reset --hard 177f8b05106b3d1a5bce1a142a912ef4f0c7e72c in 
DEBUG: ran clean --force -d . in 
DEBUG: ran git merge f9fd23d4cdf44c66a26a0322ecdf856c8951071d in 
Merged SHA e473752bf2c958d2888c6c09d5f423c06e378351 with commit message 'Merge commit 'f9fd23d4cdf44c66a26a0322ecdf856c8951071d'' into base branch master
Merged SHA f9fd23d4cdf44c66a26a0322ecdf856c8951071d with commit message 'Bump pandas from 1.0.0 to 1.0.1 in /python' into base branch master

Showing logs for build [32mseldonio-seldon-core-pr-1450-li-r6t65-2[0m stage [32mpr-build-comment[0m and container [32mstep-step2[0m
+++ dirname ./add-pr-build-comment
++ cd .
++ pwd
+ STARTUP_DIR=/workspace/source/ci
+ REPO_OWNER=SeldonIO
+ REPO_NAME=seldon-core
+ PULL_NUMBER=1450
+ BUILD_NUMBER=2
+ PIPELINE_CONTEXT=lint
++ cat
+++ date
+ COMMENT_MSG='Mon Feb 17 10:13:48 UTC 2020
The logs for [lint] [2] will show after the pipeline context has finished.  
https://github.com/SeldonIO/seldon-core/blob/gh-pages/jenkins-x/logs/SeldonIO/seldon-core/PR-1450/2.log

impatient try  
** get build logs SeldonIO/seldon-core/PR-1450 --build=2'
+ ** step pr comment --owner=SeldonIO --repository=seldon-core --pull-request=1450 '--comment=Mon Feb 17 10:13:48 UTC 2020
The logs for [lint] [2] will show after the pipeline context has finished.  
https://github.com/SeldonIO/seldon-core/blob/gh-pages/jenkins-x/logs/SeldonIO/seldon-core/PR-1450/2.log

impatient try  
** get build logs SeldonIO/seldon-core/PR-1450 --build=2'

Showing logs for build [32mseldonio-seldon-core-pr-1450-li-r6t65-2[0m stage [32mpr-build-comment[0m and container [32mstep-source-mkdir-seldonio-seldon-core-pr-1450-li-wd66v[0m
{"level":"warn","ts":1581934430.8979673,"logger":"fallback-logger","caller":"logging/config.go:69","msg":"Fetch GitHub commit ID from kodata failed: open /var/run/ko/HEAD: no such file or directory"}
{"level":"info","ts":1581934431.082551,"logger":"fallback-logger","caller":"bash/main.go:64","msg":"Successfully executed command \"sh -c mkdir -p /pvc/pr-build-comment/workspace\"; output "}

Showing logs for build [32mseldonio-seldon-core-pr-1450-li-r6t65-2[0m stage [32mpr-build-comment[0m and container [32mstep-source-copy-seldonio-seldon-core-pr-1450-li-qw5tp[0m
{"level":"warn","ts":1581934431.2323444,"logger":"fallback-logger","caller":"logging/config.go:69","msg":"Fetch GitHub commit ID from kodata failed: open /var/run/ko/HEAD: no such file or directory"}
{"level":"info","ts":1581934431.6884897,"logger":"fallback-logger","caller":"bash/main.go:64","msg":"Successfully executed command \"sh -c cp -r source/. /pvc/pr-build-comment/workspace\"; output "}

Showing logs for build [32mseldonio-seldon-core-pr-1450-li-r6t65-2[0m stage [32mpython-lint-task[0m and container [32mstep-credential-initializer-5z9rt[0m
{"level":"warn","ts":1581934440.33722,"logger":"fallback-logger","caller":"logging/config.go:69","msg":"Fetch GitHub commit ID from kodata failed: \"ref: refs/heads/0.8.0-**-support-backwards-incompats\" is not a valid GitHub commit ID"}
{"level":"info","ts":1581934440.3378487,"logger":"fallback-logger","caller":"creds-init/main.go:40","msg":"Credentials initialized."}

Showing logs for build [32mseldonio-seldon-core-pr-1450-li-r6t65-2[0m stage [32mpython-lint-task[0m and container [32mstep-working-dir-initializer-nx68r[0m
{"level":"warn","ts":1581934442.45054,"logger":"fallback-logger","caller":"logging/config.go:69","msg":"Fetch GitHub commit ID from kodata failed: open /var/run/ko/HEAD: no such file or directory"}
{"level":"info","ts":1581934442.453551,"logger":"fallback-logger","caller":"bash/main.go:64","msg":"Successfully executed command \"sh -c mkdir -p /workspace/source\"; output "}

Showing logs for build [32mseldonio-seldon-core-pr-1450-li-r6t65-2[0m stage [32mpython-lint-task[0m and container [32mstep-place-tools[0m

Showing logs for build [32mseldonio-seldon-core-pr-1450-li-r6t65-2[0m stage [32mpython-lint-task[0m and container [32mstep-create-dir-workspace-pmmrh[0m
{"level":"warn","ts":1581934451.4007897,"logger":"fallback-logger","caller":"logging/config.go:69","msg":"Fetch GitHub commit ID from kodata failed: open /var/run/ko/HEAD: no such file or directory"}
{"level":"info","ts":1581934451.4043727,"logger":"fallback-logger","caller":"bash/main.go:64","msg":"Successfully executed command \"sh -c mkdir -p /workspace/source\"; output "}

Showing logs for build [32mseldonio-seldon-core-pr-1450-li-r6t65-2[0m stage [32mpython-lint-task[0m and container [32mstep-source-copy-workspace-lmqfr[0m
{"level":"warn","ts":1581934451.495803,"logger":"fallback-logger","caller":"logging/config.go:69","msg":"Fetch GitHub commit ID from kodata failed: open /var/run/ko/HEAD: no such file or directory"}
{"level":"info","ts":1581934467.6408007,"logger":"fallback-logger","caller":"bash/main.go:64","msg":"Successfully executed command \"sh -c cp -r /pvc/pr-build-comment/workspace/. /workspace/source\"; output "}

Showing logs for build [32mseldonio-seldon-core-pr-1450-li-r6t65-2[0m stage [32mpython-lint-task[0m and container [32mstep-python-lint[0m
make: Entering directory '/workspace/source/python'
pip install black==19.3b0
Collecting black==19.3b0
  Downloading black-19.3b0-py36-none-any.whl (89 kB)
Collecting appdirs
  Downloading appdirs-1.4.3-py2.py3-none-any.whl (12 kB)
Collecting attrs>=18.1.0
  Downloading attrs-19.3.0-py2.py3-none-any.whl (39 kB)
Collecting toml>=0.9.4
  Downloading toml-0.10.0-py2.py3-none-any.whl (25 kB)
Collecting click>=6.5
  Downloading Click-7.0-py2.py3-none-any.whl (81 kB)
Installing collected packages: appdirs, attrs, toml, click, black
Successfully installed appdirs-1.4.3 attrs-19.3.0 black-19.3b0 click-7.0 toml-0.10.0
black \
	--check ./ ../testing \
	--exclude "(testing/scripts/proto|seldon_core/proto/|.eggs|.tox)"
All done! ✨ 🍰 ✨
55 files would be left unchanged.
make: Leaving directory '/workspace/source/python'
