
Showing logs for build [32mmeta-seldonio-seldon-core-relea-tm29b-2[0m stage [32mmeta-pipeline[0m and container [32mstep-credential-initializer-8667k[0m
{"level":"info","ts":1612179122.5637233,"logger":"fallback-logger","caller":"logging/config.go:69","msg":"Fetch GitHub commit ID from kodata failed: open /var/run/ko/refs/heads/0.8.0-ns-support: no such file or directory"}
{"level":"info","ts":1612179122.5642452,"logger":"fallback-logger","caller":"creds-init/main.go:40","msg":"Credentials initialized."}

Showing logs for build [32mmeta-seldonio-seldon-core-relea-tm29b-2[0m stage [32mmeta-pipeline[0m and container [32mstep-working-dir-initializer-xd6lr[0m
{"level":"info","ts":1612179122.9077702,"logger":"fallback-logger","caller":"logging/config.go:69","msg":"Fetch GitHub commit ID from kodata failed: open /var/run/ko/HEAD: no such file or directory"}
{"level":"info","ts":1612179122.9093251,"logger":"fallback-logger","caller":"bash/main.go:64","msg":"Successfully executed command \"sh -c mkdir -p /workspace/source\"; output "}

Showing logs for build [32mmeta-seldonio-seldon-core-relea-tm29b-2[0m stage [32mmeta-pipeline[0m and container [32mstep-place-tools[0m

Showing logs for build [32mmeta-seldonio-seldon-core-relea-tm29b-2[0m stage [32mmeta-pipeline[0m and container [32mstep-git-source-meta-seldonio-seldon-core-relea-tm29b-mww6b[0m
{"level":"info","ts":1612179129.034806,"logger":"fallback-logger","caller":"logging/config.go:69","msg":"Fetch GitHub commit ID from kodata failed: open /var/run/ko/refs/heads/0.8.0-ns-support: no such file or directory"}
{"level":"info","ts":1612179135.3384242,"logger":"fallback-logger","caller":"git/git.go:103","msg":"Successfully cloned https://github.com/SeldonIO/seldon-core.git @ 238eb461460fc02197bd3d41ddb7f473a3ed8498 in path /workspace/source"}

Showing logs for build [32mmeta-seldonio-seldon-core-relea-tm29b-2[0m stage [32mmeta-pipeline[0m and container [32mstep-setup-builder-home[0m

Showing logs for build [32mmeta-seldonio-seldon-core-relea-tm29b-2[0m stage [32mmeta-pipeline[0m and container [32mstep-git-merge[0m
Using SHAs from PULL_REFS=release-1.6.0:238eb461460fc02197bd3d41ddb7f473a3ed8498
WARNING: no SHAs to merge, falling back to initial cloned commit

Showing logs for build [32mmeta-seldonio-seldon-core-relea-tm29b-2[0m stage [32mmeta-pipeline[0m and container [32mstep-merge-pull-refs[0m
SKIP merge-pull-refs: Nothing to merge

Showing logs for build [32mmeta-seldonio-seldon-core-relea-tm29b-2[0m stage [32mmeta-pipeline[0m and container [32mstep-create-effective-pipeline[0m
Effective pipeline written to jenkins-x-release-effective.yml

Showing logs for build [32mmeta-seldonio-seldon-core-relea-tm29b-2[0m stage [32mmeta-pipeline[0m and container [32mstep-create-tekton-crds[0m
running command: echo \$(cat version.txt)-release > VERSION

running command: git branch -D v\$(cat version.txt)-release || echo "No branch exists"
error: branch 'v1.6.0-release' not found.
No branch exists

running command: git checkout -b v\$(cat version.txt)-release
Switched to a new branch 'v1.6.0-release'

running command: git push origin v\$(cat version.txt)-release -f
To https://github.com/SeldonIO/seldon-core.git
 ! [remote rejected] v1.6.0-release -> v1.6.0-release (shallow update not allowed)
error: failed to push some refs to 'https://github.com/SeldonIO/seldon-core.git'
error: failed to set the version on release pipelines: failed to run '/bin/sh -c git push origin v$(cat version.txt)-release -f' command in directory '/workspace/source', output: ''
[31m
Pipeline failed on stage 'meta-pipeline' : container 'step-create-tekton-crds'. The execution of the pipeline has stopped.[0m
