
Showing logs for build [32mseldonio-seldon-core-pr-2023-no-84n65-23[0m stage [32mpr-build-comment[0m and container [32mstep-credential-initializer-7qqmd[0m
{"level":"info","ts":1600706379.398939,"logger":"fallback-logger","caller":"logging/config.go:69","msg":"Fetch GitHub commit ID from kodata failed: open /var/run/ko/refs/heads/0.8.0-ns-support: no such file or directory"}
{"level":"info","ts":1600706379.3994443,"logger":"fallback-logger","caller":"creds-init/main.go:40","msg":"Credentials initialized."}

Showing logs for build [32mseldonio-seldon-core-pr-2023-no-84n65-23[0m stage [32mpr-build-comment[0m and container [32mstep-working-dir-initializer-vjxzs[0m
{"level":"info","ts":1600706381.5015945,"logger":"fallback-logger","caller":"logging/config.go:69","msg":"Fetch GitHub commit ID from kodata failed: open /var/run/ko/HEAD: no such file or directory"}
{"level":"info","ts":1600706381.505378,"logger":"fallback-logger","caller":"bash/main.go:64","msg":"Successfully executed command \"sh -c mkdir -p /workspace/source\"; output "}

Showing logs for build [32mseldonio-seldon-core-pr-2023-no-84n65-23[0m stage [32mpr-build-comment[0m and container [32mstep-place-tools[0m

Showing logs for build [32mseldonio-seldon-core-pr-2023-no-84n65-23[0m stage [32mpr-build-comment[0m and container [32mstep-create-dir-workspace-cqsqm[0m
{"level":"info","ts":1600706387.7921877,"logger":"fallback-logger","caller":"logging/config.go:69","msg":"Fetch GitHub commit ID from kodata failed: open /var/run/ko/HEAD: no such file or directory"}
{"level":"info","ts":1600706387.7947996,"logger":"fallback-logger","caller":"bash/main.go:64","msg":"Successfully executed command \"sh -c mkdir -p source\"; output "}

Showing logs for build [32mseldonio-seldon-core-pr-2023-no-84n65-23[0m stage [32mpr-build-comment[0m and container [32mstep-git-source-seldonio-seldon-core-pr-2023-no-84n65-rltlj[0m
{"level":"info","ts":1600706388.275456,"logger":"fallback-logger","caller":"logging/config.go:69","msg":"Fetch GitHub commit ID from kodata failed: open /var/run/ko/refs/heads/0.8.0-ns-support: no such file or directory"}
{"level":"info","ts":1600706393.4793808,"logger":"fallback-logger","caller":"git/git.go:103","msg":"Successfully cloned https://github.com/SeldonIO/seldon-core.git @ master in path /workspace/source"}

Showing logs for build [32mseldonio-seldon-core-pr-2023-no-84n65-23[0m stage [32mpr-build-comment[0m and container [32mstep-setup-builder-home[0m

Showing logs for build [32mseldonio-seldon-core-pr-2023-no-84n65-23[0m stage [32mpr-build-comment[0m and container [32mstep-git-merge[0m
Using SHAs from PULL_REFS=master:5bb8e8febe87244e73433bad4b488be75d5e62d9,2023:e0d07aee123da1d82f482f0d022906f71866d3fb
DEBUG: LC_ALL=C JX_LOG_LEVEL=error git fetch origin --unshallow e0d07aee123da1d82f482f0d022906f71866d3fb: 5bb8e8febe87244e73433bad4b488be75d5e62d9:
DEBUG: ran git fetch --unshallow origin e0d07aee123da1d82f482f0d022906f71866d3fb: 5bb8e8febe87244e73433bad4b488be75d5e62d9: in 
DEBUG: JX_LOG_LEVEL=error LC_ALL=C git branch
DEBUG: LC_ALL=C JX_LOG_LEVEL=error git checkout master
DEBUG: ran git checkout master in 
DEBUG: LC_ALL=C JX_LOG_LEVEL=error git reset --hard 5bb8e8febe87244e73433bad4b488be75d5e62d9
DEBUG: ran git reset --hard 5bb8e8febe87244e73433bad4b488be75d5e62d9 in 
DEBUG: LC_ALL=C JX_LOG_LEVEL=error git clean -fd .
DEBUG: ran clean --force -d . in 
DEBUG: LC_ALL=C JX_LOG_LEVEL=error git merge e0d07aee123da1d82f482f0d022906f71866d3fb
DEBUG: ran git merge e0d07aee123da1d82f482f0d022906f71866d3fb in 
DEBUG: LC_ALL=C JX_LOG_LEVEL=error git log --format=%H%x1f%an%x1f%ae%x1f%cn%x1f%ce%x1f%s%n%b%x1e 5bb8e8febe87244e73433bad4b488be75d5e62d9..HEAD
Merged SHA e0d07aee123da1d82f482f0d022906f71866d3fb with commit message 'rebase' into base branch master
Merged SHA f3bf6449f4ad3e228201d48eb3c1224aea04650e with commit message 'update triton settings in container' into base branch master
Merged SHA 2ee0ecf537e4a2ecd2bb4bf3c8fc2f2d4b885059 with commit message 'add updated triton server fixes and example for tensorrt' into base branch master
Merged SHA f773e81daf07eeb8bbfff5922ff0961b48c4f2c7 with commit message 'address review comments' into base branch master
Merged SHA fe0853c0d8561a0a1b4c1aab1b358c9bc580534a with commit message 'Merge branch 'master' into 1648_v2_dataplane' into base branch master
Merged SHA f161cdb74f9fbcb558767c03a5641ca6212a2894 with commit message 'Update docs' into base branch master
Merged SHA f59936cb0a7892ab4fccc8e6ef74cea75f18a243 with commit message 'Update protocol example' into base branch master
Merged SHA 7564b69c50f5700a2a15832068edbd7053ec02d5 with commit message 'Update to triton 20-08 triton' into base branch master
Merged SHA 943a7cd84c5b01f659406e26422b9d69af589f74 with commit message 'rebase' into base branch master
Merged SHA c284bdfd446a85e03f897dd365f4106982f9536c with commit message 'Add examples to protocol notebook' into base branch master
Merged SHA dd9d16f364e9eceb71586b1a2e44a7225aca988d with commit message 'Update protos and local examples' into base branch master
Merged SHA 3a3a2b6ec3a5f787e61aca0711ea0035630444a6 with commit message 'update due to executor interface change and go.sum additions' into base branch master
Merged SHA 1b45df883e01bba4b5392921e1ab01b3ed3af1b4 with commit message 'rebase' into base branch master
Merged SHA 822b19acc0f961aba9643897e4319c5638a22425 with commit message 'Add v2 grpc implementation and local sample' into base branch master
Merged SHA 8f418297bc51a2f734c41953a5228de9043a625d with commit message 'Add kfserving API initial integration to executor for REST' into base branch master
Merged SHA 21d975f646ca5c8e13a1341950618eac82125e99 with commit message 'Merge branch 'master' into 1648_v2_dataplane' into base branch master
Merged SHA 6f21e36d858807a5cae36f7775f10104328f479f with commit message 'initial additions for triton server' into base branch master

Showing logs for build [32mseldonio-seldon-core-pr-2023-no-84n65-23[0m stage [32mpr-build-comment[0m and container [32mstep-step2[0m
+++ dirname ./add-pr-build-comment
++ cd .
++ pwd
+ STARTUP_DIR=/workspace/source/ci
+ REPO_OWNER=SeldonIO
+ REPO_NAME=seldon-core
+ PULL_NUMBER=2023
+ BUILD_NUMBER=23
+ PIPELINE_CONTEXT=notebooks
++ cat
+++ date
+ COMMENT_MSG='Mon Sep 21 16:40:02 UTC 2020
The logs for [notebooks] [23] will show after the pipeline context has finished.  
https://github.com/SeldonIO/seldon-core/blob/gh-pages/jenkins-x/logs/SeldonIO/seldon-core/PR-2023/23.log

impatient try  
** get build logs SeldonIO/seldon-core/PR-2023 --build=23'
+ ** step pr comment --owner=SeldonIO --repository=seldon-core --pull-request=2023 '--comment=Mon Sep 21 16:40:02 UTC 2020
The logs for [notebooks] [23] will show after the pipeline context has finished.  
https://github.com/SeldonIO/seldon-core/blob/gh-pages/jenkins-x/logs/SeldonIO/seldon-core/PR-2023/23.log

impatient try  
** get build logs SeldonIO/seldon-core/PR-2023 --build=23'

Showing logs for build [32mseldonio-seldon-core-pr-2023-no-84n65-23[0m stage [32mpr-build-comment[0m and container [32mstep-source-mkdir-seldonio-seldon-core-pr-2023-no-84n65-z8m6g[0m
{"level":"info","ts":1600706405.2422369,"logger":"fallback-logger","caller":"logging/config.go:69","msg":"Fetch GitHub commit ID from kodata failed: open /var/run/ko/HEAD: no such file or directory"}
{"level":"info","ts":1600706405.2475626,"logger":"fallback-logger","caller":"bash/main.go:64","msg":"Successfully executed command \"sh -c mkdir -p /pvc/pr-build-comment/workspace\"; output "}

Showing logs for build [32mseldonio-seldon-core-pr-2023-no-84n65-23[0m stage [32mpr-build-comment[0m and container [32mstep-source-copy-seldonio-seldon-core-pr-2023-no-84n65-jmzpd[0m
{"level":"info","ts":1600706405.6679819,"logger":"fallback-logger","caller":"logging/config.go:69","msg":"Fetch GitHub commit ID from kodata failed: open /var/run/ko/HEAD: no such file or directory"}
{"level":"info","ts":1600706406.283135,"logger":"fallback-logger","caller":"bash/main.go:64","msg":"Successfully executed command \"sh -c cp -r source/. /pvc/pr-build-comment/workspace\"; output "}

Showing logs for build [32mseldonio-seldon-core-pr-2023-no-84n65-23[0m stage [32mend-to-end[0m and container [32mstep-credential-initializer-pkgzd[0m
{"level":"info","ts":1600706441.3187804,"logger":"fallback-logger","caller":"logging/config.go:69","msg":"Fetch GitHub commit ID from kodata failed: open /var/run/ko/refs/heads/0.8.0-ns-support: no such file or directory"}
{"level":"info","ts":1600706441.319258,"logger":"fallback-logger","caller":"creds-init/main.go:40","msg":"Credentials initialized."}

Showing logs for build [32mseldonio-seldon-core-pr-2023-no-84n65-23[0m stage [32mend-to-end[0m and container [32mstep-working-dir-initializer-qb5vl[0m
{"level":"info","ts":1600706442.4082277,"logger":"fallback-logger","caller":"logging/config.go:69","msg":"Fetch GitHub commit ID from kodata failed: open /var/run/ko/HEAD: no such file or directory"}
{"level":"info","ts":1600706442.4115524,"logger":"fallback-logger","caller":"bash/main.go:64","msg":"Successfully executed command \"sh -c mkdir -p /workspace/source\"; output "}

Showing logs for build [32mseldonio-seldon-core-pr-2023-no-84n65-23[0m stage [32mend-to-end[0m and container [32mstep-place-tools[0m

Showing logs for build [32mseldonio-seldon-core-pr-2023-no-84n65-23[0m stage [32mend-to-end[0m and container [32mstep-create-dir-workspace-xmrb7[0m
{"level":"info","ts":1600706449.6966095,"logger":"fallback-logger","caller":"logging/config.go:69","msg":"Fetch GitHub commit ID from kodata failed: open /var/run/ko/HEAD: no such file or directory"}
{"level":"info","ts":1600706449.6992805,"logger":"fallback-logger","caller":"bash/main.go:64","msg":"Successfully executed command \"sh -c mkdir -p /workspace/source\"; output "}

Showing logs for build [32mseldonio-seldon-core-pr-2023-no-84n65-23[0m stage [32mend-to-end[0m and container [32mstep-source-copy-workspace-fmbqs[0m
{"level":"info","ts":1600706450.0874212,"logger":"fallback-logger","caller":"logging/config.go:69","msg":"Fetch GitHub commit ID from kodata failed: open /var/run/ko/HEAD: no such file or directory"}
{"level":"info","ts":1600706453.6356962,"logger":"fallback-logger","caller":"bash/main.go:64","msg":"Successfully executed command \"sh -c cp -r /pvc/pr-build-comment/workspace/. /workspace/source\"; output "}

Showing logs for build [32mseldonio-seldon-core-pr-2023-no-84n65-23[0m stage [32mend-to-end[0m and container [32mstep-setup-builder-home[0m

Showing logs for build [32mseldonio-seldon-core-pr-2023-no-84n65-23[0m stage [32mend-to-end[0m and container [32mstep-test-end-to-end[0m
Test run type is: [notebooks]
Starting Docker: docker.
[SETUP] Waiting for Docker to be ready, sleeping for 1 seconds ...
kind create cluster --config ../resources/kind_config.yaml
Creating cluster "kind" ...
 • Ensuring node image (kindest/node:v1.16.3) 🖼  ...
 ✓ Ensuring node image (kindest/node:v1.16.3) 🖼
 • Preparing nodes 📦  ...
 ✓ Preparing nodes 📦
 • Writing configuration 📜  ...
 ✓ Writing configuration 📜
 • Starting control-plane 🕹️  ...
 ✓ Starting control-plane 🕹️
 • Installing CNI 🔌  ...
 ✓ Installing CNI 🔌
 • Installing StorageClass 💾  ...
 ✓ Installing StorageClass 💾
 • Joining worker nodes 🚜  ...
 ✓ Joining worker nodes 🚜
Set kubectl context to "kind-kind"
You can now use your cluster with:

kubectl cluster-info --context kind-kind

Have a question, bug, or feature request? Let us know! https://kind.sigs.k8s.io/#community 🙂
`kind get kubeconfig-path` is deprecated!

KIND will export and merge kubeconfig like kops, minikube, etc.
This command is now unnecessary and will be removed in a future release.

For more info see: https://github.com/kubernetes-sigs/kind/issues/1060
See also the output of `kind create cluster`

Files changed in python folder:
SKIPPING PYTHON IMAGE BUILD...
Files changed in operator folder:
operator/apis/machinelearning.seldon.io/v1/prepack.go
operator/apis/machinelearning.seldon.io/v1/seldondeployment_types.go
operator/apis/machinelearning.seldon.io/v1/seldondeployment_webhook.go
operator/apis/machinelearning.seldon.io/v1/seldondeployment_webhook_test.go
operator/config/manager/configmap.yaml
operator/constants/constants.go
operator/controllers/seldondeployment_prepackaged_servers.go
operator/controllers/seldondeployment_prepackaged_servers_test.go
operator/controllers/suite_test.go
cd ../../operator && make kind-image-install
make[1]: Entering directory '/workspace/source/operator'
go: creating new go.mod: module tmp
go: downloading sigs.k8s.io/controller-tools v0.2.5
go: found sigs.k8s.io/controller-tools/cmd/controller-gen in sigs.k8s.io/controller-tools v0.2.5
go: downloading github.com/fatih/color v1.7.0
go: downloading k8s.io/api v0.17.0
go: downloading k8s.io/apimachinery v0.17.0
go: downloading github.com/spf13/cobra v0.0.5
go: downloading k8s.io/apiextensions-apiserver v0.17.0
go: downloading github.com/gobuffalo/flect v0.2.0
go: downloading github.com/mattn/go-colorable v0.1.2
go: downloading sigs.k8s.io/yaml v1.1.0
go: downloading gopkg.in/yaml.v3 v3.0.0-20190905181640-827449938966
go: downloading gopkg.in/yaml.v2 v2.2.4
go: downloading golang.org/x/tools v0.0.0-20190920225731-5eefd052ad72
go: downloading github.com/mattn/go-isatty v0.0.8
go: downloading github.com/spf13/pflag v1.0.5
go: downloading github.com/gogo/protobuf v1.2.2-0.20190723190241-65acae22fc9d
go: downloading gopkg.in/inf.v0 v0.9.1
go: downloading github.com/inconshreveable/mousetrap v1.0.0
go: downloading k8s.io/klog v1.0.0
go: downloading golang.org/x/sys v0.0.0-20190826190057-c7b8b68b1456
go: downloading golang.org/x/net v0.0.0-20191004110552-13f9640d40b9
go: downloading github.com/google/gofuzz v1.0.0
go: downloading k8s.io/utils v0.0.0-20191114184206-e782cd3c129f
go: downloading golang.org/x/text v0.3.2
/builder/home/go/bin/controller-gen object:headerFile=./hack/boilerplate.go.txt paths="./..."
go fmt ./...
go vet ./...
go: downloading github.com/onsi/gomega v1.10.1
go: downloading github.com/onsi/ginkgo v1.14.0
go: downloading golang.org/x/xerrors v0.0.0-20191204190536-9bdfabe68543
go: downloading github.com/nxadm/tail v1.4.4
go: downloading gopkg.in/tomb.v1 v1.0.0-20141024135613-dd632973f1e7
# github.com/seldonio/seldon-core/operator/controllers
controllers/seldondeployment_prepackaged_servers.go:244:27: not enough arguments in call to NewModelInitializer
	have (kubernetes.Interface)
	want (context.Context, kubernetes.Interface)
# github.com/seldonio/seldon-core/operator/controllers
vet: controllers/seldondeployment_prepackaged_servers.go:244:28: cannot use pi.clientset (variable of type kubernetes.Interface) as context.Context value in argument to NewModelInitializer: missing method Deadline
make[1]: *** [Makefile:134: vet] Error 2
make[1]: Leaving directory '/workspace/source/operator'
make: *** [Makefile:18: kind_build_operator] Error 2
Operator build returned errors
kind delete cluster
Deleting cluster "kind" ...
Stopping Docker: dockerProgram process in pidfile '/var/run/docker-ssd.pid', 1 process(es), refused to die.
[31m
Pipeline failed on stage 'end-to-end' : container 'step-test-end-to-end'. The execution of the pipeline has stopped.[0m
