
Showing logs for build [32mmeta-seldonio-seldon-core-pr-25-2gxdq-23[0m stage [32mmeta-pipeline[0m and container [32mstep-credential-initializer-8dg4x[0m
{"level":"info","ts":1603819670.851958,"logger":"fallback-logger","caller":"logging/config.go:69","msg":"Fetch GitHub commit ID from kodata failed: open /var/run/ko/refs/heads/0.8.0-ns-support: no such file or directory"}
{"level":"info","ts":1603819670.8528621,"logger":"fallback-logger","caller":"creds-init/main.go:40","msg":"Credentials initialized."}

Showing logs for build [32mmeta-seldonio-seldon-core-pr-25-2gxdq-23[0m stage [32mmeta-pipeline[0m and container [32mstep-working-dir-initializer-tghj6[0m
{"level":"info","ts":1603819672.594715,"logger":"fallback-logger","caller":"logging/config.go:69","msg":"Fetch GitHub commit ID from kodata failed: open /var/run/ko/HEAD: no such file or directory"}
{"level":"info","ts":1603819672.6528366,"logger":"fallback-logger","caller":"bash/main.go:64","msg":"Successfully executed command \"sh -c mkdir -p /workspace/source\"; output "}

Showing logs for build [32mmeta-seldonio-seldon-core-pr-25-2gxdq-23[0m stage [32mmeta-pipeline[0m and container [32mstep-place-tools[0m

Showing logs for build [32mmeta-seldonio-seldon-core-pr-25-2gxdq-23[0m stage [32mmeta-pipeline[0m and container [32mstep-git-source-meta-seldonio-seldon-core-pr-25-2gxdq-492ms[0m
{"level":"info","ts":1603819678.047317,"logger":"fallback-logger","caller":"logging/config.go:69","msg":"Fetch GitHub commit ID from kodata failed: open /var/run/ko/refs/heads/0.8.0-ns-support: no such file or directory"}
{"level":"info","ts":1603819683.8362057,"logger":"fallback-logger","caller":"git/git.go:103","msg":"Successfully cloned https://github.com/SeldonIO/seldon-core.git @ 5b1b2b1c1f5f5e14ffeaf2f68a71bea2d602783f in path /workspace/source"}

Showing logs for build [32mmeta-seldonio-seldon-core-pr-25-2gxdq-23[0m stage [32mmeta-pipeline[0m and container [32mstep-setup-builder-home[0m

Showing logs for build [32mmeta-seldonio-seldon-core-pr-25-2gxdq-23[0m stage [32mmeta-pipeline[0m and container [32mstep-git-merge[0m
Using SHAs from PULL_REFS=master:5b1b2b1c1f5f5e14ffeaf2f68a71bea2d602783f,2574:20a896084cde89610dd60af9bfb7b583d9899a58
DEBUG: LC_ALL=C JX_LOG_LEVEL=error git fetch origin --unshallow 20a896084cde89610dd60af9bfb7b583d9899a58: 5b1b2b1c1f5f5e14ffeaf2f68a71bea2d602783f:
DEBUG: ran git fetch --unshallow origin 20a896084cde89610dd60af9bfb7b583d9899a58: 5b1b2b1c1f5f5e14ffeaf2f68a71bea2d602783f: in 
DEBUG: LC_ALL=C JX_LOG_LEVEL=error git branch
DEBUG: LC_ALL=C JX_LOG_LEVEL=error git checkout master
DEBUG: ran git checkout master in 
DEBUG: LC_ALL=C JX_LOG_LEVEL=error git reset --hard 5b1b2b1c1f5f5e14ffeaf2f68a71bea2d602783f
DEBUG: ran git reset --hard 5b1b2b1c1f5f5e14ffeaf2f68a71bea2d602783f in 
DEBUG: LC_ALL=C JX_LOG_LEVEL=error git clean -fd .
DEBUG: ran clean --force -d . in 
DEBUG: LC_ALL=C JX_LOG_LEVEL=error git merge 20a896084cde89610dd60af9bfb7b583d9899a58
error: error during merge: merging 20a896084cde89610dd60af9bfb7b583d9899a58 into master: git output: Removing testing/scripts/istio-1.4.2.yaml
Removing testing/s2i/python/transformer/environment_rest
Removing testing/s2i/python/router/environment_rest
Removing testing/s2i/python/model/environment_grpc
Removing testing/s2i/python/combiner/environment_rest
Removing servers/xgboostserver/environment_rest
Removing servers/sklearnserver/samples/iris_grpc.yaml
Removing servers/sklearnserver/environment_rest
Removing servers/mlflowserver/environment_rest
Auto-merging operator/config/manager/configmap.yaml
CONFLICT (content): Merge conflict in operator/config/manager/configmap.yaml
Removing integrations/tfserving/Makefile
Removing incubating/wrappers/s2i/java-jni/environment_rest
Removing incubating/wrappers/s2i/java-jni/environment_grpc
Auto-merging helm-charts/seldon-core-operator/values.yaml
CONFLICT (content): Merge conflict in helm-charts/seldon-core-operator/values.yaml
Removing executor/samples/local/tracing/model_grpc.yaml
Removing examples/models/mean_classifier/environment_rest
Removing components/routers/epsilon-greedy/environment_rest
Automatic merge failed; fix conflicts and then commit the result.: failed to run 'git merge 20a896084cde89610dd60af9bfb7b583d9899a58' command in directory '', output: 'Removing testing/scripts/istio-1.4.2.yaml
Removing testing/s2i/python/transformer/environment_rest
Removing testing/s2i/python/router/environment_rest
Removing testing/s2i/python/model/environment_grpc
Removing testing/s2i/python/combiner/environment_rest
Removing servers/xgboostserver/environment_rest
Removing servers/sklearnserver/samples/iris_grpc.yaml
Removing servers/sklearnserver/environment_rest
Removing servers/mlflowserver/environment_rest
Auto-merging operator/config/manager/configmap.yaml
CONFLICT (content): Merge conflict in operator/config/manager/configmap.yaml
Removing integrations/tfserving/Makefile
Removing incubating/wrappers/s2i/java-jni/environment_rest
Removing incubating/wrappers/s2i/java-jni/environment_grpc
Auto-merging helm-charts/seldon-core-operator/values.yaml
CONFLICT (content): Merge conflict in helm-charts/seldon-core-operator/values.yaml
Removing executor/samples/local/tracing/model_grpc.yaml
Removing examples/models/mean_classifier/environment_rest
Removing components/routers/epsilon-greedy/environment_rest
Automatic merge failed; fix conflicts and then commit the result.'
[31m
Pipeline failed on stage 'meta-pipeline' : container 'step-git-merge'. The execution of the pipeline has stopped.[0m
