
Showing logs for build [32mmeta-seldonio-seldon-core-pr-25-x4tdq-54[0m stage [32mmeta-pipeline[0m and container [32mstep-credential-initializer-fdx84[0m
{"level":"info","ts":1604666252.8921385,"logger":"fallback-logger","caller":"logging/config.go:69","msg":"Fetch GitHub commit ID from kodata failed: open /var/run/ko/refs/heads/0.8.0-ns-support: no such file or directory"}
{"level":"info","ts":1604666252.8926795,"logger":"fallback-logger","caller":"creds-init/main.go:40","msg":"Credentials initialized."}

Showing logs for build [32mmeta-seldonio-seldon-core-pr-25-x4tdq-54[0m stage [32mmeta-pipeline[0m and container [32mstep-working-dir-initializer-vsfdp[0m
{"level":"info","ts":1604666253.8943832,"logger":"fallback-logger","caller":"logging/config.go:69","msg":"Fetch GitHub commit ID from kodata failed: open /var/run/ko/HEAD: no such file or directory"}
{"level":"info","ts":1604666253.8954253,"logger":"fallback-logger","caller":"bash/main.go:64","msg":"Successfully executed command \"sh -c mkdir -p /workspace/source\"; output "}

Showing logs for build [32mmeta-seldonio-seldon-core-pr-25-x4tdq-54[0m stage [32mmeta-pipeline[0m and container [32mstep-place-tools[0m

Showing logs for build [32mmeta-seldonio-seldon-core-pr-25-x4tdq-54[0m stage [32mmeta-pipeline[0m and container [32mstep-git-source-meta-seldonio-seldon-core-pr-25-x4tdq-7cftc[0m
{"level":"info","ts":1604666259.0156527,"logger":"fallback-logger","caller":"logging/config.go:69","msg":"Fetch GitHub commit ID from kodata failed: open /var/run/ko/refs/heads/0.8.0-ns-support: no such file or directory"}
{"level":"info","ts":1604666264.7866347,"logger":"fallback-logger","caller":"git/git.go:103","msg":"Successfully cloned https://github.com/SeldonIO/seldon-core.git @ 3b5c67fd9d1624a2bead0dcb56a5e05d42d08c9e in path /workspace/source"}

Showing logs for build [32mmeta-seldonio-seldon-core-pr-25-x4tdq-54[0m stage [32mmeta-pipeline[0m and container [32mstep-setup-builder-home[0m

Showing logs for build [32mmeta-seldonio-seldon-core-pr-25-x4tdq-54[0m stage [32mmeta-pipeline[0m and container [32mstep-git-merge[0m
Using SHAs from PULL_REFS=master:3b5c67fd9d1624a2bead0dcb56a5e05d42d08c9e,2574:511cdfba939e9f2e8b640de46bd6db337d6da26d
DEBUG: LC_ALL=C JX_LOG_LEVEL=error git fetch origin --unshallow 511cdfba939e9f2e8b640de46bd6db337d6da26d: 3b5c67fd9d1624a2bead0dcb56a5e05d42d08c9e:
DEBUG: ran git fetch --unshallow origin 511cdfba939e9f2e8b640de46bd6db337d6da26d: 3b5c67fd9d1624a2bead0dcb56a5e05d42d08c9e: in 
DEBUG: LC_ALL=C JX_LOG_LEVEL=error git branch
DEBUG: LC_ALL=C JX_LOG_LEVEL=error git checkout master
DEBUG: ran git checkout master in 
DEBUG: JX_LOG_LEVEL=error LC_ALL=C git reset --hard 3b5c67fd9d1624a2bead0dcb56a5e05d42d08c9e
DEBUG: ran git reset --hard 3b5c67fd9d1624a2bead0dcb56a5e05d42d08c9e in 
DEBUG: LC_ALL=C JX_LOG_LEVEL=error git clean -fd .
DEBUG: ran clean --force -d . in 
DEBUG: LC_ALL=C JX_LOG_LEVEL=error git merge 511cdfba939e9f2e8b640de46bd6db337d6da26d
error: error during merge: merging 511cdfba939e9f2e8b640de46bd6db337d6da26d into master: git output: Auto-merging testing/scripts/test_prepackaged_servers.py
Removing testing/scripts/istio-1.4.2.yaml
Removing testing/s2i/python/transformer/environment_rest
Removing testing/s2i/python/router/environment_rest
Removing testing/s2i/python/model/environment_grpc
Removing testing/s2i/python/combiner/environment_grpc
Removing servers/xgboostserver/environment_rest
Removing servers/sklearnserver/samples/iris_grpc.yaml
Removing servers/sklearnserver/environment_rest
Removing servers/mlflowserver/environment_rest
Auto-merging notebooks/server_examples.ipynb
CONFLICT (content): Merge conflict in notebooks/server_examples.ipynb
Removing integrations/tfserving/Makefile
Removing incubating/wrappers/s2i/java-jni/environment_rest
Removing incubating/wrappers/s2i/java-jni/environment_grpc
Auto-merging helm-charts/seldon-core-operator/values.yaml
Removing executor/samples/local/tracing/model_grpc.yaml
Removing executor/samples/local/tfserving/model_grpc_chain.yaml
Removing executor/samples/local/tfserving/model_grpc.yaml
Removing executor/samples/local/metrics/model_grpc.yaml
Removing executor/samples/local/logger/model_grpc.yaml
Removing examples/models/sk_mnist/train.py
Removing examples/models/sk_mnist/requirements.txt
Removing examples/models/sk_mnist/SkMnist.py
Removing examples/models/sk_mnist/Makefile
Removing examples/models/sk_mnist/.gitignore
Removing examples/models/payload_logging/model_logger.yaml
Removing examples/models/metadata/models/generic-node/environment_grpc
Removing examples/models/mean_classifier/environment_rest
Removing examples/models/deep_mnist/requirements.txt
Removing examples/models/deep_mnist/deep_mnist.json
Removing examples/models/deep_mnist/create_model.py
Removing examples/models/deep_mnist/Makefile
Removing examples/models/deep_mnist/DeepMnist.py
Removing examples/models/deep_mnist/.s2i/environment
Removing examples/models/deep_mnist/.gitignore
Removing examples/models/custom_metrics/model_grpc.yaml
Removing examples/models/custom_metrics/environment_grpc
Removing examples/istio/canary_update/visualizer.py
Removing examples/istio/canary_update/tf-predictor2.png
Removing examples/istio/canary_update/tf-predictor.png
Removing examples/istio/canary_update/sk-predictor2.png
Removing examples/istio/canary_update/sk-predictor.png
Removing examples/istio/canary_update/setup_port_forwards.sh
Removing examples/istio/canary_update/mnist_v3.json
Removing examples/istio/canary_update/mnist_v2.json
Removing examples/istio/canary_update/mnist_v1.json
Removing examples/istio/canary_update/istio_canary_v3.yaml
Removing examples/istio/canary_update/istio_canary_v2.yaml
Removing examples/istio/canary_update/istio_canary_v1.yaml
Removing examples/istio/canary_update/canary.ipynb
Removing examples/istio/canary_update/README.md
Removing examples/istio/canary_update/.gitignore
Removing examples/explainers/imagenet/resources/transformer/environment_rest
Removing examples/ambassador/shadow/shadow.json
Removing examples/ambassador/shadow/model.json
Removing examples/ambassador/headers/model_with_header.json
Removing examples/ambassador/headers/model.json
Removing examples/ambassador/custom/model_custom_ambassador.json
Removing examples/ambassador/canary/model.json
Removing examples/ambassador/canary/canary.json
Removing doc/source/examples/istio_canary.nblink
Removing components/routers/epsilon-greedy/environment_rest
Automatic merge failed; fix conflicts and then commit the result.: failed to run 'git merge 511cdfba939e9f2e8b640de46bd6db337d6da26d' command in directory '', output: 'Auto-merging testing/scripts/test_prepackaged_servers.py
Removing testing/scripts/istio-1.4.2.yaml
Removing testing/s2i/python/transformer/environment_rest
Removing testing/s2i/python/router/environment_rest
Removing testing/s2i/python/model/environment_grpc
Removing testing/s2i/python/combiner/environment_grpc
Removing servers/xgboostserver/environment_rest
Removing servers/sklearnserver/samples/iris_grpc.yaml
Removing servers/sklearnserver/environment_rest
Removing servers/mlflowserver/environment_rest
Auto-merging notebooks/server_examples.ipynb
CONFLICT (content): Merge conflict in notebooks/server_examples.ipynb
Removing integrations/tfserving/Makefile
Removing incubating/wrappers/s2i/java-jni/environment_rest
Removing incubating/wrappers/s2i/java-jni/environment_grpc
Auto-merging helm-charts/seldon-core-operator/values.yaml
Removing executor/samples/local/tracing/model_grpc.yaml
Removing executor/samples/local/tfserving/model_grpc_chain.yaml
Removing executor/samples/local/tfserving/model_grpc.yaml
Removing executor/samples/local/metrics/model_grpc.yaml
Removing executor/samples/local/logger/model_grpc.yaml
Removing examples/models/sk_mnist/train.py
Removing examples/models/sk_mnist/requirements.txt
Removing examples/models/sk_mnist/SkMnist.py
Removing examples/models/sk_mnist/Makefile
Removing examples/models/sk_mnist/.gitignore
Removing examples/models/payload_logging/model_logger.yaml
Removing examples/models/metadata/models/generic-node/environment_grpc
Removing examples/models/mean_classifier/environment_rest
Removing examples/models/deep_mnist/requirements.txt
Removing examples/models/deep_mnist/deep_mnist.json
Removing examples/models/deep_mnist/create_model.py
Removing examples/models/deep_mnist/Makefile
Removing examples/models/deep_mnist/DeepMnist.py
Removing examples/models/deep_mnist/.s2i/environment
Removing examples/models/deep_mnist/.gitignore
Removing examples/models/custom_metrics/model_grpc.yaml
Removing examples/models/custom_metrics/environment_grpc
Removing examples/istio/canary_update/visualizer.py
Removing examples/istio/canary_update/tf-predictor2.png
Removing examples/istio/canary_update/tf-predictor.png
Removing examples/istio/canary_update/sk-predictor2.png
Removing examples/istio/canary_update/sk-predictor.png
Removing examples/istio/canary_update/setup_port_forwards.sh
Removing examples/istio/canary_update/mnist_v3.json
Removing examples/istio/canary_update/mnist_v2.json
Removing examples/istio/canary_update/mnist_v1.json
Removing examples/istio/canary_update/istio_canary_v3.yaml
Removing examples/istio/canary_update/istio_canary_v2.yaml
Removing examples/istio/canary_update/istio_canary_v1.yaml
Removing examples/istio/canary_update/canary.ipynb
Removing examples/istio/canary_update/README.md
Removing examples/istio/canary_update/.gitignore
Removing examples/explainers/imagenet/resources/transformer/environment_rest
Removing examples/ambassador/shadow/shadow.json
Removing examples/ambassador/shadow/model.json
Removing examples/ambassador/headers/model_with_header.json
Removing examples/ambassador/headers/model.json
Removing examples/ambassador/custom/model_custom_ambassador.json
Removing examples/ambassador/canary/model.json
Removing examples/ambassador/canary/canary.json
Removing doc/source/examples/istio_canary.nblink
Removing components/routers/epsilon-greedy/environment_rest
Automatic merge failed; fix conflicts and then commit the result.'
[31m
Pipeline failed on stage 'meta-pipeline' : container 'step-git-merge'. The execution of the pipeline has stopped.[0m
