
Showing logs for build [32mseldonio-seldon-core-pr-2574-in-b6vcr-7[0m stage [32mpr-build-comment[0m and container [32mstep-credential-initializer-zgjth[0m
{"level":"info","ts":1603646726.5608296,"logger":"fallback-logger","caller":"logging/config.go:69","msg":"Fetch GitHub commit ID from kodata failed: open /var/run/ko/refs/heads/0.8.0-ns-support: no such file or directory"}
{"level":"info","ts":1603646726.56129,"logger":"fallback-logger","caller":"creds-init/main.go:40","msg":"Credentials initialized."}

Showing logs for build [32mseldonio-seldon-core-pr-2574-in-b6vcr-7[0m stage [32mpr-build-comment[0m and container [32mstep-working-dir-initializer-9t8qd[0m
{"level":"info","ts":1603646727.2285597,"logger":"fallback-logger","caller":"logging/config.go:69","msg":"Fetch GitHub commit ID from kodata failed: open /var/run/ko/HEAD: no such file or directory"}
{"level":"info","ts":1603646727.229934,"logger":"fallback-logger","caller":"bash/main.go:64","msg":"Successfully executed command \"sh -c mkdir -p /workspace/source\"; output "}

Showing logs for build [32mseldonio-seldon-core-pr-2574-in-b6vcr-7[0m stage [32mpr-build-comment[0m and container [32mstep-place-tools[0m

Showing logs for build [32mseldonio-seldon-core-pr-2574-in-b6vcr-7[0m stage [32mpr-build-comment[0m and container [32mstep-create-dir-workspace-b8dkx[0m
{"level":"info","ts":1603646732.2840767,"logger":"fallback-logger","caller":"logging/config.go:69","msg":"Fetch GitHub commit ID from kodata failed: open /var/run/ko/HEAD: no such file or directory"}
{"level":"info","ts":1603646732.285301,"logger":"fallback-logger","caller":"bash/main.go:64","msg":"Successfully executed command \"sh -c mkdir -p source\"; output "}

Showing logs for build [32mseldonio-seldon-core-pr-2574-in-b6vcr-7[0m stage [32mpr-build-comment[0m and container [32mstep-git-source-seldonio-seldon-core-pr-2574-in-b6vcr-xzwsg[0m
{"level":"info","ts":1603646732.4672358,"logger":"fallback-logger","caller":"logging/config.go:69","msg":"Fetch GitHub commit ID from kodata failed: open /var/run/ko/refs/heads/0.8.0-ns-support: no such file or directory"}
{"level":"info","ts":1603646737.8922565,"logger":"fallback-logger","caller":"git/git.go:103","msg":"Successfully cloned https://github.com/SeldonIO/seldon-core.git @ master in path /workspace/source"}

Showing logs for build [32mseldonio-seldon-core-pr-2574-in-b6vcr-7[0m stage [32mpr-build-comment[0m and container [32mstep-setup-builder-home[0m

Showing logs for build [32mseldonio-seldon-core-pr-2574-in-b6vcr-7[0m stage [32mpr-build-comment[0m and container [32mstep-git-merge[0m
Using SHAs from PULL_REFS=master:9da1f5eecedc2ad96dfa1a54fbc1b368f5871c58,2574:166379c515827cb30f47959175b5a3c2d2541b5e
DEBUG: LC_ALL=C JX_LOG_LEVEL=error git fetch origin --unshallow 166379c515827cb30f47959175b5a3c2d2541b5e: 9da1f5eecedc2ad96dfa1a54fbc1b368f5871c58:
DEBUG: ran git fetch --unshallow origin 166379c515827cb30f47959175b5a3c2d2541b5e: 9da1f5eecedc2ad96dfa1a54fbc1b368f5871c58: in 
DEBUG: LC_ALL=C JX_LOG_LEVEL=error git branch
DEBUG: LC_ALL=C JX_LOG_LEVEL=error git checkout master
DEBUG: ran git checkout master in 
DEBUG: LC_ALL=C JX_LOG_LEVEL=error git reset --hard 9da1f5eecedc2ad96dfa1a54fbc1b368f5871c58
DEBUG: ran git reset --hard 9da1f5eecedc2ad96dfa1a54fbc1b368f5871c58 in 
DEBUG: LC_ALL=C JX_LOG_LEVEL=error git clean -fd .
DEBUG: ran clean --force -d . in 
DEBUG: LC_ALL=C JX_LOG_LEVEL=error git merge 166379c515827cb30f47959175b5a3c2d2541b5e
DEBUG: ran git merge 166379c515827cb30f47959175b5a3c2d2541b5e in 
DEBUG: LC_ALL=C JX_LOG_LEVEL=error git log --format=%H%x1f%an%x1f%ae%x1f%cn%x1f%ce%x1f%s%n%b%x1e 9da1f5eecedc2ad96dfa1a54fbc1b368f5871c58..HEAD
Merged SHA 166379c515827cb30f47959175b5a3c2d2541b5e with commit message 'rebase and fix microservice tests' into base branch master
Merged SHA 9d256e566904d0fd5a3237842a956654d08a5ca6 with commit message 'updates and test' into base branch master
Merged SHA 7fbfd94c3671a0acd548bb7e06c2a0eee96c74d9 with commit message 'Initial work to allow both REST and gRPC' into base branch master

Showing logs for build [32mseldonio-seldon-core-pr-2574-in-b6vcr-7[0m stage [32mpr-build-comment[0m and container [32mstep-step2[0m
+++ dirname ./add-pr-build-comment
++ cd .
++ pwd
+ STARTUP_DIR=/workspace/source/ci
+ REPO_OWNER=SeldonIO
+ REPO_NAME=seldon-core
+ PULL_NUMBER=2574
+ BUILD_NUMBER=7
+ PIPELINE_CONTEXT=integration
++ cat
+++ date
+ COMMENT_MSG='Sun Oct 25 17:25:49 UTC 2020
The logs for [integration] [7] will show after the pipeline context has finished.  
https://github.com/SeldonIO/seldon-core/blob/gh-pages/jenkins-x/logs/SeldonIO/seldon-core/PR-2574/7.log

impatient try  
** get build logs SeldonIO/seldon-core/PR-2574 --build=7'
+ ** step pr comment --owner=SeldonIO --repository=seldon-core --pull-request=2574 '--comment=Sun Oct 25 17:25:49 UTC 2020
The logs for [integration] [7] will show after the pipeline context has finished.  
https://github.com/SeldonIO/seldon-core/blob/gh-pages/jenkins-x/logs/SeldonIO/seldon-core/PR-2574/7.log

impatient try  
** get build logs SeldonIO/seldon-core/PR-2574 --build=7'

Showing logs for build [32mseldonio-seldon-core-pr-2574-in-b6vcr-7[0m stage [32mpr-build-comment[0m and container [32mstep-source-mkdir-seldonio-seldon-core-pr-2574-in-b6vcr-z68kd[0m
{"level":"info","ts":1603646754.1145062,"logger":"fallback-logger","caller":"logging/config.go:69","msg":"Fetch GitHub commit ID from kodata failed: open /var/run/ko/HEAD: no such file or directory"}
{"level":"info","ts":1603646754.1176035,"logger":"fallback-logger","caller":"bash/main.go:64","msg":"Successfully executed command \"sh -c mkdir -p /pvc/pr-build-comment/workspace\"; output "}

Showing logs for build [32mseldonio-seldon-core-pr-2574-in-b6vcr-7[0m stage [32mpr-build-comment[0m and container [32mstep-source-copy-seldonio-seldon-core-pr-2574-in-b6vcr-9fnkq[0m
{"level":"info","ts":1603646754.3085322,"logger":"fallback-logger","caller":"logging/config.go:69","msg":"Fetch GitHub commit ID from kodata failed: open /var/run/ko/HEAD: no such file or directory"}
{"level":"info","ts":1603646754.6766222,"logger":"fallback-logger","caller":"bash/main.go:64","msg":"Successfully executed command \"sh -c cp -r source/. /pvc/pr-build-comment/workspace\"; output "}

Showing logs for build [32mseldonio-seldon-core-pr-2574-in-b6vcr-7[0m stage [32mend-to-end[0m and container [32mstep-credential-initializer-vdcz5[0m
Unable to retrieve container logs for docker://71e3f931d3e22cb81dfbcb1fd969e1b50051aeb4a1e78521bbd31ea05ded16c1

Showing logs for build [32mseldonio-seldon-core-pr-2574-in-b6vcr-7[0m stage [32mend-to-end[0m and container [32mstep-working-dir-initializer-rvnfp[0m
Unable to retrieve container logs for docker://8f93ebd85486b2f87c56bd1212798622dd7cef707fe246aa4a2f2f8177b81c99

Showing logs for build [32mseldonio-seldon-core-pr-2574-in-b6vcr-7[0m stage [32mend-to-end[0m and container [32mstep-place-tools[0m
Unable to retrieve container logs for docker://a8006945d0a10d34a2d0272940cbc5205f8a5a0b0bf91ebd9ee0685c483523cb

Showing logs for build [32mseldonio-seldon-core-pr-2574-in-b6vcr-7[0m stage [32mend-to-end[0m and container [32mstep-create-dir-workspace-svkbn[0m
Unable to retrieve container logs for docker://e7410ada06d6c3c321b588f4391e601c989598ebffc7fcb57c5479e520ea442e

Showing logs for build [32mseldonio-seldon-core-pr-2574-in-b6vcr-7[0m stage [32mend-to-end[0m and container [32mstep-source-copy-workspace-dxnwn[0m
Unable to retrieve container logs for docker://44ab6d000b74836d63f73dbc8defde6ee7cc6afbdd37f3c9bbad166c009c3272

Showing logs for build [32mseldonio-seldon-core-pr-2574-in-b6vcr-7[0m stage [32mend-to-end[0m and container [32mstep-setup-builder-home[0m
Unable to retrieve container logs for docker://86492ed81937c85685c307a98a00578eace41d0cd422c3e97b660ecfe96219e5

Showing logs for build [32mseldonio-seldon-core-pr-2574-in-b6vcr-7[0m stage [32mend-to-end[0m and container [32mstep-test-end-to-end[0m
Unable to retrieve container logs for docker://e3b292b8d3eb08ac5b6deca2c85a8533d09c90e97b6c849b59a82291fefb5c15
[31m
Pipeline failed on stage 'end-to-end' : container 'step-test-end-to-end'. The execution of the pipeline has stopped.[0m
