
Showing logs for build [32mmeta-seldonio-seldon-core-pr-26-mrfw7-6[0m stage [32mmeta-pipeline[0m and container [32mstep-credential-initializer-zzts8[0m
{"level":"info","ts":1605254116.526925,"logger":"fallback-logger","caller":"logging/config.go:69","msg":"Fetch GitHub commit ID from kodata failed: open /var/run/ko/refs/heads/0.8.0-ns-support: no such file or directory"}
{"level":"info","ts":1605254116.5290377,"logger":"fallback-logger","caller":"creds-init/main.go:40","msg":"Credentials initialized."}

Showing logs for build [32mmeta-seldonio-seldon-core-pr-26-mrfw7-6[0m stage [32mmeta-pipeline[0m and container [32mstep-working-dir-initializer-78xkf[0m
{"level":"info","ts":1605254117.496672,"logger":"fallback-logger","caller":"logging/config.go:69","msg":"Fetch GitHub commit ID from kodata failed: open /var/run/ko/HEAD: no such file or directory"}
{"level":"info","ts":1605254117.498423,"logger":"fallback-logger","caller":"bash/main.go:64","msg":"Successfully executed command \"sh -c mkdir -p /workspace/source\"; output "}

Showing logs for build [32mmeta-seldonio-seldon-core-pr-26-mrfw7-6[0m stage [32mmeta-pipeline[0m and container [32mstep-place-tools[0m

Showing logs for build [32mmeta-seldonio-seldon-core-pr-26-mrfw7-6[0m stage [32mmeta-pipeline[0m and container [32mstep-git-source-meta-seldonio-seldon-core-pr-26-mrfw7-s92rz[0m
{"level":"info","ts":1605254122.7013693,"logger":"fallback-logger","caller":"logging/config.go:69","msg":"Fetch GitHub commit ID from kodata failed: open /var/run/ko/refs/heads/0.8.0-ns-support: no such file or directory"}
{"level":"info","ts":1605254132.3039465,"logger":"fallback-logger","caller":"git/git.go:103","msg":"Successfully cloned https://github.com/SeldonIO/seldon-core.git @ 824486fca0d4ab50e6da4fb2c1f2c89676d1cf43 in path /workspace/source"}

Showing logs for build [32mmeta-seldonio-seldon-core-pr-26-mrfw7-6[0m stage [32mmeta-pipeline[0m and container [32mstep-setup-builder-home[0m

Showing logs for build [32mmeta-seldonio-seldon-core-pr-26-mrfw7-6[0m stage [32mmeta-pipeline[0m and container [32mstep-git-merge[0m
Using SHAs from PULL_REFS=master:824486fca0d4ab50e6da4fb2c1f2c89676d1cf43,2626:ecb584085671c54924beac8520297ef2bcd90d01
DEBUG: LC_ALL=C JX_LOG_LEVEL=error git fetch origin --unshallow ecb584085671c54924beac8520297ef2bcd90d01: 824486fca0d4ab50e6da4fb2c1f2c89676d1cf43:
DEBUG: ran git fetch --unshallow origin ecb584085671c54924beac8520297ef2bcd90d01: 824486fca0d4ab50e6da4fb2c1f2c89676d1cf43: in 
DEBUG: LC_ALL=C JX_LOG_LEVEL=error git branch
DEBUG: LC_ALL=C JX_LOG_LEVEL=error git checkout master
DEBUG: ran git checkout master in 
DEBUG: LC_ALL=C JX_LOG_LEVEL=error git reset --hard 824486fca0d4ab50e6da4fb2c1f2c89676d1cf43
DEBUG: ran git reset --hard 824486fca0d4ab50e6da4fb2c1f2c89676d1cf43 in 
DEBUG: LC_ALL=C JX_LOG_LEVEL=error git clean -fd .
DEBUG: ran clean --force -d . in 
DEBUG: LC_ALL=C JX_LOG_LEVEL=error git merge ecb584085671c54924beac8520297ef2bcd90d01
error: error during merge: merging ecb584085671c54924beac8520297ef2bcd90d01 into master: git output: Removing components/outlier-detection/cifar10/trigger.yaml
Removing components/outlier-detection/cifar10/message-dumper.yaml
Removing components/outlier-detection/cifar10/cifar10od.yaml
Removing components/outlier-detection/cifar10/cifar10.yaml
Removing components/drift-detection/cifar10/trigger.yaml
Removing components/drift-detection/cifar10/message-dumper.yaml
Removing components/drift-detection/cifar10/cifar10cd.yaml
Removing components/drift-detection/cifar10/cifar10.yaml
Auto-merging components/alibi-detect-server/setup.py
CONFLICT (content): Merge conflict in components/alibi-detect-server/setup.py
Auto-merging components/alibi-detect-server/Makefile
Auto-merging components/alibi-detect-server/Dockerfile
Automatic merge failed; fix conflicts and then commit the result.: failed to run 'git merge ecb584085671c54924beac8520297ef2bcd90d01' command in directory '', output: 'Removing components/outlier-detection/cifar10/trigger.yaml
Removing components/outlier-detection/cifar10/message-dumper.yaml
Removing components/outlier-detection/cifar10/cifar10od.yaml
Removing components/outlier-detection/cifar10/cifar10.yaml
Removing components/drift-detection/cifar10/trigger.yaml
Removing components/drift-detection/cifar10/message-dumper.yaml
Removing components/drift-detection/cifar10/cifar10cd.yaml
Removing components/drift-detection/cifar10/cifar10.yaml
Auto-merging components/alibi-detect-server/setup.py
CONFLICT (content): Merge conflict in components/alibi-detect-server/setup.py
Auto-merging components/alibi-detect-server/Makefile
Auto-merging components/alibi-detect-server/Dockerfile
Automatic merge failed; fix conflicts and then commit the result.'
[31m
Pipeline failed on stage 'meta-pipeline' : container 'step-git-merge'. The execution of the pipeline has stopped.[0m
