
Showing logs for build [32mseldonio-seldon-core-pr-2593-pr-ljpqc-1[0m stage [32mpr-build-comment[0m and container [32mstep-credential-initializer-m8zbz[0m
{"level":"info","ts":1604334103.1906686,"logger":"fallback-logger","caller":"logging/config.go:69","msg":"Fetch GitHub commit ID from kodata failed: open /var/run/ko/refs/heads/0.8.0-ns-support: no such file or directory"}
{"level":"info","ts":1604334103.1920865,"logger":"fallback-logger","caller":"creds-init/main.go:40","msg":"Credentials initialized."}

Showing logs for build [32mseldonio-seldon-core-pr-2593-pr-ljpqc-1[0m stage [32mpr-build-comment[0m and container [32mstep-working-dir-initializer-ccgw7[0m
{"level":"info","ts":1604334104.5023322,"logger":"fallback-logger","caller":"logging/config.go:69","msg":"Fetch GitHub commit ID from kodata failed: open /var/run/ko/HEAD: no such file or directory"}
{"level":"info","ts":1604334104.5046554,"logger":"fallback-logger","caller":"bash/main.go:64","msg":"Successfully executed command \"sh -c mkdir -p /workspace/source\"; output "}

Showing logs for build [32mseldonio-seldon-core-pr-2593-pr-ljpqc-1[0m stage [32mpr-build-comment[0m and container [32mstep-place-tools[0m

Showing logs for build [32mseldonio-seldon-core-pr-2593-pr-ljpqc-1[0m stage [32mpr-build-comment[0m and container [32mstep-create-dir-workspace-wfnr6[0m
{"level":"info","ts":1604334111.8344681,"logger":"fallback-logger","caller":"logging/config.go:69","msg":"Fetch GitHub commit ID from kodata failed: open /var/run/ko/HEAD: no such file or directory"}
{"level":"info","ts":1604334111.8359067,"logger":"fallback-logger","caller":"bash/main.go:64","msg":"Successfully executed command \"sh -c mkdir -p source\"; output "}

Showing logs for build [32mseldonio-seldon-core-pr-2593-pr-ljpqc-1[0m stage [32mpr-build-comment[0m and container [32mstep-git-source-seldonio-seldon-core-pr-2593-pr-ljpqc-fwjcd[0m
{"level":"info","ts":1604334112.0228858,"logger":"fallback-logger","caller":"logging/config.go:69","msg":"Fetch GitHub commit ID from kodata failed: open /var/run/ko/refs/heads/0.8.0-ns-support: no such file or directory"}
{"level":"info","ts":1604334116.7634814,"logger":"fallback-logger","caller":"git/git.go:103","msg":"Successfully cloned https://github.com/SeldonIO/seldon-core.git @ master in path /workspace/source"}

Showing logs for build [32mseldonio-seldon-core-pr-2593-pr-ljpqc-1[0m stage [32mpr-build-comment[0m and container [32mstep-setup-builder-home[0m

Showing logs for build [32mseldonio-seldon-core-pr-2593-pr-ljpqc-1[0m stage [32mpr-build-comment[0m and container [32mstep-git-merge[0m
Using SHAs from PULL_REFS=master:3a936bdb8320dd7d804955dfcb8cbf1b957d2941,2593:d5a93d976890e4f1e2d40e774bc353afc9aa1872
DEBUG: LC_ALL=C JX_LOG_LEVEL=error git fetch origin --unshallow d5a93d976890e4f1e2d40e774bc353afc9aa1872: 3a936bdb8320dd7d804955dfcb8cbf1b957d2941:
DEBUG: ran git fetch --unshallow origin d5a93d976890e4f1e2d40e774bc353afc9aa1872: 3a936bdb8320dd7d804955dfcb8cbf1b957d2941: in 
DEBUG: LC_ALL=C JX_LOG_LEVEL=error git branch
DEBUG: LC_ALL=C JX_LOG_LEVEL=error git checkout master
DEBUG: ran git checkout master in 
DEBUG: JX_LOG_LEVEL=error LC_ALL=C git reset --hard 3a936bdb8320dd7d804955dfcb8cbf1b957d2941
DEBUG: ran git reset --hard 3a936bdb8320dd7d804955dfcb8cbf1b957d2941 in 
DEBUG: LC_ALL=C JX_LOG_LEVEL=error git clean -fd .
DEBUG: ran clean --force -d . in 
DEBUG: LC_ALL=C JX_LOG_LEVEL=error git merge d5a93d976890e4f1e2d40e774bc353afc9aa1872
DEBUG: ran git merge d5a93d976890e4f1e2d40e774bc353afc9aa1872 in 
DEBUG: LC_ALL=C JX_LOG_LEVEL=error git log --format=%H%x1f%an%x1f%ae%x1f%cn%x1f%ce%x1f%s%n%b%x1e 3a936bdb8320dd7d804955dfcb8cbf1b957d2941..HEAD
Merged SHA d66fdde99efb6a6cf2d9d03c9975fa72c6f876c0 with commit message 'Merge commit 'd5a93d976890e4f1e2d40e774bc353afc9aa1872'' into base branch master
Merged SHA d5a93d976890e4f1e2d40e774bc353afc9aa1872 with commit message 'Bump grpcio-tools from 1.32.0 to 1.33.2 in /python' into base branch master

Showing logs for build [32mseldonio-seldon-core-pr-2593-pr-ljpqc-1[0m stage [32mpr-build-comment[0m and container [32mstep-step2[0m
+++ dirname ./add-pr-build-comment
++ cd .
++ pwd
+ STARTUP_DIR=/workspace/source/ci
+ REPO_OWNER=SeldonIO
+ REPO_NAME=seldon-core
+ PULL_NUMBER=2593
+ BUILD_NUMBER=1
+ PIPELINE_CONTEXT=pr-build
++ cat
+++ date
+ COMMENT_MSG='Mon Nov  2 16:22:06 UTC 2020
The logs for [pr-build] [1] will show after the pipeline context has finished.  
https://github.com/SeldonIO/seldon-core/blob/gh-pages/jenkins-x/logs/SeldonIO/seldon-core/PR-2593/1.log

impatient try  
** get build logs SeldonIO/seldon-core/PR-2593 --build=1'
+ ** step pr comment --owner=SeldonIO --repository=seldon-core --pull-request=2593 '--comment=Mon Nov  2 16:22:06 UTC 2020
The logs for [pr-build] [1] will show after the pipeline context has finished.  
https://github.com/SeldonIO/seldon-core/blob/gh-pages/jenkins-x/logs/SeldonIO/seldon-core/PR-2593/1.log

impatient try  
** get build logs SeldonIO/seldon-core/PR-2593 --build=1'

Showing logs for build [32mseldonio-seldon-core-pr-2593-pr-ljpqc-1[0m stage [32mpr-build-comment[0m and container [32mstep-source-mkdir-seldonio-seldon-core-pr-2593-pr-ljpqc-zfhrj[0m
{"level":"info","ts":1604334132.012566,"logger":"fallback-logger","caller":"logging/config.go:69","msg":"Fetch GitHub commit ID from kodata failed: open /var/run/ko/HEAD: no such file or directory"}
{"level":"info","ts":1604334132.0168445,"logger":"fallback-logger","caller":"bash/main.go:64","msg":"Successfully executed command \"sh -c mkdir -p /pvc/pr-build-comment/workspace\"; output "}

Showing logs for build [32mseldonio-seldon-core-pr-2593-pr-ljpqc-1[0m stage [32mpr-build-comment[0m and container [32mstep-source-copy-seldonio-seldon-core-pr-2593-pr-ljpqc-lkhrc[0m
{"level":"info","ts":1604334132.221137,"logger":"fallback-logger","caller":"logging/config.go:69","msg":"Fetch GitHub commit ID from kodata failed: open /var/run/ko/HEAD: no such file or directory"}
{"level":"info","ts":1604334132.6252396,"logger":"fallback-logger","caller":"bash/main.go:64","msg":"Successfully executed command \"sh -c cp -r source/. /pvc/pr-build-comment/workspace\"; output "}

Showing logs for build [32mseldonio-seldon-core-pr-2593-pr-ljpqc-1[0m stage [32mtest-python[0m and container [32mstep-credential-initializer-cdc9h[0m
{"level":"info","ts":1604334139.7379,"logger":"fallback-logger","caller":"logging/config.go:69","msg":"Fetch GitHub commit ID from kodata failed: open /var/run/ko/refs/heads/0.8.0-ns-support: no such file or directory"}
{"level":"info","ts":1604334139.7395859,"logger":"fallback-logger","caller":"creds-init/main.go:40","msg":"Credentials initialized."}

Showing logs for build [32mseldonio-seldon-core-pr-2593-pr-ljpqc-1[0m stage [32mtest-python[0m and container [32mstep-working-dir-initializer-dcxc6[0m
{"level":"info","ts":1604334141.2078786,"logger":"fallback-logger","caller":"logging/config.go:69","msg":"Fetch GitHub commit ID from kodata failed: open /var/run/ko/HEAD: no such file or directory"}
{"level":"info","ts":1604334141.210233,"logger":"fallback-logger","caller":"bash/main.go:64","msg":"Successfully executed command \"sh -c mkdir -p /workspace/source\"; output "}

Showing logs for build [32mseldonio-seldon-core-pr-2593-pr-ljpqc-1[0m stage [32mtest-python[0m and container [32mstep-place-tools[0m

Showing logs for build [32mseldonio-seldon-core-pr-2593-pr-ljpqc-1[0m stage [32mtest-python[0m and container [32mstep-create-dir-workspace-78j7g[0m
{"level":"info","ts":1604334153.6008039,"logger":"fallback-logger","caller":"logging/config.go:69","msg":"Fetch GitHub commit ID from kodata failed: open /var/run/ko/HEAD: no such file or directory"}
{"level":"info","ts":1604334153.6022496,"logger":"fallback-logger","caller":"bash/main.go:64","msg":"Successfully executed command \"sh -c mkdir -p /workspace/source\"; output "}

Showing logs for build [32mseldonio-seldon-core-pr-2593-pr-ljpqc-1[0m stage [32mtest-python[0m and container [32mstep-source-copy-workspace-qcznc[0m
{"level":"info","ts":1604334153.8214812,"logger":"fallback-logger","caller":"logging/config.go:69","msg":"Fetch GitHub commit ID from kodata failed: open /var/run/ko/HEAD: no such file or directory"}
{"level":"info","ts":1604334158.9201896,"logger":"fallback-logger","caller":"bash/main.go:64","msg":"Successfully executed command \"sh -c cp -r /pvc/pr-build-comment/workspace/. /workspace/source\"; output "}

Showing logs for build [32mseldonio-seldon-core-pr-2593-pr-ljpqc-1[0m stage [32mtest-python[0m and container [32mstep-setup-builder-home[0m

Showing logs for build [32mseldonio-seldon-core-pr-2593-pr-ljpqc-1[0m stage [32mtest-python[0m and container [32mstep-test-python[0m
make: Entering directory '/workspace/source/python'
# Protobuf
cp ../proto/prediction.proto seldon_core/proto/
make -C ../proto/tensorflow/ create_protos
make[1]: Entering directory '/workspace/source/proto/tensorflow'
./create-protos.sh
Downloading proto files for master
make[1]: Leaving directory '/workspace/source/proto/tensorflow'
cp -r ../proto/tensorflow/tensorflow \
	seldon_core/proto/
make -C ../proto/tensorflow clean
make[1]: Entering directory '/workspace/source/proto/tensorflow'
removed 'tensorflow/core/framework/tensor.proto'
removed 'tensorflow/core/framework/tensor_shape.proto'
removed 'tensorflow/core/framework/types.proto'
removed 'tensorflow/core/framework/resource_handle.proto'
removed directory 'tensorflow/core/framework'
removed directory 'tensorflow/core'
removed directory 'tensorflow'
make[1]: Leaving directory '/workspace/source/proto/tensorflow'
# OpenAPI
cp ../openapi/wrapper.oas3.json seldon_core/openapi/seldon.json
# Protobuf
cd seldon_core && python \
	-m grpc.tools.protoc \
	-I./ \
	-I./proto/ \
	--python_out=./ \
	--grpc_python_out=./ \
	--mypy_out=./ \
	./proto/prediction.proto
Writing mypy to proto/prediction_pb2.pyi
## We build TF's protobufs as well in case the tensorflow package
## is not found
cd seldon_core/proto && python \
	-m grpc.tools.protoc \
	-I./ \
	-I../ \
	--python_out=./ \
	./tensorflow/core/framework/*.proto
sed -i "s/from tensorflow/from seldon_core.proto.tensorflow/" seldon_core/proto/*.py
sed -i "s/from tensorflow.core.framework/from ./" \
	seldon_core/proto/tensorflow/core/framework/resource_handle_pb2.py seldon_core/proto/tensorflow/core/framework/tensor_pb2.py seldon_core/proto/tensorflow/core/framework/tensor_shape_pb2.py seldon_core/proto/tensorflow/core/framework/types_pb2.py
sed -i "s/from proto/from seldon_core.proto/g" seldon_core/proto/prediction_pb2_grpc.py
sed -i 's/__version__ = .*/__version__ = "1.5.0-dev"/g' seldon_core/version.py
pip install -e . -r requirements-dev.txt
Obtaining file:///workspace/source/python
Collecting black==19.10b0 (from -r requirements-dev.txt (line 2))
  Downloading https://files.pythonhosted.org/packages/fd/bb/ad34bbc93d1bea3de086d7c59e528d4a503ac8fe318bd1fa48605584c3d2/black-19.10b0-py36-none-any.whl (97kB)
Collecting flake8==3.8.1 (from -r requirements-dev.txt (line 3))
  Downloading https://files.pythonhosted.org/packages/bf/47/36e51603431e1a5289eb41636199d2c225fcb1ca286e29c02d219c8e6e88/flake8-3.8.1-py2.py3-none-any.whl (72kB)
Collecting mypy<0.791 (from -r requirements-dev.txt (line 4))
  Downloading https://files.pythonhosted.org/packages/3a/b0/aa475e0458f36a4ca467a7dade31a481691d6f621546ec01a043b0ef5d70/mypy-0.790-cp37-cp37m-manylinux1_x86_64.whl (21.0MB)
Collecting Pillow==8.0.1 (from -r requirements-dev.txt (line 5))
  Downloading https://files.pythonhosted.org/packages/af/fa/c1302a26d5e1a17fa8e10e43417b6cf038b0648c4b79fcf2302a4a0c5d30/Pillow-8.0.1-cp37-cp37m-manylinux1_x86_64.whl (2.2MB)
Collecting pytest==6.1.2 (from -r requirements-dev.txt (line 6))
  Downloading https://files.pythonhosted.org/packages/b1/ee/53945d50284906adb1e613fabf2e1b8b25926e8676854bb25b93564c0ce7/pytest-6.1.2-py3-none-any.whl (272kB)
Collecting pytest-cov==2.10.1 (from -r requirements-dev.txt (line 7))
  Downloading https://files.pythonhosted.org/packages/e5/18/401594af67eda194a8b9167208621761927c937db7d60292608342bbac0a/pytest_cov-2.10.1-py2.py3-none-any.whl
Collecting tox<4.0.0 (from -r requirements-dev.txt (line 8))
  Downloading https://files.pythonhosted.org/packages/e0/79/5915b9dad867e89bb6495456acfe5d4e2287e74dfa29c059f7b127d5480e/tox-3.20.1-py2.py3-none-any.whl (83kB)
Collecting grpcio-tools==1.33.2 (from -r requirements-dev.txt (line 9))
  Downloading https://files.pythonhosted.org/packages/78/f6/3817a1682319aea1d5fede62796ff75d529bbd0f01ab5fd164df3d01fe1b/grpcio-tools-1.33.2.tar.gz (2.1MB)
Collecting mypy-protobuf==1.22 (from -r requirements-dev.txt (line 10))
  Downloading https://files.pythonhosted.org/packages/ec/9c/36adfc9a4aee35f8c6ae45f91cb3ef2e041e4c9ef6be1401e369f46c47c6/mypy_protobuf-1.22-py3-none-any.whl
Collecting tenacity==6.2.0 (from -r requirements-dev.txt (line 13))
  Downloading https://files.pythonhosted.org/packages/b5/05/ff089032442058bd3386f9cd991cd88ccac81dca1494d78751621ee35e62/tenacity-6.2.0-py2.py3-none-any.whl
Collecting coverage==5.3 (from -r requirements-dev.txt (line 16))
  Downloading https://files.pythonhosted.org/packages/f9/67/cf7584c4fe27083710d3e43ffa26219b1e178a8bf506a762c76baf4937d6/coverage-5.3-cp37-cp37m-manylinux1_x86_64.whl (229kB)
Collecting pandas==1.1.0 (from -r requirements-dev.txt (line 19))
  Downloading https://files.pythonhosted.org/packages/94/b1/f77f49cc7cc538b247f30c2ae7e3a50f29e44f0b1af32ff4869d7de3c762/pandas-1.1.0-cp37-cp37m-manylinux1_x86_64.whl (10.5MB)
Collecting pip-licenses==3.0.0 (from -r requirements-dev.txt (line 22))
  Downloading https://files.pythonhosted.org/packages/08/b4/6e53ab4e82e2b9f8356dd17d7b9e30cba57ba0460186c92cc05e8a1a7f97/pip_licenses-3.0.0-py3-none-any.whl
Collecting Flask<2.0.0 (from seldon-core==1.5.0.dev0)
  Downloading https://files.pythonhosted.org/packages/f2/28/2a03252dfb9ebf377f40fba6a7841b47083260bf8bd8e737b0c6952df83f/Flask-1.1.2-py2.py3-none-any.whl (94kB)
Collecting jsonschema<4.0.0 (from seldon-core==1.5.0.dev0)
  Downloading https://files.pythonhosted.org/packages/c5/8f/51e89ce52a085483359217bc72cdbf6e75ee595d5b1d4b5ade40c7e018b8/jsonschema-3.2.0-py2.py3-none-any.whl (56kB)
Collecting Flask-cors<4.0.0 (from seldon-core==1.5.0.dev0)
  Downloading https://files.pythonhosted.org/packages/69/7f/d0aeaaafb5c3c76c8d2141dbe2d4f6dca5d6c31872d4e5349768c1958abc/Flask_Cors-3.0.9-py2.py3-none-any.whl
Collecting redis<4.0.0 (from seldon-core==1.5.0.dev0)
  Downloading https://files.pythonhosted.org/packages/a7/7c/24fb0511df653cf1a5d938d8f5d19802a88cef255706fdda242ff97e91b7/redis-3.5.3-py2.py3-none-any.whl (72kB)
Requirement already satisfied: requests<3.0.0 in /opt/conda/lib/python3.7/site-packages (from seldon-core==1.5.0.dev0) (2.21.0)
Collecting numpy<2.0.0 (from seldon-core==1.5.0.dev0)
  Downloading https://files.pythonhosted.org/packages/5e/f2/9e562074f835b9b1227ca156f787be4554ae6bbe293c064337c4153cc4c8/numpy-1.19.4-cp37-cp37m-manylinux1_x86_64.whl (13.4MB)
Requirement already satisfied: flatbuffers<2.0.0 in /opt/conda/lib/python3.7/site-packages (from seldon-core==1.5.0.dev0) (1.11)
Requirement already satisfied: protobuf<4.0.0 in /opt/conda/lib/python3.7/site-packages (from seldon-core==1.5.0.dev0) (3.7.1)
Requirement already satisfied: grpcio<2.0.0 in /opt/conda/lib/python3.7/site-packages (from seldon-core==1.5.0.dev0) (1.20.1)
Collecting Flask-OpenTracing<1.2.0,>=1.1.0 (from seldon-core==1.5.0.dev0)
  Downloading https://files.pythonhosted.org/packages/58/6c/6417701ba5ecc8854670c6db3207bcc3e5fbc96289a7cb18d5516d99a1c6/Flask-OpenTracing-1.1.0.tar.gz
Collecting opentracing<2.4.0,>=2.2.0 (from seldon-core==1.5.0.dev0)
  Downloading https://files.pythonhosted.org/packages/e4/a8/df5285f42cd07782409d0ae835785fae6e2a0f7e8b0036ea302f1422fd25/opentracing-2.3.0.tar.gz (48kB)
Collecting jaeger-client<4.4.0,>=4.1.0 (from seldon-core==1.5.0.dev0)
  Downloading https://files.pythonhosted.org/packages/2b/75/17a937a61135671cebc175ab5c299dc0f7477042469482fd9a6f91262c68/jaeger-client-4.3.0.tar.gz (81kB)
Collecting grpcio-opentracing<1.2.0,>=1.1.4 (from seldon-core==1.5.0.dev0)
  Downloading https://files.pythonhosted.org/packages/db/82/2fcad380697c3dab25de76ee590bcab3eb9bbfb4add916044d7e83ec2b10/grpcio_opentracing-1.1.4-py3-none-any.whl
Collecting PyYAML<5.4 (from seldon-core==1.5.0.dev0)
  Downloading https://files.pythonhosted.org/packages/64/c2/b80047c7ac2478f9501676c988a5411ed5572f35d1beff9cae07d321512c/PyYAML-5.3.1.tar.gz (269kB)
Collecting gunicorn<20.1.0,>=19.9.0 (from seldon-core==1.5.0.dev0)
  Downloading https://files.pythonhosted.org/packages/69/ca/926f7cd3a2014b16870086b2d0fdc84a9e49473c68a8dff8b57f7c156f43/gunicorn-20.0.4-py2.py3-none-any.whl (77kB)
Collecting setuptools>=41.0.0 (from seldon-core==1.5.0.dev0)
  Downloading https://files.pythonhosted.org/packages/6d/38/c21ef5034684ffc0412deefbb07d66678332290c14bb5269c85145fbd55e/setuptools-50.3.2-py3-none-any.whl (785kB)
Collecting prometheus_client<0.9.0,>=0.7.1 (from seldon-core==1.5.0.dev0)
  Downloading https://files.pythonhosted.org/packages/3f/0e/554a265ffdc56e1494ef08e18f765b0cdec78797f510c58c45cf37abb4f4/prometheus_client-0.8.0-py2.py3-none-any.whl (53kB)
Collecting regex (from black==19.10b0->-r requirements-dev.txt (line 2))
  Downloading https://files.pythonhosted.org/packages/6b/7f/4170bd5a4129ef0fedd3b930a52341698bb07d44cdfe35498002fe4507f1/regex-2020.10.28-cp37-cp37m-manylinux1_x86_64.whl (666kB)
Collecting attrs>=18.1.0 (from black==19.10b0->-r requirements-dev.txt (line 2))
  Downloading https://files.pythonhosted.org/packages/14/df/479736ae1ef59842f512548bacefad1abed705e400212acba43f9b0fa556/attrs-20.2.0-py2.py3-none-any.whl (48kB)
Collecting typed-ast>=1.4.0 (from black==19.10b0->-r requirements-dev.txt (line 2))
  Downloading https://files.pythonhosted.org/packages/5d/10/0c1e8aa723a2b0c4032e048d8e511df82c8a1262f0e1df5e4c54eb2613e9/typed_ast-1.4.1-cp37-cp37m-manylinux1_x86_64.whl (737kB)
Collecting appdirs (from black==19.10b0->-r requirements-dev.txt (line 2))
  Downloading https://files.pythonhosted.org/packages/3b/00/2344469e2084fb287c2e0b57b72910309874c3245463acd6cf5e3db69324/appdirs-1.4.4-py2.py3-none-any.whl
Collecting pathspec<1,>=0.6 (from black==19.10b0->-r requirements-dev.txt (line 2))
  Downloading https://files.pythonhosted.org/packages/5d/d0/887c58853bd4b6ffc7aa9cdba4fc57d7b979b45888a6bd47e4568e1cf868/pathspec-0.8.0-py2.py3-none-any.whl
Collecting click>=6.5 (from black==19.10b0->-r requirements-dev.txt (line 2))
  Downloading https://files.pythonhosted.org/packages/d2/3d/fa76db83bf75c4f8d338c2fd15c8d33fdd7ad23a9b5e57eb6c5de26b430e/click-7.1.2-py2.py3-none-any.whl (82kB)
Collecting toml>=0.9.4 (from black==19.10b0->-r requirements-dev.txt (line 2))
  Downloading https://files.pythonhosted.org/packages/44/6f/7120676b6d73228c96e17f1f794d8ab046fc910d781c8d151120c3f1569e/toml-0.10.2-py2.py3-none-any.whl
Collecting mccabe<0.7.0,>=0.6.0 (from flake8==3.8.1->-r requirements-dev.txt (line 3))
  Downloading https://files.pythonhosted.org/packages/87/89/479dc97e18549e21354893e4ee4ef36db1d237534982482c3681ee6e7b57/mccabe-0.6.1-py2.py3-none-any.whl
Collecting importlib-metadata; python_version < "3.8" (from flake8==3.8.1->-r requirements-dev.txt (line 3))
  Downloading https://files.pythonhosted.org/packages/6d/6d/f4bb28424bc677bce1210bc19f69a43efe823e294325606ead595211f93e/importlib_metadata-2.0.0-py2.py3-none-any.whl
Collecting pyflakes<2.3.0,>=2.2.0 (from flake8==3.8.1->-r requirements-dev.txt (line 3))
  Downloading https://files.pythonhosted.org/packages/69/5b/fd01b0c696f2f9a6d2c839883b642493b431f28fa32b29abc465ef675473/pyflakes-2.2.0-py2.py3-none-any.whl (66kB)
Collecting pycodestyle<2.7.0,>=2.6.0a1 (from flake8==3.8.1->-r requirements-dev.txt (line 3))
  Downloading https://files.pythonhosted.org/packages/10/5b/88879fb861ab79aef45c7e199cae3ef7af487b5603dcb363517a50602dd7/pycodestyle-2.6.0-py2.py3-none-any.whl (41kB)
Collecting mypy-extensions<0.5.0,>=0.4.3 (from mypy<0.791->-r requirements-dev.txt (line 4))
  Downloading https://files.pythonhosted.org/packages/5c/eb/975c7c080f3223a5cdaff09612f3a5221e4ba534f7039db34c35d95fa6a5/mypy_extensions-0.4.3-py2.py3-none-any.whl
Collecting typing-extensions>=3.7.4 (from mypy<0.791->-r requirements-dev.txt (line 4))
  Downloading https://files.pythonhosted.org/packages/60/7a/e881b5abb54db0e6e671ab088d079c57ce54e8a01a3ca443f561ccadb37e/typing_extensions-3.7.4.3-py3-none-any.whl
Collecting packaging (from pytest==6.1.2->-r requirements-dev.txt (line 6))
  Downloading https://files.pythonhosted.org/packages/46/19/c5ab91b1b05cfe63cccd5cfc971db9214c6dd6ced54e33c30d5af1d2bc43/packaging-20.4-py2.py3-none-any.whl
Collecting py>=1.8.2 (from pytest==6.1.2->-r requirements-dev.txt (line 6))
  Downloading https://files.pythonhosted.org/packages/68/0f/41a43535b52a81e4f29e420a151032d26f08b62206840c48d14b70e53376/py-1.9.0-py2.py3-none-any.whl (99kB)
Collecting pluggy<1.0,>=0.12 (from pytest==6.1.2->-r requirements-dev.txt (line 6))
  Downloading https://files.pythonhosted.org/packages/a0/28/85c7aa31b80d150b772fbe4a229487bc6644da9ccb7e427dd8cc60cb8a62/pluggy-0.13.1-py2.py3-none-any.whl
Collecting iniconfig (from pytest==6.1.2->-r requirements-dev.txt (line 6))
  Downloading https://files.pythonhosted.org/packages/9b/dd/b3c12c6d707058fa947864b67f0c4e0c39ef8610988d7baea9578f3c48f3/iniconfig-1.1.1-py2.py3-none-any.whl
Collecting six>=1.14.0 (from tox<4.0.0->-r requirements-dev.txt (line 8))
  Downloading https://files.pythonhosted.org/packages/ee/ff/48bde5c0f013094d729fe4b0316ba2a24774b3ff1c52d924a8a4cb04078a/six-1.15.0-py2.py3-none-any.whl
Collecting virtualenv!=20.0.0,!=20.0.1,!=20.0.2,!=20.0.3,!=20.0.4,!=20.0.5,!=20.0.6,!=20.0.7,>=16.0.0 (from tox<4.0.0->-r requirements-dev.txt (line 8))
  Downloading https://files.pythonhosted.org/packages/97/f3/c064343ac58d1a54c393a3f66483a29500f644a5918deeb935d28673edd9/virtualenv-20.1.0-py2.py3-none-any.whl (4.9MB)
Collecting filelock>=3.0.0 (from tox<4.0.0->-r requirements-dev.txt (line 8))
  Downloading https://files.pythonhosted.org/packages/93/83/71a2ee6158bb9f39a90c0dea1637f81d5eef866e188e1971a1b1ab01a35a/filelock-3.0.12-py3-none-any.whl
Collecting python-dateutil>=2.7.3 (from pandas==1.1.0->-r requirements-dev.txt (line 19))
  Downloading https://files.pythonhosted.org/packages/d4/70/d60450c3dd48ef87586924207ae8907090de0b306af2bce5d134d78615cb/python_dateutil-2.8.1-py2.py3-none-any.whl (227kB)
Collecting pytz>=2017.2 (from pandas==1.1.0->-r requirements-dev.txt (line 19))
  Downloading https://files.pythonhosted.org/packages/12/f8/ff09af6ff61a3efaad5f61ba5facdf17e7722c4393f7d8a66674d2dbd29f/pytz-2020.4-py2.py3-none-any.whl (509kB)
Collecting PTable (from pip-licenses==3.0.0->-r requirements-dev.txt (line 22))
  Downloading https://files.pythonhosted.org/packages/ab/b3/b54301811173ca94119eb474634f120a49cd370f257d1aae5a4abaf12729/PTable-0.9.2.tar.gz
Collecting Jinja2>=2.10.1 (from Flask<2.0.0->seldon-core==1.5.0.dev0)
  Downloading https://files.pythonhosted.org/packages/30/9e/f663a2aa66a09d838042ae1a2c5659828bb9b41ea3a6efa20a20fd92b121/Jinja2-2.11.2-py2.py3-none-any.whl (125kB)
Collecting Werkzeug>=0.15 (from Flask<2.0.0->seldon-core==1.5.0.dev0)
  Downloading https://files.pythonhosted.org/packages/cc/94/5f7079a0e00bd6863ef8f1da638721e9da21e5bacee597595b318f71d62e/Werkzeug-1.0.1-py2.py3-none-any.whl (298kB)
Collecting itsdangerous>=0.24 (from Flask<2.0.0->seldon-core==1.5.0.dev0)
  Downloading https://files.pythonhosted.org/packages/76/ae/44b03b253d6fade317f32c24d100b3b35c2239807046a4c953c7b89fa49e/itsdangerous-1.1.0-py2.py3-none-any.whl
Collecting pyrsistent>=0.14.0 (from jsonschema<4.0.0->seldon-core==1.5.0.dev0)
  Downloading https://files.pythonhosted.org/packages/4d/70/fd441df751ba8b620e03fd2d2d9ca902103119616f0f6cc42e6405035062/pyrsistent-0.17.3.tar.gz (106kB)
Requirement already satisfied: chardet<3.1.0,>=3.0.2 in /opt/conda/lib/python3.7/site-packages (from requests<3.0.0->seldon-core==1.5.0.dev0) (3.0.4)
Requirement already satisfied: certifi>=2017.4.17 in /opt/conda/lib/python3.7/site-packages (from requests<3.0.0->seldon-core==1.5.0.dev0) (2018.11.29)
Requirement already satisfied: urllib3<1.25,>=1.21.1 in /opt/conda/lib/python3.7/site-packages (from requests<3.0.0->seldon-core==1.5.0.dev0) (1.24.1)
Requirement already satisfied: idna<2.9,>=2.5 in /opt/conda/lib/python3.7/site-packages (from requests<3.0.0->seldon-core==1.5.0.dev0) (2.8)
Collecting threadloop<2,>=1 (from jaeger-client<4.4.0,>=4.1.0->seldon-core==1.5.0.dev0)
  Downloading https://files.pythonhosted.org/packages/d3/1d/8398c1645b97dc008d3c658e04beda01ede3d90943d40c8d56863cf891bd/threadloop-1.0.2.tar.gz
Collecting thrift (from jaeger-client<4.4.0,>=4.1.0->seldon-core==1.5.0.dev0)
  Downloading https://files.pythonhosted.org/packages/97/1e/3284d19d7be99305eda145b8aa46b0c33244e4a496ec66440dac19f8274d/thrift-0.13.0.tar.gz (59kB)
Collecting tornado>=4.3 (from jaeger-client<4.4.0,>=4.1.0->seldon-core==1.5.0.dev0)
  Downloading https://files.pythonhosted.org/packages/bf/fa/2befee379094720b54065daa9c6117f3edb7d35f86cde0f50b3a28ecfadf/tornado-6.1-cp37-cp37m-manylinux1_x86_64.whl (428kB)
Collecting zipp>=0.5 (from importlib-metadata; python_version < "3.8"->flake8==3.8.1->-r requirements-dev.txt (line 3))
  Downloading https://files.pythonhosted.org/packages/41/ad/6a4f1a124b325618a7fb758b885b68ff7b058eec47d9220a12ab38d90b1f/zipp-3.4.0-py3-none-any.whl
Collecting pyparsing>=2.0.2 (from packaging->pytest==6.1.2->-r requirements-dev.txt (line 6))
  Downloading https://files.pythonhosted.org/packages/8a/bb/488841f56197b13700afd5658fc279a2025a39e22449b7cf29864669b15d/pyparsing-2.4.7-py2.py3-none-any.whl (67kB)
Collecting distlib<1,>=0.3.1 (from virtualenv!=20.0.0,!=20.0.1,!=20.0.2,!=20.0.3,!=20.0.4,!=20.0.5,!=20.0.6,!=20.0.7,>=16.0.0->tox<4.0.0->-r requirements-dev.txt (line 8))
  Downloading https://files.pythonhosted.org/packages/f5/0a/490fa011d699bb5a5f3a0cf57de82237f52a6db9d40f33c53b2736c9a1f9/distlib-0.3.1-py2.py3-none-any.whl (335kB)
Collecting MarkupSafe>=0.23 (from Jinja2>=2.10.1->Flask<2.0.0->seldon-core==1.5.0.dev0)
  Downloading https://files.pythonhosted.org/packages/98/7b/ff284bd8c80654e471b769062a9b43cc5d03e7a615048d96f4619df8d420/MarkupSafe-1.1.1-cp37-cp37m-manylinux1_x86_64.whl
Building wheels for collected packages: grpcio-tools, Flask-OpenTracing, opentracing, jaeger-client, PyYAML, PTable, pyrsistent, threadloop, thrift
  Running setup.py bdist_wheel for grpcio-tools: started
  Running setup.py bdist_wheel for grpcio-tools: still running...
  Running setup.py bdist_wheel for grpcio-tools: still running...
  Running setup.py bdist_wheel for grpcio-tools: finished with status 'done'
  Stored in directory: /builder/home/.cache/pip/wheels/73/f0/4c/17337f3cbf7d0c3eb19150ed15d808a9cee035ad201926fcb8
  Running setup.py bdist_wheel for Flask-OpenTracing: started
  Running setup.py bdist_wheel for Flask-OpenTracing: finished with status 'done'
  Stored in directory: /builder/home/.cache/pip/wheels/7b/dc/25/3cf0b35c129232ee596c413f13d1d1f5a8e38c427266276dfd
  Running setup.py bdist_wheel for opentracing: started
  Running setup.py bdist_wheel for opentracing: finished with status 'done'
  Stored in directory: /builder/home/.cache/pip/wheels/66/b5/60/322949294afda71a9558eb25a1e536d1191665ef71759646b7
  Running setup.py bdist_wheel for jaeger-client: started
  Running setup.py bdist_wheel for jaeger-client: finished with status 'done'
  Stored in directory: /builder/home/.cache/pip/wheels/a4/46/e1/316c9ea87f46b9685c2f4258950a27bad1ae072c56224e4489
  Running setup.py bdist_wheel for PyYAML: started
  Running setup.py bdist_wheel for PyYAML: finished with status 'done'
  Stored in directory: /builder/home/.cache/pip/wheels/a7/c1/ea/cf5bd31012e735dc1dfea3131a2d5eae7978b251083d6247bd
  Running setup.py bdist_wheel for PTable: started
  Running setup.py bdist_wheel for PTable: finished with status 'done'
  Stored in directory: /builder/home/.cache/pip/wheels/22/cc/2e/55980bfe86393df3e9896146a01f6802978d09d7ebcba5ea56
  Running setup.py bdist_wheel for pyrsistent: started
  Running setup.py bdist_wheel for pyrsistent: finished with status 'done'
  Stored in directory: /builder/home/.cache/pip/wheels/f0/b8/de/b593ad311be4eb458499d100db081e453576032272398b7ddc
  Running setup.py bdist_wheel for threadloop: started
  Running setup.py bdist_wheel for threadloop: finished with status 'done'
  Stored in directory: /builder/home/.cache/pip/wheels/d7/7a/30/d212623a4cd34f6cce400f8122b1b7af740d3440c68023d51f
  Running setup.py bdist_wheel for thrift: started
  Running setup.py bdist_wheel for thrift: finished with status 'done'
  Stored in directory: /builder/home/.cache/pip/wheels/02/a2/46/689ccfcf40155c23edc7cdbd9de488611c8fdf49ff34b1706e
Successfully built grpcio-tools Flask-OpenTracing opentracing jaeger-client PyYAML PTable pyrsistent threadloop thrift
grpcio-tools 1.33.2 has requirement grpcio>=1.33.2, but you'll have grpcio 1.20.1 which is incompatible.
Installing collected packages: regex, attrs, typed-ast, appdirs, pathspec, click, toml, black, mccabe, zipp, importlib-metadata, pyflakes, pycodestyle, flake8, mypy-extensions, typing-extensions, mypy, Pillow, six, pyparsing, packaging, py, pluggy, iniconfig, pytest, coverage, pytest-cov, distlib, filelock, virtualenv, tox, grpcio-tools, mypy-protobuf, tenacity, python-dateutil, pytz, numpy, pandas, PTable, pip-licenses, MarkupSafe, Jinja2, Werkzeug, itsdangerous, Flask, pyrsistent, setuptools, jsonschema, Flask-cors, redis, opentracing, Flask-OpenTracing, tornado, threadloop, thrift, jaeger-client, grpcio-opentracing, PyYAML, gunicorn, prometheus-client, seldon-core
  Found existing installation: six 1.12.0
    Uninstalling six-1.12.0:
      Successfully uninstalled six-1.12.0
  Found existing installation: grpcio-tools 1.20.1
    Uninstalling grpcio-tools-1.20.1:
      Successfully uninstalled grpcio-tools-1.20.1
  Found existing installation: mypy-protobuf 1.10
    Uninstalling mypy-protobuf-1.10:
      Successfully uninstalled mypy-protobuf-1.10
  Found existing installation: setuptools 40.6.3
    Uninstalling setuptools-40.6.3:
      Successfully uninstalled setuptools-40.6.3
  Running setup.py develop for seldon-core
Successfully installed Flask-1.1.2 Flask-OpenTracing-1.1.0 Flask-cors-3.0.9 Jinja2-2.11.2 MarkupSafe-1.1.1 PTable-0.9.2 Pillow-8.0.1 PyYAML-5.3.1 Werkzeug-1.0.1 appdirs-1.4.4 attrs-20.2.0 black-19.10b0 click-7.1.2 coverage-5.3 distlib-0.3.1 filelock-3.0.12 flake8-3.8.1 grpcio-opentracing-1.1.4 grpcio-tools-1.33.2 gunicorn-20.0.4 importlib-metadata-2.0.0 iniconfig-1.1.1 itsdangerous-1.1.0 jaeger-client-4.3.0 jsonschema-3.2.0 mccabe-0.6.1 mypy-0.790 mypy-extensions-0.4.3 mypy-protobuf-1.22 numpy-1.19.4 opentracing-2.3.0 packaging-20.4 pandas-1.1.0 pathspec-0.8.0 pip-licenses-3.0.0 pluggy-0.13.1 prometheus-client-0.8.0 py-1.9.0 pycodestyle-2.6.0 pyflakes-2.2.0 pyparsing-2.4.7 pyrsistent-0.17.3 pytest-6.1.2 pytest-cov-2.10.1 python-dateutil-2.8.1 pytz-2020.4 redis-3.5.3 regex-2020.10.28 seldon-core setuptools-50.3.2 six-1.15.0 tenacity-6.2.0 threadloop-1.0.2 thrift-0.13.0 toml-0.10.2 tornado-6.1 tox-3.20.1 typed-ast-1.4.1 typing-extensions-3.7.4.3 virtualenv-20.1.0 zipp-3.4.0
tox
GLOB sdist-make: /workspace/source/python/setup.py
py3 create: /workspace/source/python/.tox/py3
py3 installdeps: -r/workspace/source/python/requirements-dev.txt
py3 inst: /workspace/source/python/.tox/.tmp/package/1/seldon-core-1.5.0.dev0.zip
py3 installed: appdirs==1.4.4,attrs==20.2.0,black==19.10b0,certifi==2020.6.20,chardet==3.0.4,click==7.1.2,coverage==5.3,distlib==0.3.1,filelock==3.0.12,flake8==3.8.1,Flask==1.1.2,Flask-Cors==3.0.9,Flask-OpenTracing==1.1.0,flatbuffers==1.12,grpcio==1.33.2,grpcio-opentracing==1.1.4,grpcio-tools==1.33.2,gunicorn==20.0.4,idna==2.10,importlib-metadata==2.0.0,iniconfig==1.1.1,itsdangerous==1.1.0,jaeger-client==4.3.0,Jinja2==2.11.2,jsonschema==3.2.0,MarkupSafe==1.1.1,mccabe==0.6.1,mypy==0.790,mypy-extensions==0.4.3,mypy-protobuf==1.22,numpy==1.19.4,opentracing==2.3.0,packaging==20.4,pandas==1.1.0,pathspec==0.8.0,Pillow==8.0.1,pip-licenses==3.0.0,pluggy==0.13.1,prometheus-client==0.8.0,protobuf==3.13.0,PTable==0.9.2,py==1.9.0,pycodestyle==2.6.0,pyflakes==2.2.0,pyparsing==2.4.7,pyrsistent==0.17.3,pytest==6.1.2,pytest-cov==2.10.1,python-dateutil==2.8.1,pytz==2020.4,PyYAML==5.3.1,redis==3.5.3,regex==2020.10.28,requests==2.24.0,seldon-core @ file:///workspace/source/python/.tox/.tmp/package/1/seldon-core-1.5.0.dev0.zip,six==1.15.0,tenacity==6.2.0,threadloop==1.0.2,thrift==0.13.0,toml==0.10.2,tornado==6.1,tox==3.20.1,typed-ast==1.4.1,typing-extensions==3.7.4.3,urllib3==1.25.11,virtualenv==20.1.0,Werkzeug==1.0.1,zipp==3.4.0
py3 run-test-pre: PYTHONHASHSEED='1115678846'
py3 run-test: commands[0] | pytest
============================= test session starts ==============================
platform linux -- Python 3.7.1, pytest-6.1.2, py-1.9.0, pluggy-0.13.1
cachedir: .tox/py3/.pytest_cache
rootdir: /workspace/source/python, configfile: setup.cfg
plugins: cov-2.10.1
collected 388 items

tests/test_api_tester.py ..                                              [  0%]
tests/test_application_exception_microservice.py ..                      [  1%]
tests/test_combiner_microservice.py .....................                [  6%]
tests/test_flask_utils.py ...                                            [  7%]
tests/test_metadata.py ................................................. [ 19%]
...                                                                      [ 20%]
tests/test_metrics.py .................................................. [ 33%]
...................                                                      [ 38%]
tests/test_microservice.py .............                                 [ 41%]
tests/test_microservice_tester.py .....                                  [ 43%]
tests/test_model_microservice.py ...............s......................s [ 53%]
........                                                                 [ 55%]
tests/test_router_microservice.py .................                      [ 59%]
tests/test_runtime_metrics_tags.py .........................             [ 65%]
tests/test_seldon_client.py ..................................           [ 74%]
tests/test_storage.py ......                                             [ 76%]
tests/test_transformer_microservice.py ................................. [ 84%]
........                                                                 [ 86%]
tests/test_user_model.py ....                                            [ 87%]
tests/test_utils.py ..............................sss..............      [100%]

----------- coverage: platform linux, python 3.7.1-final-0 -----------
Name                                                                                                      Stmts   Miss  Cover
-----------------------------------------------------------------------------------------------------------------------------
.tox/py3/lib/python3.7/site-packages/seldon_core/__init__.py                                                  2      0   100%
.tox/py3/lib/python3.7/site-packages/seldon_core/api_tester.py                                               81     81     0%
.tox/py3/lib/python3.7/site-packages/seldon_core/app.py                                                      40     23    42%
.tox/py3/lib/python3.7/site-packages/seldon_core/batch_processor.py                                          94     94     0%
.tox/py3/lib/python3.7/site-packages/seldon_core/flask_utils.py                                              53     39    26%
.tox/py3/lib/python3.7/site-packages/seldon_core/imports_helper.py                                           11      1    91%
.tox/py3/lib/python3.7/site-packages/seldon_core/metadata.py                                                 32     11    66%
.tox/py3/lib/python3.7/site-packages/seldon_core/metrics.py                                                 138     77    44%
.tox/py3/lib/python3.7/site-packages/seldon_core/microservice.py                                            218     82    62%
.tox/py3/lib/python3.7/site-packages/seldon_core/microservice_tester.py                                     140    140     0%
.tox/py3/lib/python3.7/site-packages/seldon_core/persistence.py                                              45     23    49%
.tox/py3/lib/python3.7/site-packages/seldon_core/proto/__init__.py                                            0      0   100%
.tox/py3/lib/python3.7/site-packages/seldon_core/proto/prediction_pb2.py                                    165      0   100%
.tox/py3/lib/python3.7/site-packages/seldon_core/proto/prediction_pb2_grpc.py                               137     89    35%
.tox/py3/lib/python3.7/site-packages/seldon_core/proto/tensorflow/core/framework/__init__.py                  3      1    67%
.tox/py3/lib/python3.7/site-packages/seldon_core/proto/tensorflow/core/framework/resource_handle_pb2.py      22      0   100%
.tox/py3/lib/python3.7/site-packages/seldon_core/proto/tensorflow/core/framework/tensor_pb2.py               36      0   100%
.tox/py3/lib/python3.7/site-packages/seldon_core/proto/tensorflow/core/framework/tensor_shape_pb2.py         18      0   100%
.tox/py3/lib/python3.7/site-packages/seldon_core/proto/tensorflow/core/framework/types_pb2.py                68      0   100%
.tox/py3/lib/python3.7/site-packages/seldon_core/seldon_client.py                                           599    599     0%
.tox/py3/lib/python3.7/site-packages/seldon_core/seldon_methods.py                                          244    222     9%
.tox/py3/lib/python3.7/site-packages/seldon_core/serving_test_gen.py                                         40     40     0%
.tox/py3/lib/python3.7/site-packages/seldon_core/storage.py                                                  38     28    26%
.tox/py3/lib/python3.7/site-packages/seldon_core/user_model.py                                              182    129    29%
.tox/py3/lib/python3.7/site-packages/seldon_core/utils.py                                                   286    246    14%
.tox/py3/lib/python3.7/site-packages/seldon_core/version.py                                                   1      0   100%
.tox/py3/lib/python3.7/site-packages/seldon_core/wrapper.py                                                 151    121    20%
seldon_core/__init__.py                                                                                       2      0   100%
seldon_core/api_tester.py                                                                                    81     38    53%
seldon_core/app.py                                                                                           40     23    42%
seldon_core/batch_processor.py                                                                               94     94     0%
seldon_core/flask_utils.py                                                                                   53      6    89%
seldon_core/imports_helper.py                                                                                11      1    91%
seldon_core/metadata.py                                                                                      32      0   100%
seldon_core/metrics.py                                                                                      138      2    99%
seldon_core/microservice.py                                                                                 218    133    39%
seldon_core/microservice_tester.py                                                                          140     43    69%
seldon_core/persistence.py                                                                                   45     23    49%
seldon_core/proto/__init__.py                                                                                 0      0   100%
seldon_core/proto/prediction_pb2.py                                                                         165      0   100%
seldon_core/proto/prediction_pb2_grpc.py                                                                    137     65    53%
seldon_core/proto/tensorflow/core/framework/__init__.py                                                       3      1    67%
seldon_core/proto/tensorflow/core/framework/resource_handle_pb2.py                                           22      0   100%
seldon_core/proto/tensorflow/core/framework/tensor_pb2.py                                                    36      0   100%
seldon_core/proto/tensorflow/core/framework/tensor_shape_pb2.py                                              18      0   100%
seldon_core/proto/tensorflow/core/framework/types_pb2.py                                                     68      0   100%
seldon_core/seldon_client.py                                                                                599    284    53%
seldon_core/seldon_methods.py                                                                               244     12    95%
seldon_core/serving_test_gen.py                                                                              40     40     0%
seldon_core/storage.py                                                                                       38     13    66%
seldon_core/user_model.py                                                                                   182     27    85%
seldon_core/utils.py                                                                                        286     43    85%
seldon_core/version.py                                                                                        1      0   100%
seldon_core/wrapper.py                                                                                      151     10    93%
-----------------------------------------------------------------------------------------------------------------------------
TOTAL                                                                                                      5688   2904    49%


================== 383 passed, 5 skipped in 135.59s (0:02:15) ==================
tensorflow create: /workspace/source/python/.tox/tensorflow
tensorflow installdeps: -r/workspace/source/python/requirements-dev.txt
tensorflow inst: /workspace/source/python/.tox/.tmp/package/1/seldon-core-1.5.0.dev0.zip
tensorflow installed: absl-py==0.11.0,appdirs==1.4.4,astunparse==1.6.3,attrs==20.2.0,black==19.10b0,cachetools==4.1.1,certifi==2020.6.20,chardet==3.0.4,click==7.1.2,coverage==5.3,distlib==0.3.1,filelock==3.0.12,flake8==3.8.1,Flask==1.1.2,Flask-Cors==3.0.9,Flask-OpenTracing==1.1.0,flatbuffers==1.12,gast==0.3.3,google-auth==1.23.0,google-auth-oauthlib==0.4.2,google-pasta==0.2.0,grpcio==1.33.2,grpcio-opentracing==1.1.4,grpcio-tools==1.33.2,gunicorn==20.0.4,h5py==2.10.0,idna==2.10,importlib-metadata==2.0.0,iniconfig==1.1.1,itsdangerous==1.1.0,jaeger-client==4.3.0,Jinja2==2.11.2,jsonschema==3.2.0,Keras-Preprocessing==1.1.2,Markdown==3.3.3,MarkupSafe==1.1.1,mccabe==0.6.1,mypy==0.790,mypy-extensions==0.4.3,mypy-protobuf==1.22,numpy==1.19.4,oauthlib==3.1.0,opentracing==2.3.0,opt-einsum==3.3.0,packaging==20.4,pandas==1.1.0,pathspec==0.8.0,Pillow==8.0.1,pip-licenses==3.0.0,pluggy==0.13.1,prometheus-client==0.8.0,protobuf==3.13.0,PTable==0.9.2,py==1.9.0,pyasn1==0.4.8,pyasn1-modules==0.2.8,pycodestyle==2.6.0,pyflakes==2.2.0,pyparsing==2.4.7,pyrsistent==0.17.3,pytest==6.1.2,pytest-cov==2.10.1,python-dateutil==2.8.1,pytz==2020.4,PyYAML==5.3.1,redis==3.5.3,regex==2020.10.28,requests==2.24.0,requests-oauthlib==1.3.0,rsa==4.6,seldon-core @ file:///workspace/source/python/.tox/.tmp/package/1/seldon-core-1.5.0.dev0.zip,six==1.15.0,tenacity==6.2.0,tensorboard==2.3.0,tensorboard-plugin-wit==1.7.0,tensorflow==2.3.1,tensorflow-estimator==2.3.0,termcolor==1.1.0,threadloop==1.0.2,thrift==0.13.0,toml==0.10.2,tornado==6.1,tox==3.20.1,typed-ast==1.4.1,typing-extensions==3.7.4.3,urllib3==1.25.11,virtualenv==20.1.0,Werkzeug==1.0.1,wrapt==1.12.1,zipp==3.4.0
tensorflow run-test-pre: PYTHONHASHSEED='1115678846'
tensorflow run-test: commands[0] | pytest
============================= test session starts ==============================
platform linux -- Python 3.7.1, pytest-6.1.2, py-1.9.0, pluggy-0.13.1
cachedir: .tox/tensorflow/.pytest_cache
rootdir: /workspace/source/python, configfile: setup.cfg
plugins: cov-2.10.1
collected 388 items

tests/test_api_tester.py ..                                              [  0%]
tests/test_application_exception_microservice.py ..                      [  1%]
tests/test_combiner_microservice.py .....................                [  6%]
tests/test_flask_utils.py ...                                            [  7%]
tests/test_metadata.py ................................................. [ 19%]
...                                                                      [ 20%]
tests/test_metrics.py .................................................. [ 33%]
...................                                                      [ 38%]
tests/test_microservice.py .............                                 [ 41%]
tests/test_microservice_tester.py .....                                  [ 43%]
tests/test_model_microservice.py ....................................... [ 53%]
........                                                                 [ 55%]
tests/test_router_microservice.py .................                      [ 59%]
tests/test_runtime_metrics_tags.py .........................             [ 65%]
tests/test_seldon_client.py ..................................           [ 74%]
tests/test_storage.py ......                                             [ 76%]
tests/test_transformer_microservice.py ................................. [ 84%]
........                                                                 [ 86%]
tests/test_user_model.py ....                                            [ 87%]
tests/test_utils.py ...............................................      [100%]

----------- coverage: platform linux, python 3.7.1-final-0 -----------
Name                                                                                                  Stmts   Miss  Cover
-------------------------------------------------------------------------------------------------------------------------
.tox/tensorflow/lib/python3.7/site-packages/seldon_core/__init__.py                                       2      0   100%
.tox/tensorflow/lib/python3.7/site-packages/seldon_core/api_tester.py                                    81     81     0%
.tox/tensorflow/lib/python3.7/site-packages/seldon_core/app.py                                           40     23    42%
.tox/tensorflow/lib/python3.7/site-packages/seldon_core/batch_processor.py                               94     94     0%
.tox/tensorflow/lib/python3.7/site-packages/seldon_core/flask_utils.py                                   53     39    26%
.tox/tensorflow/lib/python3.7/site-packages/seldon_core/imports_helper.py                                11      4    64%
.tox/tensorflow/lib/python3.7/site-packages/seldon_core/metadata.py                                      32     11    66%
.tox/tensorflow/lib/python3.7/site-packages/seldon_core/metrics.py                                      138     77    44%
.tox/tensorflow/lib/python3.7/site-packages/seldon_core/microservice.py                                 218     82    62%
.tox/tensorflow/lib/python3.7/site-packages/seldon_core/microservice_tester.py                          140    140     0%
.tox/tensorflow/lib/python3.7/site-packages/seldon_core/persistence.py                                   45     23    49%
.tox/tensorflow/lib/python3.7/site-packages/seldon_core/proto/__init__.py                                 0      0   100%
.tox/tensorflow/lib/python3.7/site-packages/seldon_core/proto/prediction_pb2.py                         165      0   100%
.tox/tensorflow/lib/python3.7/site-packages/seldon_core/proto/prediction_pb2_grpc.py                    137     89    35%
.tox/tensorflow/lib/python3.7/site-packages/seldon_core/proto/tensorflow/core/framework/__init__.py       3      0   100%
.tox/tensorflow/lib/python3.7/site-packages/seldon_core/seldon_client.py                                599    599     0%
.tox/tensorflow/lib/python3.7/site-packages/seldon_core/seldon_methods.py                               244    222     9%
.tox/tensorflow/lib/python3.7/site-packages/seldon_core/serving_test_gen.py                              40     40     0%
.tox/tensorflow/lib/python3.7/site-packages/seldon_core/storage.py                                       38     28    26%
.tox/tensorflow/lib/python3.7/site-packages/seldon_core/user_model.py                                   182    129    29%
.tox/tensorflow/lib/python3.7/site-packages/seldon_core/utils.py                                        286    244    15%
.tox/tensorflow/lib/python3.7/site-packages/seldon_core/version.py                                        1      0   100%
.tox/tensorflow/lib/python3.7/site-packages/seldon_core/wrapper.py                                      151    121    20%
seldon_core/__init__.py                                                                                   2      0   100%
seldon_core/api_tester.py                                                                                81     38    53%
seldon_core/app.py                                                                                       40     23    42%
seldon_core/batch_processor.py                                                                           94     94     0%
seldon_core/flask_utils.py                                                                               53      6    89%
seldon_core/imports_helper.py                                                                            11      4    64%
seldon_core/metadata.py                                                                                  32      0   100%
seldon_core/metrics.py                                                                                  138      2    99%
seldon_core/microservice.py                                                                             218    133    39%
seldon_core/microservice_tester.py                                                                      140     43    69%
seldon_core/persistence.py                                                                               45     23    49%
seldon_core/proto/__init__.py                                                                             0      0   100%
seldon_core/proto/prediction_pb2.py                                                                     165      0   100%
seldon_core/proto/prediction_pb2_grpc.py                                                                137     65    53%
seldon_core/proto/tensorflow/core/framework/__init__.py                                                   3      0   100%
seldon_core/seldon_client.py                                                                            599    284    53%
seldon_core/seldon_methods.py                                                                           244     12    95%
seldon_core/serving_test_gen.py                                                                          40     40     0%
seldon_core/storage.py                                                                                   38     13    66%
seldon_core/user_model.py                                                                               182     27    85%
seldon_core/utils.py                                                                                    286     31    89%
seldon_core/version.py                                                                                    1      0   100%
seldon_core/wrapper.py                                                                                  151     10    93%
-------------------------------------------------------------------------------------------------------------------------
TOTAL                                                                                                  5400   2894    46%


======================= 388 passed in 157.04s (0:02:37) ========================
___________________________________ summary ____________________________________
  py3: commands succeeded
  tensorflow: commands succeeded
  congratulations :)
make: Leaving directory '/workspace/source/python'

Showing logs for build [32mseldonio-seldon-core-pr-2593-pr-ljpqc-1[0m stage [32mseldon-operator[0m and container [32mstep-credential-initializer-76xbq[0m
{"level":"info","ts":1604334137.5706294,"logger":"fallback-logger","caller":"logging/config.go:69","msg":"Fetch GitHub commit ID from kodata failed: open /var/run/ko/refs/heads/0.8.0-ns-support: no such file or directory"}
{"level":"info","ts":1604334137.5720682,"logger":"fallback-logger","caller":"creds-init/main.go:40","msg":"Credentials initialized."}

Showing logs for build [32mseldonio-seldon-core-pr-2593-pr-ljpqc-1[0m stage [32mseldon-operator[0m and container [32mstep-working-dir-initializer-hsqpb[0m
{"level":"info","ts":1604334138.7218175,"logger":"fallback-logger","caller":"logging/config.go:69","msg":"Fetch GitHub commit ID from kodata failed: open /var/run/ko/HEAD: no such file or directory"}
{"level":"info","ts":1604334138.7233517,"logger":"fallback-logger","caller":"bash/main.go:64","msg":"Successfully executed command \"sh -c mkdir -p /workspace/source\"; output "}

Showing logs for build [32mseldonio-seldon-core-pr-2593-pr-ljpqc-1[0m stage [32mseldon-operator[0m and container [32mstep-place-tools[0m

Showing logs for build [32mseldonio-seldon-core-pr-2593-pr-ljpqc-1[0m stage [32mseldon-operator[0m and container [32mstep-create-dir-workspace-qsz5v[0m
{"level":"info","ts":1604334235.3269536,"logger":"fallback-logger","caller":"logging/config.go:69","msg":"Fetch GitHub commit ID from kodata failed: open /var/run/ko/HEAD: no such file or directory"}
{"level":"info","ts":1604334235.6552753,"logger":"fallback-logger","caller":"bash/main.go:64","msg":"Successfully executed command \"sh -c mkdir -p /workspace/source\"; output "}

Showing logs for build [32mseldonio-seldon-core-pr-2593-pr-ljpqc-1[0m stage [32mseldon-operator[0m and container [32mstep-source-copy-workspace-rt6cg[0m
{"level":"info","ts":1604334236.5289302,"logger":"fallback-logger","caller":"logging/config.go:69","msg":"Fetch GitHub commit ID from kodata failed: open /var/run/ko/HEAD: no such file or directory"}
{"level":"info","ts":1604334259.92817,"logger":"fallback-logger","caller":"bash/main.go:64","msg":"Successfully executed command \"sh -c cp -r /pvc/pr-build-comment/workspace/. /workspace/source\"; output "}

Showing logs for build [32mseldonio-seldon-core-pr-2593-pr-ljpqc-1[0m stage [32mseldon-operator[0m and container [32mstep-setup-builder-home[0m

Showing logs for build [32mseldonio-seldon-core-pr-2593-pr-ljpqc-1[0m stage [32mseldon-operator[0m and container [32mstep-test-operator[0m
make: Entering directory '/workspace/source/operator'
go: creating new go.mod: module tmp
go: downloading sigs.k8s.io/controller-tools v0.2.5
go: found sigs.k8s.io/controller-tools/cmd/controller-gen in sigs.k8s.io/controller-tools v0.2.5
go: downloading gopkg.in/yaml.v3 v3.0.0-20190905181640-827449938966
go: downloading k8s.io/apimachinery v0.17.0
go: downloading github.com/spf13/cobra v0.0.5
go: downloading sigs.k8s.io/yaml v1.1.0
go: downloading golang.org/x/tools v0.0.0-20190920225731-5eefd052ad72
go: downloading k8s.io/apiextensions-apiserver v0.17.0
go: downloading github.com/fatih/color v1.7.0
go: downloading gopkg.in/yaml.v2 v2.2.4
go: downloading k8s.io/api v0.17.0
go: downloading github.com/gobuffalo/flect v0.2.0
go: downloading github.com/mattn/go-colorable v0.1.2
go: downloading github.com/inconshreveable/mousetrap v1.0.0
go: downloading github.com/spf13/pflag v1.0.5
go: downloading github.com/mattn/go-isatty v0.0.8
go: downloading k8s.io/klog v1.0.0
go: downloading github.com/gogo/protobuf v1.2.2-0.20190723190241-65acae22fc9d
go: downloading github.com/google/gofuzz v1.0.0
go: downloading k8s.io/utils v0.0.0-20191114184206-e782cd3c129f
go: downloading gopkg.in/inf.v0 v0.9.1
go: downloading golang.org/x/net v0.0.0-20191004110552-13f9640d40b9
go: downloading golang.org/x/sys v0.0.0-20190826190057-c7b8b68b1456
go: downloading golang.org/x/text v0.3.2
/builder/home/go/bin/controller-gen object:headerFile=./hack/boilerplate.go.txt paths="./..."
go fmt ./...
go vet ./...
go: downloading github.com/onsi/ginkgo v1.14.1
go: downloading github.com/onsi/gomega v1.10.2
go: downloading golang.org/x/xerrors v0.0.0-20200804184101-5ec99f83aff1
go: downloading github.com/nxadm/tail v1.4.4
go: downloading gopkg.in/tomb.v1 v1.0.0-20141024135613-dd632973f1e7
/builder/home/go/bin/controller-gen "crd:trivialVersions=true" rbac:roleName=manager-role webhook paths="./..." output:crd:artifacts:config=config/crd/bases
rm -rf generated
mkdir generated
kustomize build config/default/ -o generated
cp generated/apiextensions.k8s.io_v1beta1_customresourcedefinition_seldondeployments.machinelearning.seldon.io.yaml testing/machinelearning.seldon.io_seldondeployments.yaml
ginkgo -r -outputdir=. -cover -coverprofile=cover.out ./controllers ./utils ./apis
[1604334487] [1mController Suite[0m - 67/67 specs test k8s client
&{Reader:0xc0006c1320 Writer:0xc0001713e0 StatusClient:0xc0001713e0}
[32m•[0m[32m•[0m[32m•[0m[32m•[0m[32m•[0m[32m•[0m[32m•[0m[32m•[0m[32m•[0m[32m•[0m[32m•[0m[32m•[0m[32m•[0m[32m•[0m[32m•[0m[32m•[0m[32m•[0m[32m•[0m[32m•[0m[32m•[0m[32m•[0m[32m•[0m[32m•[0m[32m•[0m[32m•[0m[32m•[0m[32m•[0m[32m•[0m[32m•[0m[32m•[0m[32m•[0m[32m•[0m[32m•[0m[32m•[0m[32m•[0m[32m•[0m[32m•[0m[32m•[0m[32m•[0m[32m•[0m[32m•[0m[32m•[0m[32m•[0m[32m•[0m[32m•[0m[32m•[0m[32m•[0m[32m•[0m[32m•[0m[32m•[0m[32m•[0m[32m•[0m[32m•[0m[32m•[0m[32m•[0m[32m•[0m[32m•[0m[32m•[0m[32m•[0m[32m•[0m[32m•[0m[32m•[0m[32m•[0m[32m•[0m[32m•[0m[32m•[0m[32m•[0mE1102 16:29:47.768060   20931 reflector.go:383] pkg/mod/k8s.io/client-go@v0.18.8/tools/cache/reflector.go:125: Failed to watch *v1alpha3.VirtualService: Get "http://127.0.0.1:42853/apis/networking.istio.io/v1alpha3/virtualservices?allowWatchBookmarks=true&resourceVersion=123&timeoutSeconds=503&watch=true": dial tcp 127.0.0.1:42853: connect: connection refused
E1102 16:29:47.768083   20931 reflector.go:383] pkg/mod/k8s.io/client-go@v0.18.8/tools/cache/reflector.go:125: Failed to watch *v2beta1.HorizontalPodAutoscaler: Get "http://127.0.0.1:42853/apis/autoscaling/v2beta1/horizontalpodautoscalers?allowWatchBookmarks=true&resourceVersion=149&timeoutSeconds=408&watch=true": dial tcp 127.0.0.1:42853: connect: connection refused
E1102 16:29:47.768123   20931 reflector.go:383] pkg/mod/k8s.io/client-go@v0.18.8/tools/cache/reflector.go:125: Failed to watch *v1.Deployment: Get "http://127.0.0.1:42853/apis/apps/v1/deployments?allowWatchBookmarks=true&resourceVersion=433&timeoutSeconds=365&watch=true": dial tcp 127.0.0.1:42853: connect: connection refused
E1102 16:29:47.768151   20931 reflector.go:383] pkg/mod/k8s.io/client-go@v0.18.8/tools/cache/reflector.go:125: Failed to watch *v1.Namespace: Get "http://127.0.0.1:42853/api/v1/namespaces?allowWatchBookmarks=true&resourceVersion=425&timeoutSeconds=387&watch=true": dial tcp 127.0.0.1:42853: connect: connection refused
E1102 16:29:47.768175   20931 reflector.go:383] pkg/mod/k8s.io/client-go@v0.18.8/tools/cache/reflector.go:125: Failed to watch *v1beta1.PodDisruptionBudget: Get "http://127.0.0.1:42853/apis/policy/v1beta1/poddisruptionbudgets?allowWatchBookmarks=true&resourceVersion=197&timeoutSeconds=360&watch=true": dial tcp 127.0.0.1:42853: connect: connection refused
E1102 16:29:47.768174   20931 reflector.go:383] pkg/mod/k8s.io/client-go@v0.18.8/tools/cache/reflector.go:125: Failed to watch *v1.Service: Get "http://127.0.0.1:42853/api/v1/services?allowWatchBookmarks=true&resourceVersion=431&timeoutSeconds=558&watch=true": dial tcp 127.0.0.1:42853: connect: connection refused
E1102 16:29:47.768189   20931 reflector.go:383] pkg/mod/k8s.io/client-go@v0.18.8/tools/cache/reflector.go:125: Failed to watch *v1.ConfigMap: Get "http://127.0.0.1:42853/api/v1/configmaps?allowWatchBookmarks=true&resourceVersion=122&timeoutSeconds=471&watch=true": dial tcp 127.0.0.1:42853: connect: connection refused
E1102 16:29:47.768214   20931 reflector.go:383] pkg/mod/k8s.io/client-go@v0.18.8/tools/cache/reflector.go:125: Failed to watch *v1.SeldonDeployment: Get "http://127.0.0.1:42853/apis/machinelearning.seldon.io/v1/seldondeployments?allowWatchBookmarks=true&resourceVersion=441&timeoutSeconds=389&watch=true": dial tcp 127.0.0.1:42853: connect: connection refused
E1102 16:29:47.768456   20931 reflector.go:383] pkg/mod/k8s.io/client-go@v0.18.8/tools/cache/reflector.go:125: Failed to watch *v1alpha1.ScaledObject: Get "http://127.0.0.1:42853/apis/keda.sh/v1alpha1/scaledobjects?allowWatchBookmarks=true&resourceVersion=131&timeoutSeconds=525&watch=true": dial tcp 127.0.0.1:42853: connect: connection refused

 [32mSUCCESS![0m 40.122971454s PASS
coverage: 66.1% of statements
=== RUN   TestGcsSecret
--- PASS: TestGcsSecret (0.00s)
PASS
coverage: 100.0% of statements
=== RUN   TestS3Secret
--- PASS: TestS3Secret (0.00s)
PASS
coverage: 94.6% of statements
=== RUN   TestGetEnvAsBool
--- PASS: TestGetEnvAsBool (0.00s)
=== RUN   TestAddEnvVarToDeploymentContainers
--- PASS: TestAddEnvVarToDeploymentContainers (0.00s)
=== RUN   TestMountSecretToDeploymentContainers
--- PASS: TestMountSecretToDeploymentContainers (0.00s)
PASS
coverage: 30.0% of statements
=== RUN   TestGenerateCerts
--- PASS: TestGenerateCerts (0.66s)
=== RUN   TestConfigmapCreate
--- PASS: TestConfigmapCreate (0.03s)
=== RUN   TestCRDCreate
--- PASS: TestCRDCreate (0.07s)
=== RUN   TestMutatingWebhookCreate
--- PASS: TestMutatingWebhookCreate (1.12s)
=== RUN   TestMutatingWebhookCreateNamespaced
--- PASS: TestMutatingWebhookCreateNamespaced (3.11s)
=== RUN   TestValidatingWebhookCreate
--- PASS: TestValidatingWebhookCreate (2.94s)
=== RUN   TestValidatingWebhookCreateNamespaced
--- PASS: TestValidatingWebhookCreateNamespaced (1.01s)
=== RUN   TestWebHookSvcCreate
--- PASS: TestWebHookSvcCreate (1.48s)
PASS
coverage: 52.1% of statements
=== RUN   TestImageSetNormal
    prepack_test.go:50: Scenario: GRPC image with version
    prepack_test.go:50: Scenario: GRPC image with no version
    prepack_test.go:50: Scenario: REST image with version
    prepack_test.go:50: Scenario: REST image with no version
--- PASS: TestImageSetNormal (0.00s)
=== RUN   TestGetPredictorConfig
    prepack_test.go:81: Scenario: related image sklearn
    prepack_test.go:81: Scenario: default image sklearn
--- PASS: TestGetPredictorConfig (0.00s)
=== RUN   TestPredictorServerConfigPrepackImageConfig
--- PASS: TestPredictorServerConfigPrepackImageConfig (0.00s)
=== RUN   TestPredictorServerConfigPrepackImageName
--- PASS: TestPredictorServerConfigPrepackImageName (0.00s)
=== RUN   TestGetDeploymentNameOneModel
--- PASS: TestGetDeploymentNameOneModel (0.00s)
=== RUN   TestGetDeploymentNameLong
--- PASS: TestGetDeploymentNameLong (0.00s)
=== RUN   TestValidProtocolTransportServerType
--- PASS: TestValidProtocolTransportServerType (0.00s)
=== RUN   TestValidateBadProtocol
--- PASS: TestValidateBadProtocol (0.00s)
=== RUN   TestValidateBadTransport
--- PASS: TestValidateBadTransport (0.00s)
=== RUN   TestValidateBadServerType
--- PASS: TestValidateBadServerType (0.00s)
=== RUN   TestValidateMixedTransport
--- PASS: TestValidateMixedTransport (0.00s)
=== RUN   TestValidateMixedMultipleTransport
--- PASS: TestValidateMixedMultipleTransport (0.00s)
=== RUN   TestDefaultSingleContainer
--- PASS: TestDefaultSingleContainer (0.00s)
=== RUN   TestMetricsPortAddedTwoContainers
--- PASS: TestMetricsPortAddedTwoContainers (0.00s)
=== RUN   TestMetricsPortAddedTwoComponentSpecsTwoContainers
--- PASS: TestMetricsPortAddedTwoComponentSpecsTwoContainers (0.00s)
=== RUN   TestOverrideMetricsPortName
Failed to find config map seldon-config
no kind is registered for the type v1.ConfigMap in scheme "pkg/runtime/scheme.go:101"
--- PASS: TestOverrideMetricsPortName (0.00s)
=== RUN   TestPortUseExisting
--- PASS: TestPortUseExisting (0.00s)
=== RUN   TestMetricsPortAddedToPrepacked
--- PASS: TestMetricsPortAddedToPrepacked (0.00s)
=== RUN   TestPredictorProtocolGrpc
--- PASS: TestPredictorProtocolGrpc (0.00s)
=== RUN   TestPrepackedWithExistingContainer
--- PASS: TestPrepackedWithExistingContainer (0.00s)
=== RUN   TestPrepackedWithCustom
--- PASS: TestPrepackedWithCustom (0.00s)
=== RUN   TestPrepackedWithExistingContainerAndImage
--- PASS: TestPrepackedWithExistingContainerAndImage (0.00s)
=== RUN   TestMetricsPortAddedToTwoPrepacked
--- PASS: TestMetricsPortAddedToTwoPrepacked (0.00s)
=== RUN   TestDefaultPrepackagedServerType
--- PASS: TestDefaultPrepackagedServerType (0.00s)
=== RUN   TestValidateSingleModel
--- PASS: TestValidateSingleModel (0.00s)
=== RUN   TestValidateSingleModelNoName
--- PASS: TestValidateSingleModelNoName (0.00s)
=== RUN   TestValidateNoEngineMultiGraph
--- PASS: TestValidateNoEngineMultiGraph (0.00s)
=== RUN   TestValidateDuplPredictorName
--- PASS: TestValidateDuplPredictorName (0.00s)
=== RUN   TestValidateTrafficSum
--- PASS: TestValidateTrafficSum (0.00s)
=== RUN   TestDefaultABTest
--- PASS: TestDefaultABTest (0.00s)
=== RUN   TestValidateTensorflowProtocolNormalPrepackaged
--- PASS: TestValidateTensorflowProtocolNormalPrepackaged (0.00s)
=== RUN   TestValidateTensorflowProtocolNormal
--- PASS: TestValidateTensorflowProtocolNormal (0.00s)
=== RUN   TestValidateV2ProtocolNormal
--- PASS: TestValidateV2ProtocolNormal (0.00s)
=== RUN   TestPredictorNoGraph
--- PASS: TestPredictorNoGraph (0.00s)
=== RUN   TestShadowPredictor
--- PASS: TestShadowPredictor (0.00s)
=== RUN   TestNoPredictors
--- PASS: TestNoPredictors (0.00s)
=== RUN   TestValidateTwoShadows
--- PASS: TestValidateTwoShadows (0.00s)
PASS
coverage: 38.3% of statements
path is /workspace/source/operator
All profiles combined

Ginkgo ran 6 suites in 1m51.116099856s
Test Suite Passed
make: Leaving directory '/workspace/source/operator'

Showing logs for build [32mseldonio-seldon-core-pr-2593-pr-ljpqc-1[0m stage [32mseldon-executor[0m and container [32mstep-credential-initializer-g264b[0m
{"level":"info","ts":1604334138.4101453,"logger":"fallback-logger","caller":"logging/config.go:69","msg":"Fetch GitHub commit ID from kodata failed: open /var/run/ko/refs/heads/0.8.0-ns-support: no such file or directory"}
{"level":"info","ts":1604334138.4105468,"logger":"fallback-logger","caller":"creds-init/main.go:40","msg":"Credentials initialized."}

Showing logs for build [32mseldonio-seldon-core-pr-2593-pr-ljpqc-1[0m stage [32mseldon-executor[0m and container [32mstep-working-dir-initializer-pbvjf[0m
{"level":"info","ts":1604334138.6997335,"logger":"fallback-logger","caller":"logging/config.go:69","msg":"Fetch GitHub commit ID from kodata failed: open /var/run/ko/HEAD: no such file or directory"}
{"level":"info","ts":1604334138.7012804,"logger":"fallback-logger","caller":"bash/main.go:64","msg":"Successfully executed command \"sh -c mkdir -p /workspace/source\"; output "}

Showing logs for build [32mseldonio-seldon-core-pr-2593-pr-ljpqc-1[0m stage [32mseldon-executor[0m and container [32mstep-place-tools[0m

Showing logs for build [32mseldonio-seldon-core-pr-2593-pr-ljpqc-1[0m stage [32mseldon-executor[0m and container [32mstep-create-dir-workspace-jz74v[0m
{"level":"info","ts":1604334151.1869762,"logger":"fallback-logger","caller":"logging/config.go:69","msg":"Fetch GitHub commit ID from kodata failed: open /var/run/ko/HEAD: no such file or directory"}
{"level":"info","ts":1604334151.1887271,"logger":"fallback-logger","caller":"bash/main.go:64","msg":"Successfully executed command \"sh -c mkdir -p /workspace/source\"; output "}

Showing logs for build [32mseldonio-seldon-core-pr-2593-pr-ljpqc-1[0m stage [32mseldon-executor[0m and container [32mstep-source-copy-workspace-5k64s[0m
{"level":"info","ts":1604334151.3972454,"logger":"fallback-logger","caller":"logging/config.go:69","msg":"Fetch GitHub commit ID from kodata failed: open /var/run/ko/HEAD: no such file or directory"}
{"level":"info","ts":1604334158.9202049,"logger":"fallback-logger","caller":"bash/main.go:64","msg":"Successfully executed command \"sh -c cp -r /pvc/pr-build-comment/workspace/. /workspace/source\"; output "}

Showing logs for build [32mseldonio-seldon-core-pr-2593-pr-ljpqc-1[0m stage [32mseldon-executor[0m and container [32mstep-setup-builder-home[0m

Showing logs for build [32mseldonio-seldon-core-pr-2593-pr-ljpqc-1[0m stage [32mseldon-executor[0m and container [32mstep-test-executor[0m
make: Entering directory '/workspace/source/executor'
rm _operator -rf
cp -r ../operator _operator
go fmt ./api/... ./predictor/... ./k8s/... ./logger/...
go: downloading sigs.k8s.io/controller-runtime v0.6.3
go: downloading k8s.io/apimachinery v0.18.8
go: downloading github.com/prometheus/client_golang v1.7.1
go: downloading github.com/grpc-ecosystem/go-grpc-middleware v1.2.1
go: downloading google.golang.org/grpc v1.32.0
go: downloading k8s.io/api v0.18.8
go: downloading github.com/uber/jaeger-client-go v2.25.0+incompatible
go: downloading github.com/opentracing/opentracing-go v1.2.0
go: downloading github.com/prometheus/client_model v0.2.0
go: downloading github.com/prometheus/procfs v0.1.3
go: downloading k8s.io/klog v1.0.0
go: downloading github.com/golang/protobuf v1.4.2
go: downloading k8s.io/client-go v0.18.8
go: downloading github.com/go-logr/zapr v0.1.1
go: downloading go.uber.org/zap v1.16.0
go: downloading github.com/gorilla/mux v1.8.0
go: downloading github.com/evanphx/json-patch v4.9.0+incompatible
go: downloading github.com/spf13/pflag v1.0.5
go: downloading github.com/google/gofuzz v1.1.0
go: downloading github.com/cloudevents/sdk-go v1.2.0
go: downloading github.com/google/uuid v1.1.2
go: downloading golang.org/x/xerrors v0.0.0-20200804184101-5ec99f83aff1
go: downloading google.golang.org/protobuf v1.25.0
go: downloading google.golang.org/genproto v0.0.0-20200731012542-8145dea6a485
go: downloading github.com/uber/jaeger-lib v2.2.0+incompatible
go: downloading github.com/confluentinc/confluent-kafka-go v1.4.2
go: downloading github.com/ghodss/yaml v1.0.0
go: downloading github.com/prometheus/common v0.14.0
go: downloading golang.org/x/time v0.0.0-20200630173020-3af7569d3a1e
go: downloading github.com/gogo/protobuf v1.3.1
go: downloading github.com/cespare/xxhash v1.1.0
go: downloading golang.org/x/net v0.0.0-20200822124328-c89045814202
go: downloading gopkg.in/yaml.v2 v2.3.0
go: downloading github.com/go-logr/logr v0.1.0
go: downloading k8s.io/utils v0.0.0-20200603063816-c1c6865ac451
go: downloading go.opencensus.io v0.22.4
go: downloading github.com/cespare/xxhash/v2 v2.1.1
go: downloading golang.org/x/sys v0.0.0-20200905004654-be1d3432aa8f
go: downloading go.uber.org/multierr v1.5.0
go: downloading go.uber.org/atomic v1.6.0
go: downloading github.com/davecgh/go-spew v1.1.1
go: downloading github.com/googleapis/gnostic v0.4.0
go: downloading github.com/pkg/errors v0.9.1
go: downloading gomodules.xyz/jsonpatch/v2 v2.1.0
go: downloading github.com/lightstep/tracecontext.go v0.0.0-20181129014701-1757c391b1ac
go: downloading github.com/modern-go/reflect2 v1.0.1
go: downloading sigs.k8s.io/structured-merge-diff v1.0.1
go: downloading github.com/fsnotify/fsnotify v1.4.9
go: downloading github.com/kedacore/keda v0.0.0-20200911122749-717aab81817f
go: downloading sigs.k8s.io/structured-merge-diff/v3 v3.0.1-0.20200706213357-43c19bbb7fba
go: downloading golang.org/x/crypto v0.0.0-20200728195943-123391ffb6de
go: downloading sigs.k8s.io/yaml v1.2.0
go: downloading github.com/modern-go/concurrent v0.0.0-20180306012644-bacd9c7ef1dd
go: downloading gopkg.in/inf.v0 v0.9.1
go: downloading github.com/golang/groupcache v0.0.0-20200121045136-8c9f03a8e57e
go: downloading k8s.io/klog/v2 v2.0.0
go: downloading golang.org/x/oauth2 v0.0.0-20200107190931-bf48bf16ab8d
go: downloading github.com/beorn7/perks v1.0.1
go: downloading knative.dev/pkg v0.0.0-20200911145400-2d4efecc6bc1
go: downloading github.com/imdario/mergo v0.3.11
go: downloading github.com/json-iterator/go v1.1.10
go: downloading github.com/matttproud/golang_protobuf_extensions v1.0.1
go: downloading k8s.io/apiextensions-apiserver v0.18.8
go: downloading github.com/google/go-cmp v0.5.1
go: downloading golang.org/x/text v0.3.3
go: downloading github.com/hashicorp/golang-lru v0.5.4
go: downloading k8s.io/kube-openapi v0.0.0-20200410145947-bcb3869e6f29
go vet ./api/... ./predictor/... ./k8s/... ./logger/...
go: downloading github.com/onsi/gomega v1.10.2
go: downloading gotest.tools v2.2.0+incompatible
go test ./api/... ./predictor/... ./k8s/... ./logger/... -coverprofile cover.out
?   	github.com/seldonio/seldon-core/executor/api	[no test files]
?   	github.com/seldonio/seldon-core/executor/api/client	[no test files]
ok  	github.com/seldonio/seldon-core/executor/api/grpc	0.275s	coverage: 18.0% of statements
?   	github.com/seldonio/seldon-core/executor/api/grpc/kfserving	[no test files]
?   	github.com/seldonio/seldon-core/executor/api/grpc/kfserving/inference	[no test files]
ok  	github.com/seldonio/seldon-core/executor/api/grpc/seldon	1.548s	coverage: 48.5% of statements
?   	github.com/seldonio/seldon-core/executor/api/grpc/seldon/proto	[no test files]
?   	github.com/seldonio/seldon-core/executor/api/grpc/seldon/test	[no test files]
ok  	github.com/seldonio/seldon-core/executor/api/grpc/tensorflow	0.559s	coverage: 19.2% of statements
ok  	github.com/seldonio/seldon-core/executor/api/kafka	0.177s	coverage: 1.2% of statements
ok  	github.com/seldonio/seldon-core/executor/api/metric	0.075s	coverage: 31.6% of statements
ok  	github.com/seldonio/seldon-core/executor/api/payload	0.151s	coverage: 64.3% of statements
ok  	github.com/seldonio/seldon-core/executor/api/rest	1.499s	coverage: 63.2% of statements
?   	github.com/seldonio/seldon-core/executor/api/test	[no test files]
ok  	github.com/seldonio/seldon-core/executor/api/tracing	0.018s	coverage: 72.2% of statements
ok  	github.com/seldonio/seldon-core/executor/api/util	0.077s	coverage: 48.1% of statements
ok  	github.com/seldonio/seldon-core/executor/predictor	0.212s	coverage: 67.9% of statements
ok  	github.com/seldonio/seldon-core/executor/k8s	0.012s	coverage: 72.7% of statements
?   	github.com/seldonio/seldon-core/executor/logger	[no test files]
make: Leaving directory '/workspace/source/executor'
