
Showing logs for build [32mseldonio-seldon-core-pr-1451-li-n7pj6-2[0m stage [32mpr-build-comment[0m and container [32mstep-credential-initializer-h96bj[0m
{"level":"warn","ts":1581934347.7904165,"logger":"fallback-logger","caller":"logging/config.go:69","msg":"Fetch GitHub commit ID from kodata failed: \"ref: refs/heads/0.8.0-**-support-backwards-incompats\" is not a valid GitHub commit ID"}
{"level":"info","ts":1581934347.7911885,"logger":"fallback-logger","caller":"creds-init/main.go:40","msg":"Credentials initialized."}

Showing logs for build [32mseldonio-seldon-core-pr-1451-li-n7pj6-2[0m stage [32mpr-build-comment[0m and container [32mstep-working-dir-initializer-pk5d6[0m
{"level":"warn","ts":1581934349.1725638,"logger":"fallback-logger","caller":"logging/config.go:69","msg":"Fetch GitHub commit ID from kodata failed: open /var/run/ko/HEAD: no such file or directory"}
{"level":"info","ts":1581934349.17438,"logger":"fallback-logger","caller":"bash/main.go:64","msg":"Successfully executed command \"sh -c mkdir -p /workspace/source\"; output "}

Showing logs for build [32mseldonio-seldon-core-pr-1451-li-n7pj6-2[0m stage [32mpr-build-comment[0m and container [32mstep-place-tools[0m

Showing logs for build [32mseldonio-seldon-core-pr-1451-li-n7pj6-2[0m stage [32mpr-build-comment[0m and container [32mstep-create-dir-workspace-c5btz[0m
{"level":"warn","ts":1581934358.8940744,"logger":"fallback-logger","caller":"logging/config.go:69","msg":"Fetch GitHub commit ID from kodata failed: open /var/run/ko/HEAD: no such file or directory"}
{"level":"info","ts":1581934358.8959482,"logger":"fallback-logger","caller":"bash/main.go:64","msg":"Successfully executed command \"sh -c mkdir -p source\"; output "}

Showing logs for build [32mseldonio-seldon-core-pr-1451-li-n7pj6-2[0m stage [32mpr-build-comment[0m and container [32mstep-git-source-seldonio-seldon-core-pr-1451-li-s7bbc[0m
{"level":"warn","ts":1581934359.3513517,"logger":"fallback-logger","caller":"logging/config.go:69","msg":"Fetch GitHub commit ID from kodata failed: \"ref: refs/heads/0.8.0-**-support-backwards-incompats\" is not a valid GitHub commit ID"}
{"level":"info","ts":1581934362.712956,"logger":"fallback-logger","caller":"git/git.go:103","msg":"Successfully cloned https://github.com/SeldonIO/seldon-core.git @ master in path /workspace/source"}

Showing logs for build [32mseldonio-seldon-core-pr-1451-li-n7pj6-2[0m stage [32mpr-build-comment[0m and container [32mstep-git-merge[0m
Using SHAs from PULL_REFS=master:177f8b05106b3d1a5bce1a142a912ef4f0c7e72c,1451:e010437eceb3d8b24a50654f9c1dd8bd8bee3df4
DEBUG: ran git fetch --unshallow origin e010437eceb3d8b24a50654f9c1dd8bd8bee3df4: 177f8b05106b3d1a5bce1a142a912ef4f0c7e72c: in 
DEBUG: ran git checkout master in 
DEBUG: ran git reset --hard 177f8b05106b3d1a5bce1a142a912ef4f0c7e72c in 
DEBUG: ran clean --force -d . in 
DEBUG: ran git merge e010437eceb3d8b24a50654f9c1dd8bd8bee3df4 in 
Merged SHA 45d241b7513c1804a214c789bebf68fd03ee09db with commit message 'Merge commit 'e010437eceb3d8b24a50654f9c1dd8bd8bee3df4'' into base branch master
Merged SHA e010437eceb3d8b24a50654f9c1dd8bd8bee3df4 with commit message 'Bump pip-licenses from 2.1.0 to 2.1.1 in /python' into base branch master

Showing logs for build [32mseldonio-seldon-core-pr-1451-li-n7pj6-2[0m stage [32mpr-build-comment[0m and container [32mstep-step2[0m
+++ dirname ./add-pr-build-comment
++ cd .
++ pwd
+ STARTUP_DIR=/workspace/source/ci
+ REPO_OWNER=SeldonIO
+ REPO_NAME=seldon-core
+ PULL_NUMBER=1451
+ BUILD_NUMBER=2
+ PIPELINE_CONTEXT=lint
++ cat
+++ date
+ COMMENT_MSG='Mon Feb 17 10:12:50 UTC 2020
The logs for [lint] [2] will show after the pipeline context has finished.  
https://github.com/SeldonIO/seldon-core/blob/gh-pages/jenkins-x/logs/SeldonIO/seldon-core/PR-1451/2.log

impatient try  
** get build logs SeldonIO/seldon-core/PR-1451 --build=2'
+ ** step pr comment --owner=SeldonIO --repository=seldon-core --pull-request=1451 '--comment=Mon Feb 17 10:12:50 UTC 2020
The logs for [lint] [2] will show after the pipeline context has finished.  
https://github.com/SeldonIO/seldon-core/blob/gh-pages/jenkins-x/logs/SeldonIO/seldon-core/PR-1451/2.log

impatient try  
** get build logs SeldonIO/seldon-core/PR-1451 --build=2'

Showing logs for build [32mseldonio-seldon-core-pr-1451-li-n7pj6-2[0m stage [32mpr-build-comment[0m and container [32mstep-source-mkdir-seldonio-seldon-core-pr-1451-li-rb2g4[0m
{"level":"warn","ts":1581934372.9433742,"logger":"fallback-logger","caller":"logging/config.go:69","msg":"Fetch GitHub commit ID from kodata failed: open /var/run/ko/HEAD: no such file or directory"}
{"level":"info","ts":1581934372.9470024,"logger":"fallback-logger","caller":"bash/main.go:64","msg":"Successfully executed command \"sh -c mkdir -p /pvc/pr-build-comment/workspace\"; output "}

Showing logs for build [32mseldonio-seldon-core-pr-1451-li-n7pj6-2[0m stage [32mpr-build-comment[0m and container [32mstep-source-copy-seldonio-seldon-core-pr-1451-li-dkccb[0m
{"level":"warn","ts":1581934373.245124,"logger":"fallback-logger","caller":"logging/config.go:69","msg":"Fetch GitHub commit ID from kodata failed: open /var/run/ko/HEAD: no such file or directory"}
{"level":"info","ts":1581934373.5345073,"logger":"fallback-logger","caller":"bash/main.go:64","msg":"Successfully executed command \"sh -c cp -r source/. /pvc/pr-build-comment/workspace\"; output "}

Showing logs for build [32mseldonio-seldon-core-pr-1451-li-n7pj6-2[0m stage [32mpython-lint-task[0m and container [32mstep-credential-initializer-gsnct[0m
{"level":"warn","ts":1581934406.2030287,"logger":"fallback-logger","caller":"logging/config.go:69","msg":"Fetch GitHub commit ID from kodata failed: \"ref: refs/heads/0.8.0-**-support-backwards-incompats\" is not a valid GitHub commit ID"}
{"level":"info","ts":1581934406.2035785,"logger":"fallback-logger","caller":"creds-init/main.go:40","msg":"Credentials initialized."}

Showing logs for build [32mseldonio-seldon-core-pr-1451-li-n7pj6-2[0m stage [32mpython-lint-task[0m and container [32mstep-working-dir-initializer-zsqnj[0m
{"level":"warn","ts":1581934407.535878,"logger":"fallback-logger","caller":"logging/config.go:69","msg":"Fetch GitHub commit ID from kodata failed: open /var/run/ko/HEAD: no such file or directory"}
{"level":"info","ts":1581934407.5376801,"logger":"fallback-logger","caller":"bash/main.go:64","msg":"Successfully executed command \"sh -c mkdir -p /workspace/source\"; output "}

Showing logs for build [32mseldonio-seldon-core-pr-1451-li-n7pj6-2[0m stage [32mpython-lint-task[0m and container [32mstep-place-tools[0m

Showing logs for build [32mseldonio-seldon-core-pr-1451-li-n7pj6-2[0m stage [32mpython-lint-task[0m and container [32mstep-create-dir-workspace-bnb57[0m
{"level":"warn","ts":1581934494.043068,"logger":"fallback-logger","caller":"logging/config.go:69","msg":"Fetch GitHub commit ID from kodata failed: open /var/run/ko/HEAD: no such file or directory"}
{"level":"info","ts":1581934494.0445051,"logger":"fallback-logger","caller":"bash/main.go:64","msg":"Successfully executed command \"sh -c mkdir -p /workspace/source\"; output "}

Showing logs for build [32mseldonio-seldon-core-pr-1451-li-n7pj6-2[0m stage [32mpython-lint-task[0m and container [32mstep-source-copy-workspace-7ggdf[0m
{"level":"warn","ts":1581934494.3133023,"logger":"fallback-logger","caller":"logging/config.go:69","msg":"Fetch GitHub commit ID from kodata failed: open /var/run/ko/HEAD: no such file or directory"}
{"level":"info","ts":1581934513.8960087,"logger":"fallback-logger","caller":"bash/main.go:64","msg":"Successfully executed command \"sh -c cp -r /pvc/pr-build-comment/workspace/. /workspace/source\"; output "}

Showing logs for build [32mseldonio-seldon-core-pr-1451-li-n7pj6-2[0m stage [32mpython-lint-task[0m and container [32mstep-python-lint[0m
make: Entering directory '/workspace/source/python'
pip install black==19.3b0
Collecting black==19.3b0
  Downloading black-19.3b0-py36-none-any.whl (89 kB)
Collecting appdirs
  Downloading appdirs-1.4.3-py2.py3-none-any.whl (12 kB)
Collecting toml>=0.9.4
  Downloading toml-0.10.0-py2.py3-none-any.whl (25 kB)
Collecting attrs>=18.1.0
  Downloading attrs-19.3.0-py2.py3-none-any.whl (39 kB)
Collecting click>=6.5
  Downloading Click-7.0-py2.py3-none-any.whl (81 kB)
Installing collected packages: appdirs, toml, attrs, click, black
Successfully installed appdirs-1.4.3 attrs-19.3.0 black-19.3b0 click-7.0 toml-0.10.0
black \
	--check ./ ../testing \
	--exclude "(testing/scripts/proto|seldon_core/proto/|.eggs|.tox)"
All done! ✨ 🍰 ✨
55 files would be left unchanged.
make: Leaving directory '/workspace/source/python'
