
Showing logs for build [32mmeta-seldonio-seldon-core-pr-15-wrps5-26[0m stage [32mmeta-pipeline[0m and container [32mstep-credential-initializer-8w49f[0m
{"level":"warn","ts":1585318521.925806,"logger":"fallback-logger","caller":"logging/config.go:69","msg":"Fetch GitHub commit ID from kodata failed: \"ref: refs/heads/0.8.0-**-support-backwards-incompats\" is not a valid GitHub commit ID"}
{"level":"info","ts":1585318521.92641,"logger":"fallback-logger","caller":"creds-init/main.go:40","msg":"Credentials initialized."}

Showing logs for build [32mmeta-seldonio-seldon-core-pr-15-wrps5-26[0m stage [32mmeta-pipeline[0m and container [32mstep-working-dir-initializer-rf544[0m
{"level":"warn","ts":1585318522.9660015,"logger":"fallback-logger","caller":"logging/config.go:69","msg":"Fetch GitHub commit ID from kodata failed: open /var/run/ko/HEAD: no such file or directory"}
{"level":"info","ts":1585318522.967743,"logger":"fallback-logger","caller":"bash/main.go:64","msg":"Successfully executed command \"sh -c mkdir -p /workspace/source\"; output "}

Showing logs for build [32mmeta-seldonio-seldon-core-pr-15-wrps5-26[0m stage [32mmeta-pipeline[0m and container [32mstep-place-tools[0m

Showing logs for build [32mmeta-seldonio-seldon-core-pr-15-wrps5-26[0m stage [32mmeta-pipeline[0m and container [32mstep-git-source-meta-seldonio-seldon-core-pr-15-tfxv2[0m
{"level":"warn","ts":1585318529.162226,"logger":"fallback-logger","caller":"logging/config.go:69","msg":"Fetch GitHub commit ID from kodata failed: \"ref: refs/heads/0.8.0-**-support-backwards-incompats\" is not a valid GitHub commit ID"}
{"level":"info","ts":1585318532.9991,"logger":"fallback-logger","caller":"git/git.go:103","msg":"Successfully cloned https://github.com/SeldonIO/seldon-core.git @ 5e7104e73588779d6f8bbaa31ebfb4e3d059e02e in path /workspace/source"}

Showing logs for build [32mmeta-seldonio-seldon-core-pr-15-wrps5-26[0m stage [32mmeta-pipeline[0m and container [32mstep-git-merge[0m
Using SHAs from PULL_REFS=master:5e7104e73588779d6f8bbaa31ebfb4e3d059e02e,1572:7e9c1a46da48c209441cac5c8600c5bfd65b1c80
DEBUG: ran git fetch --unshallow origin 7e9c1a46da48c209441cac5c8600c5bfd65b1c80: 5e7104e73588779d6f8bbaa31ebfb4e3d059e02e: in 
DEBUG: ran git checkout master in 
DEBUG: ran git reset --hard 5e7104e73588779d6f8bbaa31ebfb4e3d059e02e in 
DEBUG: ran clean --force -d . in 
error: error during merge: merging 7e9c1a46da48c209441cac5c8600c5bfd65b1c80 into master: git output: Auto-merging operator/controllers/seldondeployment_explainers.go
CONFLICT (content): Merge conflict in operator/controllers/seldondeployment_explainers.go
Auto-merging operator/controllers/seldondeployment_controller_test.go
Auto-merging operator/controllers/seldondeployment_controller.go
Auto-merging operator/apis/machinelearning/v1/seldondeployment_types.go
Automatic merge failed; fix conflicts and then commit the result.: failed to run 'git merge 7e9c1a46da48c209441cac5c8600c5bfd65b1c80' command in directory '', output: 'Auto-merging operator/controllers/seldondeployment_explainers.go
CONFLICT (content): Merge conflict in operator/controllers/seldondeployment_explainers.go
Auto-merging operator/controllers/seldondeployment_controller_test.go
Auto-merging operator/controllers/seldondeployment_controller.go
Auto-merging operator/apis/machinelearning/v1/seldondeployment_types.go
Automatic merge failed; fix conflicts and then commit the result.'
[31m
Pipeline failed on stage 'meta-pipeline' : container 'step-git-merge'. The execution of the pipeline has stopped.[0m
