
Showing logs for build [32mmeta-seldonio-seldon-core-pr-15-54wd4-8[0m stage [32mmeta-pipeline[0m and container [32mstep-credential-initializer-f8k2j[0m
{"level":"warn","ts":1585082476.17507,"logger":"fallback-logger","caller":"logging/config.go:69","msg":"Fetch GitHub commit ID from kodata failed: \"ref: refs/heads/0.8.0-**-support-backwards-incompats\" is not a valid GitHub commit ID"}
{"level":"info","ts":1585082476.175817,"logger":"fallback-logger","caller":"creds-init/main.go:40","msg":"Credentials initialized."}

Showing logs for build [32mmeta-seldonio-seldon-core-pr-15-54wd4-8[0m stage [32mmeta-pipeline[0m and container [32mstep-working-dir-initializer-v45vs[0m
{"level":"warn","ts":1585082477.5634296,"logger":"fallback-logger","caller":"logging/config.go:69","msg":"Fetch GitHub commit ID from kodata failed: open /var/run/ko/HEAD: no such file or directory"}
{"level":"info","ts":1585082477.566116,"logger":"fallback-logger","caller":"bash/main.go:64","msg":"Successfully executed command \"sh -c mkdir -p /workspace/source\"; output "}

Showing logs for build [32mmeta-seldonio-seldon-core-pr-15-54wd4-8[0m stage [32mmeta-pipeline[0m and container [32mstep-place-tools[0m

Showing logs for build [32mmeta-seldonio-seldon-core-pr-15-54wd4-8[0m stage [32mmeta-pipeline[0m and container [32mstep-git-source-meta-seldonio-seldon-core-pr-15-h4zgq[0m
{"level":"warn","ts":1585082482.7037497,"logger":"fallback-logger","caller":"logging/config.go:69","msg":"Fetch GitHub commit ID from kodata failed: \"ref: refs/heads/0.8.0-**-support-backwards-incompats\" is not a valid GitHub commit ID"}
{"level":"info","ts":1585082486.5346076,"logger":"fallback-logger","caller":"git/git.go:103","msg":"Successfully cloned https://github.com/SeldonIO/seldon-core.git @ 7da6ec5f05371c738477fbb48333006227e0aec0 in path /workspace/source"}

Showing logs for build [32mmeta-seldonio-seldon-core-pr-15-54wd4-8[0m stage [32mmeta-pipeline[0m and container [32mstep-git-merge[0m
Using SHAs from PULL_REFS=master:7da6ec5f05371c738477fbb48333006227e0aec0,1572:3c0587de6dc16a01a72aebd1e27c4716a9d5630a
DEBUG: ran git fetch --unshallow origin 3c0587de6dc16a01a72aebd1e27c4716a9d5630a: 7da6ec5f05371c738477fbb48333006227e0aec0: in 
DEBUG: ran git checkout master in 
DEBUG: ran git reset --hard 7da6ec5f05371c738477fbb48333006227e0aec0 in 
DEBUG: ran clean --force -d . in 
error: error during merge: merging 3c0587de6dc16a01a72aebd1e27c4716a9d5630a into master: git output: Auto-merging operator/controllers/seldondeployment_controller.go
Auto-merging operator/apis/machinelearning/v1/seldondeployment_types.go
CONFLICT (content): Merge conflict in operator/apis/machinelearning/v1/seldondeployment_types.go
Automatic merge failed; fix conflicts and then commit the result.: failed to run 'git merge 3c0587de6dc16a01a72aebd1e27c4716a9d5630a' command in directory '', output: 'Auto-merging operator/controllers/seldondeployment_controller.go
Auto-merging operator/apis/machinelearning/v1/seldondeployment_types.go
CONFLICT (content): Merge conflict in operator/apis/machinelearning/v1/seldondeployment_types.go
Automatic merge failed; fix conflicts and then commit the result.'
[31m
Pipeline failed on stage 'meta-pipeline' : container 'step-git-merge'. The execution of the pipeline has stopped.[0m
