
Showing logs for build [32mmeta-seldonio-seldon-core-pr-14-4xmck-2[0m stage [32mmeta-pipeline[0m and container [32mstep-credential-initializer-2bs6q[0m
{"level":"warn","ts":1581606772.0343082,"logger":"fallback-logger","caller":"logging/config.go:69","msg":"Fetch GitHub commit ID from kodata failed: \"ref: refs/heads/0.8.0-**-support-backwards-incompats\" is not a valid GitHub commit ID"}
{"level":"info","ts":1581606772.034774,"logger":"fallback-logger","caller":"creds-init/main.go:40","msg":"Credentials initialized."}

Showing logs for build [32mmeta-seldonio-seldon-core-pr-14-4xmck-2[0m stage [32mmeta-pipeline[0m and container [32mstep-working-dir-initializer-rbrtz[0m
{"level":"warn","ts":1581606772.5688934,"logger":"fallback-logger","caller":"logging/config.go:69","msg":"Fetch GitHub commit ID from kodata failed: open /var/run/ko/HEAD: no such file or directory"}
{"level":"info","ts":1581606772.5708547,"logger":"fallback-logger","caller":"bash/main.go:64","msg":"Successfully executed command \"sh -c mkdir -p /workspace/source\"; output "}

Showing logs for build [32mmeta-seldonio-seldon-core-pr-14-4xmck-2[0m stage [32mmeta-pipeline[0m and container [32mstep-place-tools[0m

Showing logs for build [32mmeta-seldonio-seldon-core-pr-14-4xmck-2[0m stage [32mmeta-pipeline[0m and container [32mstep-git-source-meta-seldonio-seldon-core-pr-14-vl8cf[0m
{"level":"warn","ts":1581606777.8167307,"logger":"fallback-logger","caller":"logging/config.go:69","msg":"Fetch GitHub commit ID from kodata failed: \"ref: refs/heads/0.8.0-**-support-backwards-incompats\" is not a valid GitHub commit ID"}
{"level":"info","ts":1581606781.606251,"logger":"fallback-logger","caller":"git/git.go:103","msg":"Successfully cloned https://github.com/SeldonIO/seldon-core.git @ ed241b1d5c1b148be98c540eaea3d3e310511ea2 in path /workspace/source"}

Showing logs for build [32mmeta-seldonio-seldon-core-pr-14-4xmck-2[0m stage [32mmeta-pipeline[0m and container [32mstep-git-merge[0m
Using SHAs from PULL_REFS=master:ed241b1d5c1b148be98c540eaea3d3e310511ea2,1437:e72524a177a04c246fafe32ffa7cc7ea76dd28f3
DEBUG: ran git fetch --unshallow origin e72524a177a04c246fafe32ffa7cc7ea76dd28f3: ed241b1d5c1b148be98c540eaea3d3e310511ea2: in 
DEBUG: ran git checkout master in 
DEBUG: ran git reset --hard ed241b1d5c1b148be98c540eaea3d3e310511ea2 in 
DEBUG: ran clean --force -d . in 
error: error during merge: merging e72524a177a04c246fafe32ffa7cc7ea76dd28f3 into master: git output: Auto-merging wrappers/s2i/python/Makefile
Auto-merging python/Makefile
Auto-merging operator/helm/split_resources.py
Auto-merging operator/config/manager/manager.yaml
Auto-merging operator/apis/machinelearning/v1/seldondeployment_webhook.go
Auto-merging notebooks/resources/model.yaml
Auto-merging helm-charts/seldon-core-operator/values.yaml
Auto-merging helm-charts/seldon-core-operator/templates/webhook.yaml
Auto-merging helm-charts/seldon-core-operator/templates/deployment_seldon-controller-manager.yaml
Auto-merging helm-charts/seldon-core-analytics/Chart.yaml
CONFLICT (content): Merge conflict in helm-charts/seldon-core-analytics/Chart.yaml
Auto-merging examples/models/template_model_with_metrics/modelWithMetrics.ipynb
Auto-merging engine/pom.xml
Auto-merging doc/source/reference/images.md
CONFLICT (content): Merge conflict in doc/source/reference/images.md
Automatic merge failed; fix conflicts and then commit the result.: failed to run 'git merge e72524a177a04c246fafe32ffa7cc7ea76dd28f3' command in directory '', output: 'Auto-merging wrappers/s2i/python/Makefile
Auto-merging python/Makefile
Auto-merging operator/helm/split_resources.py
Auto-merging operator/config/manager/manager.yaml
Auto-merging operator/apis/machinelearning/v1/seldondeployment_webhook.go
Auto-merging notebooks/resources/model.yaml
Auto-merging helm-charts/seldon-core-operator/values.yaml
Auto-merging helm-charts/seldon-core-operator/templates/webhook.yaml
Auto-merging helm-charts/seldon-core-operator/templates/deployment_seldon-controller-manager.yaml
Auto-merging helm-charts/seldon-core-analytics/Chart.yaml
CONFLICT (content): Merge conflict in helm-charts/seldon-core-analytics/Chart.yaml
Auto-merging examples/models/template_model_with_metrics/modelWithMetrics.ipynb
Auto-merging engine/pom.xml
Auto-merging doc/source/reference/images.md
CONFLICT (content): Merge conflict in doc/source/reference/images.md
Automatic merge failed; fix conflicts and then commit the result.'
[31m
Pipeline failed on stage 'meta-pipeline' : container 'step-git-merge'. The execution of the pipeline has stopped.[0m
