
Showing logs for build [32mseldonio-seldon-core-pr-1381-li-wwn97-2[0m stage [32mpr-build-comment[0m and container [32mstep-credential-initializer-tdz2m[0m
{"level":"warn","ts":1580294828.058048,"logger":"fallback-logger","caller":"logging/config.go:69","msg":"Fetch GitHub commit ID from kodata failed: \"ref: refs/heads/0.8.0-**-support-backwards-incompats\" is not a valid GitHub commit ID"}
{"level":"info","ts":1580294828.0589852,"logger":"fallback-logger","caller":"creds-init/main.go:40","msg":"Credentials initialized."}

Showing logs for build [32mseldonio-seldon-core-pr-1381-li-wwn97-2[0m stage [32mpr-build-comment[0m and container [32mstep-working-dir-initializer-cxbs6[0m
{"level":"warn","ts":1580294828.4653587,"logger":"fallback-logger","caller":"logging/config.go:69","msg":"Fetch GitHub commit ID from kodata failed: open /var/run/ko/HEAD: no such file or directory"}
{"level":"info","ts":1580294828.4669425,"logger":"fallback-logger","caller":"bash/main.go:64","msg":"Successfully executed command \"sh -c mkdir -p /workspace/source\"; output "}

Showing logs for build [32mseldonio-seldon-core-pr-1381-li-wwn97-2[0m stage [32mpr-build-comment[0m and container [32mstep-place-tools[0m

Showing logs for build [32mseldonio-seldon-core-pr-1381-li-wwn97-2[0m stage [32mpr-build-comment[0m and container [32mstep-create-dir-workspace-wpgvf[0m
{"level":"warn","ts":1580294833.656281,"logger":"fallback-logger","caller":"logging/config.go:69","msg":"Fetch GitHub commit ID from kodata failed: open /var/run/ko/HEAD: no such file or directory"}
{"level":"info","ts":1580294833.659034,"logger":"fallback-logger","caller":"bash/main.go:64","msg":"Successfully executed command \"sh -c mkdir -p source\"; output "}

Showing logs for build [32mseldonio-seldon-core-pr-1381-li-wwn97-2[0m stage [32mpr-build-comment[0m and container [32mstep-git-source-seldonio-seldon-core-pr-1381-li-mwt7g[0m
{"level":"warn","ts":1580294833.9396873,"logger":"fallback-logger","caller":"logging/config.go:69","msg":"Fetch GitHub commit ID from kodata failed: \"ref: refs/heads/0.8.0-**-support-backwards-incompats\" is not a valid GitHub commit ID"}
{"level":"info","ts":1580294837.4589787,"logger":"fallback-logger","caller":"git/git.go:103","msg":"Successfully cloned https://github.com/SeldonIO/seldon-core.git @ master in path /workspace/source"}

Showing logs for build [32mseldonio-seldon-core-pr-1381-li-wwn97-2[0m stage [32mpr-build-comment[0m and container [32mstep-git-merge[0m
Using SHAs from PULL_REFS=master:0aeb99c938cf2d5bd659c9fa583fdfd8695d8361,1381:d45ae2c3467654748e5ef6d151a6e4ab3333c00b
DEBUG: ran git fetch --unshallow origin d45ae2c3467654748e5ef6d151a6e4ab3333c00b: 0aeb99c938cf2d5bd659c9fa583fdfd8695d8361: in 
DEBUG: ran git checkout master in 
DEBUG: ran git reset --hard 0aeb99c938cf2d5bd659c9fa583fdfd8695d8361 in 
DEBUG: ran clean --force -d . in 
DEBUG: ran git merge d45ae2c3467654748e5ef6d151a6e4ab3333c00b in 
Merged SHA d45ae2c3467654748e5ef6d151a6e4ab3333c00b with commit message 'remove redundant build resources' into base branch master
Merged SHA 7e1a9d9b34a015699ead642a03dabc03178175d0 with commit message 'Merge branch 'master' of github.com:SeldonIO/seldon-core' into base branch master
Merged SHA ecb3228c8083290e8f97af401cc8abfdc288b3c8 with commit message 'Merge branch 'master' of github.com:SeldonIO/seldon-core' into base branch master
Merged SHA 4041eb187e790472dfde02413f4e122992d021ae with commit message 'Merge branch 'master' of github.com:SeldonIO/seldon-core' into base branch master
Merged SHA 955fcd62fdb8afa5ba526166f0d5740f69fbaed0 with commit message 'Merge branch 'master' of github.com:SeldonIO/seldon-core' into base branch master
Merged SHA eceb07c5e81db4a324f752ca959732693dec0ec5 with commit message 'fix operator build - controller-gen install for go modules' into base branch master
Merged SHA 4e82576f2836ccc0071aefceec43ba0074600796 with commit message 'Create and use seldonio/core-builder:0.10' into base branch master
Merged SHA f78ce248d770597de5dc19f792cf0f5331bc9986 with commit message 'Merge branch 'master' of github.com:SeldonIO/seldon-core into general-cleanup' into base branch master
Merged SHA fb55c817e36b446785b2b047f769315ea969c22e with commit message 'Merge branch 'master' of github.com:SeldonIO/seldon-core into general-cleanup' into base branch master
Merged SHA 3064373f4bcdc01d4bbf73e31074195dee38d84b with commit message 'operator build test' into base branch master

Showing logs for build [32mseldonio-seldon-core-pr-1381-li-wwn97-2[0m stage [32mpr-build-comment[0m and container [32mstep-step2[0m
+++ dirname ./add-pr-build-comment
++ cd .
++ pwd
+ STARTUP_DIR=/workspace/source/ci
+ REPO_OWNER=SeldonIO
+ REPO_NAME=seldon-core
+ PULL_NUMBER=1381
+ BUILD_NUMBER=2
+ PIPELINE_CONTEXT=lint
++ cat
+++ date
+ COMMENT_MSG='Wed Jan 29 10:47:24 UTC 2020
The logs for [lint] [2] will show after the pipeline context has finished.  
https://github.com/SeldonIO/seldon-core/blob/gh-pages/jenkins-x/logs/SeldonIO/seldon-core/PR-1381/2.log

impatient try  
** get build logs SeldonIO/seldon-core/PR-1381 --build=2'
+ ** step pr comment --owner=SeldonIO --repository=seldon-core --pull-request=1381 '--comment=Wed Jan 29 10:47:24 UTC 2020
The logs for [lint] [2] will show after the pipeline context has finished.  
https://github.com/SeldonIO/seldon-core/blob/gh-pages/jenkins-x/logs/SeldonIO/seldon-core/PR-1381/2.log

impatient try  
** get build logs SeldonIO/seldon-core/PR-1381 --build=2'

Showing logs for build [32mseldonio-seldon-core-pr-1381-li-wwn97-2[0m stage [32mpr-build-comment[0m and container [32mstep-source-mkdir-seldonio-seldon-core-pr-1381-li-79xnt[0m
{"level":"warn","ts":1580294846.8047602,"logger":"fallback-logger","caller":"logging/config.go:69","msg":"Fetch GitHub commit ID from kodata failed: open /var/run/ko/HEAD: no such file or directory"}
{"level":"info","ts":1580294846.8087244,"logger":"fallback-logger","caller":"bash/main.go:64","msg":"Successfully executed command \"sh -c mkdir -p /pvc/pr-build-comment/workspace\"; output "}

Showing logs for build [32mseldonio-seldon-core-pr-1381-li-wwn97-2[0m stage [32mpr-build-comment[0m and container [32mstep-source-copy-seldonio-seldon-core-pr-1381-li-48l7m[0m
{"level":"warn","ts":1580294847.0949192,"logger":"fallback-logger","caller":"logging/config.go:69","msg":"Fetch GitHub commit ID from kodata failed: open /var/run/ko/HEAD: no such file or directory"}
{"level":"info","ts":1580294847.4379234,"logger":"fallback-logger","caller":"bash/main.go:64","msg":"Successfully executed command \"sh -c cp -r source/. /pvc/pr-build-comment/workspace\"; output "}

Showing logs for build [32mseldonio-seldon-core-pr-1381-li-wwn97-2[0m stage [32mpython-lint-task[0m and container [32mstep-credential-initializer-cwbv8[0m
{"level":"warn","ts":1580294852.012676,"logger":"fallback-logger","caller":"logging/config.go:69","msg":"Fetch GitHub commit ID from kodata failed: \"ref: refs/heads/0.8.0-**-support-backwards-incompats\" is not a valid GitHub commit ID"}
{"level":"info","ts":1580294852.0131447,"logger":"fallback-logger","caller":"creds-init/main.go:40","msg":"Credentials initialized."}

Showing logs for build [32mseldonio-seldon-core-pr-1381-li-wwn97-2[0m stage [32mpython-lint-task[0m and container [32mstep-working-dir-initializer-4jq52[0m
{"level":"warn","ts":1580294853.0337021,"logger":"fallback-logger","caller":"logging/config.go:69","msg":"Fetch GitHub commit ID from kodata failed: open /var/run/ko/HEAD: no such file or directory"}
{"level":"info","ts":1580294853.035795,"logger":"fallback-logger","caller":"bash/main.go:64","msg":"Successfully executed command \"sh -c mkdir -p /workspace/source\"; output "}

Showing logs for build [32mseldonio-seldon-core-pr-1381-li-wwn97-2[0m stage [32mpython-lint-task[0m and container [32mstep-place-tools[0m

Showing logs for build [32mseldonio-seldon-core-pr-1381-li-wwn97-2[0m stage [32mpython-lint-task[0m and container [32mstep-create-dir-workspace-th8dw[0m
{"level":"warn","ts":1580294857.2242827,"logger":"fallback-logger","caller":"logging/config.go:69","msg":"Fetch GitHub commit ID from kodata failed: open /var/run/ko/HEAD: no such file or directory"}
{"level":"info","ts":1580294857.2269096,"logger":"fallback-logger","caller":"bash/main.go:64","msg":"Successfully executed command \"sh -c mkdir -p /workspace/source\"; output "}

Showing logs for build [32mseldonio-seldon-core-pr-1381-li-wwn97-2[0m stage [32mpython-lint-task[0m and container [32mstep-source-copy-workspace-jq5gx[0m
{"level":"warn","ts":1580294857.5154798,"logger":"fallback-logger","caller":"logging/config.go:69","msg":"Fetch GitHub commit ID from kodata failed: open /var/run/ko/HEAD: no such file or directory"}
{"level":"info","ts":1580294860.9516609,"logger":"fallback-logger","caller":"bash/main.go:64","msg":"Successfully executed command \"sh -c cp -r /pvc/pr-build-comment/workspace/. /workspace/source\"; output "}

Showing logs for build [32mseldonio-seldon-core-pr-1381-li-wwn97-2[0m stage [32mpython-lint-task[0m and container [32mstep-python-lint[0m
make: Entering directory '/workspace/source/python'
pip install black==19.3b0
Collecting black==19.3b0
  Downloading https://files.pythonhosted.org/packages/30/62/cf549544a5fe990bbaeca21e9c419501b2de7a701ab0afb377bc81676600/black-19.3b0-py36-none-any.whl (89kB)
Collecting appdirs
  Downloading https://files.pythonhosted.org/packages/56/eb/810e700ed1349edde4cbdc1b2a21e28cdf115f9faf263f6bbf8447c1abf3/appdirs-1.4.3-py2.py3-none-any.whl
Collecting attrs>=18.1.0
  Downloading https://files.pythonhosted.org/packages/a2/db/4313ab3be961f7a763066401fb77f7748373b6094076ae2bda2806988af6/attrs-19.3.0-py2.py3-none-any.whl
Collecting toml>=0.9.4
  Downloading https://files.pythonhosted.org/packages/a2/12/ced7105d2de62fa7c8fb5fce92cc4ce66b57c95fb875e9318dba7f8c5db0/toml-0.10.0-py2.py3-none-any.whl
Collecting click>=6.5
  Downloading https://files.pythonhosted.org/packages/fa/37/45185cb5abbc30d7257104c434fe0b07e5a195a6847506c074527aa599ec/Click-7.0-py2.py3-none-any.whl (81kB)
Installing collected packages: appdirs, attrs, toml, click, black
Successfully installed appdirs-1.4.3 attrs-19.3.0 black-19.3b0 click-7.0 toml-0.10.0
WARNING: You are using pip version 19.3.1; however, version 20.0.2 is available.
You should consider upgrading via the 'pip install --upgrade pip' command.
black \
	--check ./ ../testing \
	--exclude "(testing/scripts/proto|seldon_core/proto/|.eggs|.tox)"
All done! ✨ 🍰 ✨
53 files would be left unchanged.
make: Leaving directory '/workspace/source/python'
