
Showing logs for build [32mmeta-seldonio-seldon-core-pr-15-cjjlc-11[0m stage [32mmeta-pipeline[0m and container [32mstep-credential-initializer-7mkvs[0m
{"level":"warn","ts":1585222402.8849256,"logger":"fallback-logger","caller":"logging/config.go:69","msg":"Fetch GitHub commit ID from kodata failed: \"ref: refs/heads/0.8.0-**-support-backwards-incompats\" is not a valid GitHub commit ID"}
{"level":"info","ts":1585222402.8857458,"logger":"fallback-logger","caller":"creds-init/main.go:40","msg":"Credentials initialized."}

Showing logs for build [32mmeta-seldonio-seldon-core-pr-15-cjjlc-11[0m stage [32mmeta-pipeline[0m and container [32mstep-working-dir-initializer-k72z9[0m
{"level":"warn","ts":1585222403.8497872,"logger":"fallback-logger","caller":"logging/config.go:69","msg":"Fetch GitHub commit ID from kodata failed: open /var/run/ko/HEAD: no such file or directory"}
{"level":"info","ts":1585222403.8512945,"logger":"fallback-logger","caller":"bash/main.go:64","msg":"Successfully executed command \"sh -c mkdir -p /workspace/source\"; output "}

Showing logs for build [32mmeta-seldonio-seldon-core-pr-15-cjjlc-11[0m stage [32mmeta-pipeline[0m and container [32mstep-place-tools[0m

Showing logs for build [32mmeta-seldonio-seldon-core-pr-15-cjjlc-11[0m stage [32mmeta-pipeline[0m and container [32mstep-git-source-meta-seldonio-seldon-core-pr-15-tbl69[0m
{"level":"warn","ts":1585222409.2988842,"logger":"fallback-logger","caller":"logging/config.go:69","msg":"Fetch GitHub commit ID from kodata failed: \"ref: refs/heads/0.8.0-**-support-backwards-incompats\" is not a valid GitHub commit ID"}
{"level":"info","ts":1585222413.3155446,"logger":"fallback-logger","caller":"git/git.go:103","msg":"Successfully cloned https://github.com/SeldonIO/seldon-core.git @ 24e0f577c6f5603c822acec3cf3a4e1f4b503d4f in path /workspace/source"}

Showing logs for build [32mmeta-seldonio-seldon-core-pr-15-cjjlc-11[0m stage [32mmeta-pipeline[0m and container [32mstep-git-merge[0m
Using SHAs from PULL_REFS=master:24e0f577c6f5603c822acec3cf3a4e1f4b503d4f,1573:49bd6818d259d293a11eccb924fe2529b7d3004a
DEBUG: ran git fetch --unshallow origin 49bd6818d259d293a11eccb924fe2529b7d3004a: 24e0f577c6f5603c822acec3cf3a4e1f4b503d4f: in 
DEBUG: ran git checkout master in 
DEBUG: ran git reset --hard 24e0f577c6f5603c822acec3cf3a4e1f4b503d4f in 
DEBUG: ran clean --force -d . in 
error: error during merge: merging 49bd6818d259d293a11eccb924fe2529b7d3004a into master: git output: Auto-merging operator/controllers/seldondeployment_controller_test.go
CONFLICT (content): Merge conflict in operator/controllers/seldondeployment_controller_test.go
Auto-merging operator/controllers/seldondeployment_controller.go
Auto-merging operator/constants/constants.go
Auto-merging operator/apis/machinelearning/v1/seldondeployment_types.go
Automatic merge failed; fix conflicts and then commit the result.: failed to run 'git merge 49bd6818d259d293a11eccb924fe2529b7d3004a' command in directory '', output: 'Auto-merging operator/controllers/seldondeployment_controller_test.go
CONFLICT (content): Merge conflict in operator/controllers/seldondeployment_controller_test.go
Auto-merging operator/controllers/seldondeployment_controller.go
Auto-merging operator/constants/constants.go
Auto-merging operator/apis/machinelearning/v1/seldondeployment_types.go
Automatic merge failed; fix conflicts and then commit the result.'
[31m
Pipeline failed on stage 'meta-pipeline' : container 'step-git-merge'. The execution of the pipeline has stopped.[0m
