
Showing logs for build [32mmeta-seldonio-seldon-core-pr-15-2xjf4-12[0m stage [32mmeta-pipeline[0m and container [32mstep-credential-initializer-nsg22[0m
{"level":"warn","ts":1585218304.4348326,"logger":"fallback-logger","caller":"logging/config.go:69","msg":"Fetch GitHub commit ID from kodata failed: \"ref: refs/heads/0.8.0-**-support-backwards-incompats\" is not a valid GitHub commit ID"}
{"level":"info","ts":1585218304.4352994,"logger":"fallback-logger","caller":"creds-init/main.go:40","msg":"Credentials initialized."}

Showing logs for build [32mmeta-seldonio-seldon-core-pr-15-2xjf4-12[0m stage [32mmeta-pipeline[0m and container [32mstep-working-dir-initializer-cldrt[0m
{"level":"warn","ts":1585218305.825442,"logger":"fallback-logger","caller":"logging/config.go:69","msg":"Fetch GitHub commit ID from kodata failed: open /var/run/ko/HEAD: no such file or directory"}
{"level":"info","ts":1585218305.8272982,"logger":"fallback-logger","caller":"bash/main.go:64","msg":"Successfully executed command \"sh -c mkdir -p /workspace/source\"; output "}

Showing logs for build [32mmeta-seldonio-seldon-core-pr-15-2xjf4-12[0m stage [32mmeta-pipeline[0m and container [32mstep-place-tools[0m

Showing logs for build [32mmeta-seldonio-seldon-core-pr-15-2xjf4-12[0m stage [32mmeta-pipeline[0m and container [32mstep-git-source-meta-seldonio-seldon-core-pr-15-btfph[0m
{"level":"warn","ts":1585218310.9167683,"logger":"fallback-logger","caller":"logging/config.go:69","msg":"Fetch GitHub commit ID from kodata failed: \"ref: refs/heads/0.8.0-**-support-backwards-incompats\" is not a valid GitHub commit ID"}
{"level":"info","ts":1585218314.5651128,"logger":"fallback-logger","caller":"git/git.go:103","msg":"Successfully cloned https://github.com/SeldonIO/seldon-core.git @ 0caa9db0d26f362c5d73faf9de7233c4910bd15f in path /workspace/source"}

Showing logs for build [32mmeta-seldonio-seldon-core-pr-15-2xjf4-12[0m stage [32mmeta-pipeline[0m and container [32mstep-git-merge[0m
Using SHAs from PULL_REFS=master:0caa9db0d26f362c5d73faf9de7233c4910bd15f,1585:267f7983bfbf1d7dec9f0e28f3f200b59eff4bcd
DEBUG: ran git fetch --unshallow origin 267f7983bfbf1d7dec9f0e28f3f200b59eff4bcd: 0caa9db0d26f362c5d73faf9de7233c4910bd15f: in 
DEBUG: ran git checkout master in 
DEBUG: ran git reset --hard 0caa9db0d26f362c5d73faf9de7233c4910bd15f in 
DEBUG: ran clean --force -d . in 
error: error during merge: merging 267f7983bfbf1d7dec9f0e28f3f200b59eff4bcd into master: git output: Auto-merging operator/controllers/seldondeployment_explainers.go
Auto-merging operator/controllers/ambassador_test.go
CONFLICT (content): Merge conflict in operator/controllers/ambassador_test.go
Automatic merge failed; fix conflicts and then commit the result.: failed to run 'git merge 267f7983bfbf1d7dec9f0e28f3f200b59eff4bcd' command in directory '', output: 'Auto-merging operator/controllers/seldondeployment_explainers.go
Auto-merging operator/controllers/ambassador_test.go
CONFLICT (content): Merge conflict in operator/controllers/ambassador_test.go
Automatic merge failed; fix conflicts and then commit the result.'
[31m
Pipeline failed on stage 'meta-pipeline' : container 'step-git-merge'. The execution of the pipeline has stopped.[0m
