
Showing logs for build [32mmeta-seldonio-seldon-core-pr-15-562tb-9[0m stage [32mmeta-pipeline[0m and container [32mstep-credential-initializer-bhjqk[0m
{"level":"warn","ts":1585160067.7699475,"logger":"fallback-logger","caller":"logging/config.go:69","msg":"Fetch GitHub commit ID from kodata failed: \"ref: refs/heads/0.8.0-**-support-backwards-incompats\" is not a valid GitHub commit ID"}
{"level":"info","ts":1585160067.770538,"logger":"fallback-logger","caller":"creds-init/main.go:40","msg":"Credentials initialized."}

Showing logs for build [32mmeta-seldonio-seldon-core-pr-15-562tb-9[0m stage [32mmeta-pipeline[0m and container [32mstep-working-dir-initializer-p7zz4[0m
{"level":"warn","ts":1585160068.649097,"logger":"fallback-logger","caller":"logging/config.go:69","msg":"Fetch GitHub commit ID from kodata failed: open /var/run/ko/HEAD: no such file or directory"}
{"level":"info","ts":1585160068.6513238,"logger":"fallback-logger","caller":"bash/main.go:64","msg":"Successfully executed command \"sh -c mkdir -p /workspace/source\"; output "}

Showing logs for build [32mmeta-seldonio-seldon-core-pr-15-562tb-9[0m stage [32mmeta-pipeline[0m and container [32mstep-place-tools[0m

Showing logs for build [32mmeta-seldonio-seldon-core-pr-15-562tb-9[0m stage [32mmeta-pipeline[0m and container [32mstep-git-source-meta-seldonio-seldon-core-pr-15-qp29w[0m
{"level":"warn","ts":1585160074.9606678,"logger":"fallback-logger","caller":"logging/config.go:69","msg":"Fetch GitHub commit ID from kodata failed: \"ref: refs/heads/0.8.0-**-support-backwards-incompats\" is not a valid GitHub commit ID"}
{"level":"info","ts":1585160078.774518,"logger":"fallback-logger","caller":"git/git.go:103","msg":"Successfully cloned https://github.com/SeldonIO/seldon-core.git @ 1deb0d7488e706d933ff4c72503dff97cc160e23 in path /workspace/source"}

Showing logs for build [32mmeta-seldonio-seldon-core-pr-15-562tb-9[0m stage [32mmeta-pipeline[0m and container [32mstep-git-merge[0m
Using SHAs from PULL_REFS=master:1deb0d7488e706d933ff4c72503dff97cc160e23,1585:267f7983bfbf1d7dec9f0e28f3f200b59eff4bcd
DEBUG: ran git fetch --unshallow origin 267f7983bfbf1d7dec9f0e28f3f200b59eff4bcd: 1deb0d7488e706d933ff4c72503dff97cc160e23: in 
DEBUG: ran git checkout master in 
DEBUG: ran git reset --hard 1deb0d7488e706d933ff4c72503dff97cc160e23 in 
DEBUG: ran clean --force -d . in 
error: error during merge: merging 267f7983bfbf1d7dec9f0e28f3f200b59eff4bcd into master: git output: Auto-merging operator/controllers/seldondeployment_explainers.go
Auto-merging operator/controllers/ambassador_test.go
CONFLICT (content): Merge conflict in operator/controllers/ambassador_test.go
Automatic merge failed; fix conflicts and then commit the result.: failed to run 'git merge 267f7983bfbf1d7dec9f0e28f3f200b59eff4bcd' command in directory '', output: 'Auto-merging operator/controllers/seldondeployment_explainers.go
Auto-merging operator/controllers/ambassador_test.go
CONFLICT (content): Merge conflict in operator/controllers/ambassador_test.go
Automatic merge failed; fix conflicts and then commit the result.'
[31m
Pipeline failed on stage 'meta-pipeline' : container 'step-git-merge'. The execution of the pipeline has stopped.[0m
