
Showing logs for build [32mseldonio-seldon-core-pr-1368-li-cdtj5-6[0m stage [32mpr-build-comment[0m and container [32mstep-credential-initializer-p7vjt[0m
{"level":"warn","ts":1580853213.5972831,"logger":"fallback-logger","caller":"logging/config.go:69","msg":"Fetch GitHub commit ID from kodata failed: \"ref: refs/heads/0.8.0-**-support-backwards-incompats\" is not a valid GitHub commit ID"}
{"level":"info","ts":1580853213.5980988,"logger":"fallback-logger","caller":"creds-init/main.go:40","msg":"Credentials initialized."}

Showing logs for build [32mseldonio-seldon-core-pr-1368-li-cdtj5-6[0m stage [32mpr-build-comment[0m and container [32mstep-working-dir-initializer-kzm77[0m
{"level":"warn","ts":1580853214.0546265,"logger":"fallback-logger","caller":"logging/config.go:69","msg":"Fetch GitHub commit ID from kodata failed: open /var/run/ko/HEAD: no such file or directory"}
{"level":"info","ts":1580853214.0563152,"logger":"fallback-logger","caller":"bash/main.go:64","msg":"Successfully executed command \"sh -c mkdir -p /workspace/source\"; output "}

Showing logs for build [32mseldonio-seldon-core-pr-1368-li-cdtj5-6[0m stage [32mpr-build-comment[0m and container [32mstep-place-tools[0m

Showing logs for build [32mseldonio-seldon-core-pr-1368-li-cdtj5-6[0m stage [32mpr-build-comment[0m and container [32mstep-create-dir-workspace-c7nnc[0m
{"level":"warn","ts":1580853220.206573,"logger":"fallback-logger","caller":"logging/config.go:69","msg":"Fetch GitHub commit ID from kodata failed: open /var/run/ko/HEAD: no such file or directory"}
{"level":"info","ts":1580853220.2096086,"logger":"fallback-logger","caller":"bash/main.go:64","msg":"Successfully executed command \"sh -c mkdir -p source\"; output "}

Showing logs for build [32mseldonio-seldon-core-pr-1368-li-cdtj5-6[0m stage [32mpr-build-comment[0m and container [32mstep-git-source-seldonio-seldon-core-pr-1368-li-7bbdc[0m
{"level":"warn","ts":1580853220.51994,"logger":"fallback-logger","caller":"logging/config.go:69","msg":"Fetch GitHub commit ID from kodata failed: \"ref: refs/heads/0.8.0-**-support-backwards-incompats\" is not a valid GitHub commit ID"}
{"level":"info","ts":1580853223.825825,"logger":"fallback-logger","caller":"git/git.go:103","msg":"Successfully cloned https://github.com/SeldonIO/seldon-core.git @ master in path /workspace/source"}

Showing logs for build [32mseldonio-seldon-core-pr-1368-li-cdtj5-6[0m stage [32mpr-build-comment[0m and container [32mstep-git-merge[0m
Using SHAs from PULL_REFS=master:c6e49d7b2fadc57d57f82c85968764215992b840,1368:520543462ba4740da94cf8f9fdbce29465e2660d
DEBUG: ran git fetch --unshallow origin 520543462ba4740da94cf8f9fdbce29465e2660d: c6e49d7b2fadc57d57f82c85968764215992b840: in 
DEBUG: ran git checkout master in 
DEBUG: ran git reset --hard c6e49d7b2fadc57d57f82c85968764215992b840 in 
DEBUG: ran clean --force -d . in 
DEBUG: ran git merge 520543462ba4740da94cf8f9fdbce29465e2660d in 
Merged SHA ec439ad3d314fdbed16964cb1e973711e7d7dcfd with commit message 'Merge commit '520543462ba4740da94cf8f9fdbce29465e2660d'' into base branch master
Merged SHA 520543462ba4740da94cf8f9fdbce29465e2660d with commit message 'Import azure tests' into base branch master
Merged SHA 20c3d56b58a622ebfaf8c6878a33da0154b326d2 with commit message 'Import test from kfserving' into base branch master
Merged SHA c27ef26b5ea7f11df48ec658ce051295f76fb420 with commit message 'Add comment about SSL env vars' into base branch master
Merged SHA abab1e50fdcef7173aea3d2489d6eb989901c457 with commit message 'Update storage.py from KFServing' into base branch master
Merged SHA 3dc476cf4b31fa14469429ffc3924b04c1c3ee63 with commit message 'Add util to fetch multiple env vars' into base branch master
Merged SHA 3f001311593487aecde10a08c65c8bf153d51e0e with commit message 'Remove some linting errors' into base branch master
Merged SHA 42fbf1b0e35985d7ab38d92d00e943e881438b69 with commit message 'Remove unused var' into base branch master

Showing logs for build [32mseldonio-seldon-core-pr-1368-li-cdtj5-6[0m stage [32mpr-build-comment[0m and container [32mstep-step2[0m
+++ dirname ./add-pr-build-comment
++ cd .
++ pwd
+ STARTUP_DIR=/workspace/source/ci
+ REPO_OWNER=SeldonIO
+ REPO_NAME=seldon-core
+ PULL_NUMBER=1368
+ BUILD_NUMBER=6
+ PIPELINE_CONTEXT=lint
++ cat
+++ date
+ COMMENT_MSG='Tue Feb  4 21:53:51 UTC 2020
The logs for [lint] [6] will show after the pipeline context has finished.  
https://github.com/SeldonIO/seldon-core/blob/gh-pages/jenkins-x/logs/SeldonIO/seldon-core/PR-1368/6.log

impatient try  
** get build logs SeldonIO/seldon-core/PR-1368 --build=6'
+ ** step pr comment --owner=SeldonIO --repository=seldon-core --pull-request=1368 '--comment=Tue Feb  4 21:53:51 UTC 2020
The logs for [lint] [6] will show after the pipeline context has finished.  
https://github.com/SeldonIO/seldon-core/blob/gh-pages/jenkins-x/logs/SeldonIO/seldon-core/PR-1368/6.log

impatient try  
** get build logs SeldonIO/seldon-core/PR-1368 --build=6'

Showing logs for build [32mseldonio-seldon-core-pr-1368-li-cdtj5-6[0m stage [32mpr-build-comment[0m and container [32mstep-source-mkdir-seldonio-seldon-core-pr-1368-li-xx7sz[0m
{"level":"warn","ts":1580853233.6917937,"logger":"fallback-logger","caller":"logging/config.go:69","msg":"Fetch GitHub commit ID from kodata failed: open /var/run/ko/HEAD: no such file or directory"}
{"level":"info","ts":1580853233.696679,"logger":"fallback-logger","caller":"bash/main.go:64","msg":"Successfully executed command \"sh -c mkdir -p /pvc/pr-build-comment/workspace\"; output "}

Showing logs for build [32mseldonio-seldon-core-pr-1368-li-cdtj5-6[0m stage [32mpr-build-comment[0m and container [32mstep-source-copy-seldonio-seldon-core-pr-1368-li-g64ks[0m
{"level":"warn","ts":1580853234.012108,"logger":"fallback-logger","caller":"logging/config.go:69","msg":"Fetch GitHub commit ID from kodata failed: open /var/run/ko/HEAD: no such file or directory"}
{"level":"info","ts":1580853234.3411717,"logger":"fallback-logger","caller":"bash/main.go:64","msg":"Successfully executed command \"sh -c cp -r source/. /pvc/pr-build-comment/workspace\"; output "}

Showing logs for build [32mseldonio-seldon-core-pr-1368-li-cdtj5-6[0m stage [32mpython-lint-task[0m and container [32mstep-credential-initializer-mnjq5[0m
{"level":"warn","ts":1580853258.4752774,"logger":"fallback-logger","caller":"logging/config.go:69","msg":"Fetch GitHub commit ID from kodata failed: \"ref: refs/heads/0.8.0-**-support-backwards-incompats\" is not a valid GitHub commit ID"}
{"level":"info","ts":1580853258.475824,"logger":"fallback-logger","caller":"creds-init/main.go:40","msg":"Credentials initialized."}

Showing logs for build [32mseldonio-seldon-core-pr-1368-li-cdtj5-6[0m stage [32mpython-lint-task[0m and container [32mstep-working-dir-initializer-2grz6[0m
{"level":"warn","ts":1580853259.5458028,"logger":"fallback-logger","caller":"logging/config.go:69","msg":"Fetch GitHub commit ID from kodata failed: open /var/run/ko/HEAD: no such file or directory"}
{"level":"info","ts":1580853259.5486846,"logger":"fallback-logger","caller":"bash/main.go:64","msg":"Successfully executed command \"sh -c mkdir -p /workspace/source\"; output "}

Showing logs for build [32mseldonio-seldon-core-pr-1368-li-cdtj5-6[0m stage [32mpython-lint-task[0m and container [32mstep-place-tools[0m

Showing logs for build [32mseldonio-seldon-core-pr-1368-li-cdtj5-6[0m stage [32mpython-lint-task[0m and container [32mstep-create-dir-workspace-cdmg4[0m
{"level":"warn","ts":1580853263.6572814,"logger":"fallback-logger","caller":"logging/config.go:69","msg":"Fetch GitHub commit ID from kodata failed: open /var/run/ko/HEAD: no such file or directory"}
{"level":"info","ts":1580853263.6594665,"logger":"fallback-logger","caller":"bash/main.go:64","msg":"Successfully executed command \"sh -c mkdir -p /workspace/source\"; output "}

Showing logs for build [32mseldonio-seldon-core-pr-1368-li-cdtj5-6[0m stage [32mpython-lint-task[0m and container [32mstep-source-copy-workspace-7cdw4[0m
{"level":"warn","ts":1580853264.0087795,"logger":"fallback-logger","caller":"logging/config.go:69","msg":"Fetch GitHub commit ID from kodata failed: open /var/run/ko/HEAD: no such file or directory"}
{"level":"info","ts":1580853266.3864357,"logger":"fallback-logger","caller":"bash/main.go:64","msg":"Successfully executed command \"sh -c cp -r /pvc/pr-build-comment/workspace/. /workspace/source\"; output "}

Showing logs for build [32mseldonio-seldon-core-pr-1368-li-cdtj5-6[0m stage [32mpython-lint-task[0m and container [32mstep-python-lint[0m
make: Entering directory '/workspace/source/python'
pip install black==19.3b0
Collecting black==19.3b0
  Downloading https://files.pythonhosted.org/packages/30/62/cf549544a5fe990bbaeca21e9c419501b2de7a701ab0afb377bc81676600/black-19.3b0-py36-none-any.whl (89kB)
Collecting toml>=0.9.4
  Downloading https://files.pythonhosted.org/packages/a2/12/ced7105d2de62fa7c8fb5fce92cc4ce66b57c95fb875e9318dba7f8c5db0/toml-0.10.0-py2.py3-none-any.whl
Collecting appdirs
  Downloading https://files.pythonhosted.org/packages/56/eb/810e700ed1349edde4cbdc1b2a21e28cdf115f9faf263f6bbf8447c1abf3/appdirs-1.4.3-py2.py3-none-any.whl
Collecting click>=6.5
  Downloading https://files.pythonhosted.org/packages/fa/37/45185cb5abbc30d7257104c434fe0b07e5a195a6847506c074527aa599ec/Click-7.0-py2.py3-none-any.whl (81kB)
Collecting attrs>=18.1.0
  Downloading https://files.pythonhosted.org/packages/a2/db/4313ab3be961f7a763066401fb77f7748373b6094076ae2bda2806988af6/attrs-19.3.0-py2.py3-none-any.whl
Installing collected packages: toml, appdirs, click, attrs, black
Successfully installed appdirs-1.4.3 attrs-19.3.0 black-19.3b0 click-7.0 toml-0.10.0
WARNING: You are using pip version 19.3.1; however, version 20.0.2 is available.
You should consider upgrading via the 'pip install --upgrade pip' command.
black \
	--check ./ ../testing \
	--exclude "(testing/scripts/proto|seldon_core/proto/|.eggs|.tox)"
All done! ✨ 🍰 ✨
54 files would be left unchanged.
make: Leaving directory '/workspace/source/python'
