
Showing logs for build [32mseldonio-seldon-core-pr-2922-in-cr5xj-2[0m stage [32mpr-build-comment[0m and container [32mstep-credential-initializer-wjx5t[0m
{"level":"info","ts":1612373893.5553725,"logger":"fallback-logger","caller":"logging/config.go:69","msg":"Fetch GitHub commit ID from kodata failed: open /var/run/ko/refs/heads/0.8.0-ns-support: no such file or directory"}
{"level":"info","ts":1612373893.55585,"logger":"fallback-logger","caller":"creds-init/main.go:40","msg":"Credentials initialized."}

Showing logs for build [32mseldonio-seldon-core-pr-2922-in-cr5xj-2[0m stage [32mpr-build-comment[0m and container [32mstep-working-dir-initializer-dfvrb[0m
{"level":"info","ts":1612373894.0746107,"logger":"fallback-logger","caller":"logging/config.go:69","msg":"Fetch GitHub commit ID from kodata failed: open /var/run/ko/HEAD: no such file or directory"}
{"level":"info","ts":1612373894.075889,"logger":"fallback-logger","caller":"bash/main.go:64","msg":"Successfully executed command \"sh -c mkdir -p /workspace/source\"; output "}

Showing logs for build [32mseldonio-seldon-core-pr-2922-in-cr5xj-2[0m stage [32mpr-build-comment[0m and container [32mstep-place-tools[0m

Showing logs for build [32mseldonio-seldon-core-pr-2922-in-cr5xj-2[0m stage [32mpr-build-comment[0m and container [32mstep-create-dir-workspace-g9p4f[0m
{"level":"info","ts":1612373900.301752,"logger":"fallback-logger","caller":"logging/config.go:69","msg":"Fetch GitHub commit ID from kodata failed: open /var/run/ko/HEAD: no such file or directory"}
{"level":"info","ts":1612373900.3030202,"logger":"fallback-logger","caller":"bash/main.go:64","msg":"Successfully executed command \"sh -c mkdir -p source\"; output "}

Showing logs for build [32mseldonio-seldon-core-pr-2922-in-cr5xj-2[0m stage [32mpr-build-comment[0m and container [32mstep-git-source-seldonio-seldon-core-pr-2922-in-cr5xj-tqkrk[0m
{"level":"info","ts":1612373900.5535414,"logger":"fallback-logger","caller":"logging/config.go:69","msg":"Fetch GitHub commit ID from kodata failed: open /var/run/ko/refs/heads/0.8.0-ns-support: no such file or directory"}
{"level":"info","ts":1612373911.8298934,"logger":"fallback-logger","caller":"git/git.go:103","msg":"Successfully cloned https://github.com/SeldonIO/seldon-core.git @ master in path /workspace/source"}

Showing logs for build [32mseldonio-seldon-core-pr-2922-in-cr5xj-2[0m stage [32mpr-build-comment[0m and container [32mstep-setup-builder-home[0m

Showing logs for build [32mseldonio-seldon-core-pr-2922-in-cr5xj-2[0m stage [32mpr-build-comment[0m and container [32mstep-git-merge[0m
Using SHAs from PULL_REFS=master:dfc6e740ffc8bb72059b83c74d9940ddc8fb4884,2922:6fa1b710ec501771e99548ea4277a1cd77d6abe0
DEBUG: LC_ALL=C JX_LOG_LEVEL=error git fetch origin --unshallow 6fa1b710ec501771e99548ea4277a1cd77d6abe0: dfc6e740ffc8bb72059b83c74d9940ddc8fb4884:
DEBUG: ran git fetch --unshallow origin 6fa1b710ec501771e99548ea4277a1cd77d6abe0: dfc6e740ffc8bb72059b83c74d9940ddc8fb4884: in 
DEBUG: LC_ALL=C JX_LOG_LEVEL=error git branch
DEBUG: LC_ALL=C JX_LOG_LEVEL=error git checkout master
DEBUG: ran git checkout master in 
DEBUG: LC_ALL=C JX_LOG_LEVEL=error git reset --hard dfc6e740ffc8bb72059b83c74d9940ddc8fb4884
DEBUG: ran git reset --hard dfc6e740ffc8bb72059b83c74d9940ddc8fb4884 in 
DEBUG: LC_ALL=C JX_LOG_LEVEL=error git clean -fd .
DEBUG: ran clean --force -d . in 
DEBUG: LC_ALL=C JX_LOG_LEVEL=error git merge 6fa1b710ec501771e99548ea4277a1cd77d6abe0
DEBUG: ran git merge 6fa1b710ec501771e99548ea4277a1cd77d6abe0 in 
DEBUG: LC_ALL=C JX_LOG_LEVEL=error git log --format=%H%x1f%an%x1f%ae%x1f%cn%x1f%ce%x1f%s%n%b%x1e dfc6e740ffc8bb72059b83c74d9940ddc8fb4884..HEAD
Merged SHA 6fa1b710ec501771e99548ea4277a1cd77d6abe0 with commit message 'final fixes' into base branch master
Merged SHA 00bd2812dc9ec7e9a726d0696100a012de86dfae with commit message 'Add summary metrics to executor' into base branch master

Showing logs for build [32mseldonio-seldon-core-pr-2922-in-cr5xj-2[0m stage [32mpr-build-comment[0m and container [32mstep-step2[0m
+++ dirname ./add-pr-build-comment
++ cd .
++ pwd
+ STARTUP_DIR=/workspace/source/ci
+ REPO_OWNER=SeldonIO
+ REPO_NAME=seldon-core
+ PULL_NUMBER=2922
+ BUILD_NUMBER=2
+ PIPELINE_CONTEXT=integration
++ cat
+++ date
+ COMMENT_MSG='Wed Feb  3 17:38:44 UTC 2021
The logs for [integration] [2] will show after the pipeline context has finished.  
https://github.com/SeldonIO/seldon-core/blob/gh-pages/jenkins-x/logs/SeldonIO/seldon-core/PR-2922/2.log

impatient try  
** get build logs SeldonIO/seldon-core/PR-2922 --build=2'
+ ** step pr comment --owner=SeldonIO --repository=seldon-core --pull-request=2922 '--comment=Wed Feb  3 17:38:44 UTC 2021
The logs for [integration] [2] will show after the pipeline context has finished.  
https://github.com/SeldonIO/seldon-core/blob/gh-pages/jenkins-x/logs/SeldonIO/seldon-core/PR-2922/2.log

impatient try  
** get build logs SeldonIO/seldon-core/PR-2922 --build=2'

Showing logs for build [32mseldonio-seldon-core-pr-2922-in-cr5xj-2[0m stage [32mpr-build-comment[0m and container [32mstep-source-mkdir-seldonio-seldon-core-pr-2922-in-cr5xj-brxwk[0m
{"level":"info","ts":1612373926.5391793,"logger":"fallback-logger","caller":"logging/config.go:69","msg":"Fetch GitHub commit ID from kodata failed: open /var/run/ko/HEAD: no such file or directory"}
{"level":"info","ts":1612373926.6823702,"logger":"fallback-logger","caller":"bash/main.go:64","msg":"Successfully executed command \"sh -c mkdir -p /pvc/pr-build-comment/workspace\"; output "}

Showing logs for build [32mseldonio-seldon-core-pr-2922-in-cr5xj-2[0m stage [32mpr-build-comment[0m and container [32mstep-source-copy-seldonio-seldon-core-pr-2922-in-cr5xj-8nfjh[0m
{"level":"info","ts":1612373926.7720659,"logger":"fallback-logger","caller":"logging/config.go:69","msg":"Fetch GitHub commit ID from kodata failed: open /var/run/ko/HEAD: no such file or directory"}
{"level":"info","ts":1612373927.518007,"logger":"fallback-logger","caller":"bash/main.go:64","msg":"Successfully executed command \"sh -c cp -r source/. /pvc/pr-build-comment/workspace\"; output "}

Showing logs for build [32mseldonio-seldon-core-pr-2922-in-cr5xj-2[0m stage [32mend-to-end[0m and container [32mstep-credential-initializer-2rwjp[0m
{"level":"info","ts":1612373958.8818748,"logger":"fallback-logger","caller":"logging/config.go:69","msg":"Fetch GitHub commit ID from kodata failed: open /var/run/ko/refs/heads/0.8.0-ns-support: no such file or directory"}
{"level":"info","ts":1612373958.8823094,"logger":"fallback-logger","caller":"creds-init/main.go:40","msg":"Credentials initialized."}

Showing logs for build [32mseldonio-seldon-core-pr-2922-in-cr5xj-2[0m stage [32mend-to-end[0m and container [32mstep-working-dir-initializer-8g8sj[0m
{"level":"info","ts":1612373959.9432292,"logger":"fallback-logger","caller":"logging/config.go:69","msg":"Fetch GitHub commit ID from kodata failed: open /var/run/ko/HEAD: no such file or directory"}
{"level":"info","ts":1612373959.9444804,"logger":"fallback-logger","caller":"bash/main.go:64","msg":"Successfully executed command \"sh -c mkdir -p /workspace/source\"; output "}

Showing logs for build [32mseldonio-seldon-core-pr-2922-in-cr5xj-2[0m stage [32mend-to-end[0m and container [32mstep-place-tools[0m

Showing logs for build [32mseldonio-seldon-core-pr-2922-in-cr5xj-2[0m stage [32mend-to-end[0m and container [32mstep-create-dir-workspace-22l89[0m
{"level":"info","ts":1612373972.0539334,"logger":"fallback-logger","caller":"logging/config.go:69","msg":"Fetch GitHub commit ID from kodata failed: open /var/run/ko/HEAD: no such file or directory"}
{"level":"info","ts":1612373972.055225,"logger":"fallback-logger","caller":"bash/main.go:64","msg":"Successfully executed command \"sh -c mkdir -p /workspace/source\"; output "}

Showing logs for build [32mseldonio-seldon-core-pr-2922-in-cr5xj-2[0m stage [32mend-to-end[0m and container [32mstep-source-copy-workspace-ms2k7[0m
{"level":"info","ts":1612373972.2910058,"logger":"fallback-logger","caller":"logging/config.go:69","msg":"Fetch GitHub commit ID from kodata failed: open /var/run/ko/HEAD: no such file or directory"}
{"level":"info","ts":1612373972.9741857,"logger":"fallback-logger","caller":"bash/main.go:64","msg":"Successfully executed command \"sh -c cp -r /pvc/pr-build-comment/workspace/. /workspace/source\"; output "}

Showing logs for build [32mseldonio-seldon-core-pr-2922-in-cr5xj-2[0m stage [32mend-to-end[0m and container [32mstep-setup-builder-home[0m

Showing logs for build [32mseldonio-seldon-core-pr-2922-in-cr5xj-2[0m stage [32mend-to-end[0m and container [32mstep-test-end-to-end[0m
Test run type is: [base]
Starting Docker: docker.
kind create cluster --config ../resources/kind_config.yaml
Creating cluster "kind" ...
 • Ensuring node image (kindest/node:v1.16.3) 🖼  ...
 ✓ Ensuring node image (kindest/node:v1.16.3) 🖼
 • Preparing nodes 📦  ...
 ✓ Preparing nodes 📦
 • Writing configuration 📜  ...
 ✓ Writing configuration 📜
 • Starting control-plane 🕹️  ...
 ✓ Starting control-plane 🕹️
 • Installing CNI 🔌  ...
 ✓ Installing CNI 🔌
 • Installing StorageClass 💾  ...
 ✓ Installing StorageClass 💾
 • Joining worker nodes 🚜  ...
 ✓ Joining worker nodes 🚜
Set kubectl context to "kind-kind"
You can now use your cluster with:

kubectl cluster-info --context kind-kind

Have a question, bug, or feature request? Let us know! https://kind.sigs.k8s.io/#community 🙂
`kind get kubeconfig-path` is deprecated!

KIND will export and merge kubeconfig like kops, minikube, etc.
This command is now unnecessary and will be removed in a future release.

For more info see: https://github.com/kubernetes-sigs/kind/issues/1060
See also the output of `kind create cluster`

Files changed in python folder:
SKIPPING PYTHON IMAGE BUILD...
Files changed in operator folder:
SKIPPING OPERATOR IMAGE BUILD...
Files changed in engine folder:
SKIPPING ENGINE IMAGE BUILD...
Files changed in executor folder:
executor/api/metric/client.go
executor/api/metric/constants.go
executor/api/metric/server.go
executor/api/rest/client.go
executor/api/rest/server.go
executor/samples/local/metrics/Makefile
executor/samples/local/metrics/model.yaml
cd ../../executor && make kind-image-install
make[1]: Entering directory '/workspace/source/executor'
rm -rf _operator
cp -r ../operator _operator
go fmt ./api/... ./predictor/... ./k8s/... ./logger/...
go: downloading github.com/opentracing/opentracing-go v1.2.0
go: downloading google.golang.org/grpc v1.32.0
go: downloading github.com/grpc-ecosystem/go-grpc-middleware v1.2.1
go: downloading github.com/go-logr/logr v0.1.0
go: downloading github.com/golang/protobuf v1.4.2
go: downloading sigs.k8s.io/controller-runtime v0.6.4
go: downloading github.com/uber/jaeger-client-go v2.25.0+incompatible
go: downloading github.com/prometheus/client_golang v1.7.1
go: downloading golang.org/x/xerrors v0.0.0-20200804184101-5ec99f83aff1
go: downloading google.golang.org/protobuf v1.25.0
go: downloading github.com/confluentinc/confluent-kafka-go v1.4.2
go: downloading github.com/cloudevents/sdk-go v1.2.0
go: downloading github.com/prometheus/common v0.14.0
go: downloading github.com/cespare/xxhash v1.1.0
go: downloading github.com/prometheus/procfs v0.1.3
go: downloading github.com/cespare/xxhash/v2 v2.1.1
go: downloading google.golang.org/genproto v0.0.0-20200731012542-8145dea6a485
go: downloading go.opencensus.io v0.22.4
go: downloading go.uber.org/zap v1.16.0
go: downloading golang.org/x/net v0.0.0-20201202161906-c7110b5ffcbb
go: downloading github.com/pkg/errors v0.9.1
go: downloading github.com/ghodss/yaml v1.0.0
go: downloading k8s.io/apimachinery v0.18.8
go: downloading github.com/beorn7/perks v1.0.1
go: downloading github.com/prometheus/client_model v0.2.0
go: downloading github.com/lightstep/tracecontext.go v0.0.0-20181129014701-1757c391b1ac
go: downloading github.com/gorilla/mux v1.8.0
go: downloading go.uber.org/multierr v1.5.0
go: downloading github.com/uber/jaeger-lib v2.2.0+incompatible
go: downloading github.com/spf13/pflag v1.0.5
go: downloading github.com/matttproud/golang_protobuf_extensions v1.0.1
go: downloading github.com/google/uuid v1.1.2
go: downloading gopkg.in/yaml.v2 v2.4.0
go: downloading github.com/kedacore/keda v0.0.0-20200911122749-717aab81817f
go: downloading github.com/go-logr/zapr v0.1.1
go: downloading k8s.io/api v0.18.8
go: downloading gomodules.xyz/jsonpatch/v2 v2.1.0
go: downloading golang.org/x/sys v0.0.0-20200930185726-fdedc70b468f
go: downloading github.com/golang/groupcache v0.0.0-20200121045136-8c9f03a8e57e
go: downloading k8s.io/client-go v0.18.8
go: downloading go.uber.org/atomic v1.6.0
go: downloading k8s.io/klog v1.0.0
go: downloading k8s.io/utils v0.0.0-20200603063816-c1c6865ac451
go: downloading github.com/gogo/protobuf v1.3.1
go: downloading github.com/hashicorp/golang-lru v0.5.4
go: downloading sigs.k8s.io/structured-merge-diff v1.0.1
go: downloading github.com/json-iterator/go v1.1.10
go: downloading knative.dev/pkg v0.0.0-20200911145400-2d4efecc6bc1
go: downloading github.com/fsnotify/fsnotify v1.4.9
go: downloading golang.org/x/text v0.3.3
go: downloading github.com/modern-go/reflect2 v1.0.1
go: downloading github.com/modern-go/concurrent v0.0.0-20180306012644-bacd9c7ef1dd
go: downloading k8s.io/apiextensions-apiserver v0.18.8
go: downloading sigs.k8s.io/yaml v1.2.0
go: downloading golang.org/x/crypto v0.0.0-20200728195943-123391ffb6de
go: downloading sigs.k8s.io/structured-merge-diff/v3 v3.0.1-0.20200706213357-43c19bbb7fba
go: downloading github.com/evanphx/json-patch v4.9.0+incompatible
go: downloading github.com/google/gofuzz v1.1.0
go: downloading github.com/davecgh/go-spew v1.1.1
go: downloading github.com/google/go-cmp v0.5.4
go: downloading gopkg.in/inf.v0 v0.9.1
go: downloading k8s.io/klog/v2 v2.0.0
go: downloading golang.org/x/time v0.0.0-20200630173020-3af7569d3a1e
go: downloading github.com/googleapis/gnostic v0.4.0
go: downloading golang.org/x/oauth2 v0.0.0-20200107190931-bf48bf16ab8d
go: downloading k8s.io/kube-openapi v0.0.0-20200410145947-bcb3869e6f29
go: downloading github.com/imdario/mergo v0.3.11
go vet ./api/... ./predictor/... ./k8s/... ./logger/...
go: downloading github.com/onsi/gomega v1.10.4
go: downloading gotest.tools v2.2.0+incompatible
go test ./api/... ./predictor/... ./k8s/... ./logger/... -coverprofile cover.out
?   	github.com/seldonio/seldon-core/executor/api	[no test files]
?   	github.com/seldonio/seldon-core/executor/api/client	[no test files]
ok  	github.com/seldonio/seldon-core/executor/api/grpc	0.045s	coverage: 18.0% of statements
?   	github.com/seldonio/seldon-core/executor/api/grpc/kfserving	[no test files]
?   	github.com/seldonio/seldon-core/executor/api/grpc/kfserving/inference	[no test files]
ok  	github.com/seldonio/seldon-core/executor/api/grpc/seldon	1.168s	coverage: 48.1% of statements
?   	github.com/seldonio/seldon-core/executor/api/grpc/seldon/proto	[no test files]
?   	github.com/seldonio/seldon-core/executor/api/grpc/seldon/test	[no test files]
ok  	github.com/seldonio/seldon-core/executor/api/grpc/tensorflow	0.210s	coverage: 19.0% of statements
ok  	github.com/seldonio/seldon-core/executor/api/kafka	0.062s	coverage: 1.2% of statements
ok  	github.com/seldonio/seldon-core/executor/api/metric	0.405s	coverage: 26.7% of statements
ok  	github.com/seldonio/seldon-core/executor/api/payload	0.046s	coverage: 64.3% of statements
ok  	github.com/seldonio/seldon-core/executor/api/rest	1.101s	coverage: 63.0% of statements
?   	github.com/seldonio/seldon-core/executor/api/test	[no test files]
ok  	github.com/seldonio/seldon-core/executor/api/tracing	0.149s	coverage: 72.2% of statements
ok  	github.com/seldonio/seldon-core/executor/api/util	0.018s	coverage: 38.0% of statements
ok  	github.com/seldonio/seldon-core/executor/predictor	0.091s	coverage: 68.2% of statements
ok  	github.com/seldonio/seldon-core/executor/k8s	0.007s	coverage: 72.7% of statements
?   	github.com/seldonio/seldon-core/executor/logger	[no test files]
mkdir -p api/rest/openapi/
cp ../openapi/swagger-ui/* api/rest/openapi/
cp ../openapi/engine.oas3.json api/rest/openapi/seldon.json
docker build -f Dockerfile.executor -t seldonio/seldon-core-executor:1.6.0-dev .
Sending build context to Docker daemon  24.09MB
Step 1/27 : FROM golang:1.13 as builder
unauthorized: authentication required
make[1]: *** [Makefile:93: docker-build] Error 1
make[1]: Leaving directory '/workspace/source/executor'
make: *** [Makefile:25: kind_build_executor] Error 2
Executor build returned errors
kind delete cluster
Deleting cluster "kind" ...
Stopping Docker: dockerProgram process in pidfile '/var/run/docker-ssd.pid', 1 process(es), refused to die.
[31m
Pipeline failed on stage 'end-to-end' : container 'step-test-end-to-end'. The execution of the pipeline has stopped.[0m
