
Showing logs for build [32mseldonio-seldon-core-pr-1448-li-tgrq5-2[0m stage [32mpr-build-comment[0m and container [32mstep-credential-initializer-xjj9b[0m
{"level":"warn","ts":1581780613.422069,"logger":"fallback-logger","caller":"logging/config.go:69","msg":"Fetch GitHub commit ID from kodata failed: \"ref: refs/heads/0.8.0-**-support-backwards-incompats\" is not a valid GitHub commit ID"}
{"level":"info","ts":1581780613.4225533,"logger":"fallback-logger","caller":"creds-init/main.go:40","msg":"Credentials initialized."}

Showing logs for build [32mseldonio-seldon-core-pr-1448-li-tgrq5-2[0m stage [32mpr-build-comment[0m and container [32mstep-working-dir-initializer-g7q9t[0m
{"level":"warn","ts":1581780614.4099412,"logger":"fallback-logger","caller":"logging/config.go:69","msg":"Fetch GitHub commit ID from kodata failed: open /var/run/ko/HEAD: no such file or directory"}
{"level":"info","ts":1581780614.4113765,"logger":"fallback-logger","caller":"bash/main.go:64","msg":"Successfully executed command \"sh -c mkdir -p /workspace/source\"; output "}

Showing logs for build [32mseldonio-seldon-core-pr-1448-li-tgrq5-2[0m stage [32mpr-build-comment[0m and container [32mstep-place-tools[0m

Showing logs for build [32mseldonio-seldon-core-pr-1448-li-tgrq5-2[0m stage [32mpr-build-comment[0m and container [32mstep-create-dir-workspace-cbhzf[0m
{"level":"warn","ts":1581780619.4833446,"logger":"fallback-logger","caller":"logging/config.go:69","msg":"Fetch GitHub commit ID from kodata failed: open /var/run/ko/HEAD: no such file or directory"}
{"level":"info","ts":1581780619.4847052,"logger":"fallback-logger","caller":"bash/main.go:64","msg":"Successfully executed command \"sh -c mkdir -p source\"; output "}

Showing logs for build [32mseldonio-seldon-core-pr-1448-li-tgrq5-2[0m stage [32mpr-build-comment[0m and container [32mstep-git-source-seldonio-seldon-core-pr-1448-li-rn6bx[0m
{"level":"warn","ts":1581780619.6936731,"logger":"fallback-logger","caller":"logging/config.go:69","msg":"Fetch GitHub commit ID from kodata failed: \"ref: refs/heads/0.8.0-**-support-backwards-incompats\" is not a valid GitHub commit ID"}
{"level":"info","ts":1581780622.9784355,"logger":"fallback-logger","caller":"git/git.go:103","msg":"Successfully cloned https://github.com/SeldonIO/seldon-core.git @ master in path /workspace/source"}

Showing logs for build [32mseldonio-seldon-core-pr-1448-li-tgrq5-2[0m stage [32mpr-build-comment[0m and container [32mstep-git-merge[0m
Using SHAs from PULL_REFS=master:25778017d9f571e5be0be1a3bae7e163ced8ea4a,1448:a3f8057a9578c9cbef58abd64cbcc08fce1b5a34
DEBUG: ran git fetch --unshallow origin a3f8057a9578c9cbef58abd64cbcc08fce1b5a34: 25778017d9f571e5be0be1a3bae7e163ced8ea4a: in 
DEBUG: ran git checkout master in 
DEBUG: ran git reset --hard 25778017d9f571e5be0be1a3bae7e163ced8ea4a in 
DEBUG: ran clean --force -d . in 
DEBUG: ran git merge a3f8057a9578c9cbef58abd64cbcc08fce1b5a34 in 
Merged SHA a3f8057a9578c9cbef58abd64cbcc08fce1b5a34 with commit message 'Update income explainer resource examples' into base branch master

Showing logs for build [32mseldonio-seldon-core-pr-1448-li-tgrq5-2[0m stage [32mpr-build-comment[0m and container [32mstep-step2[0m
+++ dirname ./add-pr-build-comment
++ cd .
++ pwd
+ STARTUP_DIR=/workspace/source/ci
+ REPO_OWNER=SeldonIO
+ REPO_NAME=seldon-core
+ PULL_NUMBER=1448
+ BUILD_NUMBER=2
+ PIPELINE_CONTEXT=lint
++ cat
+++ date
+ COMMENT_MSG='Sat Feb 15 15:30:30 UTC 2020
The logs for [lint] [2] will show after the pipeline context has finished.  
https://github.com/SeldonIO/seldon-core/blob/gh-pages/jenkins-x/logs/SeldonIO/seldon-core/PR-1448/2.log

impatient try  
** get build logs SeldonIO/seldon-core/PR-1448 --build=2'
+ ** step pr comment --owner=SeldonIO --repository=seldon-core --pull-request=1448 '--comment=Sat Feb 15 15:30:30 UTC 2020
The logs for [lint] [2] will show after the pipeline context has finished.  
https://github.com/SeldonIO/seldon-core/blob/gh-pages/jenkins-x/logs/SeldonIO/seldon-core/PR-1448/2.log

impatient try  
** get build logs SeldonIO/seldon-core/PR-1448 --build=2'

Showing logs for build [32mseldonio-seldon-core-pr-1448-li-tgrq5-2[0m stage [32mpr-build-comment[0m and container [32mstep-source-mkdir-seldonio-seldon-core-pr-1448-li-8w92s[0m
{"level":"warn","ts":1581780632.3522842,"logger":"fallback-logger","caller":"logging/config.go:69","msg":"Fetch GitHub commit ID from kodata failed: open /var/run/ko/HEAD: no such file or directory"}
{"level":"info","ts":1581780632.3562944,"logger":"fallback-logger","caller":"bash/main.go:64","msg":"Successfully executed command \"sh -c mkdir -p /pvc/pr-build-comment/workspace\"; output "}

Showing logs for build [32mseldonio-seldon-core-pr-1448-li-tgrq5-2[0m stage [32mpr-build-comment[0m and container [32mstep-source-copy-seldonio-seldon-core-pr-1448-li-bcjfs[0m
{"level":"warn","ts":1581780632.5949216,"logger":"fallback-logger","caller":"logging/config.go:69","msg":"Fetch GitHub commit ID from kodata failed: open /var/run/ko/HEAD: no such file or directory"}
{"level":"info","ts":1581780633.1141858,"logger":"fallback-logger","caller":"bash/main.go:64","msg":"Successfully executed command \"sh -c cp -r source/. /pvc/pr-build-comment/workspace\"; output "}

Showing logs for build [32mseldonio-seldon-core-pr-1448-li-tgrq5-2[0m stage [32mpython-lint-task[0m and container [32mstep-credential-initializer-rck2s[0m
{"level":"warn","ts":1581780636.0312114,"logger":"fallback-logger","caller":"logging/config.go:69","msg":"Fetch GitHub commit ID from kodata failed: \"ref: refs/heads/0.8.0-**-support-backwards-incompats\" is not a valid GitHub commit ID"}
{"level":"info","ts":1581780636.0315864,"logger":"fallback-logger","caller":"creds-init/main.go:40","msg":"Credentials initialized."}

Showing logs for build [32mseldonio-seldon-core-pr-1448-li-tgrq5-2[0m stage [32mpython-lint-task[0m and container [32mstep-working-dir-initializer-72v8m[0m
{"level":"warn","ts":1581780636.3769395,"logger":"fallback-logger","caller":"logging/config.go:69","msg":"Fetch GitHub commit ID from kodata failed: open /var/run/ko/HEAD: no such file or directory"}
{"level":"info","ts":1581780636.378577,"logger":"fallback-logger","caller":"bash/main.go:64","msg":"Successfully executed command \"sh -c mkdir -p /workspace/source\"; output "}

Showing logs for build [32mseldonio-seldon-core-pr-1448-li-tgrq5-2[0m stage [32mpython-lint-task[0m and container [32mstep-place-tools[0m

Showing logs for build [32mseldonio-seldon-core-pr-1448-li-tgrq5-2[0m stage [32mpython-lint-task[0m and container [32mstep-create-dir-workspace-7q5gd[0m
{"level":"warn","ts":1581780644.4058232,"logger":"fallback-logger","caller":"logging/config.go:69","msg":"Fetch GitHub commit ID from kodata failed: open /var/run/ko/HEAD: no such file or directory"}
{"level":"info","ts":1581780644.4073408,"logger":"fallback-logger","caller":"bash/main.go:64","msg":"Successfully executed command \"sh -c mkdir -p /workspace/source\"; output "}

Showing logs for build [32mseldonio-seldon-core-pr-1448-li-tgrq5-2[0m stage [32mpython-lint-task[0m and container [32mstep-source-copy-workspace-r5d2k[0m
{"level":"warn","ts":1581780644.6262515,"logger":"fallback-logger","caller":"logging/config.go:69","msg":"Fetch GitHub commit ID from kodata failed: open /var/run/ko/HEAD: no such file or directory"}
{"level":"info","ts":1581780644.9119632,"logger":"fallback-logger","caller":"bash/main.go:64","msg":"Successfully executed command \"sh -c cp -r /pvc/pr-build-comment/workspace/. /workspace/source\"; output "}

Showing logs for build [32mseldonio-seldon-core-pr-1448-li-tgrq5-2[0m stage [32mpython-lint-task[0m and container [32mstep-python-lint[0m
make: Entering directory '/workspace/source/python'
pip install black==19.3b0
Collecting black==19.3b0
  Downloading black-19.3b0-py36-none-any.whl (89 kB)
Collecting attrs>=18.1.0
  Downloading attrs-19.3.0-py2.py3-none-any.whl (39 kB)
Collecting appdirs
  Downloading appdirs-1.4.3-py2.py3-none-any.whl (12 kB)
Collecting click>=6.5
  Downloading Click-7.0-py2.py3-none-any.whl (81 kB)
Collecting toml>=0.9.4
  Downloading toml-0.10.0-py2.py3-none-any.whl (25 kB)
Installing collected packages: attrs, appdirs, click, toml, black
Successfully installed appdirs-1.4.3 attrs-19.3.0 black-19.3b0 click-7.0 toml-0.10.0
black \
	--check ./ ../testing \
	--exclude "(testing/scripts/proto|seldon_core/proto/|.eggs|.tox)"
All done! ✨ 🍰 ✨
55 files would be left unchanged.
make: Leaving directory '/workspace/source/python'
