
Showing logs for build [32mmeta-seldonio-seldon-core-pr-14-bq9xj-1[0m stage [32mmeta-pipeline[0m and container [32mstep-credential-initializer-8f888[0m
{"level":"warn","ts":1581062961.256269,"logger":"fallback-logger","caller":"logging/config.go:69","msg":"Fetch GitHub commit ID from kodata failed: \"ref: refs/heads/0.8.0-**-support-backwards-incompats\" is not a valid GitHub commit ID"}
{"level":"info","ts":1581062961.2568884,"logger":"fallback-logger","caller":"creds-init/main.go:40","msg":"Credentials initialized."}

Showing logs for build [32mmeta-seldonio-seldon-core-pr-14-bq9xj-1[0m stage [32mmeta-pipeline[0m and container [32mstep-working-dir-initializer-stkk4[0m
{"level":"warn","ts":1581062963.3015797,"logger":"fallback-logger","caller":"logging/config.go:69","msg":"Fetch GitHub commit ID from kodata failed: open /var/run/ko/HEAD: no such file or directory"}
{"level":"info","ts":1581062963.302844,"logger":"fallback-logger","caller":"bash/main.go:64","msg":"Successfully executed command \"sh -c mkdir -p /workspace/source\"; output "}

Showing logs for build [32mmeta-seldonio-seldon-core-pr-14-bq9xj-1[0m stage [32mmeta-pipeline[0m and container [32mstep-place-tools[0m

Showing logs for build [32mmeta-seldonio-seldon-core-pr-14-bq9xj-1[0m stage [32mmeta-pipeline[0m and container [32mstep-git-source-meta-seldonio-seldon-core-pr-14-cr4zr[0m
{"level":"warn","ts":1581062979.2165763,"logger":"fallback-logger","caller":"logging/config.go:69","msg":"Fetch GitHub commit ID from kodata failed: \"ref: refs/heads/0.8.0-**-support-backwards-incompats\" is not a valid GitHub commit ID"}
{"level":"info","ts":1581062982.5698743,"logger":"fallback-logger","caller":"git/git.go:103","msg":"Successfully cloned https://github.com/SeldonIO/seldon-core.git @ 9e81a0067ca9fd7a18a41b32e37e5e0e68cb076c in path /workspace/source"}

Showing logs for build [32mmeta-seldonio-seldon-core-pr-14-bq9xj-1[0m stage [32mmeta-pipeline[0m and container [32mstep-git-merge[0m
Using SHAs from PULL_REFS=master:9e81a0067ca9fd7a18a41b32e37e5e0e68cb076c,1414:150f1f6206a8d14062029311795e0b06d087b003
DEBUG: ran git fetch --unshallow origin 150f1f6206a8d14062029311795e0b06d087b003: 9e81a0067ca9fd7a18a41b32e37e5e0e68cb076c: in 
DEBUG: ran git checkout master in 
DEBUG: ran git reset --hard 9e81a0067ca9fd7a18a41b32e37e5e0e68cb076c in 
DEBUG: ran clean --force -d . in 
error: error during merge: merging 150f1f6206a8d14062029311795e0b06d087b003 into master: git output: Auto-merging helm-charts/seldon-core-operator/values.yaml
CONFLICT (content): Merge conflict in helm-charts/seldon-core-operator/values.yaml
Auto-merging helm-charts/seldon-core-operator/templates/deployment_seldon-controller-manager.yaml
Automatic merge failed; fix conflicts and then commit the result.: failed to run 'git merge 150f1f6206a8d14062029311795e0b06d087b003' command in directory '', output: 'Auto-merging helm-charts/seldon-core-operator/values.yaml
CONFLICT (content): Merge conflict in helm-charts/seldon-core-operator/values.yaml
Auto-merging helm-charts/seldon-core-operator/templates/deployment_seldon-controller-manager.yaml
Automatic merge failed; fix conflicts and then commit the result.'
[31m
Pipeline failed on stage 'meta-pipeline' : container 'step-git-merge'. The execution of the pipeline has stopped.[0m
