
Showing logs for build [32mseldonio-seldon-core-pr-1414-li-5nl6m-7[0m stage [32mpr-build-comment[0m and container [32mstep-credential-initializer-k6vc9[0m
{"level":"warn","ts":1581517248.7227187,"logger":"fallback-logger","caller":"logging/config.go:69","msg":"Fetch GitHub commit ID from kodata failed: \"ref: refs/heads/0.8.0-**-support-backwards-incompats\" is not a valid GitHub commit ID"}
{"level":"info","ts":1581517248.723148,"logger":"fallback-logger","caller":"creds-init/main.go:40","msg":"Credentials initialized."}

Showing logs for build [32mseldonio-seldon-core-pr-1414-li-5nl6m-7[0m stage [32mpr-build-comment[0m and container [32mstep-working-dir-initializer-jw2ng[0m
{"level":"warn","ts":1581517249.3095376,"logger":"fallback-logger","caller":"logging/config.go:69","msg":"Fetch GitHub commit ID from kodata failed: open /var/run/ko/HEAD: no such file or directory"}
{"level":"info","ts":1581517249.3113961,"logger":"fallback-logger","caller":"bash/main.go:64","msg":"Successfully executed command \"sh -c mkdir -p /workspace/source\"; output "}

Showing logs for build [32mseldonio-seldon-core-pr-1414-li-5nl6m-7[0m stage [32mpr-build-comment[0m and container [32mstep-place-tools[0m

Showing logs for build [32mseldonio-seldon-core-pr-1414-li-5nl6m-7[0m stage [32mpr-build-comment[0m and container [32mstep-create-dir-workspace-h284j[0m
{"level":"warn","ts":1581517254.4334455,"logger":"fallback-logger","caller":"logging/config.go:69","msg":"Fetch GitHub commit ID from kodata failed: open /var/run/ko/HEAD: no such file or directory"}
{"level":"info","ts":1581517254.4349751,"logger":"fallback-logger","caller":"bash/main.go:64","msg":"Successfully executed command \"sh -c mkdir -p source\"; output "}

Showing logs for build [32mseldonio-seldon-core-pr-1414-li-5nl6m-7[0m stage [32mpr-build-comment[0m and container [32mstep-git-source-seldonio-seldon-core-pr-1414-li-45f4c[0m
{"level":"warn","ts":1581517254.6701448,"logger":"fallback-logger","caller":"logging/config.go:69","msg":"Fetch GitHub commit ID from kodata failed: \"ref: refs/heads/0.8.0-**-support-backwards-incompats\" is not a valid GitHub commit ID"}
{"level":"info","ts":1581517258.0021088,"logger":"fallback-logger","caller":"git/git.go:103","msg":"Successfully cloned https://github.com/SeldonIO/seldon-core.git @ master in path /workspace/source"}

Showing logs for build [32mseldonio-seldon-core-pr-1414-li-5nl6m-7[0m stage [32mpr-build-comment[0m and container [32mstep-git-merge[0m
Using SHAs from PULL_REFS=master:9acb6708ec02700102c3108f81d78115f143aaa6,1414:ade3ee813a811b05855788ce179f92ff78d18ad7
DEBUG: ran git fetch --unshallow origin ade3ee813a811b05855788ce179f92ff78d18ad7: 9acb6708ec02700102c3108f81d78115f143aaa6: in 
DEBUG: ran git checkout master in 
DEBUG: ran git reset --hard 9acb6708ec02700102c3108f81d78115f143aaa6 in 
DEBUG: ran clean --force -d . in 
DEBUG: ran git merge ade3ee813a811b05855788ce179f92ff78d18ad7 in 
Merged SHA 3f87d0c65c59a9e4b9342ef4b21e14114d428c65 with commit message 'Merge commit 'ade3ee813a811b05855788ce179f92ff78d18ad7'' into base branch master
Merged SHA ade3ee813a811b05855788ce179f92ff78d18ad7 with commit message 'Merge branch 'master' into 1411_kubeflow_req' into base branch master
Merged SHA 150f1f6206a8d14062029311795e0b06d087b003 with commit message 'webhook changes for kubeflow' into base branch master
Merged SHA c9f6db41be9fbf1b023628bcece707c9e71a05d8 with commit message 'kubeflow requirements' into base branch master

Showing logs for build [32mseldonio-seldon-core-pr-1414-li-5nl6m-7[0m stage [32mpr-build-comment[0m and container [32mstep-step2[0m
+++ dirname ./add-pr-build-comment
++ cd .
++ pwd
+ STARTUP_DIR=/workspace/source/ci
+ REPO_OWNER=SeldonIO
+ REPO_NAME=seldon-core
+ PULL_NUMBER=1414
+ BUILD_NUMBER=7
+ PIPELINE_CONTEXT=lint
++ cat
+++ date
+ COMMENT_MSG='Wed Feb 12 14:21:05 UTC 2020
The logs for [lint] [7] will show after the pipeline context has finished.  
https://github.com/SeldonIO/seldon-core/blob/gh-pages/jenkins-x/logs/SeldonIO/seldon-core/PR-1414/7.log

impatient try  
** get build logs SeldonIO/seldon-core/PR-1414 --build=7'
+ ** step pr comment --owner=SeldonIO --repository=seldon-core --pull-request=1414 '--comment=Wed Feb 12 14:21:05 UTC 2020
The logs for [lint] [7] will show after the pipeline context has finished.  
https://github.com/SeldonIO/seldon-core/blob/gh-pages/jenkins-x/logs/SeldonIO/seldon-core/PR-1414/7.log

impatient try  
** get build logs SeldonIO/seldon-core/PR-1414 --build=7'

Showing logs for build [32mseldonio-seldon-core-pr-1414-li-5nl6m-7[0m stage [32mpr-build-comment[0m and container [32mstep-source-mkdir-seldonio-seldon-core-pr-1414-li-zq7l9[0m
{"level":"warn","ts":1581517267.6639109,"logger":"fallback-logger","caller":"logging/config.go:69","msg":"Fetch GitHub commit ID from kodata failed: open /var/run/ko/HEAD: no such file or directory"}
{"level":"info","ts":1581517267.667616,"logger":"fallback-logger","caller":"bash/main.go:64","msg":"Successfully executed command \"sh -c mkdir -p /pvc/pr-build-comment/workspace\"; output "}

Showing logs for build [32mseldonio-seldon-core-pr-1414-li-5nl6m-7[0m stage [32mpr-build-comment[0m and container [32mstep-source-copy-seldonio-seldon-core-pr-1414-li-6hzj4[0m
{"level":"warn","ts":1581517267.8800306,"logger":"fallback-logger","caller":"logging/config.go:69","msg":"Fetch GitHub commit ID from kodata failed: open /var/run/ko/HEAD: no such file or directory"}
{"level":"info","ts":1581517268.1271129,"logger":"fallback-logger","caller":"bash/main.go:64","msg":"Successfully executed command \"sh -c cp -r source/. /pvc/pr-build-comment/workspace\"; output "}

Showing logs for build [32mseldonio-seldon-core-pr-1414-li-5nl6m-7[0m stage [32mpython-lint-task[0m and container [32mstep-credential-initializer-g9588[0m
{"level":"warn","ts":1581517283.165088,"logger":"fallback-logger","caller":"logging/config.go:69","msg":"Fetch GitHub commit ID from kodata failed: \"ref: refs/heads/0.8.0-**-support-backwards-incompats\" is not a valid GitHub commit ID"}
{"level":"info","ts":1581517283.1654975,"logger":"fallback-logger","caller":"creds-init/main.go:40","msg":"Credentials initialized."}

Showing logs for build [32mseldonio-seldon-core-pr-1414-li-5nl6m-7[0m stage [32mpython-lint-task[0m and container [32mstep-working-dir-initializer-l9xzj[0m
{"level":"warn","ts":1581517284.399842,"logger":"fallback-logger","caller":"logging/config.go:69","msg":"Fetch GitHub commit ID from kodata failed: open /var/run/ko/HEAD: no such file or directory"}
{"level":"info","ts":1581517284.4013588,"logger":"fallback-logger","caller":"bash/main.go:64","msg":"Successfully executed command \"sh -c mkdir -p /workspace/source\"; output "}

Showing logs for build [32mseldonio-seldon-core-pr-1414-li-5nl6m-7[0m stage [32mpython-lint-task[0m and container [32mstep-place-tools[0m

Showing logs for build [32mseldonio-seldon-core-pr-1414-li-5nl6m-7[0m stage [32mpython-lint-task[0m and container [32mstep-create-dir-workspace-cxdgz[0m
{"level":"warn","ts":1581517288.73807,"logger":"fallback-logger","caller":"logging/config.go:69","msg":"Fetch GitHub commit ID from kodata failed: open /var/run/ko/HEAD: no such file or directory"}
{"level":"info","ts":1581517288.740149,"logger":"fallback-logger","caller":"bash/main.go:64","msg":"Successfully executed command \"sh -c mkdir -p /workspace/source\"; output "}

Showing logs for build [32mseldonio-seldon-core-pr-1414-li-5nl6m-7[0m stage [32mpython-lint-task[0m and container [32mstep-source-copy-workspace-zb67z[0m
{"level":"warn","ts":1581517289.0874805,"logger":"fallback-logger","caller":"logging/config.go:69","msg":"Fetch GitHub commit ID from kodata failed: open /var/run/ko/HEAD: no such file or directory"}
{"level":"info","ts":1581517291.148316,"logger":"fallback-logger","caller":"bash/main.go:64","msg":"Successfully executed command \"sh -c cp -r /pvc/pr-build-comment/workspace/. /workspace/source\"; output "}

Showing logs for build [32mseldonio-seldon-core-pr-1414-li-5nl6m-7[0m stage [32mpython-lint-task[0m and container [32mstep-python-lint[0m
make: Entering directory '/workspace/source/python'
pip install black==19.3b0
Collecting black==19.3b0
  Downloading black-19.3b0-py36-none-any.whl (89 kB)
Collecting appdirs
  Downloading appdirs-1.4.3-py2.py3-none-any.whl (12 kB)
Collecting click>=6.5
  Downloading Click-7.0-py2.py3-none-any.whl (81 kB)
Collecting attrs>=18.1.0
  Downloading attrs-19.3.0-py2.py3-none-any.whl (39 kB)
Collecting toml>=0.9.4
  Downloading toml-0.10.0-py2.py3-none-any.whl (25 kB)
Installing collected packages: appdirs, click, attrs, toml, black
Successfully installed appdirs-1.4.3 attrs-19.3.0 black-19.3b0 click-7.0 toml-0.10.0
black \
	--check ./ ../testing \
	--exclude "(testing/scripts/proto|seldon_core/proto/|.eggs|.tox)"
All done! ✨ 🍰 ✨
54 files would be left unchanged.
make: Leaving directory '/workspace/source/python'
