
Showing logs for build [32mmeta-seldonio-seldon-core-v1-5-m6fzs-3[0m stage [32mmeta-pipeline[0m and container [32mstep-credential-initializer-lfkjm[0m
{"level":"info","ts":1606497728.51815,"logger":"fallback-logger","caller":"logging/config.go:69","msg":"Fetch GitHub commit ID from kodata failed: open /var/run/ko/refs/heads/0.8.0-ns-support: no such file or directory"}
{"level":"info","ts":1606497728.521116,"logger":"fallback-logger","caller":"creds-init/main.go:40","msg":"Credentials initialized."}

Showing logs for build [32mmeta-seldonio-seldon-core-v1-5-m6fzs-3[0m stage [32mmeta-pipeline[0m and container [32mstep-working-dir-initializer-zng8d[0m
{"level":"info","ts":1606497730.329022,"logger":"fallback-logger","caller":"logging/config.go:69","msg":"Fetch GitHub commit ID from kodata failed: open /var/run/ko/HEAD: no such file or directory"}
{"level":"info","ts":1606497730.3305194,"logger":"fallback-logger","caller":"bash/main.go:64","msg":"Successfully executed command \"sh -c mkdir -p /workspace/source\"; output "}

Showing logs for build [32mmeta-seldonio-seldon-core-v1-5-m6fzs-3[0m stage [32mmeta-pipeline[0m and container [32mstep-place-tools[0m

Showing logs for build [32mmeta-seldonio-seldon-core-v1-5-m6fzs-3[0m stage [32mmeta-pipeline[0m and container [32mstep-git-source-meta-seldonio-seldon-core-v1-5-m6fzs-rmrsg[0m
{"level":"info","ts":1606497739.5428357,"logger":"fallback-logger","caller":"logging/config.go:69","msg":"Fetch GitHub commit ID from kodata failed: open /var/run/ko/refs/heads/0.8.0-ns-support: no such file or directory"}
{"level":"info","ts":1606497745.7151902,"logger":"fallback-logger","caller":"git/git.go:103","msg":"Successfully cloned https://github.com/SeldonIO/seldon-core.git @ 1c0126569d7b1d406cf4b6cb818b31feab439a04 in path /workspace/source"}

Showing logs for build [32mmeta-seldonio-seldon-core-v1-5-m6fzs-3[0m stage [32mmeta-pipeline[0m and container [32mstep-setup-builder-home[0m
Unable to retrieve container logs for docker://e01f6d1bf8003c5086f73d5c19a8e87b943a8bc7ff821d67d452c50ded526420

Showing logs for build [32mmeta-seldonio-seldon-core-v1-5-m6fzs-3[0m stage [32mmeta-pipeline[0m and container [32mstep-git-merge[0m
Unable to retrieve container logs for docker://02923e473e468bfa435f260fff6332781a245dce5e44ab751a748e6a0ca45704

Showing logs for build [32mmeta-seldonio-seldon-core-v1-5-m6fzs-3[0m stage [32mmeta-pipeline[0m and container [32mstep-merge-pull-refs[0m
Unable to retrieve container logs for docker://e1a2fefda2b5b6611155996244d25f9864cac40aecda6911f112e3d48baec1bd

Showing logs for build [32mmeta-seldonio-seldon-core-v1-5-m6fzs-3[0m stage [32mmeta-pipeline[0m and container [32mstep-create-effective-pipeline[0m
Unable to retrieve container logs for docker://c71e793afec55da43fbe5070c2f39a35136b5eb6741d2fe25ce5976f2a76f982
[31m
Pipeline failed on stage 'meta-pipeline' : container 'step-create-effective-pipeline'. The execution of the pipeline has stopped.[0m
