
Showing logs for build [32mseldonio-seldon-core-pr-2506-li-qs6jx-2[0m stage [32mpr-build-comment[0m and container [32mstep-credential-initializer-vhlg2[0m
{"level":"info","ts":1601549501.3567939,"logger":"fallback-logger","caller":"logging/config.go:69","msg":"Fetch GitHub commit ID from kodata failed: open /var/run/ko/refs/heads/0.8.0-ns-support: no such file or directory"}
{"level":"info","ts":1601549501.3577719,"logger":"fallback-logger","caller":"creds-init/main.go:40","msg":"Credentials initialized."}

Showing logs for build [32mseldonio-seldon-core-pr-2506-li-qs6jx-2[0m stage [32mpr-build-comment[0m and container [32mstep-working-dir-initializer-qmww8[0m
{"level":"info","ts":1601549502.35425,"logger":"fallback-logger","caller":"logging/config.go:69","msg":"Fetch GitHub commit ID from kodata failed: open /var/run/ko/HEAD: no such file or directory"}
{"level":"info","ts":1601549502.356531,"logger":"fallback-logger","caller":"bash/main.go:64","msg":"Successfully executed command \"sh -c mkdir -p /workspace/source\"; output "}

Showing logs for build [32mseldonio-seldon-core-pr-2506-li-qs6jx-2[0m stage [32mpr-build-comment[0m and container [32mstep-place-tools[0m

Showing logs for build [32mseldonio-seldon-core-pr-2506-li-qs6jx-2[0m stage [32mpr-build-comment[0m and container [32mstep-create-dir-workspace-f28rn[0m
{"level":"info","ts":1601549508.5270276,"logger":"fallback-logger","caller":"logging/config.go:69","msg":"Fetch GitHub commit ID from kodata failed: open /var/run/ko/HEAD: no such file or directory"}
{"level":"info","ts":1601549508.5305648,"logger":"fallback-logger","caller":"bash/main.go:64","msg":"Successfully executed command \"sh -c mkdir -p source\"; output "}

Showing logs for build [32mseldonio-seldon-core-pr-2506-li-qs6jx-2[0m stage [32mpr-build-comment[0m and container [32mstep-git-source-seldonio-seldon-core-pr-2506-li-qs6jx-wzmhj[0m
{"level":"info","ts":1601549508.8455174,"logger":"fallback-logger","caller":"logging/config.go:69","msg":"Fetch GitHub commit ID from kodata failed: open /var/run/ko/refs/heads/0.8.0-ns-support: no such file or directory"}
{"level":"info","ts":1601549513.982794,"logger":"fallback-logger","caller":"git/git.go:103","msg":"Successfully cloned https://github.com/SeldonIO/seldon-core.git @ master in path /workspace/source"}

Showing logs for build [32mseldonio-seldon-core-pr-2506-li-qs6jx-2[0m stage [32mpr-build-comment[0m and container [32mstep-setup-builder-home[0m

Showing logs for build [32mseldonio-seldon-core-pr-2506-li-qs6jx-2[0m stage [32mpr-build-comment[0m and container [32mstep-git-merge[0m
Using SHAs from PULL_REFS=master:472ca7a8547fd675233d0d3a453e729149f15082,2506:fadff4cbfa3a17a5e33377a1ddd682d320aa6970
DEBUG: JX_LOG_LEVEL=error LC_ALL=C git fetch origin --unshallow fadff4cbfa3a17a5e33377a1ddd682d320aa6970: 472ca7a8547fd675233d0d3a453e729149f15082:
DEBUG: ran git fetch --unshallow origin fadff4cbfa3a17a5e33377a1ddd682d320aa6970: 472ca7a8547fd675233d0d3a453e729149f15082: in 
DEBUG: LC_ALL=C JX_LOG_LEVEL=error git branch
DEBUG: LC_ALL=C JX_LOG_LEVEL=error git checkout master
DEBUG: ran git checkout master in 
DEBUG: LC_ALL=C JX_LOG_LEVEL=error git reset --hard 472ca7a8547fd675233d0d3a453e729149f15082
DEBUG: ran git reset --hard 472ca7a8547fd675233d0d3a453e729149f15082 in 
DEBUG: JX_LOG_LEVEL=error LC_ALL=C git clean -fd .
DEBUG: ran clean --force -d . in 
DEBUG: LC_ALL=C JX_LOG_LEVEL=error git merge fadff4cbfa3a17a5e33377a1ddd682d320aa6970
DEBUG: ran git merge fadff4cbfa3a17a5e33377a1ddd682d320aa6970 in 
DEBUG: LC_ALL=C JX_LOG_LEVEL=error git log --format=%H%x1f%an%x1f%ae%x1f%cn%x1f%ce%x1f%s%n%b%x1e 472ca7a8547fd675233d0d3a453e729149f15082..HEAD
Merged SHA ddc1310c7f1f62c2d3320418f96caa15f185e5d2 with commit message 'Merge commit 'fadff4cbfa3a17a5e33377a1ddd682d320aa6970'' into base branch master
Merged SHA fadff4cbfa3a17a5e33377a1ddd682d320aa6970 with commit message 'fix comment' into base branch master
Merged SHA 24b7754ff033e995de45b5ad7e1710029ba92a21 with commit message 'Add KEDA support for seldon-core' into base branch master

Showing logs for build [32mseldonio-seldon-core-pr-2506-li-qs6jx-2[0m stage [32mpr-build-comment[0m and container [32mstep-step2[0m
+++ dirname ./add-pr-build-comment
++ cd .
++ pwd
+ STARTUP_DIR=/workspace/source/ci
+ REPO_OWNER=SeldonIO
+ REPO_NAME=seldon-core
+ PULL_NUMBER=2506
+ BUILD_NUMBER=2
+ PIPELINE_CONTEXT=lint
++ cat
+++ date
+ COMMENT_MSG='Thu Oct  1 10:52:07 UTC 2020
The logs for [lint] [2] will show after the pipeline context has finished.  
https://github.com/SeldonIO/seldon-core/blob/gh-pages/jenkins-x/logs/SeldonIO/seldon-core/PR-2506/2.log

impatient try  
** get build logs SeldonIO/seldon-core/PR-2506 --build=2'
+ ** step pr comment --owner=SeldonIO --repository=seldon-core --pull-request=2506 '--comment=Thu Oct  1 10:52:07 UTC 2020
The logs for [lint] [2] will show after the pipeline context has finished.  
https://github.com/SeldonIO/seldon-core/blob/gh-pages/jenkins-x/logs/SeldonIO/seldon-core/PR-2506/2.log

impatient try  
** get build logs SeldonIO/seldon-core/PR-2506 --build=2'

Showing logs for build [32mseldonio-seldon-core-pr-2506-li-qs6jx-2[0m stage [32mpr-build-comment[0m and container [32mstep-source-mkdir-seldonio-seldon-core-pr-2506-li-qs6jx-b22xs[0m
{"level":"info","ts":1601549530.1984143,"logger":"fallback-logger","caller":"logging/config.go:69","msg":"Fetch GitHub commit ID from kodata failed: open /var/run/ko/HEAD: no such file or directory"}
{"level":"info","ts":1601549530.204382,"logger":"fallback-logger","caller":"bash/main.go:64","msg":"Successfully executed command \"sh -c mkdir -p /pvc/pr-build-comment/workspace\"; output "}

Showing logs for build [32mseldonio-seldon-core-pr-2506-li-qs6jx-2[0m stage [32mpr-build-comment[0m and container [32mstep-source-copy-seldonio-seldon-core-pr-2506-li-qs6jx-v26tr[0m
{"level":"info","ts":1601549530.5092428,"logger":"fallback-logger","caller":"logging/config.go:69","msg":"Fetch GitHub commit ID from kodata failed: open /var/run/ko/HEAD: no such file or directory"}
{"level":"info","ts":1601549531.174166,"logger":"fallback-logger","caller":"bash/main.go:64","msg":"Successfully executed command \"sh -c cp -r source/. /pvc/pr-build-comment/workspace\"; output "}

Showing logs for build [32mseldonio-seldon-core-pr-2506-li-qs6jx-2[0m stage [32mlint-operator[0m and container [32mstep-credential-initializer-7ldb4[0m
{"level":"info","ts":1601549535.2847292,"logger":"fallback-logger","caller":"logging/config.go:69","msg":"Fetch GitHub commit ID from kodata failed: open /var/run/ko/refs/heads/0.8.0-ns-support: no such file or directory"}
{"level":"info","ts":1601549535.2855303,"logger":"fallback-logger","caller":"creds-init/main.go:40","msg":"Credentials initialized."}

Showing logs for build [32mseldonio-seldon-core-pr-2506-li-qs6jx-2[0m stage [32mlint-operator[0m and container [32mstep-working-dir-initializer-msz6x[0m
{"level":"info","ts":1601549536.4122078,"logger":"fallback-logger","caller":"logging/config.go:69","msg":"Fetch GitHub commit ID from kodata failed: open /var/run/ko/HEAD: no such file or directory"}
{"level":"info","ts":1601549536.4150045,"logger":"fallback-logger","caller":"bash/main.go:64","msg":"Successfully executed command \"sh -c mkdir -p /workspace/source\"; output "}

Showing logs for build [32mseldonio-seldon-core-pr-2506-li-qs6jx-2[0m stage [32mlint-operator[0m and container [32mstep-place-tools[0m

Showing logs for build [32mseldonio-seldon-core-pr-2506-li-qs6jx-2[0m stage [32mlint-operator[0m and container [32mstep-create-dir-workspace-bx7b9[0m
{"level":"info","ts":1601549625.0866635,"logger":"fallback-logger","caller":"logging/config.go:69","msg":"Fetch GitHub commit ID from kodata failed: open /var/run/ko/HEAD: no such file or directory"}
{"level":"info","ts":1601549625.0916035,"logger":"fallback-logger","caller":"bash/main.go:64","msg":"Successfully executed command \"sh -c mkdir -p /workspace/source\"; output "}

Showing logs for build [32mseldonio-seldon-core-pr-2506-li-qs6jx-2[0m stage [32mlint-operator[0m and container [32mstep-source-copy-workspace-nkhkm[0m
{"level":"info","ts":1601549625.4526448,"logger":"fallback-logger","caller":"logging/config.go:69","msg":"Fetch GitHub commit ID from kodata failed: open /var/run/ko/HEAD: no such file or directory"}
{"level":"info","ts":1601549628.1978042,"logger":"fallback-logger","caller":"bash/main.go:64","msg":"Successfully executed command \"sh -c cp -r /pvc/pr-build-comment/workspace/. /workspace/source\"; output "}

Showing logs for build [32mseldonio-seldon-core-pr-2506-li-qs6jx-2[0m stage [32mlint-operator[0m and container [32mstep-setup-builder-home[0m

Showing logs for build [32mseldonio-seldon-core-pr-2506-li-qs6jx-2[0m stage [32mlint-operator[0m and container [32mstep-lint-operator[0m
make: Entering directory '/workspace/source/operator'
go list -m all | cut -d ' ' -f 1 > licenses/dep.txt
# Check if licenses have changed
git \
	--no-pager diff \
	--exit-code \
	./licenses
diff --git a/operator/licenses/dep.txt b/operator/licenses/dep.txt
index ce4c5c72..efbc1b91 100644
--- a/operator/licenses/dep.txt
+++ b/operator/licenses/dep.txt
@@ -1,29 +1,136 @@
 github.com/seldonio/seldon-core/operator
+bazil.org/fuse
 cloud.google.com/go
+cloud.google.com/go/bigquery
+cloud.google.com/go/datastore
+cloud.google.com/go/firestore
+cloud.google.com/go/logging
+cloud.google.com/go/pubsub
+cloud.google.com/go/storage
+code.gitea.io/sdk/gitea
+contrib.go.opencensus.io/exporter/aws
+contrib.go.opencensus.io/exporter/ocagent
+contrib.go.opencensus.io/exporter/prometheus
+contrib.go.opencensus.io/exporter/stackdriver
+contrib.go.opencensus.io/exporter/zipkin
+contrib.go.opencensus.io/integrations/ocsql
+contrib.go.opencensus.io/resource
+dmitri.shuralyov.com/gpu/mtl
+git.apache.org/thrift.git
+github.com/Azure/azure-amqp-common-go
+github.com/Azure/azure-amqp-common-go/v2
+github.com/Azure/azure-amqp-common-go/v3
+github.com/Azure/azure-event-hubs-go
+github.com/Azure/azure-pipeline-go
+github.com/Azure/azure-sdk-for-go
+github.com/Azure/azure-service-bus-go
+github.com/Azure/azure-storage-blob-go
+github.com/Azure/azure-storage-queue-go
+github.com/Azure/go-amqp
 github.com/Azure/go-ansiterm
 github.com/Azure/go-autorest
 github.com/Azure/go-autorest/autorest
 github.com/Azure/go-autorest/autorest/adal
+github.com/Azure/go-autorest/autorest/azure/auth
+github.com/Azure/go-autorest/autorest/azure/cli
 github.com/Azure/go-autorest/autorest/date
 github.com/Azure/go-autorest/autorest/mocks
+github.com/Azure/go-autorest/autorest/to
+github.com/Azure/go-autorest/autorest/validation
 github.com/Azure/go-autorest/logger
 github.com/Azure/go-autorest/tracing
 github.com/BurntSushi/toml
+github.com/BurntSushi/xgb
+github.com/DataDog/zstd
+github.com/Djarvur/go-err113
+github.com/GoogleCloudPlatform/cloud-builders/gcs-fetcher
+github.com/GoogleCloudPlatform/cloudsql-proxy
+github.com/GoogleCloudPlatform/k8s-cloud-provider
+github.com/GoogleCloudPlatform/testgrid
+github.com/Huawei/gophercloud
+github.com/MakeNowJust/heredoc
+github.com/Masterminds/goutils
+github.com/Masterminds/semver
+github.com/Masterminds/semver/v3
+github.com/Masterminds/sprig/v3
+github.com/Masterminds/vcs
+github.com/Microsoft/go-winio
+github.com/Microsoft/hcsshim
 github.com/NYTimes/gziphandler
+github.com/OneOfOne/xxhash
+github.com/OpenPeeDeeP/depguard
 github.com/PuerkitoBio/purell
 github.com/PuerkitoBio/urlesc
+github.com/Shopify/logrus-bugsnag
+github.com/Shopify/sarama
+github.com/Shopify/toxiproxy
+github.com/StackExchange/wmi
 github.com/agnivade/levenshtein
+github.com/alcortesm/tgz
+github.com/alecthomas/kingpin
 github.com/alecthomas/template
 github.com/alecthomas/units
 github.com/andreyvit/diff
+github.com/andybalholm/brotli
+github.com/andygrunwald/go-gerrit
+github.com/anmitsu/go-shlex
+github.com/antihax/optional
+github.com/apache/thrift
+github.com/apex/log
+github.com/apex/logs
+github.com/aphistic/golf
+github.com/aphistic/sweet
+github.com/armon/circbuf
 github.com/armon/consul-api
+github.com/armon/go-metrics
+github.com/armon/go-radix
+github.com/armon/go-socks5
 github.com/asaskevich/govalidator
+github.com/aws/aws-k8s-tester
+github.com/aws/aws-sdk-go
+github.com/aybabtme/rgbterm
+github.com/bazelbuild/buildtools
 github.com/beorn7/perks
 github.com/bgentry/speakeasy
+github.com/bitly/go-simplejson
+github.com/bketelsen/crypt
+github.com/blakesmith/ar
 github.com/blang/semver
+github.com/bmizerany/assert
+github.com/bmizerany/perks
+github.com/bombsimon/wsl/v2
+github.com/bombsimon/wsl/v3
+github.com/bshuster-repo/logrus-logstash-hook
+github.com/bugsnag/bugsnag-go
+github.com/bugsnag/osext
+github.com/bugsnag/panicwrap
+github.com/bwmarrin/snowflake
+github.com/caarlos0/ctrlc
+github.com/campoy/unique
+github.com/cavaliercoder/go-cpio
 github.com/census-instrumentation/opencensus-proto
+github.com/cespare/xxhash
+github.com/cespare/xxhash/v2
+github.com/chai2010/gettext-go
+github.com/chzyer/logex
+github.com/chzyer/readline
+github.com/chzyer/test
+github.com/cihub/seelog
+github.com/clarketm/json
 github.com/client9/misspell
+github.com/cloudevents/sdk-go
+github.com/cloudevents/sdk-go/v2
+github.com/cncf/udpa/go
 github.com/cockroachdb/datadriven
+github.com/containerd/cgroups
+github.com/containerd/console
+github.com/containerd/containerd
+github.com/containerd/continuity
+github.com/containerd/fifo
+github.com/containerd/go-runc
+github.com/containerd/ttrpc
+github.com/containerd/typeurl
+github.com/coreos/bbolt
 github.com/coreos/etcd
 github.com/coreos/go-etcd
 github.com/coreos/go-oidc
@@ -31,27 +138,70 @@ github.com/coreos/go-semver
 github.com/coreos/go-systemd
 github.com/coreos/pkg
 github.com/cpuguy83/go-md2man
+github.com/cpuguy83/go-md2man/v2
 github.com/creack/pty
+github.com/cyphar/filepath-securejoin
 github.com/davecgh/go-spew
+github.com/daviddengcn/go-colortext
+github.com/deislabs/oras
+github.com/denisenkom/go-mssqldb
+github.com/denverdino/aliyungo
+github.com/devigned/tab
 github.com/dgrijalva/jwt-go
+github.com/dgryski/go-gk
+github.com/dgryski/go-sip13
+github.com/dimchansky/utfbom
+github.com/djherbis/atime
+github.com/dnaeon/go-vcr
+github.com/docker/cli
+github.com/docker/distribution
 github.com/docker/docker
+github.com/docker/docker-credential-helpers
+github.com/docker/go-connections
+github.com/docker/go-metrics
 github.com/docker/go-units
+github.com/docker/libtrust
 github.com/docker/spdystream
 github.com/docopt/docopt-go
+github.com/dsnet/compress
+github.com/dsnet/golib
 github.com/dustin/go-humanize
+github.com/eapache/go-resiliency
+github.com/eapache/go-xerial-snappy
+github.com/eapache/queue
 github.com/elazarl/goproxy
 github.com/emicklei/go-restful
+github.com/emicklei/go-restful-swagger12
+github.com/emirpasic/gods
 github.com/envoyproxy/go-control-plane
 github.com/envoyproxy/protoc-gen-validate
+github.com/erikstmartin/go-testdb
 github.com/evanphx/json-patch
+github.com/exponent-io/jsonpath
+github.com/fatih/camelcase
 github.com/fatih/color
+github.com/fatih/structs
+github.com/flynn/go-shlex
+github.com/fortytw2/leaktest
+github.com/frankban/quicktest
 github.com/fsnotify/fsnotify
+github.com/fsouza/fake-gcs-server
+github.com/garyburd/redigo
 github.com/ghodss/yaml
+github.com/gliderlabs/ssh
 github.com/globalsign/mgo
+github.com/go-bindata/go-bindata/v3
+github.com/go-critic/go-critic
+github.com/go-gl/glfw
+github.com/go-gl/glfw/v3.3/glfw
+github.com/go-ini/ini
 github.com/go-kit/kit
+github.com/go-ldap/ldap
+github.com/go-lintpack/lintpack
 github.com/go-logfmt/logfmt
 github.com/go-logr/logr
 github.com/go-logr/zapr
+github.com/go-ole/go-ole
 github.com/go-openapi/analysis
 github.com/go-openapi/errors
 github.com/go-openapi/jsonpointer
@@ -62,103 +212,372 @@ github.com/go-openapi/spec
 github.com/go-openapi/strfmt
 github.com/go-openapi/swag
 github.com/go-openapi/validate
+github.com/go-redis/redis
+github.com/go-sql-driver/mysql
 github.com/go-stack/stack
+github.com/go-test/deep
+github.com/go-toolsmith/astcast
+github.com/go-toolsmith/astcopy
+github.com/go-toolsmith/astequal
+github.com/go-toolsmith/astfmt
+github.com/go-toolsmith/astinfo
+github.com/go-toolsmith/astp
+github.com/go-toolsmith/pkgload
+github.com/go-toolsmith/strparse
+github.com/go-toolsmith/typep
+github.com/go-xmlfmt/xmlfmt
+github.com/go-yaml/yaml
+github.com/gobuffalo/envy
+github.com/gobwas/glob
+github.com/godbus/dbus
+github.com/gofrs/flock
+github.com/gogo/googleapis
 github.com/gogo/protobuf
+github.com/golang-sql/civil
+github.com/golang/gddo
 github.com/golang/glog
 github.com/golang/groupcache
+github.com/golang/lint
 github.com/golang/mock
 github.com/golang/protobuf
+github.com/golang/snappy
+github.com/golangci/check
+github.com/golangci/dupl
+github.com/golangci/errcheck
+github.com/golangci/go-misc
+github.com/golangci/goconst
+github.com/golangci/gocyclo
+github.com/golangci/gofmt
+github.com/golangci/golangci-lint
+github.com/golangci/ineffassign
+github.com/golangci/lint-1
+github.com/golangci/maligned
+github.com/golangci/misspell
+github.com/golangci/prealloc
+github.com/golangci/revgrep
+github.com/golangci/unconvert
+github.com/golangplus/bytes
+github.com/golangplus/fmt
+github.com/golangplus/testing
+github.com/gomodule/redigo
 github.com/google/btree
 github.com/google/go-cmp
+github.com/google/go-containerregistry
+github.com/google/go-github
+github.com/google/go-github/v27
+github.com/google/go-github/v28
+github.com/google/go-github/v29
+github.com/google/go-licenses
+github.com/google/go-querystring
+github.com/google/go-replayers/grpcreplay
+github.com/google/go-replayers/httpreplay
 github.com/google/gofuzz
+github.com/google/licenseclassifier
+github.com/google/mako
 github.com/google/martian
+github.com/google/martian/v3
 github.com/google/pprof
 github.com/google/renameio
+github.com/google/rpmpack
+github.com/google/subcommands
 github.com/google/uuid
+github.com/google/wire
+github.com/googleapis/gax-go
 github.com/googleapis/gax-go/v2
 github.com/googleapis/gnostic
+github.com/gookit/color
 github.com/gophercloud/gophercloud
+github.com/gopherjs/gopherjs
+github.com/goreleaser/goreleaser
+github.com/goreleaser/nfpm
+github.com/gorilla/context
+github.com/gorilla/csrf
+github.com/gorilla/handlers
+github.com/gorilla/mux
+github.com/gorilla/securecookie
+github.com/gorilla/sessions
 github.com/gorilla/websocket
+github.com/gostaticanalysis/analysisutil
+github.com/gosuri/uitable
+github.com/gotestyourself/gotestyourself
 github.com/gregjones/httpcache
 github.com/grpc-ecosystem/go-grpc-middleware
 github.com/grpc-ecosystem/go-grpc-prometheus
 github.com/grpc-ecosystem/grpc-gateway
+github.com/h2non/gock
+github.com/hashicorp/consul/api
+github.com/hashicorp/consul/sdk
+github.com/hashicorp/errwrap
+github.com/hashicorp/go-cleanhttp
+github.com/hashicorp/go-hclog
+github.com/hashicorp/go-immutable-radix
+github.com/hashicorp/go-msgpack
+github.com/hashicorp/go-multierror
+github.com/hashicorp/go-plugin
+github.com/hashicorp/go-retryablehttp
+github.com/hashicorp/go-rootcerts
+github.com/hashicorp/go-sockaddr
+github.com/hashicorp/go-syslog
+github.com/hashicorp/go-uuid
+github.com/hashicorp/go-version
+github.com/hashicorp/go.net
 github.com/hashicorp/golang-lru
 github.com/hashicorp/hcl
+github.com/hashicorp/logutils
+github.com/hashicorp/mdns
+github.com/hashicorp/memberlist
+github.com/hashicorp/serf
+github.com/hashicorp/vault/api
+github.com/hashicorp/vault/sdk
+github.com/hashicorp/yamux
 github.com/hpcloud/tail
+github.com/huandu/xstrings
+github.com/ianlancetaylor/demangle
 github.com/imdario/mergo
 github.com/inconshreveable/mousetrap
+github.com/influxdata/influxdb
+github.com/influxdata/tdigest
+github.com/jarcoal/httpmock
+github.com/jbenet/go-context
+github.com/jcmturner/gofork
+github.com/jenkins-x/go-scm
 github.com/jessevdk/go-flags
+github.com/jingyugao/rowserrcheck
+github.com/jinzhu/gorm
+github.com/jinzhu/inflection
+github.com/jinzhu/now
+github.com/jirfag/go-printf-func-name
+github.com/jmespath/go-jmespath
+github.com/jmoiron/sqlx
+github.com/joefitzgerald/rainbow-reporter
+github.com/joho/godotenv
 github.com/jonboulle/clockwork
+github.com/jpillora/backoff
 github.com/json-iterator/go
 github.com/jstemmer/go-junit-report
+github.com/jtolds/gls
 github.com/julienschmidt/httprouter
+github.com/kballard/go-shellquote
+github.com/kedacore/keda
+github.com/kelseyhightower/envconfig
+github.com/kevinburke/ssh_config
 github.com/kisielk/errcheck
 github.com/kisielk/gotool
+github.com/klauspost/compress
+github.com/klauspost/cpuid
+github.com/klauspost/pgzip
+github.com/knative/build
 github.com/konsorten/go-windows-terminal-sequences
 github.com/kr/logfmt
 github.com/kr/pretty
 github.com/kr/pty
 github.com/kr/text
+github.com/kubernetes-incubator/custom-metrics-apiserver
+github.com/lib/pq
+github.com/liggitt/tabwriter
+github.com/lightstep/tracecontext.go
+github.com/lithammer/dedent
+github.com/logrusorgru/aurora
+github.com/lyft/protoc-gen-validate
 github.com/magiconair/properties
 github.com/mailru/easyjson
+github.com/maratori/testpackage
+github.com/markbates/inflect
+github.com/marstr/guid
+github.com/matoous/godox
+github.com/mattbaird/jsonpatch
 github.com/mattn/go-colorable
+github.com/mattn/go-ieproxy
 github.com/mattn/go-isatty
 github.com/mattn/go-runewidth
+github.com/mattn/go-shellwords
+github.com/mattn/go-sqlite3
+github.com/mattn/go-zglob
+github.com/mattn/goveralls
 github.com/matttproud/golang_protobuf_extensions
+github.com/maxbrunsfeld/counterfeiter/v6
+github.com/mgutz/ansi
+github.com/mholt/archiver/v3
+github.com/miekg/dns
+github.com/mitchellh/cli
+github.com/mitchellh/copystructure
 github.com/mitchellh/go-homedir
+github.com/mitchellh/go-ps
+github.com/mitchellh/go-testing-interface
+github.com/mitchellh/go-wordwrap
+github.com/mitchellh/gox
+github.com/mitchellh/hashstructure
+github.com/mitchellh/iochan
+github.com/mitchellh/ioprogress
 github.com/mitchellh/mapstructure
+github.com/mitchellh/osext
+github.com/mitchellh/reflectwalk
 github.com/modern-go/concurrent
 github.com/modern-go/reflect2
+github.com/mohae/deepcopy
+github.com/morikuni/aec
+github.com/mozilla/tls-observatory
 github.com/munnerz/goautoneg
 github.com/mwitkow/go-conntrack
 github.com/mxk/go-flowrate
+github.com/nakabonne/nestif
+github.com/natefinch/lumberjack
+github.com/nats-io/gnatsd
+github.com/nats-io/go-nats
+github.com/nats-io/jwt
+github.com/nats-io/nats-server/v2
+github.com/nats-io/nats.go
+github.com/nats-io/nkeys
+github.com/nats-io/nuid
+github.com/nbio/st
+github.com/nbutton23/zxcvbn-go
+github.com/ncw/swift
+github.com/niemeyer/pretty
+github.com/nwaples/rardecode
 github.com/nxadm/tail
+github.com/octago/sflags
+github.com/oklog/run
+github.com/oklog/ulid
 github.com/olekukonko/tablewriter
 github.com/onsi/ginkgo
 github.com/onsi/gomega
+github.com/op/go-logging
+github.com/opencontainers/go-digest
+github.com/opencontainers/image-spec
+github.com/opencontainers/runc
+github.com/opencontainers/runtime-spec
+github.com/opencontainers/runtime-tools
+github.com/openzipkin/zipkin-go
+github.com/otiai10/copy
+github.com/otiai10/curr
+github.com/otiai10/mint
+github.com/pascaldekloe/goe
 github.com/pborman/uuid
+github.com/pelletier/go-buffruneio
 github.com/pelletier/go-toml
 github.com/peterbourgon/diskv
+github.com/phayes/checkstyle
+github.com/phayes/freeport
+github.com/pierrec/lz4
 github.com/pkg/errors
+github.com/pkg/profile
 github.com/pmezard/go-difflib
+github.com/posener/complete
 github.com/pquerna/cachecontrol
 github.com/prometheus/client_golang
 github.com/prometheus/client_model
 github.com/prometheus/common
 github.com/prometheus/procfs
+github.com/prometheus/statsd_exporter
+github.com/prometheus/tsdb
+github.com/quasilyte/go-consistent
+github.com/quasilyte/go-ruleguard
+github.com/rcrowley/go-metrics
+github.com/remyoudompheng/bigfft
+github.com/robfig/cron/v3
 github.com/rogpeppe/fastuuid
 github.com/rogpeppe/go-internal
+github.com/rubiojr/go-vhd
 github.com/russross/blackfriday
+github.com/russross/blackfriday/v2
+github.com/ryancurrah/gomodguard
+github.com/ryanuber/columnize
+github.com/ryanuber/go-glob
+github.com/sassoftware/go-rpmutils
+github.com/satori/go.uuid
+github.com/sclevine/spec
+github.com/sean-/seed
+github.com/securego/gosec
+github.com/securego/gosec/v2
 github.com/sergi/go-diff
+github.com/shirou/gopsutil
+github.com/shirou/w32
+github.com/shurcooL/githubv4
+github.com/shurcooL/go
+github.com/shurcooL/go-goon
+github.com/shurcooL/graphql
+github.com/shurcooL/sanitized_anchor_name
 github.com/sirupsen/logrus
+github.com/smartystreets/assertions
+github.com/smartystreets/go-aws-auth
+github.com/smartystreets/goconvey
+github.com/smartystreets/gunit
 github.com/soheilhy/cmux
+github.com/sourcegraph/go-diff
+github.com/spaolacci/murmur3
 github.com/spf13/afero
 github.com/spf13/cast
 github.com/spf13/cobra
 github.com/spf13/jwalterweatherman
 github.com/spf13/pflag
 github.com/spf13/viper
+github.com/src-d/gcfg
+github.com/streadway/amqp
+github.com/streadway/quantile
 github.com/stretchr/ob**
 github.com/stretchr/testify
+github.com/subosito/gotenv
+github.com/syndtr/gocapability
+github.com/tdakkota/asciicheck
+github.com/tektoncd/pipeline
+github.com/tektoncd/plumbing
+github.com/tektoncd/plumbing/pipelinerun-logs
+github.com/tetafro/godot
+github.com/tidwall/gjson
+github.com/tidwall/match
 github.com/tidwall/pretty
+github.com/timakin/bodyclose
+github.com/tj/assert
+github.com/tj/go-elastic
+github.com/tj/go-kinesis
+github.com/tj/go-spin
 github.com/tmc/grpc-websocket-proxy
+github.com/tommy-muehle/go-mnd
+github.com/tsenart/vegeta
+github.com/ugorji/go
 github.com/ugorji/go/codec
+github.com/ulikunitz/xz
+github.com/ultraware/funlen
+github.com/ultraware/whitespace
 github.com/urfave/cli
+github.com/uudashr/gocognit
+github.com/valyala/bytebufferpool
+github.com/valyala/fasthttp
+github.com/valyala/quicktemplate
+github.com/valyala/tcplisten
+github.com/vdemeester/k8s-pkg-credentialprovider
 github.com/vektah/gqlparser
+github.com/vmware/govmomi
+github.com/xanzy/go-gitlab
+github.com/xanzy/ssh-agent
+github.com/xdg/scram
+github.com/xdg/stringprep
+github.com/xeipuuv/gojsonpointer
+github.com/xeipuuv/gojsonreference
+github.com/xeipuuv/gojsonschema
+github.com/xi2/xz
 github.com/xiang90/probing
+github.com/xlab/handysort
 github.com/xordataexchange/crypt
+github.com/yuin/goldmark
+github.com/yvasiyarov/go-metrics
+github.com/yvasiyarov/gorelic
+github.com/yvasiyarov/newrelic_platform_go
 go.etcd.io/bbolt
 go.etcd.io/etcd
 go.mongodb.org/mongo-driver
 go.opencensus.io
 go.uber.org/atomic
+go.uber.org/automaxprocs
 go.uber.org/multierr
 go.uber.org/tools
 go.uber.org/zap
+gocloud.dev
 golang.org/x/crypto
 golang.org/x/exp
+golang.org/x/image
 golang.org/x/lint
+golang.org/x/mobile
 golang.org/x/mod
 golang.org/x/net
 golang.org/x/oauth2
@@ -169,23 +588,44 @@ golang.org/x/time
 golang.org/x/tools
 golang.org/x/xerrors
 gomodules.xyz/jsonpatch/v2
+gonum.org/v1/gonum
+gonum.org/v1/netlib
 google.golang.org/api
 google.golang.org/appengine
+google.golang.org/cloud
 google.golang.org/genproto
 google.golang.org/grpc
 google.golang.org/protobuf
+gopkg.in/airbrake/gobrake.v2
 gopkg.in/alecthomas/kingpin.v2
+gopkg.in/asn1-ber.v1
 gopkg.in/check.v1
 gopkg.in/cheggaaa/pb.v1
 gopkg.in/errgo.v2
 gopkg.in/fsnotify.v1
+gopkg.in/gcfg.v1
+gopkg.in/gemnasium/logrus-airbrake-hook.v2
 gopkg.in/inf.v0
+gopkg.in/ini.v1
+gopkg.in/jcmturner/aescts.v1
+gopkg.in/jcmturner/dnsutils.v1
+gopkg.in/jcmturner/goidentity.v3
+gopkg.in/jcmturner/gokrb5.v7
+gopkg.in/jcmturner/rpc.v1
 gopkg.in/natefinch/lumberjack.v2
 gopkg.in/resty.v1
+gopkg.in/robfig/cron.v2
 gopkg.in/square/go-jose.v2
+gopkg.in/src-d/go-billy.v4
+gopkg.in/src-d/go-git-fixtures.v3
+gopkg.in/src-d/go-git.v4
 gopkg.in/tomb.v1
+gopkg.in/warnings.v0
+gopkg.in/yaml.v1
 gopkg.in/yaml.v2
+gopkg.in/yaml.v3
 gotest.tools
+helm.sh/helm/v3
 honnef.co/go/tools
 istio.io/api
 istio.io/client-go
@@ -194,17 +634,48 @@ k8s.io/api
 k8s.io/apiextensions-apiserver
 k8s.io/apimachinery
 k8s.io/apiserver
+k8s.io/cli-runtime
 k8s.io/client-go
+k8s.io/cloud-provider
 k8s.io/code-generator
 k8s.io/component-base
+k8s.io/csi-translation-lib
 k8s.io/gengo
 k8s.io/klog
 k8s.io/klog/v2
 k8s.io/kube-openapi
+k8s.io/kubectl
+k8s.io/kubernetes
+k8s.io/legacy-cloud-providers
+k8s.io/metrics
+k8s.io/test-infra
 k8s.io/utils
+knative.dev/caching
+knative.dev/eventing-contrib
 knative.dev/pkg
+knative.dev/test-infra
+modernc.org/cc
+modernc.org/golex
+modernc.org/mathutil
+modernc.org/strutil
+modernc.org/xc
+mvdan.cc/interfacer
+mvdan.cc/lint
+mvdan.cc/unparam
+mvdan.cc/xurls/v2
+pack.ag/amqp
+rsc.io/binaryregexp
+rsc.io/letsencrypt
+rsc.io/quote/v3
+rsc.io/sampler
 sigs.k8s.io/apiserver-network-proxy/konnectivity-client
+sigs.k8s.io/boskos
 sigs.k8s.io/controller-runtime
+sigs.k8s.io/kustomize
 sigs.k8s.io/structured-merge-diff
+sigs.k8s.io/structured-merge-diff/v2
 sigs.k8s.io/structured-merge-diff/v3
+sigs.k8s.io/testing_frameworks
 sigs.k8s.io/yaml
+sourcegraph.com/sqs/pbtypes
+vbom.ml/util
make: *** [Makefile:29: lint] Error 1
make: Leaving directory '/workspace/source/operator'
[31m
Pipeline failed on stage 'lint-operator' : container 'step-lint-operator'. The execution of the pipeline has stopped.[0m

Showing logs for build [32mseldonio-seldon-core-pr-2506-li-qs6jx-2[0m stage [32mlint-python[0m and container [32mstep-credential-initializer-6rtx6[0m
{"level":"info","ts":1601549534.0878792,"logger":"fallback-logger","caller":"logging/config.go:69","msg":"Fetch GitHub commit ID from kodata failed: open /var/run/ko/refs/heads/0.8.0-ns-support: no such file or directory"}
{"level":"info","ts":1601549534.0888805,"logger":"fallback-logger","caller":"creds-init/main.go:40","msg":"Credentials initialized."}

Showing logs for build [32mseldonio-seldon-core-pr-2506-li-qs6jx-2[0m stage [32mlint-python[0m and container [32mstep-working-dir-initializer-lf9q5[0m
{"level":"info","ts":1601549535.3390646,"logger":"fallback-logger","caller":"logging/config.go:69","msg":"Fetch GitHub commit ID from kodata failed: open /var/run/ko/HEAD: no such file or directory"}
{"level":"info","ts":1601549535.34165,"logger":"fallback-logger","caller":"bash/main.go:64","msg":"Successfully executed command \"sh -c mkdir -p /workspace/source\"; output "}

Showing logs for build [32mseldonio-seldon-core-pr-2506-li-qs6jx-2[0m stage [32mlint-python[0m and container [32mstep-place-tools[0m

Showing logs for build [32mseldonio-seldon-core-pr-2506-li-qs6jx-2[0m stage [32mlint-python[0m and container [32mstep-create-dir-workspace-bvhh6[0m
{"level":"info","ts":1601549549.549511,"logger":"fallback-logger","caller":"logging/config.go:69","msg":"Fetch GitHub commit ID from kodata failed: open /var/run/ko/HEAD: no such file or directory"}
{"level":"info","ts":1601549549.5528958,"logger":"fallback-logger","caller":"bash/main.go:64","msg":"Successfully executed command \"sh -c mkdir -p /workspace/source\"; output "}

Showing logs for build [32mseldonio-seldon-core-pr-2506-li-qs6jx-2[0m stage [32mlint-python[0m and container [32mstep-source-copy-workspace-sbkb8[0m
{"level":"info","ts":1601549549.8911462,"logger":"fallback-logger","caller":"logging/config.go:69","msg":"Fetch GitHub commit ID from kodata failed: open /var/run/ko/HEAD: no such file or directory"}
{"level":"info","ts":1601549550.5482488,"logger":"fallback-logger","caller":"bash/main.go:64","msg":"Successfully executed command \"sh -c cp -r /pvc/pr-build-comment/workspace/. /workspace/source\"; output "}

Showing logs for build [32mseldonio-seldon-core-pr-2506-li-qs6jx-2[0m stage [32mlint-python[0m and container [32mstep-setup-builder-home[0m

Showing logs for build [32mseldonio-seldon-core-pr-2506-li-qs6jx-2[0m stage [32mlint-python[0m and container [32mstep-lint-python[0m
make: Entering directory '/workspace/source/python'
pip install -e . -r requirements-dev.txt
Obtaining file:///workspace/source/python
Collecting black==19.10b0 (from -r requirements-dev.txt (line 2))
  Downloading https://files.pythonhosted.org/packages/fd/bb/ad34bbc93d1bea3de086d7c59e528d4a503ac8fe318bd1fa48605584c3d2/black-19.10b0-py36-none-any.whl (97kB)
Collecting flake8==3.8.1 (from -r requirements-dev.txt (line 3))
  Downloading https://files.pythonhosted.org/packages/bf/47/36e51603431e1a5289eb41636199d2c225fcb1ca286e29c02d219c8e6e88/flake8-3.8.1-py2.py3-none-any.whl (72kB)
Collecting mypy<0.783 (from -r requirements-dev.txt (line 4))
  Downloading https://files.pythonhosted.org/packages/a7/25/da35a577040effa507d465102a0e001b29279d759f46218af91985ab0392/mypy-0.782-cp37-cp37m-manylinux1_x86_64.whl (20.8MB)
Collecting Pillow==7.2.0 (from -r requirements-dev.txt (line 5))
  Downloading https://files.pythonhosted.org/packages/e8/f2/6722dd0c22e3a143ac792ccb2424924ac72af4adea756b1165b4cad50da7/Pillow-7.2.0-cp37-cp37m-manylinux1_x86_64.whl (2.2MB)
Collecting pytest==6.1.0 (from -r requirements-dev.txt (line 6))
  Downloading https://files.pythonhosted.org/packages/61/a0/d4b854d67f8ecb855c65e5c760588e78213a4acb17ac7aeb4661ff1a9b3b/pytest-6.1.0-py3-none-any.whl (272kB)
Collecting pytest-cov==2.10.1 (from -r requirements-dev.txt (line 7))
  Downloading https://files.pythonhosted.org/packages/e5/18/401594af67eda194a8b9167208621761927c937db7d60292608342bbac0a/pytest_cov-2.10.1-py2.py3-none-any.whl
Collecting tox<4.0.0 (from -r requirements-dev.txt (line 8))
  Downloading https://files.pythonhosted.org/packages/54/8f/058a8d4255a106f79fd51421a2d90ef904ab1dbed03803ea91c5c7a401dc/tox-3.20.0-py2.py3-none-any.whl (83kB)
Collecting grpcio-tools==1.32.0 (from -r requirements-dev.txt (line 9))
  Downloading https://files.pythonhosted.org/packages/5c/5b/6eb80634fa6092d696fe300644f73ecfd7c686ba1c126622ed3c2cb29bf2/grpcio-tools-1.32.0.tar.gz (2.1MB)
Collecting mypy-protobuf==1.22 (from -r requirements-dev.txt (line 10))
  Downloading https://files.pythonhosted.org/packages/ec/9c/36adfc9a4aee35f8c6ae45f91cb3ef2e041e4c9ef6be1401e369f46c47c6/mypy_protobuf-1.22-py3-none-any.whl
Collecting tenacity==6.2.0 (from -r requirements-dev.txt (line 13))
  Downloading https://files.pythonhosted.org/packages/b5/05/ff089032442058bd3386f9cd991cd88ccac81dca1494d78751621ee35e62/tenacity-6.2.0-py2.py3-none-any.whl
Collecting coverage==5.3 (from -r requirements-dev.txt (line 16))
  Downloading https://files.pythonhosted.org/packages/f9/67/cf7584c4fe27083710d3e43ffa26219b1e178a8bf506a762c76baf4937d6/coverage-5.3-cp37-cp37m-manylinux1_x86_64.whl (229kB)
Collecting pandas==1.1.0 (from -r requirements-dev.txt (line 19))
  Downloading https://files.pythonhosted.org/packages/94/b1/f77f49cc7cc538b247f30c2ae7e3a50f29e44f0b1af32ff4869d7de3c762/pandas-1.1.0-cp37-cp37m-manylinux1_x86_64.whl (10.5MB)
Collecting pip-licenses==2.3.0 (from -r requirements-dev.txt (line 22))
  Downloading https://files.pythonhosted.org/packages/c5/50/6c4b4e69a0c43bd9f03a30579695093062ba72da4e3e4026cd2144dbcc71/pip_licenses-2.3.0-py3-none-any.whl
Collecting Flask<2.0.0 (from seldon-core==1.3.0.dev0)
  Downloading https://files.pythonhosted.org/packages/f2/28/2a03252dfb9ebf377f40fba6a7841b47083260bf8bd8e737b0c6952df83f/Flask-1.1.2-py2.py3-none-any.whl (94kB)
Collecting jsonschema<4.0.0 (from seldon-core==1.3.0.dev0)
  Downloading https://files.pythonhosted.org/packages/c5/8f/51e89ce52a085483359217bc72cdbf6e75ee595d5b1d4b5ade40c7e018b8/jsonschema-3.2.0-py2.py3-none-any.whl (56kB)
Collecting Flask-cors<4.0.0 (from seldon-core==1.3.0.dev0)
  Downloading https://files.pythonhosted.org/packages/69/7f/d0aeaaafb5c3c76c8d2141dbe2d4f6dca5d6c31872d4e5349768c1958abc/Flask_Cors-3.0.9-py2.py3-none-any.whl
Collecting redis<4.0.0 (from seldon-core==1.3.0.dev0)
  Downloading https://files.pythonhosted.org/packages/a7/7c/24fb0511df653cf1a5d938d8f5d19802a88cef255706fdda242ff97e91b7/redis-3.5.3-py2.py3-none-any.whl (72kB)
Requirement already satisfied: requests<3.0.0 in /opt/conda/lib/python3.7/site-packages (from seldon-core==1.3.0.dev0) (2.21.0)
Collecting numpy<2.0.0 (from seldon-core==1.3.0.dev0)
  Downloading https://files.pythonhosted.org/packages/d6/2e/a2dbcff6f46bb65645d18538d67183a1cf56b006ba96a12575c282a976bc/numpy-1.19.2-cp37-cp37m-manylinux1_x86_64.whl (13.4MB)
Requirement already satisfied: flatbuffers<2.0.0 in /opt/conda/lib/python3.7/site-packages (from seldon-core==1.3.0.dev0) (1.11)
Requirement already satisfied: protobuf<4.0.0 in /opt/conda/lib/python3.7/site-packages (from seldon-core==1.3.0.dev0) (3.7.1)
Requirement already satisfied: grpcio<2.0.0 in /opt/conda/lib/python3.7/site-packages (from seldon-core==1.3.0.dev0) (1.20.1)
Collecting Flask-OpenTracing<1.2.0,>=1.1.0 (from seldon-core==1.3.0.dev0)
  Downloading https://files.pythonhosted.org/packages/58/6c/6417701ba5ecc8854670c6db3207bcc3e5fbc96289a7cb18d5516d99a1c6/Flask-OpenTracing-1.1.0.tar.gz
Collecting opentracing<2.4.0,>=2.2.0 (from seldon-core==1.3.0.dev0)
  Downloading https://files.pythonhosted.org/packages/e4/a8/df5285f42cd07782409d0ae835785fae6e2a0f7e8b0036ea302f1422fd25/opentracing-2.3.0.tar.gz (48kB)
Collecting jaeger-client<4.4.0,>=4.1.0 (from seldon-core==1.3.0.dev0)
  Downloading https://files.pythonhosted.org/packages/2b/75/17a937a61135671cebc175ab5c299dc0f7477042469482fd9a6f91262c68/jaeger-client-4.3.0.tar.gz (81kB)
Collecting grpcio-opentracing<1.2.0,>=1.1.4 (from seldon-core==1.3.0.dev0)
  Downloading https://files.pythonhosted.org/packages/db/82/2fcad380697c3dab25de76ee590bcab3eb9bbfb4add916044d7e83ec2b10/grpcio_opentracing-1.1.4-py3-none-any.whl
Collecting PyYAML<5.4 (from seldon-core==1.3.0.dev0)
  Downloading https://files.pythonhosted.org/packages/64/c2/b80047c7ac2478f9501676c988a5411ed5572f35d1beff9cae07d321512c/PyYAML-5.3.1.tar.gz (269kB)
Collecting gunicorn<20.1.0,>=19.9.0 (from seldon-core==1.3.0.dev0)
  Downloading https://files.pythonhosted.org/packages/69/ca/926f7cd3a2014b16870086b2d0fdc84a9e49473c68a8dff8b57f7c156f43/gunicorn-20.0.4-py2.py3-none-any.whl (77kB)
Collecting setuptools>=41.0.0 (from seldon-core==1.3.0.dev0)
  Downloading https://files.pythonhosted.org/packages/44/a6/7fb6e8b3f4a6051e72e4e2218889351f0ee484b9ee17e995f5ccff780300/setuptools-50.3.0-py3-none-any.whl (785kB)
Collecting prometheus_client<0.9.0,>=0.7.1 (from seldon-core==1.3.0.dev0)
  Downloading https://files.pythonhosted.org/packages/3f/0e/554a265ffdc56e1494ef08e18f765b0cdec78797f510c58c45cf37abb4f4/prometheus_client-0.8.0-py2.py3-none-any.whl (53kB)
Collecting regex (from black==19.10b0->-r requirements-dev.txt (line 2))
  Downloading https://files.pythonhosted.org/packages/6a/7b/b23abb70e0a35b0663c9de6a7c340cdc5f502bbbf10b5fb7c1f4f13f575d/regex-2020.9.27-cp37-cp37m-manylinux1_x86_64.whl (662kB)
Collecting appdirs (from black==19.10b0->-r requirements-dev.txt (line 2))
  Downloading https://files.pythonhosted.org/packages/3b/00/2344469e2084fb287c2e0b57b72910309874c3245463acd6cf5e3db69324/appdirs-1.4.4-py2.py3-none-any.whl
Collecting toml>=0.9.4 (from black==19.10b0->-r requirements-dev.txt (line 2))
  Downloading https://files.pythonhosted.org/packages/9f/e1/1b40b80f2e1663a6b9f497123c11d7d988c0919abbf3c3f2688e448c5363/toml-0.10.1-py2.py3-none-any.whl
Collecting typed-ast>=1.4.0 (from black==19.10b0->-r requirements-dev.txt (line 2))
  Downloading https://files.pythonhosted.org/packages/5d/10/0c1e8aa723a2b0c4032e048d8e511df82c8a1262f0e1df5e4c54eb2613e9/typed_ast-1.4.1-cp37-cp37m-manylinux1_x86_64.whl (737kB)
Collecting click>=6.5 (from black==19.10b0->-r requirements-dev.txt (line 2))
  Downloading https://files.pythonhosted.org/packages/d2/3d/fa76db83bf75c4f8d338c2fd15c8d33fdd7ad23a9b5e57eb6c5de26b430e/click-7.1.2-py2.py3-none-any.whl (82kB)
Collecting pathspec<1,>=0.6 (from black==19.10b0->-r requirements-dev.txt (line 2))
  Downloading https://files.pythonhosted.org/packages/5d/d0/887c58853bd4b6ffc7aa9cdba4fc57d7b979b45888a6bd47e4568e1cf868/pathspec-0.8.0-py2.py3-none-any.whl
Collecting attrs>=18.1.0 (from black==19.10b0->-r requirements-dev.txt (line 2))
  Downloading https://files.pythonhosted.org/packages/14/df/479736ae1ef59842f512548bacefad1abed705e400212acba43f9b0fa556/attrs-20.2.0-py2.py3-none-any.whl (48kB)
Collecting mccabe<0.7.0,>=0.6.0 (from flake8==3.8.1->-r requirements-dev.txt (line 3))
  Downloading https://files.pythonhosted.org/packages/87/89/479dc97e18549e21354893e4ee4ef36db1d237534982482c3681ee6e7b57/mccabe-0.6.1-py2.py3-none-any.whl
Collecting pycodestyle<2.7.0,>=2.6.0a1 (from flake8==3.8.1->-r requirements-dev.txt (line 3))
  Downloading https://files.pythonhosted.org/packages/10/5b/88879fb861ab79aef45c7e199cae3ef7af487b5603dcb363517a50602dd7/pycodestyle-2.6.0-py2.py3-none-any.whl (41kB)
Collecting pyflakes<2.3.0,>=2.2.0 (from flake8==3.8.1->-r requirements-dev.txt (line 3))
  Downloading https://files.pythonhosted.org/packages/69/5b/fd01b0c696f2f9a6d2c839883b642493b431f28fa32b29abc465ef675473/pyflakes-2.2.0-py2.py3-none-any.whl (66kB)
Collecting importlib-metadata; python_version < "3.8" (from flake8==3.8.1->-r requirements-dev.txt (line 3))
  Downloading https://files.pythonhosted.org/packages/6d/6d/f4bb28424bc677bce1210bc19f69a43efe823e294325606ead595211f93e/importlib_metadata-2.0.0-py2.py3-none-any.whl
Collecting typing-extensions>=3.7.4 (from mypy<0.783->-r requirements-dev.txt (line 4))
  Downloading https://files.pythonhosted.org/packages/60/7a/e881b5abb54db0e6e671ab088d079c57ce54e8a01a3ca443f561ccadb37e/typing_extensions-3.7.4.3-py3-none-any.whl
Collecting mypy-extensions<0.5.0,>=0.4.3 (from mypy<0.783->-r requirements-dev.txt (line 4))
  Downloading https://files.pythonhosted.org/packages/5c/eb/975c7c080f3223a5cdaff09612f3a5221e4ba534f7039db34c35d95fa6a5/mypy_extensions-0.4.3-py2.py3-none-any.whl
Collecting pluggy<1.0,>=0.12 (from pytest==6.1.0->-r requirements-dev.txt (line 6))
  Downloading https://files.pythonhosted.org/packages/a0/28/85c7aa31b80d150b772fbe4a229487bc6644da9ccb7e427dd8cc60cb8a62/pluggy-0.13.1-py2.py3-none-any.whl
Collecting iniconfig (from pytest==6.1.0->-r requirements-dev.txt (line 6))
  Downloading https://files.pythonhosted.org/packages/20/46/d2f4919cc48c39c2cb48b589ca9016aae6bad050b8023667eb86950d3da2/iniconfig-1.0.1-py3-none-any.whl
Collecting packaging (from pytest==6.1.0->-r requirements-dev.txt (line 6))
  Downloading https://files.pythonhosted.org/packages/46/19/c5ab91b1b05cfe63cccd5cfc971db9214c6dd6ced54e33c30d5af1d2bc43/packaging-20.4-py2.py3-none-any.whl
Collecting py>=1.8.2 (from pytest==6.1.0->-r requirements-dev.txt (line 6))
  Downloading https://files.pythonhosted.org/packages/68/0f/41a43535b52a81e4f29e420a151032d26f08b62206840c48d14b70e53376/py-1.9.0-py2.py3-none-any.whl (99kB)
Collecting filelock>=3.0.0 (from tox<4.0.0->-r requirements-dev.txt (line 8))
  Downloading https://files.pythonhosted.org/packages/93/83/71a2ee6158bb9f39a90c0dea1637f81d5eef866e188e1971a1b1ab01a35a/filelock-3.0.12-py3-none-any.whl
Collecting virtualenv!=20.0.0,!=20.0.1,!=20.0.2,!=20.0.3,!=20.0.4,!=20.0.5,!=20.0.6,!=20.0.7,>=16.0.0 (from tox<4.0.0->-r requirements-dev.txt (line 8))
  Downloading https://files.pythonhosted.org/packages/12/51/36c685ff2c1b2f7b4b5db29f3153159102ae0e0adaff3a26fd1448232e06/virtualenv-20.0.31-py2.py3-none-any.whl (4.9MB)
Collecting six>=1.14.0 (from tox<4.0.0->-r requirements-dev.txt (line 8))
  Downloading https://files.pythonhosted.org/packages/ee/ff/48bde5c0f013094d729fe4b0316ba2a24774b3ff1c52d924a8a4cb04078a/six-1.15.0-py2.py3-none-any.whl
Collecting pytz>=2017.2 (from pandas==1.1.0->-r requirements-dev.txt (line 19))
  Downloading https://files.pythonhosted.org/packages/4f/a4/879454d49688e2fad93e59d7d4efda580b783c745fd2ec2a3adf87b0808d/pytz-2020.1-py2.py3-none-any.whl (510kB)
Collecting python-dateutil>=2.7.3 (from pandas==1.1.0->-r requirements-dev.txt (line 19))
  Downloading https://files.pythonhosted.org/packages/d4/70/d60450c3dd48ef87586924207ae8907090de0b306af2bce5d134d78615cb/python_dateutil-2.8.1-py2.py3-none-any.whl (227kB)
Collecting PTable (from pip-licenses==2.3.0->-r requirements-dev.txt (line 22))
  Downloading https://files.pythonhosted.org/packages/ab/b3/b54301811173ca94119eb474634f120a49cd370f257d1aae5a4abaf12729/PTable-0.9.2.tar.gz
Collecting itsdangerous>=0.24 (from Flask<2.0.0->seldon-core==1.3.0.dev0)
  Downloading https://files.pythonhosted.org/packages/76/ae/44b03b253d6fade317f32c24d100b3b35c2239807046a4c953c7b89fa49e/itsdangerous-1.1.0-py2.py3-none-any.whl
Collecting Jinja2>=2.10.1 (from Flask<2.0.0->seldon-core==1.3.0.dev0)
  Downloading https://files.pythonhosted.org/packages/30/9e/f663a2aa66a09d838042ae1a2c5659828bb9b41ea3a6efa20a20fd92b121/Jinja2-2.11.2-py2.py3-none-any.whl (125kB)
Collecting Werkzeug>=0.15 (from Flask<2.0.0->seldon-core==1.3.0.dev0)
  Downloading https://files.pythonhosted.org/packages/cc/94/5f7079a0e00bd6863ef8f1da638721e9da21e5bacee597595b318f71d62e/Werkzeug-1.0.1-py2.py3-none-any.whl (298kB)
Collecting pyrsistent>=0.14.0 (from jsonschema<4.0.0->seldon-core==1.3.0.dev0)
  Downloading https://files.pythonhosted.org/packages/4d/70/fd441df751ba8b620e03fd2d2d9ca902103119616f0f6cc42e6405035062/pyrsistent-0.17.3.tar.gz (106kB)
Requirement already satisfied: idna<2.9,>=2.5 in /opt/conda/lib/python3.7/site-packages (from requests<3.0.0->seldon-core==1.3.0.dev0) (2.8)
Requirement already satisfied: urllib3<1.25,>=1.21.1 in /opt/conda/lib/python3.7/site-packages (from requests<3.0.0->seldon-core==1.3.0.dev0) (1.24.1)
Requirement already satisfied: chardet<3.1.0,>=3.0.2 in /opt/conda/lib/python3.7/site-packages (from requests<3.0.0->seldon-core==1.3.0.dev0) (3.0.4)
Requirement already satisfied: certifi>=2017.4.17 in /opt/conda/lib/python3.7/site-packages (from requests<3.0.0->seldon-core==1.3.0.dev0) (2018.11.29)
Collecting threadloop<2,>=1 (from jaeger-client<4.4.0,>=4.1.0->seldon-core==1.3.0.dev0)
  Downloading https://files.pythonhosted.org/packages/d3/1d/8398c1645b97dc008d3c658e04beda01ede3d90943d40c8d56863cf891bd/threadloop-1.0.2.tar.gz
Collecting thrift (from jaeger-client<4.4.0,>=4.1.0->seldon-core==1.3.0.dev0)
  Downloading https://files.pythonhosted.org/packages/97/1e/3284d19d7be99305eda145b8aa46b0c33244e4a496ec66440dac19f8274d/thrift-0.13.0.tar.gz (59kB)
Collecting tornado>=4.3 (from jaeger-client<4.4.0,>=4.1.0->seldon-core==1.3.0.dev0)
  Downloading https://files.pythonhosted.org/packages/95/84/119a46d494f008969bf0c775cb2c6b3579d3c4cc1bb1b41a022aa93ee242/tornado-6.0.4.tar.gz (496kB)
Collecting zipp>=0.5 (from importlib-metadata; python_version < "3.8"->flake8==3.8.1->-r requirements-dev.txt (line 3))
  Downloading https://files.pythonhosted.org/packages/c4/79/3b770d51254a31bb85ba56ea70d7428d0c2c659a233cc9722352e028b539/zipp-3.2.0-py3-none-any.whl
Collecting pyparsing>=2.0.2 (from packaging->pytest==6.1.0->-r requirements-dev.txt (line 6))
  Downloading https://files.pythonhosted.org/packages/8a/bb/488841f56197b13700afd5658fc279a2025a39e22449b7cf29864669b15d/pyparsing-2.4.7-py2.py3-none-any.whl (67kB)
Collecting distlib<1,>=0.3.1 (from virtualenv!=20.0.0,!=20.0.1,!=20.0.2,!=20.0.3,!=20.0.4,!=20.0.5,!=20.0.6,!=20.0.7,>=16.0.0->tox<4.0.0->-r requirements-dev.txt (line 8))
  Downloading https://files.pythonhosted.org/packages/f5/0a/490fa011d699bb5a5f3a0cf57de82237f52a6db9d40f33c53b2736c9a1f9/distlib-0.3.1-py2.py3-none-any.whl (335kB)
Collecting MarkupSafe>=0.23 (from Jinja2>=2.10.1->Flask<2.0.0->seldon-core==1.3.0.dev0)
  Downloading https://files.pythonhosted.org/packages/98/7b/ff284bd8c80654e471b769062a9b43cc5d03e7a615048d96f4619df8d420/MarkupSafe-1.1.1-cp37-cp37m-manylinux1_x86_64.whl
Building wheels for collected packages: grpcio-tools, Flask-OpenTracing, opentracing, jaeger-client, PyYAML, PTable, pyrsistent, threadloop, thrift, tornado
  Running setup.py bdist_wheel for grpcio-tools: started
  Running setup.py bdist_wheel for grpcio-tools: still running...
  Running setup.py bdist_wheel for grpcio-tools: still running...
  Running setup.py bdist_wheel for grpcio-tools: finished with status 'done'
  Stored in directory: /builder/home/.cache/pip/wheels/ef/49/23/a3a3701c090b0611219faa01bb15f2654ce15f566a251dff56
  Running setup.py bdist_wheel for Flask-OpenTracing: started
  Running setup.py bdist_wheel for Flask-OpenTracing: finished with status 'done'
  Stored in directory: /builder/home/.cache/pip/wheels/7b/dc/25/3cf0b35c129232ee596c413f13d1d1f5a8e38c427266276dfd
  Running setup.py bdist_wheel for opentracing: started
  Running setup.py bdist_wheel for opentracing: finished with status 'done'
  Stored in directory: /builder/home/.cache/pip/wheels/66/b5/60/322949294afda71a9558eb25a1e536d1191665ef71759646b7
  Running setup.py bdist_wheel for jaeger-client: started
  Running setup.py bdist_wheel for jaeger-client: finished with status 'done'
  Stored in directory: /builder/home/.cache/pip/wheels/a4/46/e1/316c9ea87f46b9685c2f4258950a27bad1ae072c56224e4489
  Running setup.py bdist_wheel for PyYAML: started
  Running setup.py bdist_wheel for PyYAML: finished with status 'done'
  Stored in directory: /builder/home/.cache/pip/wheels/a7/c1/ea/cf5bd31012e735dc1dfea3131a2d5eae7978b251083d6247bd
  Running setup.py bdist_wheel for PTable: started
  Running setup.py bdist_wheel for PTable: finished with status 'done'
  Stored in directory: /builder/home/.cache/pip/wheels/22/cc/2e/55980bfe86393df3e9896146a01f6802978d09d7ebcba5ea56
  Running setup.py bdist_wheel for pyrsistent: started
  Running setup.py bdist_wheel for pyrsistent: finished with status 'done'
  Stored in directory: /builder/home/.cache/pip/wheels/f0/b8/de/b593ad311be4eb458499d100db081e453576032272398b7ddc
  Running setup.py bdist_wheel for threadloop: started
  Running setup.py bdist_wheel for threadloop: finished with status 'done'
  Stored in directory: /builder/home/.cache/pip/wheels/d7/7a/30/d212623a4cd34f6cce400f8122b1b7af740d3440c68023d51f
  Running setup.py bdist_wheel for thrift: started
  Running setup.py bdist_wheel for thrift: finished with status 'done'
  Stored in directory: /builder/home/.cache/pip/wheels/02/a2/46/689ccfcf40155c23edc7cdbd9de488611c8fdf49ff34b1706e
  Running setup.py bdist_wheel for tornado: started
  Running setup.py bdist_wheel for tornado: finished with status 'done'
  Stored in directory: /builder/home/.cache/pip/wheels/93/84/2f/409c7b2bb3afc3aa727f7ee8787975e0793f74d1165f4d0104
Successfully built grpcio-tools Flask-OpenTracing opentracing jaeger-client PyYAML PTable pyrsistent threadloop thrift tornado
grpcio-tools 1.32.0 has requirement grpcio>=1.32.0, but you'll have grpcio 1.20.1 which is incompatible.
virtualenv 20.0.31 has requirement importlib-metadata<2,>=0.12; python_version < "3.8", but you'll have importlib-metadata 2.0.0 which is incompatible.
tox 3.20.0 has requirement importlib-metadata<2,>=0.12; python_version < "3.8", but you'll have importlib-metadata 2.0.0 which is incompatible.
Installing collected packages: regex, appdirs, toml, typed-ast, click, pathspec, attrs, black, mccabe, pycodestyle, pyflakes, zipp, importlib-metadata, flake8, typing-extensions, mypy-extensions, mypy, Pillow, pluggy, iniconfig, six, pyparsing, packaging, py, pytest, coverage, pytest-cov, filelock, distlib, virtualenv, tox, grpcio-tools, mypy-protobuf, tenacity, pytz, numpy, python-dateutil, pandas, PTable, pip-licenses, itsdangerous, MarkupSafe, Jinja2, Werkzeug, Flask, setuptools, pyrsistent, jsonschema, Flask-cors, redis, opentracing, Flask-OpenTracing, tornado, threadloop, thrift, jaeger-client, grpcio-opentracing, PyYAML, gunicorn, prometheus-client, seldon-core
  Found existing installation: six 1.12.0
    Uninstalling six-1.12.0:
      Successfully uninstalled six-1.12.0
  Found existing installation: grpcio-tools 1.20.1
    Uninstalling grpcio-tools-1.20.1:
      Successfully uninstalled grpcio-tools-1.20.1
  Found existing installation: mypy-protobuf 1.10
    Uninstalling mypy-protobuf-1.10:
      Successfully uninstalled mypy-protobuf-1.10
  Found existing installation: setuptools 40.6.3
    Uninstalling setuptools-40.6.3:
      Successfully uninstalled setuptools-40.6.3
  Running setup.py develop for seldon-core
Successfully installed Flask-1.1.2 Flask-OpenTracing-1.1.0 Flask-cors-3.0.9 Jinja2-2.11.2 MarkupSafe-1.1.1 PTable-0.9.2 Pillow-7.2.0 PyYAML-5.3.1 Werkzeug-1.0.1 appdirs-1.4.4 attrs-20.2.0 black-19.10b0 click-7.1.2 coverage-5.3 distlib-0.3.1 filelock-3.0.12 flake8-3.8.1 grpcio-opentracing-1.1.4 grpcio-tools-1.32.0 gunicorn-20.0.4 importlib-metadata-2.0.0 iniconfig-1.0.1 itsdangerous-1.1.0 jaeger-client-4.3.0 jsonschema-3.2.0 mccabe-0.6.1 mypy-0.782 mypy-extensions-0.4.3 mypy-protobuf-1.22 numpy-1.19.2 opentracing-2.3.0 packaging-20.4 pandas-1.1.0 pathspec-0.8.0 pip-licenses-2.3.0 pluggy-0.13.1 prometheus-client-0.8.0 py-1.9.0 pycodestyle-2.6.0 pyflakes-2.2.0 pyparsing-2.4.7 pyrsistent-0.17.3 pytest-6.1.0 pytest-cov-2.10.1 python-dateutil-2.8.1 pytz-2020.1 redis-3.5.3 regex-2020.9.27 seldon-core setuptools-50.3.0 six-1.15.0 tenacity-6.2.0 threadloop-1.0.2 thrift-0.13.0 toml-0.10.1 tornado-6.0.4 tox-3.20.0 typed-ast-1.4.1 typing-extensions-3.7.4.3 virtualenv-20.0.31 zipp-3.2.0
tox --recreate -e licenses
GLOB sdist-make: /workspace/source/python/setup.py
licenses create: /workspace/source/python/.tox/licenses
licenses installdeps: pip-licenses
licenses inst: /workspace/source/python/.tox/.tmp/package/1/seldon-core-1.3.0.dev0.zip
licenses installed: absl-py==0.10.0,aiohttp==3.6.2,astunparse==1.6.3,async-timeout==3.0.1,attrs==20.2.0,cachetools==4.1.1,certifi==2020.6.20,chardet==3.0.4,click==7.1.2,Flask==1.1.2,Flask-Cors==3.0.9,Flask-OpenTracing==1.1.0,flatbuffers==1.12,gast==0.3.3,google-auth==1.22.0,google-auth-oauthlib==0.4.1,google-pasta==0.2.0,grpcio==1.32.0,grpcio-opentracing==1.1.4,gunicorn==20.0.4,h5py==2.10.0,idna==2.10,importlib-metadata==2.0.0,itsdangerous==1.1.0,jaeger-client==4.3.0,Jinja2==2.11.2,jsonschema==3.2.0,Keras-Preprocessing==1.1.2,Markdown==3.2.2,MarkupSafe==1.1.1,multidict==4.7.6,numpy==1.19.2,oauthlib==3.1.0,opentracing==2.3.0,opt-einsum==3.3.0,pip-licenses==2.3.0,prometheus-client==0.8.0,protobuf==3.13.0,PTable==0.9.2,pyasn1==0.4.8,pyasn1-modules==0.2.8,pyrsistent==0.17.3,PyYAML==5.3.1,redis==3.5.3,requests==2.24.0,requests-oauthlib==1.3.0,rsa==4.6,seldon-core @ file:///workspace/source/python/.tox/.tmp/package/1/seldon-core-1.3.0.dev0.zip,six==1.15.0,tensorboard==2.3.0,tensorboard-plugin-wit==1.7.0,tensorflow==2.3.1,tensorflow-estimator==2.3.0,termcolor==1.1.0,threadloop==1.0.2,thrift==0.13.0,tornado==6.0.4,typing-extensions==3.7.4.3,urllib3==1.25.10,Werkzeug==1.0.1,wrapt==1.12.1,yarl==1.6.0,zipp==3.2.0
licenses run-test-pre: PYTHONHASHSEED='4073876043'
licenses run-test: commands[0] | pip-licenses --from=mixed --format=csv --output-file=./licenses/license_info.csv
created path: ./licenses/license_info.csv
licenses run-test: commands[1] | pip-licenses --from=mixed --format=plain-vertical --with-license-file --no-license-path --output-file=./licenses/license.txt
created path: ./licenses/license.txt
___________________________________ summary ____________________________________
  licenses: commands succeeded
  congratulations :)
cut -d, -f1,3 ./licenses/license_info.csv \
	> ./licenses/license_info.no_versions.csv
black \
	--check ./ ../testing \
	--exclude "(testing/scripts/proto|seldon_core/proto/|.eggs|.tox)"
All done! ✨ 🍰 ✨
82 files would be left unchanged.
flake8
0
# Check if licenses have changed
git \
	--no-pager diff \
	--exit-code \
	./licenses/license_info.no_versions.csv
make: Leaving directory '/workspace/source/python'

Showing logs for build [32mseldonio-seldon-core-pr-2506-li-qs6jx-2[0m stage [32mlint-executor[0m and container [32mstep-credential-initializer-zpl5x[0m
{"level":"info","ts":1601549536.314872,"logger":"fallback-logger","caller":"logging/config.go:69","msg":"Fetch GitHub commit ID from kodata failed: open /var/run/ko/refs/heads/0.8.0-ns-support: no such file or directory"}
{"level":"info","ts":1601549536.3153677,"logger":"fallback-logger","caller":"creds-init/main.go:40","msg":"Credentials initialized."}

Showing logs for build [32mseldonio-seldon-core-pr-2506-li-qs6jx-2[0m stage [32mlint-executor[0m and container [32mstep-working-dir-initializer-whrzc[0m
{"level":"info","ts":1601549537.5313993,"logger":"fallback-logger","caller":"logging/config.go:69","msg":"Fetch GitHub commit ID from kodata failed: open /var/run/ko/HEAD: no such file or directory"}
{"level":"info","ts":1601549537.5328555,"logger":"fallback-logger","caller":"bash/main.go:64","msg":"Successfully executed command \"sh -c mkdir -p /workspace/source\"; output "}

Showing logs for build [32mseldonio-seldon-core-pr-2506-li-qs6jx-2[0m stage [32mlint-executor[0m and container [32mstep-place-tools[0m

Showing logs for build [32mseldonio-seldon-core-pr-2506-li-qs6jx-2[0m stage [32mlint-executor[0m and container [32mstep-create-dir-workspace-rld6j[0m
{"level":"info","ts":1601549607.967393,"logger":"fallback-logger","caller":"logging/config.go:69","msg":"Fetch GitHub commit ID from kodata failed: open /var/run/ko/HEAD: no such file or directory"}
{"level":"info","ts":1601549607.9748948,"logger":"fallback-logger","caller":"bash/main.go:64","msg":"Successfully executed command \"sh -c mkdir -p /workspace/source\"; output "}

Showing logs for build [32mseldonio-seldon-core-pr-2506-li-qs6jx-2[0m stage [32mlint-executor[0m and container [32mstep-source-copy-workspace-hkc6z[0m
{"level":"info","ts":1601549608.2474492,"logger":"fallback-logger","caller":"logging/config.go:69","msg":"Fetch GitHub commit ID from kodata failed: open /var/run/ko/HEAD: no such file or directory"}
{"level":"info","ts":1601549610.877984,"logger":"fallback-logger","caller":"bash/main.go:64","msg":"Successfully executed command \"sh -c cp -r /pvc/pr-build-comment/workspace/. /workspace/source\"; output "}

Showing logs for build [32mseldonio-seldon-core-pr-2506-li-qs6jx-2[0m stage [32mlint-executor[0m and container [32mstep-setup-builder-home[0m

Showing logs for build [32mseldonio-seldon-core-pr-2506-li-qs6jx-2[0m stage [32mlint-executor[0m and container [32mstep-lint-executor[0m
make: Entering directory '/workspace/source/executor'
rm _operator -rf
cp -r ../operator _operator
go list -m all | cut -d ' ' -f 1 > licenses/dep.txt
go list -m: k8s.io/client-go@v12.0.0+incompatible: invalid version: +incompatible suffix not allowed: module contains a go.mod file, so semantic import versioning is required
# Check if licenses have changed
git \
	--no-pager diff \
	--exit-code \
	./licenses
diff --git a/executor/licenses/dep.txt b/executor/licenses/dep.txt
index 2c0cf152..e69de29b 100644
--- a/executor/licenses/dep.txt
+++ b/executor/licenses/dep.txt
@@ -1,327 +0,0 @@
-github.com/seldonio/seldon-core/executor
-cloud.google.com/go
-contrib.go.opencensus.io/exporter/ocagent
-contrib.go.opencensus.io/exporter/prometheus
-dmitri.shuralyov.com/gpu/mtl
-github.com/Azure/azure-sdk-for-go
-github.com/Azure/go-ansiterm
-github.com/Azure/go-autorest
-github.com/Azure/go-autorest/autorest
-github.com/Azure/go-autorest/autorest/adal
-github.com/Azure/go-autorest/autorest/date
-github.com/Azure/go-autorest/autorest/mocks
-github.com/Azure/go-autorest/autorest/to
-github.com/Azure/go-autorest/autorest/validation
-github.com/Azure/go-autorest/logger
-github.com/Azure/go-autorest/tracing
-github.com/BurntSushi/toml
-github.com/BurntSushi/xgb
-github.com/Knetic/govaluate
-github.com/NYTimes/gziphandler
-github.com/PuerkitoBio/purell
-github.com/PuerkitoBio/urlesc
-github.com/Shopify/sarama
-github.com/Shopify/toxiproxy
-github.com/VividCortex/gohistogram
-github.com/afex/hystrix-go
-github.com/agnivade/levenshtein
-github.com/alecthomas/template
-github.com/alecthomas/units
-github.com/andreyvit/diff
-github.com/apache/thrift
-github.com/armon/circbuf
-github.com/armon/consul-api
-github.com/armon/go-metrics
-github.com/armon/go-radix
-github.com/aryann/difflib
-github.com/asaskevich/govalidator
-github.com/aws/aws-lambda-go
-github.com/aws/aws-sdk-go
-github.com/aws/aws-sdk-go-v2
-github.com/beorn7/perks
-github.com/bgentry/speakeasy
-github.com/blang/semver
-github.com/casbin/casbin/v2
-github.com/cenkalti/backoff
-github.com/census-instrumentation/opencensus-proto
-github.com/cespare/xxhash/v2
-github.com/clbanning/x2j
-github.com/client9/misspell
-github.com/cloudevents/sdk-go
-github.com/cncf/udpa/go
-github.com/cockroachdb/datadriven
-github.com/codahale/hdrhistogram
-github.com/confluentinc/confluent-kafka-go
-github.com/coreos/etcd
-github.com/coreos/go-etcd
-github.com/coreos/go-oidc
-github.com/coreos/go-semver
-github.com/coreos/go-systemd
-github.com/coreos/pkg
-github.com/cpuguy83/go-md2man
-github.com/cpuguy83/go-md2man/v2
-github.com/creack/pty
-github.com/davecgh/go-spew
-github.com/dgrijalva/jwt-go
-github.com/docker/docker
-github.com/docker/go-units
-github.com/docker/spdystream
-github.com/docopt/docopt-go
-github.com/dustin/go-humanize
-github.com/eapache/go-resiliency
-github.com/eapache/go-xerial-snappy
-github.com/eapache/queue
-github.com/edsrzf/mmap-go
-github.com/elazarl/goproxy
-github.com/emicklei/go-restful
-github.com/envoyproxy/go-control-plane
-github.com/envoyproxy/protoc-gen-validate
-github.com/evanphx/json-patch
-github.com/fatih/color
-github.com/fortytw2/leaktest
-github.com/franela/goblin
-github.com/franela/goreq
-github.com/fsnotify/fsnotify
-github.com/ghodss/yaml
-github.com/globalsign/mgo
-github.com/go-gl/glfw/v3.3/glfw
-github.com/go-kit/kit
-github.com/go-logfmt/logfmt
-github.com/go-logr/logr
-github.com/go-logr/zapr
-github.com/go-openapi/analysis
-github.com/go-openapi/errors
-github.com/go-openapi/jsonpointer
-github.com/go-openapi/jsonreference
-github.com/go-openapi/loads
-github.com/go-openapi/runtime
-github.com/go-openapi/spec
-github.com/go-openapi/strfmt
-github.com/go-openapi/swag
-github.com/go-openapi/validate
-github.com/go-sql-driver/mysql
-github.com/go-stack/stack
-github.com/gogo/googleapis
-github.com/gogo/protobuf
-github.com/golang/glog
-github.com/golang/groupcache
-github.com/golang/mock
-github.com/golang/protobuf
-github.com/golang/snappy
-github.com/google/btree
-github.com/google/go-cmp
-github.com/google/gofuzz
-github.com/google/martian
-github.com/google/pprof
-github.com/google/renameio
-github.com/google/uuid
-github.com/googleapis/gax-go/v2
-github.com/googleapis/gnostic
-github.com/gophercloud/gophercloud
-github.com/gopherjs/gopherjs
-github.com/gorilla/context
-github.com/gorilla/mux
-github.com/gorilla/websocket
-github.com/gregjones/httpcache
-github.com/grpc-ecosystem/go-grpc-middleware
-github.com/grpc-ecosystem/go-grpc-prometheus
-github.com/grpc-ecosystem/grpc-gateway
-github.com/hashicorp/consul/api
-github.com/hashicorp/consul/sdk
-github.com/hashicorp/errwrap
-github.com/hashicorp/go-cleanhttp
-github.com/hashicorp/go-immutable-radix
-github.com/hashicorp/go-msgpack
-github.com/hashicorp/go-multierror
-github.com/hashicorp/go-rootcerts
-github.com/hashicorp/go-sockaddr
-github.com/hashicorp/go-syslog
-github.com/hashicorp/go-uuid
-github.com/hashicorp/go-version
-github.com/hashicorp/go.net
-github.com/hashicorp/golang-lru
-github.com/hashicorp/hcl
-github.com/hashicorp/logutils
-github.com/hashicorp/mdns
-github.com/hashicorp/memberlist
-github.com/hashicorp/serf
-github.com/hpcloud/tail
-github.com/hudl/fargo
-github.com/imdario/mergo
-github.com/inconshreveable/mousetrap
-github.com/influxdata/influxdb1-client
-github.com/jessevdk/go-flags
-github.com/jmespath/go-jmespath
-github.com/jonboulle/clockwork
-github.com/jpillora/backoff
-github.com/json-iterator/go
-github.com/jstemmer/go-junit-report
-github.com/jtolds/gls
-github.com/julienschmidt/httprouter
-github.com/kelseyhightower/envconfig
-github.com/kisielk/errcheck
-github.com/kisielk/gotool
-github.com/konsorten/go-windows-terminal-sequences
-github.com/kr/logfmt
-github.com/kr/pretty
-github.com/kr/pty
-github.com/kr/text
-github.com/lightstep/lightstep-tracer-common/golang/gogo
-github.com/lightstep/lightstep-tracer-go
-github.com/lightstep/tracecontext.go
-github.com/lyft/protoc-gen-validate
-github.com/magiconair/properties
-github.com/mailru/easyjson
-github.com/mattn/go-colorable
-github.com/mattn/go-isatty
-github.com/mattn/go-runewidth
-github.com/matttproud/golang_protobuf_extensions
-github.com/miekg/dns
-github.com/mitchellh/cli
-github.com/mitchellh/go-homedir
-github.com/mitchellh/go-testing-interface
-github.com/mitchellh/gox
-github.com/mitchellh/iochan
-github.com/mitchellh/mapstructure
-github.com/modern-go/concurrent
-github.com/modern-go/reflect2
-github.com/munnerz/goautoneg
-github.com/mwitkow/go-conntrack
-github.com/mxk/go-flowrate
-github.com/nats-io/jwt
-github.com/nats-io/nats-server/v2
-github.com/nats-io/nats.go
-github.com/nats-io/nkeys
-github.com/nats-io/nuid
-github.com/nxadm/tail
-github.com/oklog/oklog
-github.com/oklog/run
-github.com/olekukonko/tablewriter
-github.com/onsi/ginkgo
-github.com/onsi/gomega
-github.com/op/go-logging
-github.com/opentracing-contrib/go-observer
-github.com/opentracing/basictracer-go
-github.com/opentracing/opentracing-go
-github.com/openzipkin-contrib/zipkin-go-opentracing
-github.com/openzipkin/zipkin-go
-github.com/pact-foundation/pact-go
-github.com/pascaldekloe/goe
-github.com/pborman/uuid
-github.com/pelletier/go-toml
-github.com/performancecopilot/speed
-github.com/peterbourgon/diskv
-github.com/pierrec/lz4
-github.com/pkg/errors
-github.com/pkg/profile
-github.com/pmezard/go-difflib
-github.com/posener/complete
-github.com/pquerna/cachecontrol
-github.com/prometheus/client_golang
-github.com/prometheus/client_model
-github.com/prometheus/common
-github.com/prometheus/procfs
-github.com/rcrowley/go-metrics
-github.com/rogpeppe/fastuuid
-github.com/rogpeppe/go-internal
-github.com/russross/blackfriday
-github.com/russross/blackfriday/v2
-github.com/ryanuber/columnize
-github.com/samuel/go-zookeeper
-github.com/sean-/seed
-github.com/seldonio/seldon-core/operator
-github.com/sergi/go-diff
-github.com/shurcooL/sanitized_anchor_name
-github.com/sirupsen/logrus
-github.com/smartystreets/assertions
-github.com/smartystreets/goconvey
-github.com/soheilhy/cmux
-github.com/sony/gobreaker
-github.com/spf13/afero
-github.com/spf13/cast
-github.com/spf13/cobra
-github.com/spf13/jwalterweatherman
-github.com/spf13/pflag
-github.com/spf13/viper
-github.com/streadway/amqp
-github.com/streadway/handy
-github.com/stretchr/ob**
-github.com/stretchr/testify
-github.com/tensorflow/tensorflow/tensorflow/go/core
-github.com/tidwall/pretty
-github.com/tmc/grpc-websocket-proxy
-github.com/uber/jaeger-client-go
-github.com/uber/jaeger-lib
-github.com/ugorji/go/codec
-github.com/urfave/cli
-github.com/valyala/bytebufferpool
-github.com/vektah/gqlparser
-github.com/xiang90/probing
-github.com/xordataexchange/crypt
-go.etcd.io/bbolt
-go.etcd.io/etcd
-go.mongodb.org/mongo-driver
-go.opencensus.io
-go.uber.org/atomic
-go.uber.org/multierr
-go.uber.org/tools
-go.uber.org/zap
-golang.org/x/crypto
-golang.org/x/exp
-golang.org/x/image
-golang.org/x/lint
-golang.org/x/mobile
-golang.org/x/mod
-golang.org/x/net
-golang.org/x/oauth2
-golang.org/x/sync
-golang.org/x/sys
-golang.org/x/text
-golang.org/x/time
-golang.org/x/tools
-golang.org/x/xerrors
-gomodules.xyz/jsonpatch/v2
-google.golang.org/api
-google.golang.org/appengine
-google.golang.org/genproto
-google.golang.org/grpc
-google.golang.org/protobuf
-gopkg.in/alecthomas/kingpin.v2
-gopkg.in/check.v1
-gopkg.in/cheggaaa/pb.v1
-gopkg.in/errgo.v2
-gopkg.in/fsnotify.v1
-gopkg.in/gcfg.v1
-gopkg.in/inf.v0
-gopkg.in/natefinch/lumberjack.v2
-gopkg.in/resty.v1
-gopkg.in/square/go-jose.v2
-gopkg.in/tomb.v1
-gopkg.in/warnings.v0
-gopkg.in/yaml.v2
-gotest.tools
-honnef.co/go/tools
-istio.io/api
-istio.io/client-go
-istio.io/gogo-genproto
-k8s.io/api
-k8s.io/apiextensions-apiserver
-k8s.io/apimachinery
-k8s.io/apiserver
-k8s.io/client-go
-k8s.io/code-generator
-k8s.io/component-base
-k8s.io/gengo
-k8s.io/klog
-k8s.io/klog/v2
-k8s.io/kube-openapi
-k8s.io/utils
-knative.dev/pkg
-pack.ag/amqp
-rsc.io/binaryregexp
-sigs.k8s.io/apiserver-network-proxy/konnectivity-client
-sigs.k8s.io/controller-runtime
-sigs.k8s.io/structured-merge-diff
-sigs.k8s.io/structured-merge-diff/v3
-sigs.k8s.io/yaml
-sourcegraph.com/sourcegraph/appdash
make: Leaving directory '/workspace/source/executor'
make: *** [Makefile:157: lint] Error 1
[31m
Pipeline failed on stage 'lint-executor' : container 'step-lint-executor'. The execution of the pipeline has stopped.[0m
