
Showing logs for build [32mmeta-seldonio-seldon-core-pr-15-lsgbs-64[0m stage [32mmeta-pipeline[0m and container [32mstep-credential-initializer-pftzb[0m
{"level":"warn","ts":1584522503.7506194,"logger":"fallback-logger","caller":"logging/config.go:69","msg":"Fetch GitHub commit ID from kodata failed: \"ref: refs/heads/0.8.0-**-support-backwards-incompats\" is not a valid GitHub commit ID"}
{"level":"info","ts":1584522503.7532794,"logger":"fallback-logger","caller":"creds-init/main.go:40","msg":"Credentials initialized."}

Showing logs for build [32mmeta-seldonio-seldon-core-pr-15-lsgbs-64[0m stage [32mmeta-pipeline[0m and container [32mstep-working-dir-initializer-96n2v[0m
{"level":"warn","ts":1584522505.0286515,"logger":"fallback-logger","caller":"logging/config.go:69","msg":"Fetch GitHub commit ID from kodata failed: open /var/run/ko/HEAD: no such file or directory"}
{"level":"info","ts":1584522505.032398,"logger":"fallback-logger","caller":"bash/main.go:64","msg":"Successfully executed command \"sh -c mkdir -p /workspace/source\"; output "}

Showing logs for build [32mmeta-seldonio-seldon-core-pr-15-lsgbs-64[0m stage [32mmeta-pipeline[0m and container [32mstep-place-tools[0m

Showing logs for build [32mmeta-seldonio-seldon-core-pr-15-lsgbs-64[0m stage [32mmeta-pipeline[0m and container [32mstep-git-source-meta-seldonio-seldon-core-pr-15-xrczq[0m
{"level":"warn","ts":1584522511.1511345,"logger":"fallback-logger","caller":"logging/config.go:69","msg":"Fetch GitHub commit ID from kodata failed: \"ref: refs/heads/0.8.0-**-support-backwards-incompats\" is not a valid GitHub commit ID"}
{"level":"info","ts":1584522522.1723104,"logger":"fallback-logger","caller":"git/git.go:103","msg":"Successfully cloned https://github.com/SeldonIO/seldon-core.git @ f182052cda260fe2c2d27bf0a5b07f455b422344 in path /workspace/source"}

Showing logs for build [32mmeta-seldonio-seldon-core-pr-15-lsgbs-64[0m stage [32mmeta-pipeline[0m and container [32mstep-git-merge[0m
Using SHAs from PULL_REFS=master:f182052cda260fe2c2d27bf0a5b07f455b422344,1507:85fb187f6e9991b56cb155894129939b90e76d8e
DEBUG: ran git fetch --unshallow origin 85fb187f6e9991b56cb155894129939b90e76d8e: f182052cda260fe2c2d27bf0a5b07f455b422344: in 
DEBUG: ran git checkout master in 
DEBUG: ran git reset --hard f182052cda260fe2c2d27bf0a5b07f455b422344 in 
DEBUG: ran clean --force -d . in 
error: error during merge: merging 85fb187f6e9991b56cb155894129939b90e76d8e into master: git output: Auto-merging operator/controllers/seldondeployment_prepackaged_servers_test.go
Auto-merging operator/controllers/seldondeployment_engine.go
CONFLICT (add/add): Merge conflict in operator/apis/machinelearning/v1/seldondeployment_webhook_test.go
Auto-merging operator/apis/machinelearning/v1/seldondeployment_webhook_test.go
Auto-merging operator/apis/machinelearning/v1/seldondeployment_webhook.go
CONFLICT (content): Merge conflict in operator/apis/machinelearning/v1/seldondeployment_webhook.go
Auto-merging operator/apis/machinelearning/v1/seldondeployment_types.go
Automatic merge failed; fix conflicts and then commit the result.: failed to run 'git merge 85fb187f6e9991b56cb155894129939b90e76d8e' command in directory '', output: 'Auto-merging operator/controllers/seldondeployment_prepackaged_servers_test.go
Auto-merging operator/controllers/seldondeployment_engine.go
CONFLICT (add/add): Merge conflict in operator/apis/machinelearning/v1/seldondeployment_webhook_test.go
Auto-merging operator/apis/machinelearning/v1/seldondeployment_webhook_test.go
Auto-merging operator/apis/machinelearning/v1/seldondeployment_webhook.go
CONFLICT (content): Merge conflict in operator/apis/machinelearning/v1/seldondeployment_webhook.go
Auto-merging operator/apis/machinelearning/v1/seldondeployment_types.go
Automatic merge failed; fix conflicts and then commit the result.'
[31m
Pipeline failed on stage 'meta-pipeline' : container 'step-git-merge'. The execution of the pipeline has stopped.[0m
