
Showing logs for build [32mmeta-seldonio-seldon-core-pr-20-7nhhf-2[0m stage [32mmeta-pipeline[0m and container [32mstep-credential-initializer-cfjqr[0m
{"level":"info","ts":1594047432.9782422,"logger":"fallback-logger","caller":"logging/config.go:69","msg":"Fetch GitHub commit ID from kodata failed: open /var/run/ko/refs/heads/0.8.0-ns-support: no such file or directory"}
{"level":"info","ts":1594047432.9844098,"logger":"fallback-logger","caller":"creds-init/main.go:40","msg":"Credentials initialized."}

Showing logs for build [32mmeta-seldonio-seldon-core-pr-20-7nhhf-2[0m stage [32mmeta-pipeline[0m and container [32mstep-working-dir-initializer-h9b2s[0m
{"level":"info","ts":1594047435.7879183,"logger":"fallback-logger","caller":"logging/config.go:69","msg":"Fetch GitHub commit ID from kodata failed: open /var/run/ko/HEAD: no such file or directory"}
{"level":"info","ts":1594047435.7902281,"logger":"fallback-logger","caller":"bash/main.go:64","msg":"Successfully executed command \"sh -c mkdir -p /workspace/source\"; output "}

Showing logs for build [32mmeta-seldonio-seldon-core-pr-20-7nhhf-2[0m stage [32mmeta-pipeline[0m and container [32mstep-place-tools[0m

Showing logs for build [32mmeta-seldonio-seldon-core-pr-20-7nhhf-2[0m stage [32mmeta-pipeline[0m and container [32mstep-git-source-meta-seldonio-seldon-core-pr-20-7nhhf-j8vct[0m
{"level":"info","ts":1594047535.2999873,"logger":"fallback-logger","caller":"logging/config.go:69","msg":"Fetch GitHub commit ID from kodata failed: open /var/run/ko/refs/heads/0.8.0-ns-support: no such file or directory"}
{"level":"info","ts":1594047545.6562712,"logger":"fallback-logger","caller":"git/git.go:103","msg":"Successfully cloned https://github.com/SeldonIO/seldon-core.git @ 21bac16fbe050552a02138035cb62705229a6a3e in path /workspace/source"}

Showing logs for build [32mmeta-seldonio-seldon-core-pr-20-7nhhf-2[0m stage [32mmeta-pipeline[0m and container [32mstep-setup-builder-home[0m

Showing logs for build [32mmeta-seldonio-seldon-core-pr-20-7nhhf-2[0m stage [32mmeta-pipeline[0m and container [32mstep-git-merge[0m
Using SHAs from PULL_REFS=master:21bac16fbe050552a02138035cb62705229a6a3e,2077:a05c27946b9fe801b85cecb99c4b6230c8e3a33e
DEBUG: LC_ALL=C JX_LOG_LEVEL=error git fetch origin --unshallow a05c27946b9fe801b85cecb99c4b6230c8e3a33e: 21bac16fbe050552a02138035cb62705229a6a3e:
DEBUG: ran git fetch --unshallow origin a05c27946b9fe801b85cecb99c4b6230c8e3a33e: 21bac16fbe050552a02138035cb62705229a6a3e: in 
DEBUG: LC_ALL=C JX_LOG_LEVEL=error git branch
DEBUG: JX_LOG_LEVEL=error LC_ALL=C git checkout master
DEBUG: ran git checkout master in 
DEBUG: LC_ALL=C JX_LOG_LEVEL=error git reset --hard 21bac16fbe050552a02138035cb62705229a6a3e
DEBUG: ran git reset --hard 21bac16fbe050552a02138035cb62705229a6a3e in 
DEBUG: LC_ALL=C JX_LOG_LEVEL=error git clean -fd .
DEBUG: ran clean --force -d . in 
DEBUG: JX_LOG_LEVEL=error LC_ALL=C git merge a05c27946b9fe801b85cecb99c4b6230c8e3a33e
DEBUG: ran git merge a05c27946b9fe801b85cecb99c4b6230c8e3a33e in 
DEBUG: LC_ALL=C JX_LOG_LEVEL=error git log --format=%H%x1f%an%x1f%ae%x1f%cn%x1f%ce%x1f%s%n%b%x1e 21bac16fbe050552a02138035cb62705229a6a3e..HEAD
Merged SHA a05c27946b9fe801b85cecb99c4b6230c8e3a33e with commit message 'Bump pillow from 7.1.1 to 7.2.0 in /python' into base branch master

Showing logs for build [32mmeta-seldonio-seldon-core-pr-20-7nhhf-2[0m stage [32mmeta-pipeline[0m and container [32mstep-merge-pull-refs[0m
DEBUG: LC_ALL=C JX_LOG_LEVEL=error git fetch origin --unshallow a05c27946b9fe801b85cecb99c4b6230c8e3a33e: 21bac16fbe050552a02138035cb62705229a6a3e:
DEBUG: LC_ALL=C JX_LOG_LEVEL=error git fetch origin a05c27946b9fe801b85cecb99c4b6230c8e3a33e: 21bac16fbe050552a02138035cb62705229a6a3e:
DEBUG: ran git fetch origin a05c27946b9fe801b85cecb99c4b6230c8e3a33e: 21bac16fbe050552a02138035cb62705229a6a3e: in 
DEBUG: LC_ALL=C JX_LOG_LEVEL=error git rev-parse --is-shallow-repository
DEBUG: Unshallowed git repo in 
DEBUG: LC_ALL=C JX_LOG_LEVEL=error git branch
DEBUG: LC_ALL=C JX_LOG_LEVEL=error git checkout master
DEBUG: ran git checkout master in 
DEBUG: LC_ALL=C JX_LOG_LEVEL=error git reset --hard 21bac16fbe050552a02138035cb62705229a6a3e
DEBUG: ran git reset --hard 21bac16fbe050552a02138035cb62705229a6a3e in 
DEBUG: LC_ALL=C JX_LOG_LEVEL=error git clean -fd .
DEBUG: ran clean --force -d . in 
DEBUG: JX_LOG_LEVEL=error LC_ALL=C git merge a05c27946b9fe801b85cecb99c4b6230c8e3a33e
DEBUG: ran git merge a05c27946b9fe801b85cecb99c4b6230c8e3a33e in 
DEBUG: JX_LOG_LEVEL=error LC_ALL=C git log --format=%H%x1f%an%x1f%ae%x1f%cn%x1f%ce%x1f%s%n%b%x1e 21bac16fbe050552a02138035cb62705229a6a3e..HEAD
Merged SHA a05c27946b9fe801b85cecb99c4b6230c8e3a33e with commit message 'Bump pillow from 7.1.1 to 7.2.0 in /python' into base branch master

Showing logs for build [32mmeta-seldonio-seldon-core-pr-20-7nhhf-2[0m stage [32mmeta-pipeline[0m and container [32mstep-create-effective-pipeline[0m
error: failed to create the ** client: Get https://10.15.240.1:443/api/v1/namespaces/**: dial tcp 10.15.240.1:443: connect: connection refused
[31m
Pipeline failed on stage 'meta-pipeline' : container 'step-create-effective-pipeline'. The execution of the pipeline has stopped.[0m

Showing logs for build [32mmeta-seldonio-seldon-core-pr-20-7nhhf-2[0m stage [32mmeta-pipeline[0m and container [32mstep-credential-initializer-cfjqr[0m
{"level":"info","ts":1594047432.9782422,"logger":"fallback-logger","caller":"logging/config.go:69","msg":"Fetch GitHub commit ID from kodata failed: open /var/run/ko/refs/heads/0.8.0-ns-support: no such file or directory"}
{"level":"info","ts":1594047432.9844098,"logger":"fallback-logger","caller":"creds-init/main.go:40","msg":"Credentials initialized."}

Showing logs for build [32mmeta-seldonio-seldon-core-pr-20-7nhhf-2[0m stage [32mmeta-pipeline[0m and container [32mstep-working-dir-initializer-h9b2s[0m
{"level":"info","ts":1594047435.7879183,"logger":"fallback-logger","caller":"logging/config.go:69","msg":"Fetch GitHub commit ID from kodata failed: open /var/run/ko/HEAD: no such file or directory"}
{"level":"info","ts":1594047435.7902281,"logger":"fallback-logger","caller":"bash/main.go:64","msg":"Successfully executed command \"sh -c mkdir -p /workspace/source\"; output "}

Showing logs for build [32mmeta-seldonio-seldon-core-pr-20-7nhhf-2[0m stage [32mmeta-pipeline[0m and container [32mstep-place-tools[0m

Showing logs for build [32mmeta-seldonio-seldon-core-pr-20-7nhhf-2[0m stage [32mmeta-pipeline[0m and container [32mstep-git-source-meta-seldonio-seldon-core-pr-20-7nhhf-j8vct[0m
{"level":"info","ts":1594047535.2999873,"logger":"fallback-logger","caller":"logging/config.go:69","msg":"Fetch GitHub commit ID from kodata failed: open /var/run/ko/refs/heads/0.8.0-ns-support: no such file or directory"}
{"level":"info","ts":1594047545.6562712,"logger":"fallback-logger","caller":"git/git.go:103","msg":"Successfully cloned https://github.com/SeldonIO/seldon-core.git @ 21bac16fbe050552a02138035cb62705229a6a3e in path /workspace/source"}

Showing logs for build [32mmeta-seldonio-seldon-core-pr-20-7nhhf-2[0m stage [32mmeta-pipeline[0m and container [32mstep-setup-builder-home[0m

Showing logs for build [32mmeta-seldonio-seldon-core-pr-20-7nhhf-2[0m stage [32mmeta-pipeline[0m and container [32mstep-git-merge[0m
Using SHAs from PULL_REFS=master:21bac16fbe050552a02138035cb62705229a6a3e,2077:a05c27946b9fe801b85cecb99c4b6230c8e3a33e
DEBUG: LC_ALL=C JX_LOG_LEVEL=error git fetch origin --unshallow a05c27946b9fe801b85cecb99c4b6230c8e3a33e: 21bac16fbe050552a02138035cb62705229a6a3e:
DEBUG: ran git fetch --unshallow origin a05c27946b9fe801b85cecb99c4b6230c8e3a33e: 21bac16fbe050552a02138035cb62705229a6a3e: in 
DEBUG: LC_ALL=C JX_LOG_LEVEL=error git branch
DEBUG: JX_LOG_LEVEL=error LC_ALL=C git checkout master
DEBUG: ran git checkout master in 
DEBUG: LC_ALL=C JX_LOG_LEVEL=error git reset --hard 21bac16fbe050552a02138035cb62705229a6a3e
DEBUG: ran git reset --hard 21bac16fbe050552a02138035cb62705229a6a3e in 
DEBUG: LC_ALL=C JX_LOG_LEVEL=error git clean -fd .
DEBUG: ran clean --force -d . in 
DEBUG: JX_LOG_LEVEL=error LC_ALL=C git merge a05c27946b9fe801b85cecb99c4b6230c8e3a33e
DEBUG: ran git merge a05c27946b9fe801b85cecb99c4b6230c8e3a33e in 
DEBUG: LC_ALL=C JX_LOG_LEVEL=error git log --format=%H%x1f%an%x1f%ae%x1f%cn%x1f%ce%x1f%s%n%b%x1e 21bac16fbe050552a02138035cb62705229a6a3e..HEAD
Merged SHA a05c27946b9fe801b85cecb99c4b6230c8e3a33e with commit message 'Bump pillow from 7.1.1 to 7.2.0 in /python' into base branch master

Showing logs for build [32mmeta-seldonio-seldon-core-pr-20-7nhhf-2[0m stage [32mmeta-pipeline[0m and container [32mstep-merge-pull-refs[0m
DEBUG: LC_ALL=C JX_LOG_LEVEL=error git fetch origin --unshallow a05c27946b9fe801b85cecb99c4b6230c8e3a33e: 21bac16fbe050552a02138035cb62705229a6a3e:
DEBUG: LC_ALL=C JX_LOG_LEVEL=error git fetch origin a05c27946b9fe801b85cecb99c4b6230c8e3a33e: 21bac16fbe050552a02138035cb62705229a6a3e:
DEBUG: ran git fetch origin a05c27946b9fe801b85cecb99c4b6230c8e3a33e: 21bac16fbe050552a02138035cb62705229a6a3e: in 
DEBUG: LC_ALL=C JX_LOG_LEVEL=error git rev-parse --is-shallow-repository
DEBUG: Unshallowed git repo in 
DEBUG: LC_ALL=C JX_LOG_LEVEL=error git branch
DEBUG: LC_ALL=C JX_LOG_LEVEL=error git checkout master
DEBUG: ran git checkout master in 
DEBUG: LC_ALL=C JX_LOG_LEVEL=error git reset --hard 21bac16fbe050552a02138035cb62705229a6a3e
DEBUG: ran git reset --hard 21bac16fbe050552a02138035cb62705229a6a3e in 
DEBUG: LC_ALL=C JX_LOG_LEVEL=error git clean -fd .
DEBUG: ran clean --force -d . in 
DEBUG: JX_LOG_LEVEL=error LC_ALL=C git merge a05c27946b9fe801b85cecb99c4b6230c8e3a33e
DEBUG: ran git merge a05c27946b9fe801b85cecb99c4b6230c8e3a33e in 
DEBUG: JX_LOG_LEVEL=error LC_ALL=C git log --format=%H%x1f%an%x1f%ae%x1f%cn%x1f%ce%x1f%s%n%b%x1e 21bac16fbe050552a02138035cb62705229a6a3e..HEAD
Merged SHA a05c27946b9fe801b85cecb99c4b6230c8e3a33e with commit message 'Bump pillow from 7.1.1 to 7.2.0 in /python' into base branch master

Showing logs for build [32mmeta-seldonio-seldon-core-pr-20-7nhhf-2[0m stage [32mmeta-pipeline[0m and container [32mstep-create-effective-pipeline[0m
error: failed to create the ** client: Get https://10.15.240.1:443/api/v1/namespaces/**: dial tcp 10.15.240.1:443: connect: connection refused
[31m
Pipeline failed on stage 'meta-pipeline' : container 'step-create-effective-pipeline'. The execution of the pipeline has stopped.[0m

Showing logs for build [32mmeta-seldonio-seldon-core-pr-20-7nhhf-2[0m stage [32mmeta-pipeline[0m and container [32mstep-credential-initializer-cfjqr[0m
{"level":"info","ts":1594047432.9782422,"logger":"fallback-logger","caller":"logging/config.go:69","msg":"Fetch GitHub commit ID from kodata failed: open /var/run/ko/refs/heads/0.8.0-ns-support: no such file or directory"}
{"level":"info","ts":1594047432.9844098,"logger":"fallback-logger","caller":"creds-init/main.go:40","msg":"Credentials initialized."}

Showing logs for build [32mmeta-seldonio-seldon-core-pr-20-7nhhf-2[0m stage [32mmeta-pipeline[0m and container [32mstep-working-dir-initializer-h9b2s[0m
{"level":"info","ts":1594047435.7879183,"logger":"fallback-logger","caller":"logging/config.go:69","msg":"Fetch GitHub commit ID from kodata failed: open /var/run/ko/HEAD: no such file or directory"}
{"level":"info","ts":1594047435.7902281,"logger":"fallback-logger","caller":"bash/main.go:64","msg":"Successfully executed command \"sh -c mkdir -p /workspace/source\"; output "}

Showing logs for build [32mmeta-seldonio-seldon-core-pr-20-7nhhf-2[0m stage [32mmeta-pipeline[0m and container [32mstep-place-tools[0m

Showing logs for build [32mmeta-seldonio-seldon-core-pr-20-7nhhf-2[0m stage [32mmeta-pipeline[0m and container [32mstep-git-source-meta-seldonio-seldon-core-pr-20-7nhhf-j8vct[0m
{"level":"info","ts":1594047535.2999873,"logger":"fallback-logger","caller":"logging/config.go:69","msg":"Fetch GitHub commit ID from kodata failed: open /var/run/ko/refs/heads/0.8.0-ns-support: no such file or directory"}
{"level":"info","ts":1594047545.6562712,"logger":"fallback-logger","caller":"git/git.go:103","msg":"Successfully cloned https://github.com/SeldonIO/seldon-core.git @ 21bac16fbe050552a02138035cb62705229a6a3e in path /workspace/source"}

Showing logs for build [32mmeta-seldonio-seldon-core-pr-20-7nhhf-2[0m stage [32mmeta-pipeline[0m and container [32mstep-setup-builder-home[0m

Showing logs for build [32mmeta-seldonio-seldon-core-pr-20-7nhhf-2[0m stage [32mmeta-pipeline[0m and container [32mstep-git-merge[0m
Using SHAs from PULL_REFS=master:21bac16fbe050552a02138035cb62705229a6a3e,2077:a05c27946b9fe801b85cecb99c4b6230c8e3a33e
DEBUG: LC_ALL=C JX_LOG_LEVEL=error git fetch origin --unshallow a05c27946b9fe801b85cecb99c4b6230c8e3a33e: 21bac16fbe050552a02138035cb62705229a6a3e:
DEBUG: ran git fetch --unshallow origin a05c27946b9fe801b85cecb99c4b6230c8e3a33e: 21bac16fbe050552a02138035cb62705229a6a3e: in 
DEBUG: LC_ALL=C JX_LOG_LEVEL=error git branch
DEBUG: JX_LOG_LEVEL=error LC_ALL=C git checkout master
DEBUG: ran git checkout master in 
DEBUG: LC_ALL=C JX_LOG_LEVEL=error git reset --hard 21bac16fbe050552a02138035cb62705229a6a3e
DEBUG: ran git reset --hard 21bac16fbe050552a02138035cb62705229a6a3e in 
DEBUG: LC_ALL=C JX_LOG_LEVEL=error git clean -fd .
DEBUG: ran clean --force -d . in 
DEBUG: JX_LOG_LEVEL=error LC_ALL=C git merge a05c27946b9fe801b85cecb99c4b6230c8e3a33e
DEBUG: ran git merge a05c27946b9fe801b85cecb99c4b6230c8e3a33e in 
DEBUG: LC_ALL=C JX_LOG_LEVEL=error git log --format=%H%x1f%an%x1f%ae%x1f%cn%x1f%ce%x1f%s%n%b%x1e 21bac16fbe050552a02138035cb62705229a6a3e..HEAD
Merged SHA a05c27946b9fe801b85cecb99c4b6230c8e3a33e with commit message 'Bump pillow from 7.1.1 to 7.2.0 in /python' into base branch master

Showing logs for build [32mmeta-seldonio-seldon-core-pr-20-7nhhf-2[0m stage [32mmeta-pipeline[0m and container [32mstep-merge-pull-refs[0m
DEBUG: LC_ALL=C JX_LOG_LEVEL=error git fetch origin --unshallow a05c27946b9fe801b85cecb99c4b6230c8e3a33e: 21bac16fbe050552a02138035cb62705229a6a3e:
DEBUG: LC_ALL=C JX_LOG_LEVEL=error git fetch origin a05c27946b9fe801b85cecb99c4b6230c8e3a33e: 21bac16fbe050552a02138035cb62705229a6a3e:
DEBUG: ran git fetch origin a05c27946b9fe801b85cecb99c4b6230c8e3a33e: 21bac16fbe050552a02138035cb62705229a6a3e: in 
DEBUG: LC_ALL=C JX_LOG_LEVEL=error git rev-parse --is-shallow-repository
DEBUG: Unshallowed git repo in 
DEBUG: LC_ALL=C JX_LOG_LEVEL=error git branch
DEBUG: LC_ALL=C JX_LOG_LEVEL=error git checkout master
DEBUG: ran git checkout master in 
DEBUG: LC_ALL=C JX_LOG_LEVEL=error git reset --hard 21bac16fbe050552a02138035cb62705229a6a3e
DEBUG: ran git reset --hard 21bac16fbe050552a02138035cb62705229a6a3e in 
DEBUG: LC_ALL=C JX_LOG_LEVEL=error git clean -fd .
DEBUG: ran clean --force -d . in 
DEBUG: JX_LOG_LEVEL=error LC_ALL=C git merge a05c27946b9fe801b85cecb99c4b6230c8e3a33e
DEBUG: ran git merge a05c27946b9fe801b85cecb99c4b6230c8e3a33e in 
DEBUG: JX_LOG_LEVEL=error LC_ALL=C git log --format=%H%x1f%an%x1f%ae%x1f%cn%x1f%ce%x1f%s%n%b%x1e 21bac16fbe050552a02138035cb62705229a6a3e..HEAD
Merged SHA a05c27946b9fe801b85cecb99c4b6230c8e3a33e with commit message 'Bump pillow from 7.1.1 to 7.2.0 in /python' into base branch master

Showing logs for build [32mmeta-seldonio-seldon-core-pr-20-7nhhf-2[0m stage [32mmeta-pipeline[0m and container [32mstep-create-effective-pipeline[0m
error: failed to create the ** client: Get https://10.15.240.1:443/api/v1/namespaces/**: dial tcp 10.15.240.1:443: connect: connection refused
[31m
Pipeline failed on stage 'meta-pipeline' : container 'step-create-effective-pipeline'. The execution of the pipeline has stopped.[0m

Showing logs for build [32mmeta-seldonio-seldon-core-pr-20-7nhhf-2[0m stage [32mmeta-pipeline[0m and container [32mstep-credential-initializer-cfjqr[0m
{"level":"info","ts":1594047432.9782422,"logger":"fallback-logger","caller":"logging/config.go:69","msg":"Fetch GitHub commit ID from kodata failed: open /var/run/ko/refs/heads/0.8.0-ns-support: no such file or directory"}
{"level":"info","ts":1594047432.9844098,"logger":"fallback-logger","caller":"creds-init/main.go:40","msg":"Credentials initialized."}

Showing logs for build [32mmeta-seldonio-seldon-core-pr-20-7nhhf-2[0m stage [32mmeta-pipeline[0m and container [32mstep-working-dir-initializer-h9b2s[0m
{"level":"info","ts":1594047435.7879183,"logger":"fallback-logger","caller":"logging/config.go:69","msg":"Fetch GitHub commit ID from kodata failed: open /var/run/ko/HEAD: no such file or directory"}
{"level":"info","ts":1594047435.7902281,"logger":"fallback-logger","caller":"bash/main.go:64","msg":"Successfully executed command \"sh -c mkdir -p /workspace/source\"; output "}

Showing logs for build [32mmeta-seldonio-seldon-core-pr-20-7nhhf-2[0m stage [32mmeta-pipeline[0m and container [32mstep-place-tools[0m

Showing logs for build [32mmeta-seldonio-seldon-core-pr-20-7nhhf-2[0m stage [32mmeta-pipeline[0m and container [32mstep-git-source-meta-seldonio-seldon-core-pr-20-7nhhf-j8vct[0m
{"level":"info","ts":1594047535.2999873,"logger":"fallback-logger","caller":"logging/config.go:69","msg":"Fetch GitHub commit ID from kodata failed: open /var/run/ko/refs/heads/0.8.0-ns-support: no such file or directory"}
{"level":"info","ts":1594047545.6562712,"logger":"fallback-logger","caller":"git/git.go:103","msg":"Successfully cloned https://github.com/SeldonIO/seldon-core.git @ 21bac16fbe050552a02138035cb62705229a6a3e in path /workspace/source"}

Showing logs for build [32mmeta-seldonio-seldon-core-pr-20-7nhhf-2[0m stage [32mmeta-pipeline[0m and container [32mstep-setup-builder-home[0m

Showing logs for build [32mmeta-seldonio-seldon-core-pr-20-7nhhf-2[0m stage [32mmeta-pipeline[0m and container [32mstep-git-merge[0m
Using SHAs from PULL_REFS=master:21bac16fbe050552a02138035cb62705229a6a3e,2077:a05c27946b9fe801b85cecb99c4b6230c8e3a33e
DEBUG: LC_ALL=C JX_LOG_LEVEL=error git fetch origin --unshallow a05c27946b9fe801b85cecb99c4b6230c8e3a33e: 21bac16fbe050552a02138035cb62705229a6a3e:
DEBUG: ran git fetch --unshallow origin a05c27946b9fe801b85cecb99c4b6230c8e3a33e: 21bac16fbe050552a02138035cb62705229a6a3e: in 
DEBUG: LC_ALL=C JX_LOG_LEVEL=error git branch
DEBUG: JX_LOG_LEVEL=error LC_ALL=C git checkout master
DEBUG: ran git checkout master in 
DEBUG: LC_ALL=C JX_LOG_LEVEL=error git reset --hard 21bac16fbe050552a02138035cb62705229a6a3e
DEBUG: ran git reset --hard 21bac16fbe050552a02138035cb62705229a6a3e in 
DEBUG: LC_ALL=C JX_LOG_LEVEL=error git clean -fd .
DEBUG: ran clean --force -d . in 
DEBUG: JX_LOG_LEVEL=error LC_ALL=C git merge a05c27946b9fe801b85cecb99c4b6230c8e3a33e
DEBUG: ran git merge a05c27946b9fe801b85cecb99c4b6230c8e3a33e in 
DEBUG: LC_ALL=C JX_LOG_LEVEL=error git log --format=%H%x1f%an%x1f%ae%x1f%cn%x1f%ce%x1f%s%n%b%x1e 21bac16fbe050552a02138035cb62705229a6a3e..HEAD
Merged SHA a05c27946b9fe801b85cecb99c4b6230c8e3a33e with commit message 'Bump pillow from 7.1.1 to 7.2.0 in /python' into base branch master

Showing logs for build [32mmeta-seldonio-seldon-core-pr-20-7nhhf-2[0m stage [32mmeta-pipeline[0m and container [32mstep-merge-pull-refs[0m
DEBUG: LC_ALL=C JX_LOG_LEVEL=error git fetch origin --unshallow a05c27946b9fe801b85cecb99c4b6230c8e3a33e: 21bac16fbe050552a02138035cb62705229a6a3e:
DEBUG: LC_ALL=C JX_LOG_LEVEL=error git fetch origin a05c27946b9fe801b85cecb99c4b6230c8e3a33e: 21bac16fbe050552a02138035cb62705229a6a3e:
DEBUG: ran git fetch origin a05c27946b9fe801b85cecb99c4b6230c8e3a33e: 21bac16fbe050552a02138035cb62705229a6a3e: in 
DEBUG: LC_ALL=C JX_LOG_LEVEL=error git rev-parse --is-shallow-repository
DEBUG: Unshallowed git repo in 
DEBUG: LC_ALL=C JX_LOG_LEVEL=error git branch
DEBUG: LC_ALL=C JX_LOG_LEVEL=error git checkout master
DEBUG: ran git checkout master in 
DEBUG: LC_ALL=C JX_LOG_LEVEL=error git reset --hard 21bac16fbe050552a02138035cb62705229a6a3e
DEBUG: ran git reset --hard 21bac16fbe050552a02138035cb62705229a6a3e in 
DEBUG: LC_ALL=C JX_LOG_LEVEL=error git clean -fd .
DEBUG: ran clean --force -d . in 
DEBUG: JX_LOG_LEVEL=error LC_ALL=C git merge a05c27946b9fe801b85cecb99c4b6230c8e3a33e
DEBUG: ran git merge a05c27946b9fe801b85cecb99c4b6230c8e3a33e in 
DEBUG: JX_LOG_LEVEL=error LC_ALL=C git log --format=%H%x1f%an%x1f%ae%x1f%cn%x1f%ce%x1f%s%n%b%x1e 21bac16fbe050552a02138035cb62705229a6a3e..HEAD
Merged SHA a05c27946b9fe801b85cecb99c4b6230c8e3a33e with commit message 'Bump pillow from 7.1.1 to 7.2.0 in /python' into base branch master

Showing logs for build [32mmeta-seldonio-seldon-core-pr-20-7nhhf-2[0m stage [32mmeta-pipeline[0m and container [32mstep-create-effective-pipeline[0m
error: failed to create the ** client: Get https://10.15.240.1:443/api/v1/namespaces/**: dial tcp 10.15.240.1:443: connect: connection refused
[31m
Pipeline failed on stage 'meta-pipeline' : container 'step-create-effective-pipeline'. The execution of the pipeline has stopped.[0m
