
Showing logs for build [32mseldonio-seldon-core-pr-1980-li-57q47-11[0m stage [32mpr-build-comment[0m and container [32mstep-credential-initializer-sclh7[0m
{"level":"info","ts":1594045572.8559406,"logger":"fallback-logger","caller":"logging/config.go:69","msg":"Fetch GitHub commit ID from kodata failed: open /var/run/ko/refs/heads/0.8.0-ns-support: no such file or directory"}
{"level":"info","ts":1594045572.856522,"logger":"fallback-logger","caller":"creds-init/main.go:40","msg":"Credentials initialized."}

Showing logs for build [32mseldonio-seldon-core-pr-1980-li-57q47-11[0m stage [32mpr-build-comment[0m and container [32mstep-working-dir-initializer-cgfr5[0m
{"level":"info","ts":1594045574.2925332,"logger":"fallback-logger","caller":"logging/config.go:69","msg":"Fetch GitHub commit ID from kodata failed: open /var/run/ko/HEAD: no such file or directory"}
{"level":"info","ts":1594045574.2938027,"logger":"fallback-logger","caller":"bash/main.go:64","msg":"Successfully executed command \"sh -c mkdir -p /workspace/source\"; output "}

Showing logs for build [32mseldonio-seldon-core-pr-1980-li-57q47-11[0m stage [32mpr-build-comment[0m and container [32mstep-place-tools[0m

Showing logs for build [32mseldonio-seldon-core-pr-1980-li-57q47-11[0m stage [32mpr-build-comment[0m and container [32mstep-create-dir-workspace-fbj9c[0m
{"level":"info","ts":1594045664.9846516,"logger":"fallback-logger","caller":"logging/config.go:69","msg":"Fetch GitHub commit ID from kodata failed: open /var/run/ko/HEAD: no such file or directory"}
{"level":"info","ts":1594045664.9877164,"logger":"fallback-logger","caller":"bash/main.go:64","msg":"Successfully executed command \"sh -c mkdir -p source\"; output "}

Showing logs for build [32mseldonio-seldon-core-pr-1980-li-57q47-11[0m stage [32mpr-build-comment[0m and container [32mstep-git-source-seldonio-seldon-core-pr-1980-li-57q47-jqrpf[0m
{"level":"info","ts":1594045665.3276176,"logger":"fallback-logger","caller":"logging/config.go:69","msg":"Fetch GitHub commit ID from kodata failed: open /var/run/ko/refs/heads/0.8.0-ns-support: no such file or directory"}
{"level":"info","ts":1594045671.4360926,"logger":"fallback-logger","caller":"git/git.go:103","msg":"Successfully cloned https://github.com/SeldonIO/seldon-core.git @ master in path /workspace/source"}

Showing logs for build [32mseldonio-seldon-core-pr-1980-li-57q47-11[0m stage [32mpr-build-comment[0m and container [32mstep-setup-builder-home[0m

Showing logs for build [32mseldonio-seldon-core-pr-1980-li-57q47-11[0m stage [32mpr-build-comment[0m and container [32mstep-git-merge[0m
Using SHAs from PULL_REFS=master:21bac16fbe050552a02138035cb62705229a6a3e,1980:ca27ceaf8be327a866c00fe4d3a64afc2b1419c4
DEBUG: LC_ALL=C JX_LOG_LEVEL=error git fetch origin --unshallow ca27ceaf8be327a866c00fe4d3a64afc2b1419c4: 21bac16fbe050552a02138035cb62705229a6a3e:
DEBUG: ran git fetch --unshallow origin ca27ceaf8be327a866c00fe4d3a64afc2b1419c4: 21bac16fbe050552a02138035cb62705229a6a3e: in 
DEBUG: LC_ALL=C JX_LOG_LEVEL=error git branch
DEBUG: LC_ALL=C JX_LOG_LEVEL=error git checkout master
DEBUG: ran git checkout master in 
DEBUG: LC_ALL=C JX_LOG_LEVEL=error git reset --hard 21bac16fbe050552a02138035cb62705229a6a3e
DEBUG: ran git reset --hard 21bac16fbe050552a02138035cb62705229a6a3e in 
DEBUG: LC_ALL=C JX_LOG_LEVEL=error git clean -fd .
DEBUG: ran clean --force -d . in 
DEBUG: JX_LOG_LEVEL=error LC_ALL=C git merge ca27ceaf8be327a866c00fe4d3a64afc2b1419c4
DEBUG: ran git merge ca27ceaf8be327a866c00fe4d3a64afc2b1419c4 in 
DEBUG: LC_ALL=C JX_LOG_LEVEL=error git log --format=%H%x1f%an%x1f%ae%x1f%cn%x1f%ce%x1f%s%n%b%x1e 21bac16fbe050552a02138035cb62705229a6a3e..HEAD
Merged SHA ca27ceaf8be327a866c00fe4d3a64afc2b1419c4 with commit message 'Fix tests' into base branch master
Merged SHA 4313e89930586bfaf94035700cb999ded1e9536f with commit message 'Move GetEnv to operator/utils package and add GetEnvAsBool' into base branch master
Merged SHA 7fd46c82fa54adfb13953992f0ad47159bd011d9 with commit message 'Remove debug parameter' into base branch master
Merged SHA 3659b83dde5ebd1f4d535ca795c60ef5cc6079e4 with commit message 'Default to info' into base branch master
Merged SHA fa64d952ae6e46f1d35dace31ba8b41659732fd7 with commit message 'Set debug and log level independently' into base branch master
Merged SHA d3416a9c2f67604cadbbae8a268e9088aeec7015 with commit message 'Add flags for debug and log level' into base branch master
Merged SHA 66a32dbce43e7b278d75dad18fc0c5162931ad11 with commit message 'Add GetEnvAsBool helper' into base branch master
Merged SHA 75742df684b8cc6021e88ddeef5e3e0d761d4bc7 with commit message 'update header' into base branch master
Merged SHA aabf8a359a96e09f60d4b1161e06bea40530c482 with commit message 'Update log level docs' into base branch master
Merged SHA 0b0fdc2347ed8d455c833812d40371cbb3db28d8 with commit message 'Read SELDON_LOG_LEVEL env var' into base branch master
Merged SHA 9ea22f8b81582a02ba97305e349e23a3a9f1c23f with commit message 'Add debug flag' into base branch master
Merged SHA 7ae237aa51b1ce4775207367394f31f6b1da786c with commit message 'Disable debug mode in operator logs' into base branch master
Merged SHA 1bf593661a9d6322c33cf6a104bf3e585566aeed with commit message 'Propagate log level to access logs' into base branch master
Merged SHA 68b867bfe57fdc17cc92e1c864e113ac5736d03b with commit message 'Move some logs to V(1)' into base branch master
Merged SHA f800259577adca941d2675c226526d4c2051eb3d with commit message 'Move errors to logger' into base branch master
Merged SHA 9f0fb640d04c192d3869a7bccc5c2e94f42408ed with commit message 'Use WARNING as default in Python wrapper' into base branch master
Merged SHA b822cd31d8b9b48a7a4d1f50195b0df30571d0a3 with commit message 'Use WARN as default in Java engine' into base branch master

Showing logs for build [32mseldonio-seldon-core-pr-1980-li-57q47-11[0m stage [32mpr-build-comment[0m and container [32mstep-step2[0m
+++ dirname ./add-pr-build-comment
++ cd .
++ pwd
+ STARTUP_DIR=/workspace/source/ci
+ REPO_OWNER=SeldonIO
+ REPO_NAME=seldon-core
+ PULL_NUMBER=1980
+ BUILD_NUMBER=11
+ PIPELINE_CONTEXT=lint
++ cat
+++ date
+ COMMENT_MSG='Mon Jul  6 14:28:07 UTC 2020
The logs for [lint] [11] will show after the pipeline context has finished.  
https://github.com/SeldonIO/seldon-core/blob/gh-pages/jenkins-x/logs/SeldonIO/seldon-core/PR-1980/11.log

impatient try  
** get build logs SeldonIO/seldon-core/PR-1980 --build=11'
+ ** step pr comment --owner=SeldonIO --repository=seldon-core --pull-request=1980 '--comment=Mon Jul  6 14:28:07 UTC 2020
The logs for [lint] [11] will show after the pipeline context has finished.  
https://github.com/SeldonIO/seldon-core/blob/gh-pages/jenkins-x/logs/SeldonIO/seldon-core/PR-1980/11.log

impatient try  
** get build logs SeldonIO/seldon-core/PR-1980 --build=11'

Showing logs for build [32mseldonio-seldon-core-pr-1980-li-57q47-11[0m stage [32mpr-build-comment[0m and container [32mstep-source-mkdir-seldonio-seldon-core-pr-1980-li-57q47-8jx2p[0m
{"level":"info","ts":1594045689.4264977,"logger":"fallback-logger","caller":"logging/config.go:69","msg":"Fetch GitHub commit ID from kodata failed: open /var/run/ko/HEAD: no such file or directory"}
{"level":"info","ts":1594045689.463799,"logger":"fallback-logger","caller":"bash/main.go:64","msg":"Successfully executed command \"sh -c mkdir -p /pvc/pr-build-comment/workspace\"; output "}

Showing logs for build [32mseldonio-seldon-core-pr-1980-li-57q47-11[0m stage [32mpr-build-comment[0m and container [32mstep-source-copy-seldonio-seldon-core-pr-1980-li-57q47-cq7tq[0m
{"level":"info","ts":1594045689.6909735,"logger":"fallback-logger","caller":"logging/config.go:69","msg":"Fetch GitHub commit ID from kodata failed: open /var/run/ko/HEAD: no such file or directory"}
{"level":"info","ts":1594045690.1582723,"logger":"fallback-logger","caller":"bash/main.go:64","msg":"Successfully executed command \"sh -c cp -r source/. /pvc/pr-build-comment/workspace\"; output "}

Showing logs for build [32mseldonio-seldon-core-pr-1980-li-57q47-11[0m stage [32mlint-python[0m and container [32mstep-credential-initializer-d2n5w[0m
{"level":"info","ts":1594045714.5366244,"logger":"fallback-logger","caller":"logging/config.go:69","msg":"Fetch GitHub commit ID from kodata failed: open /var/run/ko/refs/heads/0.8.0-ns-support: no such file or directory"}
{"level":"info","ts":1594045714.537011,"logger":"fallback-logger","caller":"creds-init/main.go:40","msg":"Credentials initialized."}

Showing logs for build [32mseldonio-seldon-core-pr-1980-li-57q47-11[0m stage [32mlint-python[0m and container [32mstep-working-dir-initializer-smpxw[0m
{"level":"info","ts":1594045715.3556392,"logger":"fallback-logger","caller":"logging/config.go:69","msg":"Fetch GitHub commit ID from kodata failed: open /var/run/ko/HEAD: no such file or directory"}
{"level":"info","ts":1594045715.3579915,"logger":"fallback-logger","caller":"bash/main.go:64","msg":"Successfully executed command \"sh -c mkdir -p /workspace/source\"; output "}

Showing logs for build [32mseldonio-seldon-core-pr-1980-li-57q47-11[0m stage [32mlint-python[0m and container [32mstep-place-tools[0m

Showing logs for build [32mseldonio-seldon-core-pr-1980-li-57q47-11[0m stage [32mlint-python[0m and container [32mstep-create-dir-workspace-66whj[0m
{"level":"info","ts":1594045726.7217472,"logger":"fallback-logger","caller":"logging/config.go:69","msg":"Fetch GitHub commit ID from kodata failed: open /var/run/ko/HEAD: no such file or directory"}
{"level":"info","ts":1594045726.7243228,"logger":"fallback-logger","caller":"bash/main.go:64","msg":"Successfully executed command \"sh -c mkdir -p /workspace/source\"; output "}

Showing logs for build [32mseldonio-seldon-core-pr-1980-li-57q47-11[0m stage [32mlint-python[0m and container [32mstep-source-copy-workspace-59twj[0m
{"level":"info","ts":1594045727.07487,"logger":"fallback-logger","caller":"logging/config.go:69","msg":"Fetch GitHub commit ID from kodata failed: open /var/run/ko/HEAD: no such file or directory"}
{"level":"info","ts":1594045729.937665,"logger":"fallback-logger","caller":"bash/main.go:64","msg":"Successfully executed command \"sh -c cp -r /pvc/pr-build-comment/workspace/. /workspace/source\"; output "}

Showing logs for build [32mseldonio-seldon-core-pr-1980-li-57q47-11[0m stage [32mlint-python[0m and container [32mstep-setup-builder-home[0m

Showing logs for build [32mseldonio-seldon-core-pr-1980-li-57q47-11[0m stage [32mlint-python[0m and container [32mstep-lint-python[0m
make: Entering directory '/workspace/source/python'
pip install -e . -r requirements-dev.txt
Obtaining file:///workspace/source/python
Collecting Flask<2.0.0 (from -r requirements.txt (line 1))
  Downloading https://files.pythonhosted.org/packages/f2/28/2a03252dfb9ebf377f40fba6a7841b47083260bf8bd8e737b0c6952df83f/Flask-1.1.2-py2.py3-none-any.whl (94kB)
Collecting jsonschema<4.0.0 (from -r requirements.txt (line 2))
  Downloading https://files.pythonhosted.org/packages/c5/8f/51e89ce52a085483359217bc72cdbf6e75ee595d5b1d4b5ade40c7e018b8/jsonschema-3.2.0-py2.py3-none-any.whl (56kB)
Collecting Flask-cors<4.0.0 (from -r requirements.txt (line 3))
  Downloading https://files.pythonhosted.org/packages/78/38/e68b11daa5d613e3a91e4bf3da76c94ac9ee0d9cd515af9c1ab80d36f709/Flask_Cors-3.0.8-py2.py3-none-any.whl
Collecting redis<4.0.0 (from -r requirements.txt (line 4))
  Downloading https://files.pythonhosted.org/packages/a7/7c/24fb0511df653cf1a5d938d8f5d19802a88cef255706fdda242ff97e91b7/redis-3.5.3-py2.py3-none-any.whl (72kB)
Requirement already satisfied: requests<3.0.0 in /opt/conda/lib/python3.7/site-packages (from -r requirements.txt (line 5)) (2.21.0)
Collecting numpy<2.0.0 (from -r requirements.txt (line 6))
  Downloading https://files.pythonhosted.org/packages/b4/93/76311932b0c7efd3111f6604609f36d568b912e16bebd86d99f0612d3930/numpy-1.19.0-cp37-cp37m-manylinux1_x86_64.whl (13.5MB)
Requirement already satisfied: flatbuffers<2.0.0 in /opt/conda/lib/python3.7/site-packages (from -r requirements.txt (line 7)) (1.11)
Requirement already satisfied: protobuf<4.0.0 in /opt/conda/lib/python3.7/site-packages (from -r requirements.txt (line 8)) (3.7.1)
Requirement already satisfied: grpcio<2.0.0 in /opt/conda/lib/python3.7/site-packages (from -r requirements.txt (line 9)) (1.20.1)
Collecting Flask-OpenTracing<1.2.0,>=1.1.0 (from -r requirements.txt (line 10))
  Downloading https://files.pythonhosted.org/packages/58/6c/6417701ba5ecc8854670c6db3207bcc3e5fbc96289a7cb18d5516d99a1c6/Flask-OpenTracing-1.1.0.tar.gz
Collecting opentracing<2.3.0,>=2.2.0 (from -r requirements.txt (line 11))
  Downloading https://files.pythonhosted.org/packages/94/9f/289424136addf621fb4c75624ef9a3a80e8575da3993a87950c57e93217e/opentracing-2.2.0.tar.gz (47kB)
Collecting jaeger-client<4.2.0,>=4.1.0 (from -r requirements.txt (line 12))
  Downloading https://files.pythonhosted.org/packages/f1/da/569a4f1bc3d0c412c7f903053f09ef62fa10949374ca90bc852b22dd3860/jaeger-client-4.1.0.tar.gz (80kB)
Collecting grpcio-opentracing<1.2.0,>=1.1.4 (from -r requirements.txt (line 13))
  Downloading https://files.pythonhosted.org/packages/db/82/2fcad380697c3dab25de76ee590bcab3eb9bbfb4add916044d7e83ec2b10/grpcio_opentracing-1.1.4-py3-none-any.whl
Collecting PyYAML<5.4 (from -r requirements.txt (line 14))
  Downloading https://files.pythonhosted.org/packages/64/c2/b80047c7ac2478f9501676c988a5411ed5572f35d1beff9cae07d321512c/PyYAML-5.3.1.tar.gz (269kB)
Collecting gunicorn<20.1.0,>=19.9.0 (from -r requirements.txt (line 15))
  Downloading https://files.pythonhosted.org/packages/69/ca/926f7cd3a2014b16870086b2d0fdc84a9e49473c68a8dff8b57f7c156f43/gunicorn-20.0.4-py2.py3-none-any.whl (77kB)
Collecting minio<6.0.0,>=4.0.9 (from -r requirements.txt (line 16))
  Downloading https://files.pythonhosted.org/packages/aa/60/81f4a1dc2d320832840288d7ec88aa3e4ee495d8f1452b4c79d8bd67136b/minio-5.0.10-py2.py3-none-any.whl (75kB)
Collecting azure-storage-blob<3.0.0,>=2.0.1 (from -r requirements.txt (line 17))
  Downloading https://files.pythonhosted.org/packages/3e/84/610f379b46d7d3c2d48eadeed6a12b6d46a43100fea70534f5992d0ac996/azure_storage_blob-2.1.0-py2.py3-none-any.whl (88kB)
Collecting setuptools>=41.0.0 (from -r requirements.txt (line 18))
  Downloading https://files.pythonhosted.org/packages/41/fa/60888a1d591db07bc9c17dce2bcfb9f00ac507c0a23ecb827e76feb8f816/setuptools-49.1.0-py3-none-any.whl (789kB)
Collecting google-cloud-storage>=1.16.0 (from -r requirements.txt (line 19))
  Downloading https://files.pythonhosted.org/packages/98/8c/41398b95ad0d612e1cfc3c1816292540bac76242ef2aaa4b7adb06da5f6b/google_cloud_storage-1.29.0-py2.py3-none-any.whl (85kB)
Collecting prometheus_client<0.9.0,>=0.7.1 (from -r requirements.txt (line 20))
  Downloading https://files.pythonhosted.org/packages/3f/0e/554a265ffdc56e1494ef08e18f765b0cdec78797f510c58c45cf37abb4f4/prometheus_client-0.8.0-py2.py3-none-any.whl (53kB)
Collecting black==19.10b0 (from -r requirements-dev.txt (line 2))
  Downloading https://files.pythonhosted.org/packages/fd/bb/ad34bbc93d1bea3de086d7c59e528d4a503ac8fe318bd1fa48605584c3d2/black-19.10b0-py36-none-any.whl (97kB)
Collecting flake8==3.8.1 (from -r requirements-dev.txt (line 3))
  Downloading https://files.pythonhosted.org/packages/bf/47/36e51603431e1a5289eb41636199d2c225fcb1ca286e29c02d219c8e6e88/flake8-3.8.1-py2.py3-none-any.whl (72kB)
Collecting mypy<0.783 (from -r requirements-dev.txt (line 4))
  Downloading https://files.pythonhosted.org/packages/a7/25/da35a577040effa507d465102a0e001b29279d759f46218af91985ab0392/mypy-0.782-cp37-cp37m-manylinux1_x86_64.whl (20.8MB)
Collecting Pillow==7.1.1 (from -r requirements-dev.txt (line 5))
  Downloading https://files.pythonhosted.org/packages/3f/b6/6979d88601932b0434854bcdd5cafeb239c4ed8a8c6c86c8363dd194f9a1/Pillow-7.1.1-cp37-cp37m-manylinux1_x86_64.whl (2.1MB)
Collecting pytest==5.4.2 (from -r requirements-dev.txt (line 6))
  Downloading https://files.pythonhosted.org/packages/6c/f9/9f2b6c672c8f8bb87a4c1bd52c1b57213627b035305aad745d015b2a62ae/pytest-5.4.2-py3-none-any.whl (247kB)
Collecting pytest-cov==2.10.0 (from -r requirements-dev.txt (line 7))
  Downloading https://files.pythonhosted.org/packages/3d/13/ae3dec587b1cc07fb9f294e52ea9ad140266aea55adb9e12eade3625bd27/pytest_cov-2.10.0-py2.py3-none-any.whl
Collecting tox<4.0.0 (from -r requirements-dev.txt (line 8))
  Downloading https://files.pythonhosted.org/packages/ad/0d/773800b6649e1994e1726dc64b0e212896955f38f7d8dc7000bdea47930d/tox-3.16.1-py2.py3-none-any.whl (137kB)
Collecting grpcio-tools==1.30.0 (from -r requirements-dev.txt (line 9))
  Downloading https://files.pythonhosted.org/packages/da/3c/bed275484f6cc262b5de6ceaae36798c60d7904cdd05dc79cc830b880687/grpcio-tools-1.30.0.tar.gz (2.1MB)
Collecting mypy-protobuf==1.22 (from -r requirements-dev.txt (line 10))
  Downloading https://files.pythonhosted.org/packages/ec/9c/36adfc9a4aee35f8c6ae45f91cb3ef2e041e4c9ef6be1401e369f46c47c6/mypy_protobuf-1.22-py3-none-any.whl
Collecting tenacity==6.2.0 (from -r requirements-dev.txt (line 13))
  Downloading https://files.pythonhosted.org/packages/b5/05/ff089032442058bd3386f9cd991cd88ccac81dca1494d78751621ee35e62/tenacity-6.2.0-py2.py3-none-any.whl
Collecting coverage==5.1 (from -r requirements-dev.txt (line 16))
  Downloading https://files.pythonhosted.org/packages/0d/85/b055f9c1a210f0c7e16e675b286ce4e16d80ba4c4e566de143e8d58dd7f2/coverage-5.1-cp37-cp37m-manylinux1_x86_64.whl (227kB)
Collecting pandas==1.0.1 (from -r requirements-dev.txt (line 19))
  Downloading https://files.pythonhosted.org/packages/61/af/ceb7523e86753d5643ed00e8c17a42bdcfe819782c3449d9bbbf5d01867a/pandas-1.0.1-cp37-cp37m-manylinux1_x86_64.whl (10.1MB)
Collecting pip-licenses==2.2.1 (from -r requirements-dev.txt (line 22))
  Downloading https://files.pythonhosted.org/packages/2e/8a/b8eb114545d9e984fcc013ef544c487aa2c02489a66185a82108625784a5/pip_licenses-2.2.1-py3-none-any.whl
Collecting Werkzeug>=0.15 (from Flask<2.0.0->-r requirements.txt (line 1))
  Downloading https://files.pythonhosted.org/packages/cc/94/5f7079a0e00bd6863ef8f1da638721e9da21e5bacee597595b318f71d62e/Werkzeug-1.0.1-py2.py3-none-any.whl (298kB)
Collecting itsdangerous>=0.24 (from Flask<2.0.0->-r requirements.txt (line 1))
  Downloading https://files.pythonhosted.org/packages/76/ae/44b03b253d6fade317f32c24d100b3b35c2239807046a4c953c7b89fa49e/itsdangerous-1.1.0-py2.py3-none-any.whl
Collecting click>=5.1 (from Flask<2.0.0->-r requirements.txt (line 1))
  Downloading https://files.pythonhosted.org/packages/d2/3d/fa76db83bf75c4f8d338c2fd15c8d33fdd7ad23a9b5e57eb6c5de26b430e/click-7.1.2-py2.py3-none-any.whl (82kB)
Collecting Jinja2>=2.10.1 (from Flask<2.0.0->-r requirements.txt (line 1))
  Downloading https://files.pythonhosted.org/packages/30/9e/f663a2aa66a09d838042ae1a2c5659828bb9b41ea3a6efa20a20fd92b121/Jinja2-2.11.2-py2.py3-none-any.whl (125kB)
Collecting importlib-metadata; python_version < "3.8" (from jsonschema<4.0.0->-r requirements.txt (line 2))
  Downloading https://files.pythonhosted.org/packages/8e/58/cdea07eb51fc2b906db0968a94700866fc46249bdc75cac23f9d13168929/importlib_metadata-1.7.0-py2.py3-none-any.whl
Requirement already satisfied: six>=1.11.0 in /opt/conda/lib/python3.7/site-packages (from jsonschema<4.0.0->-r requirements.txt (line 2)) (1.12.0)
Collecting attrs>=17.4.0 (from jsonschema<4.0.0->-r requirements.txt (line 2))
  Downloading https://files.pythonhosted.org/packages/a2/db/4313ab3be961f7a763066401fb77f7748373b6094076ae2bda2806988af6/attrs-19.3.0-py2.py3-none-any.whl
Collecting pyrsistent>=0.14.0 (from jsonschema<4.0.0->-r requirements.txt (line 2))
  Downloading https://files.pythonhosted.org/packages/9f/0d/cbca4d0bbc5671822a59f270e4ce3f2195f8a899c97d0d5abb81b191efb5/pyrsistent-0.16.0.tar.gz (108kB)
Requirement already satisfied: urllib3<1.25,>=1.21.1 in /opt/conda/lib/python3.7/site-packages (from requests<3.0.0->-r requirements.txt (line 5)) (1.24.1)
Requirement already satisfied: chardet<3.1.0,>=3.0.2 in /opt/conda/lib/python3.7/site-packages (from requests<3.0.0->-r requirements.txt (line 5)) (3.0.4)
Requirement already satisfied: certifi>=2017.4.17 in /opt/conda/lib/python3.7/site-packages (from requests<3.0.0->-r requirements.txt (line 5)) (2018.11.29)
Requirement already satisfied: idna<2.9,>=2.5 in /opt/conda/lib/python3.7/site-packages (from requests<3.0.0->-r requirements.txt (line 5)) (2.8)
Collecting threadloop<2,>=1 (from jaeger-client<4.2.0,>=4.1.0->-r requirements.txt (line 12))
  Downloading https://files.pythonhosted.org/packages/d3/1d/8398c1645b97dc008d3c658e04beda01ede3d90943d40c8d56863cf891bd/threadloop-1.0.2.tar.gz
Collecting thrift (from jaeger-client<4.2.0,>=4.1.0->-r requirements.txt (line 12))
  Downloading https://files.pythonhosted.org/packages/97/1e/3284d19d7be99305eda145b8aa46b0c33244e4a496ec66440dac19f8274d/thrift-0.13.0.tar.gz (59kB)
Collecting tornado<6,>=4.3 (from jaeger-client<4.2.0,>=4.1.0->-r requirements.txt (line 12))
  Downloading https://files.pythonhosted.org/packages/e6/78/6e7b5af12c12bdf38ca9bfe863fcaf53dc10430a312d0324e76c1e5ca426/tornado-5.1.1.tar.gz (516kB)
Collecting configparser (from minio<6.0.0,>=4.0.9->-r requirements.txt (line 16))
  Downloading https://files.pythonhosted.org/packages/4b/6b/01baa293090240cf0562cc5eccb69c6f5006282127f2b846fad011305c79/configparser-5.0.0-py3-none-any.whl
Collecting python-dateutil (from minio<6.0.0,>=4.0.9->-r requirements.txt (line 16))
  Downloading https://files.pythonhosted.org/packages/d4/70/d60450c3dd48ef87586924207ae8907090de0b306af2bce5d134d78615cb/python_dateutil-2.8.1-py2.py3-none-any.whl (227kB)
Collecting pytz (from minio<6.0.0,>=4.0.9->-r requirements.txt (line 16))
  Downloading https://files.pythonhosted.org/packages/4f/a4/879454d49688e2fad93e59d7d4efda580b783c745fd2ec2a3adf87b0808d/pytz-2020.1-py2.py3-none-any.whl (510kB)
Collecting azure-storage-common~=2.1 (from azure-storage-blob<3.0.0,>=2.0.1->-r requirements.txt (line 17))
  Downloading https://files.pythonhosted.org/packages/6b/a0/6794b318ce0118d1a4053bdf0149a60807407db9b710354f2b203c2f5975/azure_storage_common-2.1.0-py2.py3-none-any.whl (47kB)
Collecting azure-common>=1.1.5 (from azure-storage-blob<3.0.0,>=2.0.1->-r requirements.txt (line 17))
  Downloading https://files.pythonhosted.org/packages/e5/4d/d000fc3c5af601d00d55750b71da5c231fcb128f42ac95b208ed1091c2c1/azure_common-1.1.25-py2.py3-none-any.whl
Collecting google-resumable-media<0.6dev,>=0.5.0 (from google-cloud-storage>=1.16.0->-r requirements.txt (line 19))
  Downloading https://files.pythonhosted.org/packages/f2/cc/cd05c633298fcbba5d61b6b8844de598e001954281a004fc1a13c61a5121/google_resumable_media-0.5.1-py2.py3-none-any.whl
Collecting google-auth<2.0dev,>=1.11.0 (from google-cloud-storage>=1.16.0->-r requirements.txt (line 19))
  Downloading https://files.pythonhosted.org/packages/21/57/d706964a7e4056f3f2244e16705388c11631fbb53d3e2d2a2d0fbc24d470/google_auth-1.18.0-py2.py3-none-any.whl (90kB)
Collecting google-cloud-core<2.0dev,>=1.2.0 (from google-cloud-storage>=1.16.0->-r requirements.txt (line 19))
  Downloading https://files.pythonhosted.org/packages/89/3c/8a7531839028c9690e6d14c650521f3bbaf26e53baaeb2784b8c3eb2fb97/google_cloud_core-1.3.0-py2.py3-none-any.whl
Collecting toml>=0.9.4 (from black==19.10b0->-r requirements-dev.txt (line 2))
  Downloading https://files.pythonhosted.org/packages/9f/e1/1b40b80f2e1663a6b9f497123c11d7d988c0919abbf3c3f2688e448c5363/toml-0.10.1-py2.py3-none-any.whl
Collecting regex (from black==19.10b0->-r requirements-dev.txt (line 2))
  Downloading https://files.pythonhosted.org/packages/ac/9e/7019ecdbae4537b4c7d0cc800840889c30a36e7a4b319f8272882292b19a/regex-2020.6.8-cp37-cp37m-manylinux1_x86_64.whl (661kB)
Collecting pathspec<1,>=0.6 (from black==19.10b0->-r requirements-dev.txt (line 2))
  Downloading https://files.pythonhosted.org/packages/5d/d0/887c58853bd4b6ffc7aa9cdba4fc57d7b979b45888a6bd47e4568e1cf868/pathspec-0.8.0-py2.py3-none-any.whl
Collecting typed-ast>=1.4.0 (from black==19.10b0->-r requirements-dev.txt (line 2))
  Downloading https://files.pythonhosted.org/packages/5d/10/0c1e8aa723a2b0c4032e048d8e511df82c8a1262f0e1df5e4c54eb2613e9/typed_ast-1.4.1-cp37-cp37m-manylinux1_x86_64.whl (737kB)
Collecting appdirs (from black==19.10b0->-r requirements-dev.txt (line 2))
  Downloading https://files.pythonhosted.org/packages/3b/00/2344469e2084fb287c2e0b57b72910309874c3245463acd6cf5e3db69324/appdirs-1.4.4-py2.py3-none-any.whl
Collecting pycodestyle<2.7.0,>=2.6.0a1 (from flake8==3.8.1->-r requirements-dev.txt (line 3))
  Downloading https://files.pythonhosted.org/packages/10/5b/88879fb861ab79aef45c7e199cae3ef7af487b5603dcb363517a50602dd7/pycodestyle-2.6.0-py2.py3-none-any.whl (41kB)
Collecting mccabe<0.7.0,>=0.6.0 (from flake8==3.8.1->-r requirements-dev.txt (line 3))
  Downloading https://files.pythonhosted.org/packages/87/89/479dc97e18549e21354893e4ee4ef36db1d237534982482c3681ee6e7b57/mccabe-0.6.1-py2.py3-none-any.whl
Collecting pyflakes<2.3.0,>=2.2.0 (from flake8==3.8.1->-r requirements-dev.txt (line 3))
  Downloading https://files.pythonhosted.org/packages/69/5b/fd01b0c696f2f9a6d2c839883b642493b431f28fa32b29abc465ef675473/pyflakes-2.2.0-py2.py3-none-any.whl (66kB)
Collecting mypy-extensions<0.5.0,>=0.4.3 (from mypy<0.783->-r requirements-dev.txt (line 4))
  Downloading https://files.pythonhosted.org/packages/5c/eb/975c7c080f3223a5cdaff09612f3a5221e4ba534f7039db34c35d95fa6a5/mypy_extensions-0.4.3-py2.py3-none-any.whl
Collecting typing-extensions>=3.7.4 (from mypy<0.783->-r requirements-dev.txt (line 4))
  Downloading https://files.pythonhosted.org/packages/0c/0e/3f026d0645d699e7320b59952146d56ad7c374e9cd72cd16e7c74e657a0f/typing_extensions-3.7.4.2-py3-none-any.whl
Collecting more-itertools>=4.0.0 (from pytest==5.4.2->-r requirements-dev.txt (line 6))
  Downloading https://files.pythonhosted.org/packages/ef/9b/6c35ec5483710492e21252465160ee508170159f7e0e2d6cd769022f52f6/more_itertools-8.4.0-py3-none-any.whl (43kB)
Collecting py>=1.5.0 (from pytest==5.4.2->-r requirements-dev.txt (line 6))
  Downloading https://files.pythonhosted.org/packages/68/0f/41a43535b52a81e4f29e420a151032d26f08b62206840c48d14b70e53376/py-1.9.0-py2.py3-none-any.whl (99kB)
Collecting pluggy<1.0,>=0.12 (from pytest==5.4.2->-r requirements-dev.txt (line 6))
  Downloading https://files.pythonhosted.org/packages/a0/28/85c7aa31b80d150b772fbe4a229487bc6644da9ccb7e427dd8cc60cb8a62/pluggy-0.13.1-py2.py3-none-any.whl
Collecting packaging (from pytest==5.4.2->-r requirements-dev.txt (line 6))
  Downloading https://files.pythonhosted.org/packages/46/19/c5ab91b1b05cfe63cccd5cfc971db9214c6dd6ced54e33c30d5af1d2bc43/packaging-20.4-py2.py3-none-any.whl
Collecting wcwidth (from pytest==5.4.2->-r requirements-dev.txt (line 6))
  Downloading https://files.pythonhosted.org/packages/59/7c/e39aca596badaf1b78e8f547c807b04dae603a433d3e7a7e04d67f2ef3e5/wcwidth-0.2.5-py2.py3-none-any.whl
Collecting filelock>=3.0.0 (from tox<4.0.0->-r requirements-dev.txt (line 8))
  Downloading https://files.pythonhosted.org/packages/93/83/71a2ee6158bb9f39a90c0dea1637f81d5eef866e188e1971a1b1ab01a35a/filelock-3.0.12-py3-none-any.whl
Collecting virtualenv!=20.0.0,!=20.0.1,!=20.0.2,!=20.0.3,!=20.0.4,!=20.0.5,!=20.0.6,!=20.0.7,>=16.0.0 (from tox<4.0.0->-r requirements-dev.txt (line 8))
  Downloading https://files.pythonhosted.org/packages/f4/1f/2da1af5b56eb2ffa17ef1059540f174375ee604e52756e6265b78b0593e1/virtualenv-20.0.25-py2.py3-none-any.whl (4.7MB)
Collecting PTable (from pip-licenses==2.2.1->-r requirements-dev.txt (line 22))
  Downloading https://files.pythonhosted.org/packages/ab/b3/b54301811173ca94119eb474634f120a49cd370f257d1aae5a4abaf12729/PTable-0.9.2.tar.gz
Collecting MarkupSafe>=0.23 (from Jinja2>=2.10.1->Flask<2.0.0->-r requirements.txt (line 1))
  Downloading https://files.pythonhosted.org/packages/98/7b/ff284bd8c80654e471b769062a9b43cc5d03e7a615048d96f4619df8d420/MarkupSafe-1.1.1-cp37-cp37m-manylinux1_x86_64.whl
Collecting zipp>=0.5 (from importlib-metadata; python_version < "3.8"->jsonschema<4.0.0->-r requirements.txt (line 2))
  Downloading https://files.pythonhosted.org/packages/b2/34/bfcb43cc0ba81f527bc4f40ef41ba2ff4080e047acb0586b56b3d017ace4/zipp-3.1.0-py3-none-any.whl
Requirement already satisfied: cryptography in /opt/conda/lib/python3.7/site-packages (from azure-storage-common~=2.1->azure-storage-blob<3.0.0,>=2.0.1->-r requirements.txt (line 17)) (2.4.2)
Collecting cachetools<5.0,>=2.0.0 (from google-auth<2.0dev,>=1.11.0->google-cloud-storage>=1.16.0->-r requirements.txt (line 19))
  Downloading https://files.pythonhosted.org/packages/cd/5c/f3aa86b6d5482f3051b433c7616668a9b96fbe49a622210e2c9781938a5c/cachetools-4.1.1-py3-none-any.whl
Collecting rsa<5,>=3.1.4; python_version >= "3" (from google-auth<2.0dev,>=1.11.0->google-cloud-storage>=1.16.0->-r requirements.txt (line 19))
  Downloading https://files.pythonhosted.org/packages/1c/df/c3587a667d6b308fadc90b99e8bc8774788d033efcc70f4ecaae7fad144b/rsa-4.6-py3-none-any.whl (47kB)
Collecting pyasn1-modules>=0.2.1 (from google-auth<2.0dev,>=1.11.0->google-cloud-storage>=1.16.0->-r requirements.txt (line 19))
  Downloading https://files.pythonhosted.org/packages/95/de/214830a981892a3e286c3794f41ae67a4495df1108c3da8a9f62159b9a9d/pyasn1_modules-0.2.8-py2.py3-none-any.whl (155kB)
Collecting google-api-core<2.0.0dev,>=1.16.0 (from google-cloud-core<2.0dev,>=1.2.0->google-cloud-storage>=1.16.0->-r requirements.txt (line 19))
  Downloading https://files.pythonhosted.org/packages/48/76/bd5e3ebd571b9f688ae123a2bd84b2dc9f75e1214a83b8a759bc16e2fc35/google_api_core-1.21.0-py2.py3-none-any.whl (90kB)
Collecting pyparsing>=2.0.2 (from packaging->pytest==5.4.2->-r requirements-dev.txt (line 6))
  Downloading https://files.pythonhosted.org/packages/8a/bb/488841f56197b13700afd5658fc279a2025a39e22449b7cf29864669b15d/pyparsing-2.4.7-py2.py3-none-any.whl (67kB)
Collecting distlib<1,>=0.3.0 (from virtualenv!=20.0.0,!=20.0.1,!=20.0.2,!=20.0.3,!=20.0.4,!=20.0.5,!=20.0.6,!=20.0.7,>=16.0.0->tox<4.0.0->-r requirements-dev.txt (line 8))
  Downloading https://files.pythonhosted.org/packages/f5/0a/490fa011d699bb5a5f3a0cf57de82237f52a6db9d40f33c53b2736c9a1f9/distlib-0.3.1-py2.py3-none-any.whl (335kB)
Requirement already satisfied: cffi!=1.11.3,>=1.7 in /opt/conda/lib/python3.7/site-packages (from cryptography->azure-storage-common~=2.1->azure-storage-blob<3.0.0,>=2.0.1->-r requirements.txt (line 17)) (1.11.5)
Requirement already satisfied: asn1crypto>=0.21.0 in /opt/conda/lib/python3.7/site-packages (from cryptography->azure-storage-common~=2.1->azure-storage-blob<3.0.0,>=2.0.1->-r requirements.txt (line 17)) (0.24.0)
Collecting pyasn1>=0.1.3 (from rsa<5,>=3.1.4; python_version >= "3"->google-auth<2.0dev,>=1.11.0->google-cloud-storage>=1.16.0->-r requirements.txt (line 19))
  Downloading https://files.pythonhosted.org/packages/62/1e/a94a8d635fa3ce4cfc7f506003548d0a2447ae76fd5ca53932970fe3053f/pyasn1-0.4.8-py2.py3-none-any.whl (77kB)
Collecting googleapis-common-protos<2.0dev,>=1.6.0 (from google-api-core<2.0.0dev,>=1.16.0->google-cloud-core<2.0dev,>=1.2.0->google-cloud-storage>=1.16.0->-r requirements.txt (line 19))
  Downloading https://files.pythonhosted.org/packages/03/74/3956721ea1eb4bcf7502a311fdaa60b85bd751de4e57d1943afe9b334141/googleapis_common_protos-1.52.0-py2.py3-none-any.whl (100kB)
Requirement already satisfied: pycparser in /opt/conda/lib/python3.7/site-packages (from cffi!=1.11.3,>=1.7->cryptography->azure-storage-common~=2.1->azure-storage-blob<3.0.0,>=2.0.1->-r requirements.txt (line 17)) (2.19)
Building wheels for collected packages: Flask-OpenTracing, opentracing, jaeger-client, PyYAML, grpcio-tools, pyrsistent, threadloop, thrift, tornado, PTable
  Running setup.py bdist_wheel for Flask-OpenTracing: started
  Running setup.py bdist_wheel for Flask-OpenTracing: finished with status 'done'
  Stored in directory: /builder/home/.cache/pip/wheels/7b/dc/25/3cf0b35c129232ee596c413f13d1d1f5a8e38c427266276dfd
  Running setup.py bdist_wheel for opentracing: started
  Running setup.py bdist_wheel for opentracing: finished with status 'done'
  Stored in directory: /builder/home/.cache/pip/wheels/93/e9/b5/1cdc3544f99a54caca13832b5afa26fd98701fe709dc049576
  Running setup.py bdist_wheel for jaeger-client: started
  Running setup.py bdist_wheel for jaeger-client: finished with status 'done'
  Stored in directory: /builder/home/.cache/pip/wheels/f2/84/7f/e89da3ee8ce35598d6382b6389fa2ada5d66acca2422537994
  Running setup.py bdist_wheel for PyYAML: started
  Running setup.py bdist_wheel for PyYAML: finished with status 'done'
  Stored in directory: /builder/home/.cache/pip/wheels/a7/c1/ea/cf5bd31012e735dc1dfea3131a2d5eae7978b251083d6247bd
  Running setup.py bdist_wheel for grpcio-tools: started
  Running setup.py bdist_wheel for grpcio-tools: still running...
  Running setup.py bdist_wheel for grpcio-tools: still running...
  Running setup.py bdist_wheel for grpcio-tools: still running...
  Running setup.py bdist_wheel for grpcio-tools: still running...
  Running setup.py bdist_wheel for grpcio-tools: still running...
  Running setup.py bdist_wheel for grpcio-tools: still running...
  Running setup.py bdist_wheel for grpcio-tools: still running...
  Running setup.py bdist_wheel for grpcio-tools: finished with status 'done'
  Stored in directory: /builder/home/.cache/pip/wheels/83/94/68/d3464c124f6508da859f2b05a80e040dc99e7ebaaacbe86c6a
  Running setup.py bdist_wheel for pyrsistent: started
  Running setup.py bdist_wheel for pyrsistent: finished with status 'done'
  Stored in directory: /builder/home/.cache/pip/wheels/c2/85/ad/bc6d41e2c4b35c9fdfed48f0fcd411ffc4164e67755ddf9ebb
  Running setup.py bdist_wheel for threadloop: started
  Running setup.py bdist_wheel for threadloop: finished with status 'done'
  Stored in directory: /builder/home/.cache/pip/wheels/d7/7a/30/d212623a4cd34f6cce400f8122b1b7af740d3440c68023d51f
  Running setup.py bdist_wheel for thrift: started
  Running setup.py bdist_wheel for thrift: finished with status 'done'
  Stored in directory: /builder/home/.cache/pip/wheels/02/a2/46/689ccfcf40155c23edc7cdbd9de488611c8fdf49ff34b1706e
  Running setup.py bdist_wheel for tornado: started
  Running setup.py bdist_wheel for tornado: finished with status 'done'
  Stored in directory: /builder/home/.cache/pip/wheels/6d/e1/ce/f4ee2fa420cc6b940123c64992b81047816d0a9fad6b879325
  Running setup.py bdist_wheel for PTable: started
  Running setup.py bdist_wheel for PTable: finished with status 'done'
  Stored in directory: /builder/home/.cache/pip/wheels/22/cc/2e/55980bfe86393df3e9896146a01f6802978d09d7ebcba5ea56
Successfully built Flask-OpenTracing opentracing jaeger-client PyYAML grpcio-tools pyrsistent threadloop thrift tornado PTable
grpcio-tools 1.30.0 has requirement grpcio>=1.30.0, but you'll have grpcio 1.20.1 which is incompatible.
google-api-core 1.21.0 has requirement protobuf>=3.12.0, but you'll have protobuf 3.7.1 which is incompatible.
tox 3.16.1 has requirement six>=1.14.0, but you'll have six 1.12.0 which is incompatible.
Installing collected packages: Werkzeug, itsdangerous, click, MarkupSafe, Jinja2, Flask, zipp, importlib-metadata, attrs, setuptools, pyrsistent, jsonschema, Flask-cors, redis, numpy, opentracing, Flask-OpenTracing, tornado, threadloop, thrift, jaeger-client, grpcio-opentracing, PyYAML, gunicorn, configparser, python-dateutil, pytz, minio, azure-common, azure-storage-common, azure-storage-blob, google-resumable-media, cachetools, pyasn1, rsa, pyasn1-modules, google-auth, googleapis-common-protos, google-api-core, google-cloud-core, google-cloud-storage, prometheus-client, toml, regex, pathspec, typed-ast, appdirs, black, pycodestyle, mccabe, pyflakes, flake8, mypy-extensions, typing-extensions, mypy, Pillow, more-itertools, py, pluggy, pyparsing, packaging, wcwidth, pytest, coverage, pytest-cov, filelock, distlib, virtualenv, tox, grpcio-tools, mypy-protobuf, tenacity, pandas, PTable, pip-licenses, seldon-core
  Found existing installation: setuptools 40.6.3
    Uninstalling setuptools-40.6.3:
      Successfully uninstalled setuptools-40.6.3
  Found existing installation: grpcio-tools 1.20.1
    Uninstalling grpcio-tools-1.20.1:
      Successfully uninstalled grpcio-tools-1.20.1
  Found existing installation: mypy-protobuf 1.10
    Uninstalling mypy-protobuf-1.10:
      Successfully uninstalled mypy-protobuf-1.10
  Running setup.py develop for seldon-core
Successfully installed Flask-1.1.2 Flask-OpenTracing-1.1.0 Flask-cors-3.0.8 Jinja2-2.11.2 MarkupSafe-1.1.1 PTable-0.9.2 Pillow-7.1.1 PyYAML-5.3.1 Werkzeug-1.0.1 appdirs-1.4.4 attrs-19.3.0 azure-common-1.1.25 azure-storage-blob-2.1.0 azure-storage-common-2.1.0 black-19.10b0 cachetools-4.1.1 click-7.1.2 configparser-5.0.0 coverage-5.1 distlib-0.3.1 filelock-3.0.12 flake8-3.8.1 google-api-core-1.21.0 google-auth-1.18.0 google-cloud-core-1.3.0 google-cloud-storage-1.29.0 google-resumable-media-0.5.1 googleapis-common-protos-1.52.0 grpcio-opentracing-1.1.4 grpcio-tools-1.30.0 gunicorn-20.0.4 importlib-metadata-1.7.0 itsdangerous-1.1.0 jaeger-client-4.1.0 jsonschema-3.2.0 mccabe-0.6.1 minio-5.0.10 more-itertools-8.4.0 mypy-0.782 mypy-extensions-0.4.3 mypy-protobuf-1.22 numpy-1.19.0 opentracing-2.2.0 packaging-20.4 pandas-1.0.1 pathspec-0.8.0 pip-licenses-2.2.1 pluggy-0.13.1 prometheus-client-0.8.0 py-1.9.0 pyasn1-0.4.8 pyasn1-modules-0.2.8 pycodestyle-2.6.0 pyflakes-2.2.0 pyparsing-2.4.7 pyrsistent-0.16.0 pytest-5.4.2 pytest-cov-2.10.0 python-dateutil-2.8.1 pytz-2020.1 redis-3.5.3 regex-2020.6.8 rsa-4.6 seldon-core setuptools-49.1.0 tenacity-6.2.0 threadloop-1.0.2 thrift-0.13.0 toml-0.10.1 tornado-5.1.1 tox-3.16.1 typed-ast-1.4.1 typing-extensions-3.7.4.2 virtualenv-20.0.25 wcwidth-0.2.5 zipp-3.1.0
black \
	--check ./ ../testing \
	--exclude "(testing/scripts/proto|seldon_core/proto/|.eggs|.tox)"
All done! ✨ 🍰 ✨
74 files would be left unchanged.
flake8
0
make: Leaving directory '/workspace/source/python'
