
Showing logs for build [32mseldonio-seldon-core-pr-1441-li-8jvp6-2[0m stage [32mpr-build-comment[0m and container [32mstep-credential-initializer-5wzwp[0m
{"level":"warn","ts":1581936683.8427625,"logger":"fallback-logger","caller":"logging/config.go:69","msg":"Fetch GitHub commit ID from kodata failed: \"ref: refs/heads/0.8.0-**-support-backwards-incompats\" is not a valid GitHub commit ID"}
{"level":"info","ts":1581936683.8431752,"logger":"fallback-logger","caller":"creds-init/main.go:40","msg":"Credentials initialized."}

Showing logs for build [32mseldonio-seldon-core-pr-1441-li-8jvp6-2[0m stage [32mpr-build-comment[0m and container [32mstep-working-dir-initializer-p6h9d[0m
{"level":"warn","ts":1581936685.2444448,"logger":"fallback-logger","caller":"logging/config.go:69","msg":"Fetch GitHub commit ID from kodata failed: open /var/run/ko/HEAD: no such file or directory"}
{"level":"info","ts":1581936685.246356,"logger":"fallback-logger","caller":"bash/main.go:64","msg":"Successfully executed command \"sh -c mkdir -p /workspace/source\"; output "}

Showing logs for build [32mseldonio-seldon-core-pr-1441-li-8jvp6-2[0m stage [32mpr-build-comment[0m and container [32mstep-place-tools[0m

Showing logs for build [32mseldonio-seldon-core-pr-1441-li-8jvp6-2[0m stage [32mpr-build-comment[0m and container [32mstep-create-dir-workspace-r5n7j[0m
{"level":"warn","ts":1581936690.456414,"logger":"fallback-logger","caller":"logging/config.go:69","msg":"Fetch GitHub commit ID from kodata failed: open /var/run/ko/HEAD: no such file or directory"}
{"level":"info","ts":1581936690.458218,"logger":"fallback-logger","caller":"bash/main.go:64","msg":"Successfully executed command \"sh -c mkdir -p source\"; output "}

Showing logs for build [32mseldonio-seldon-core-pr-1441-li-8jvp6-2[0m stage [32mpr-build-comment[0m and container [32mstep-git-source-seldonio-seldon-core-pr-1441-li-wjt5z[0m
{"level":"warn","ts":1581936690.7454736,"logger":"fallback-logger","caller":"logging/config.go:69","msg":"Fetch GitHub commit ID from kodata failed: \"ref: refs/heads/0.8.0-**-support-backwards-incompats\" is not a valid GitHub commit ID"}
{"level":"info","ts":1581936694.0490775,"logger":"fallback-logger","caller":"git/git.go:103","msg":"Successfully cloned https://github.com/SeldonIO/seldon-core.git @ master in path /workspace/source"}

Showing logs for build [32mseldonio-seldon-core-pr-1441-li-8jvp6-2[0m stage [32mpr-build-comment[0m and container [32mstep-git-merge[0m
Using SHAs from PULL_REFS=master:c14fe87375f62eead3fe0c4ff94fbce812239182,1441:0cf6ed69a2e496d73c526e6c2c8a64571c60e146
DEBUG: ran git fetch --unshallow origin 0cf6ed69a2e496d73c526e6c2c8a64571c60e146: c14fe87375f62eead3fe0c4ff94fbce812239182: in 
DEBUG: ran git checkout master in 
DEBUG: ran git reset --hard c14fe87375f62eead3fe0c4ff94fbce812239182 in 
DEBUG: ran clean --force -d . in 
DEBUG: ran git merge 0cf6ed69a2e496d73c526e6c2c8a64571c60e146 in 
Merged SHA 7e2e9428bb59007860e042cd46de8824bcab9295 with commit message 'Merge commit '0cf6ed69a2e496d73c526e6c2c8a64571c60e146'' into base branch master
Merged SHA 0cf6ed69a2e496d73c526e6c2c8a64571c60e146 with commit message 'Undefined name: import boto3 for lines 49 and 54' into base branch master

Showing logs for build [32mseldonio-seldon-core-pr-1441-li-8jvp6-2[0m stage [32mpr-build-comment[0m and container [32mstep-step2[0m
+++ dirname ./add-pr-build-comment
++ cd .
++ pwd
+ STARTUP_DIR=/workspace/source/ci
+ REPO_OWNER=SeldonIO
+ REPO_NAME=seldon-core
+ PULL_NUMBER=1441
+ BUILD_NUMBER=2
+ PIPELINE_CONTEXT=lint
++ cat
+++ date
+ COMMENT_MSG='Mon Feb 17 10:51:40 UTC 2020
The logs for [lint] [2] will show after the pipeline context has finished.  
https://github.com/SeldonIO/seldon-core/blob/gh-pages/jenkins-x/logs/SeldonIO/seldon-core/PR-1441/2.log

impatient try  
** get build logs SeldonIO/seldon-core/PR-1441 --build=2'
+ ** step pr comment --owner=SeldonIO --repository=seldon-core --pull-request=1441 '--comment=Mon Feb 17 10:51:40 UTC 2020
The logs for [lint] [2] will show after the pipeline context has finished.  
https://github.com/SeldonIO/seldon-core/blob/gh-pages/jenkins-x/logs/SeldonIO/seldon-core/PR-1441/2.log

impatient try  
** get build logs SeldonIO/seldon-core/PR-1441 --build=2'

Showing logs for build [32mseldonio-seldon-core-pr-1441-li-8jvp6-2[0m stage [32mpr-build-comment[0m and container [32mstep-source-mkdir-seldonio-seldon-core-pr-1441-li-m72gd[0m
{"level":"warn","ts":1581936702.6617017,"logger":"fallback-logger","caller":"logging/config.go:69","msg":"Fetch GitHub commit ID from kodata failed: open /var/run/ko/HEAD: no such file or directory"}
{"level":"info","ts":1581936702.6652954,"logger":"fallback-logger","caller":"bash/main.go:64","msg":"Successfully executed command \"sh -c mkdir -p /pvc/pr-build-comment/workspace\"; output "}

Showing logs for build [32mseldonio-seldon-core-pr-1441-li-8jvp6-2[0m stage [32mpr-build-comment[0m and container [32mstep-source-copy-seldonio-seldon-core-pr-1441-li-f2bpr[0m
{"level":"warn","ts":1581936702.9856539,"logger":"fallback-logger","caller":"logging/config.go:69","msg":"Fetch GitHub commit ID from kodata failed: open /var/run/ko/HEAD: no such file or directory"}
{"level":"info","ts":1581936703.6086097,"logger":"fallback-logger","caller":"bash/main.go:64","msg":"Successfully executed command \"sh -c cp -r source/. /pvc/pr-build-comment/workspace\"; output "}

Showing logs for build [32mseldonio-seldon-core-pr-1441-li-8jvp6-2[0m stage [32mpython-lint-task[0m and container [32mstep-credential-initializer-m88vp[0m
{"level":"warn","ts":1581936712.2754235,"logger":"fallback-logger","caller":"logging/config.go:69","msg":"Fetch GitHub commit ID from kodata failed: \"ref: refs/heads/0.8.0-**-support-backwards-incompats\" is not a valid GitHub commit ID"}
{"level":"info","ts":1581936712.2759178,"logger":"fallback-logger","caller":"creds-init/main.go:40","msg":"Credentials initialized."}

Showing logs for build [32mseldonio-seldon-core-pr-1441-li-8jvp6-2[0m stage [32mpython-lint-task[0m and container [32mstep-working-dir-initializer-nr6p7[0m
{"level":"warn","ts":1581936714.490513,"logger":"fallback-logger","caller":"logging/config.go:69","msg":"Fetch GitHub commit ID from kodata failed: open /var/run/ko/HEAD: no such file or directory"}
{"level":"info","ts":1581936714.4977195,"logger":"fallback-logger","caller":"bash/main.go:64","msg":"Successfully executed command \"sh -c mkdir -p /workspace/source\"; output "}

Showing logs for build [32mseldonio-seldon-core-pr-1441-li-8jvp6-2[0m stage [32mpython-lint-task[0m and container [32mstep-place-tools[0m

Showing logs for build [32mseldonio-seldon-core-pr-1441-li-8jvp6-2[0m stage [32mpython-lint-task[0m and container [32mstep-create-dir-workspace-sklc8[0m
{"level":"warn","ts":1581936719.0462942,"logger":"fallback-logger","caller":"logging/config.go:69","msg":"Fetch GitHub commit ID from kodata failed: open /var/run/ko/HEAD: no such file or directory"}
{"level":"info","ts":1581936719.0476336,"logger":"fallback-logger","caller":"bash/main.go:64","msg":"Successfully executed command \"sh -c mkdir -p /workspace/source\"; output "}

Showing logs for build [32mseldonio-seldon-core-pr-1441-li-8jvp6-2[0m stage [32mpython-lint-task[0m and container [32mstep-source-copy-workspace-8glbt[0m
{"level":"warn","ts":1581936719.3560874,"logger":"fallback-logger","caller":"logging/config.go:69","msg":"Fetch GitHub commit ID from kodata failed: open /var/run/ko/HEAD: no such file or directory"}
{"level":"info","ts":1581936721.5015004,"logger":"fallback-logger","caller":"bash/main.go:64","msg":"Successfully executed command \"sh -c cp -r /pvc/pr-build-comment/workspace/. /workspace/source\"; output "}

Showing logs for build [32mseldonio-seldon-core-pr-1441-li-8jvp6-2[0m stage [32mpython-lint-task[0m and container [32mstep-python-lint[0m
make: Entering directory '/workspace/source/python'
pip install black==19.3b0
Collecting black==19.3b0
  Downloading black-19.3b0-py36-none-any.whl (89 kB)
Collecting click>=6.5
  Downloading Click-7.0-py2.py3-none-any.whl (81 kB)
Collecting appdirs
  Downloading appdirs-1.4.3-py2.py3-none-any.whl (12 kB)
Collecting toml>=0.9.4
  Downloading toml-0.10.0-py2.py3-none-any.whl (25 kB)
Collecting attrs>=18.1.0
  Downloading attrs-19.3.0-py2.py3-none-any.whl (39 kB)
Installing collected packages: click, appdirs, toml, attrs, black
Successfully installed appdirs-1.4.3 attrs-19.3.0 black-19.3b0 click-7.0 toml-0.10.0
black \
	--check ./ ../testing \
	--exclude "(testing/scripts/proto|seldon_core/proto/|.eggs|.tox)"
All done! ✨ 🍰 ✨
55 files would be left unchanged.
make: Leaving directory '/workspace/source/python'
