
Showing logs for build [32mseldonio-seldon-core-pr-1441-li-x6lt4-4[0m stage [32mpr-build-comment[0m and container [32mstep-credential-initializer-krpkr[0m
{"level":"warn","ts":1581937314.0318294,"logger":"fallback-logger","caller":"logging/config.go:69","msg":"Fetch GitHub commit ID from kodata failed: \"ref: refs/heads/0.8.0-**-support-backwards-incompats\" is not a valid GitHub commit ID"}
{"level":"info","ts":1581937314.0323055,"logger":"fallback-logger","caller":"creds-init/main.go:40","msg":"Credentials initialized."}

Showing logs for build [32mseldonio-seldon-core-pr-1441-li-x6lt4-4[0m stage [32mpr-build-comment[0m and container [32mstep-working-dir-initializer-6drgf[0m
{"level":"warn","ts":1581937315.4565663,"logger":"fallback-logger","caller":"logging/config.go:69","msg":"Fetch GitHub commit ID from kodata failed: open /var/run/ko/HEAD: no such file or directory"}
{"level":"info","ts":1581937315.4583957,"logger":"fallback-logger","caller":"bash/main.go:64","msg":"Successfully executed command \"sh -c mkdir -p /workspace/source\"; output "}

Showing logs for build [32mseldonio-seldon-core-pr-1441-li-x6lt4-4[0m stage [32mpr-build-comment[0m and container [32mstep-place-tools[0m

Showing logs for build [32mseldonio-seldon-core-pr-1441-li-x6lt4-4[0m stage [32mpr-build-comment[0m and container [32mstep-create-dir-workspace-969fp[0m
{"level":"warn","ts":1581937320.8694165,"logger":"fallback-logger","caller":"logging/config.go:69","msg":"Fetch GitHub commit ID from kodata failed: open /var/run/ko/HEAD: no such file or directory"}
{"level":"info","ts":1581937320.8710144,"logger":"fallback-logger","caller":"bash/main.go:64","msg":"Successfully executed command \"sh -c mkdir -p source\"; output "}

Showing logs for build [32mseldonio-seldon-core-pr-1441-li-x6lt4-4[0m stage [32mpr-build-comment[0m and container [32mstep-git-source-seldonio-seldon-core-pr-1441-li-q4g5l[0m
{"level":"warn","ts":1581937321.1583374,"logger":"fallback-logger","caller":"logging/config.go:69","msg":"Fetch GitHub commit ID from kodata failed: \"ref: refs/heads/0.8.0-**-support-backwards-incompats\" is not a valid GitHub commit ID"}
{"level":"info","ts":1581937324.5794985,"logger":"fallback-logger","caller":"git/git.go:103","msg":"Successfully cloned https://github.com/SeldonIO/seldon-core.git @ master in path /workspace/source"}

Showing logs for build [32mseldonio-seldon-core-pr-1441-li-x6lt4-4[0m stage [32mpr-build-comment[0m and container [32mstep-git-merge[0m
Using SHAs from PULL_REFS=master:293e80c698fa0119d658193956e22b394ea4a5ae,1441:0cf6ed69a2e496d73c526e6c2c8a64571c60e146
DEBUG: ran git fetch --unshallow origin 0cf6ed69a2e496d73c526e6c2c8a64571c60e146: 293e80c698fa0119d658193956e22b394ea4a5ae: in 
DEBUG: ran git checkout master in 
DEBUG: ran git reset --hard 293e80c698fa0119d658193956e22b394ea4a5ae in 
DEBUG: ran clean --force -d . in 
DEBUG: ran git merge 0cf6ed69a2e496d73c526e6c2c8a64571c60e146 in 
Merged SHA 91c6062272029e4d15839240be416dcef0625280 with commit message 'Merge commit '0cf6ed69a2e496d73c526e6c2c8a64571c60e146'' into base branch master
Merged SHA 0cf6ed69a2e496d73c526e6c2c8a64571c60e146 with commit message 'Undefined name: import boto3 for lines 49 and 54' into base branch master

Showing logs for build [32mseldonio-seldon-core-pr-1441-li-x6lt4-4[0m stage [32mpr-build-comment[0m and container [32mstep-step2[0m
+++ dirname ./add-pr-build-comment
++ cd .
++ pwd
+ STARTUP_DIR=/workspace/source/ci
+ REPO_OWNER=SeldonIO
+ REPO_NAME=seldon-core
+ PULL_NUMBER=1441
+ BUILD_NUMBER=4
+ PIPELINE_CONTEXT=lint
++ cat
+++ date
+ COMMENT_MSG='Mon Feb 17 11:02:11 UTC 2020
The logs for [lint] [4] will show after the pipeline context has finished.  
https://github.com/SeldonIO/seldon-core/blob/gh-pages/jenkins-x/logs/SeldonIO/seldon-core/PR-1441/4.log

impatient try  
** get build logs SeldonIO/seldon-core/PR-1441 --build=4'
+ ** step pr comment --owner=SeldonIO --repository=seldon-core --pull-request=1441 '--comment=Mon Feb 17 11:02:11 UTC 2020
The logs for [lint] [4] will show after the pipeline context has finished.  
https://github.com/SeldonIO/seldon-core/blob/gh-pages/jenkins-x/logs/SeldonIO/seldon-core/PR-1441/4.log

impatient try  
** get build logs SeldonIO/seldon-core/PR-1441 --build=4'

Showing logs for build [32mseldonio-seldon-core-pr-1441-li-x6lt4-4[0m stage [32mpr-build-comment[0m and container [32mstep-source-mkdir-seldonio-seldon-core-pr-1441-li-zv8tm[0m
{"level":"warn","ts":1581937334.053301,"logger":"fallback-logger","caller":"logging/config.go:69","msg":"Fetch GitHub commit ID from kodata failed: open /var/run/ko/HEAD: no such file or directory"}
{"level":"info","ts":1581937334.0577428,"logger":"fallback-logger","caller":"bash/main.go:64","msg":"Successfully executed command \"sh -c mkdir -p /pvc/pr-build-comment/workspace\"; output "}

Showing logs for build [32mseldonio-seldon-core-pr-1441-li-x6lt4-4[0m stage [32mpr-build-comment[0m and container [32mstep-source-copy-seldonio-seldon-core-pr-1441-li-zd62n[0m
{"level":"warn","ts":1581937334.3429706,"logger":"fallback-logger","caller":"logging/config.go:69","msg":"Fetch GitHub commit ID from kodata failed: open /var/run/ko/HEAD: no such file or directory"}
{"level":"info","ts":1581937334.6240418,"logger":"fallback-logger","caller":"bash/main.go:64","msg":"Successfully executed command \"sh -c cp -r source/. /pvc/pr-build-comment/workspace\"; output "}

Showing logs for build [32mseldonio-seldon-core-pr-1441-li-x6lt4-4[0m stage [32mpython-lint-task[0m and container [32mstep-credential-initializer-d528g[0m
{"level":"warn","ts":1581937362.782707,"logger":"fallback-logger","caller":"logging/config.go:69","msg":"Fetch GitHub commit ID from kodata failed: \"ref: refs/heads/0.8.0-**-support-backwards-incompats\" is not a valid GitHub commit ID"}
{"level":"info","ts":1581937362.783273,"logger":"fallback-logger","caller":"creds-init/main.go:40","msg":"Credentials initialized."}

Showing logs for build [32mseldonio-seldon-core-pr-1441-li-x6lt4-4[0m stage [32mpython-lint-task[0m and container [32mstep-working-dir-initializer-9cdqz[0m
{"level":"warn","ts":1581937363.7841592,"logger":"fallback-logger","caller":"logging/config.go:69","msg":"Fetch GitHub commit ID from kodata failed: open /var/run/ko/HEAD: no such file or directory"}
{"level":"info","ts":1581937363.786123,"logger":"fallback-logger","caller":"bash/main.go:64","msg":"Successfully executed command \"sh -c mkdir -p /workspace/source\"; output "}

Showing logs for build [32mseldonio-seldon-core-pr-1441-li-x6lt4-4[0m stage [32mpython-lint-task[0m and container [32mstep-place-tools[0m

Showing logs for build [32mseldonio-seldon-core-pr-1441-li-x6lt4-4[0m stage [32mpython-lint-task[0m and container [32mstep-create-dir-workspace-28x7k[0m
{"level":"warn","ts":1581937370.0728307,"logger":"fallback-logger","caller":"logging/config.go:69","msg":"Fetch GitHub commit ID from kodata failed: open /var/run/ko/HEAD: no such file or directory"}
{"level":"info","ts":1581937370.0743456,"logger":"fallback-logger","caller":"bash/main.go:64","msg":"Successfully executed command \"sh -c mkdir -p /workspace/source\"; output "}

Showing logs for build [32mseldonio-seldon-core-pr-1441-li-x6lt4-4[0m stage [32mpython-lint-task[0m and container [32mstep-source-copy-workspace-76c6h[0m
{"level":"warn","ts":1581937370.431916,"logger":"fallback-logger","caller":"logging/config.go:69","msg":"Fetch GitHub commit ID from kodata failed: open /var/run/ko/HEAD: no such file or directory"}
{"level":"info","ts":1581937372.6222258,"logger":"fallback-logger","caller":"bash/main.go:64","msg":"Successfully executed command \"sh -c cp -r /pvc/pr-build-comment/workspace/. /workspace/source\"; output "}

Showing logs for build [32mseldonio-seldon-core-pr-1441-li-x6lt4-4[0m stage [32mpython-lint-task[0m and container [32mstep-python-lint[0m
make: Entering directory '/workspace/source/python'
pip install black==19.3b0
Collecting black==19.3b0
  Downloading black-19.3b0-py36-none-any.whl (89 kB)
Collecting toml>=0.9.4
  Downloading toml-0.10.0-py2.py3-none-any.whl (25 kB)
Collecting attrs>=18.1.0
  Downloading attrs-19.3.0-py2.py3-none-any.whl (39 kB)
Collecting appdirs
  Downloading appdirs-1.4.3-py2.py3-none-any.whl (12 kB)
Collecting click>=6.5
  Downloading Click-7.0-py2.py3-none-any.whl (81 kB)
Installing collected packages: toml, attrs, appdirs, click, black
Successfully installed appdirs-1.4.3 attrs-19.3.0 black-19.3b0 click-7.0 toml-0.10.0
black \
	--check ./ ../testing \
	--exclude "(testing/scripts/proto|seldon_core/proto/|.eggs|.tox)"
All done! ✨ 🍰 ✨
55 files would be left unchanged.
make: Leaving directory '/workspace/source/python'
