
Showing logs for build [32mseldonio-seldon-core-pr-2398-se-b4khj-3[0m stage [32mpr-build-comment[0m and container [32mstep-credential-initializer-dlrm7[0m
{"level":"info","ts":1599560392.5912054,"logger":"fallback-logger","caller":"logging/config.go:69","msg":"Fetch GitHub commit ID from kodata failed: open /var/run/ko/refs/heads/0.8.0-ns-support: no such file or directory"}
{"level":"info","ts":1599560392.5917604,"logger":"fallback-logger","caller":"creds-init/main.go:40","msg":"Credentials initialized."}

Showing logs for build [32mseldonio-seldon-core-pr-2398-se-b4khj-3[0m stage [32mpr-build-comment[0m and container [32mstep-working-dir-initializer-dldr7[0m
{"level":"info","ts":1599560394.0155518,"logger":"fallback-logger","caller":"logging/config.go:69","msg":"Fetch GitHub commit ID from kodata failed: open /var/run/ko/HEAD: no such file or directory"}
{"level":"info","ts":1599560394.0172749,"logger":"fallback-logger","caller":"bash/main.go:64","msg":"Successfully executed command \"sh -c mkdir -p /workspace/source\"; output "}

Showing logs for build [32mseldonio-seldon-core-pr-2398-se-b4khj-3[0m stage [32mpr-build-comment[0m and container [32mstep-place-tools[0m

Showing logs for build [32mseldonio-seldon-core-pr-2398-se-b4khj-3[0m stage [32mpr-build-comment[0m and container [32mstep-create-dir-workspace-vbs4v[0m
{"level":"info","ts":1599560402.3288357,"logger":"fallback-logger","caller":"logging/config.go:69","msg":"Fetch GitHub commit ID from kodata failed: open /var/run/ko/HEAD: no such file or directory"}
{"level":"info","ts":1599560402.330266,"logger":"fallback-logger","caller":"bash/main.go:64","msg":"Successfully executed command \"sh -c mkdir -p source\"; output "}

Showing logs for build [32mseldonio-seldon-core-pr-2398-se-b4khj-3[0m stage [32mpr-build-comment[0m and container [32mstep-git-source-seldonio-seldon-core-pr-2398-se-b4khj-2zl2l[0m
{"level":"info","ts":1599560402.6149075,"logger":"fallback-logger","caller":"logging/config.go:69","msg":"Fetch GitHub commit ID from kodata failed: open /var/run/ko/refs/heads/0.8.0-ns-support: no such file or directory"}
{"level":"info","ts":1599560414.6366591,"logger":"fallback-logger","caller":"git/git.go:103","msg":"Successfully cloned https://github.com/SeldonIO/seldon-core.git @ master in path /workspace/source"}

Showing logs for build [32mseldonio-seldon-core-pr-2398-se-b4khj-3[0m stage [32mpr-build-comment[0m and container [32mstep-setup-builder-home[0m

Showing logs for build [32mseldonio-seldon-core-pr-2398-se-b4khj-3[0m stage [32mpr-build-comment[0m and container [32mstep-git-merge[0m
Using SHAs from PULL_REFS=master:a2076b90c29c9ae5aff998654c99803285a9f022,2398:0d7ec76aec0726712e04db28a56db9a8854b055c
DEBUG: LC_ALL=C JX_LOG_LEVEL=error git fetch origin --unshallow 0d7ec76aec0726712e04db28a56db9a8854b055c: a2076b90c29c9ae5aff998654c99803285a9f022:
DEBUG: ran git fetch --unshallow origin 0d7ec76aec0726712e04db28a56db9a8854b055c: a2076b90c29c9ae5aff998654c99803285a9f022: in 
DEBUG: LC_ALL=C JX_LOG_LEVEL=error git branch
DEBUG: LC_ALL=C JX_LOG_LEVEL=error git checkout master
DEBUG: ran git checkout master in 
DEBUG: JX_LOG_LEVEL=error LC_ALL=C git reset --hard a2076b90c29c9ae5aff998654c99803285a9f022
DEBUG: ran git reset --hard a2076b90c29c9ae5aff998654c99803285a9f022 in 
DEBUG: JX_LOG_LEVEL=error LC_ALL=C git clean -fd .
DEBUG: ran clean --force -d . in 
DEBUG: LC_ALL=C JX_LOG_LEVEL=error git merge 0d7ec76aec0726712e04db28a56db9a8854b055c
DEBUG: ran git merge 0d7ec76aec0726712e04db28a56db9a8854b055c in 
DEBUG: LC_ALL=C JX_LOG_LEVEL=error git log --format=%H%x1f%an%x1f%ae%x1f%cn%x1f%ce%x1f%s%n%b%x1e a2076b90c29c9ae5aff998654c99803285a9f022..HEAD
Merged SHA 0d7ec76aec0726712e04db28a56db9a8854b055c with commit message 'Updated snyk cli' into base branch master
Merged SHA ab010c9f808437198514a887561a6a694e44b637 with commit message 'Updated python to be compatible with snyk' into base branch master

Showing logs for build [32mseldonio-seldon-core-pr-2398-se-b4khj-3[0m stage [32mpr-build-comment[0m and container [32mstep-step2[0m
+++ dirname ./add-pr-build-comment
++ cd .
++ pwd
+ STARTUP_DIR=/workspace/source/ci
+ REPO_OWNER=SeldonIO
+ REPO_NAME=seldon-core
+ PULL_NUMBER=2398
+ BUILD_NUMBER=3
+ PIPELINE_CONTEXT=securitychecks
++ cat
+++ date
+ COMMENT_MSG='Tue Sep  8 10:20:23 UTC 2020
The logs for [securitychecks] [3] will show after the pipeline context has finished.  
https://github.com/SeldonIO/seldon-core/blob/gh-pages/jenkins-x/logs/SeldonIO/seldon-core/PR-2398/3.log

impatient try  
** get build logs SeldonIO/seldon-core/PR-2398 --build=3'
+ ** step pr comment --owner=SeldonIO --repository=seldon-core --pull-request=2398 '--comment=Tue Sep  8 10:20:23 UTC 2020
The logs for [securitychecks] [3] will show after the pipeline context has finished.  
https://github.com/SeldonIO/seldon-core/blob/gh-pages/jenkins-x/logs/SeldonIO/seldon-core/PR-2398/3.log

impatient try  
** get build logs SeldonIO/seldon-core/PR-2398 --build=3'

Showing logs for build [32mseldonio-seldon-core-pr-2398-se-b4khj-3[0m stage [32mpr-build-comment[0m and container [32mstep-source-mkdir-seldonio-seldon-core-pr-2398-se-b4khj-rr7mg[0m
{"level":"info","ts":1599560425.8093016,"logger":"fallback-logger","caller":"logging/config.go:69","msg":"Fetch GitHub commit ID from kodata failed: open /var/run/ko/HEAD: no such file or directory"}
{"level":"info","ts":1599560425.8132842,"logger":"fallback-logger","caller":"bash/main.go:64","msg":"Successfully executed command \"sh -c mkdir -p /pvc/pr-build-comment/workspace\"; output "}

Showing logs for build [32mseldonio-seldon-core-pr-2398-se-b4khj-3[0m stage [32mpr-build-comment[0m and container [32mstep-source-copy-seldonio-seldon-core-pr-2398-se-b4khj-787fx[0m
{"level":"info","ts":1599560426.147022,"logger":"fallback-logger","caller":"logging/config.go:69","msg":"Fetch GitHub commit ID from kodata failed: open /var/run/ko/HEAD: no such file or directory"}
{"level":"info","ts":1599560426.6652489,"logger":"fallback-logger","caller":"bash/main.go:64","msg":"Successfully executed command \"sh -c cp -r source/. /pvc/pr-build-comment/workspace\"; output "}

Showing logs for build [32mseldonio-seldon-core-pr-2398-se-b4khj-3[0m stage [32mrun-executor-tests[0m and container [32mstep-credential-initializer-n5pw8[0m
{"level":"info","ts":1599560440.4504862,"logger":"fallback-logger","caller":"logging/config.go:69","msg":"Fetch GitHub commit ID from kodata failed: open /var/run/ko/refs/heads/0.8.0-ns-support: no such file or directory"}
{"level":"info","ts":1599560440.4509969,"logger":"fallback-logger","caller":"creds-init/main.go:40","msg":"Credentials initialized."}

Showing logs for build [32mseldonio-seldon-core-pr-2398-se-b4khj-3[0m stage [32mrun-executor-tests[0m and container [32mstep-working-dir-initializer-h267r[0m
{"level":"info","ts":1599560444.560767,"logger":"fallback-logger","caller":"logging/config.go:69","msg":"Fetch GitHub commit ID from kodata failed: open /var/run/ko/HEAD: no such file or directory"}
{"level":"info","ts":1599560444.5626652,"logger":"fallback-logger","caller":"bash/main.go:64","msg":"Successfully executed command \"sh -c mkdir -p /workspace/source\"; output "}

Showing logs for build [32mseldonio-seldon-core-pr-2398-se-b4khj-3[0m stage [32mrun-executor-tests[0m and container [32mstep-place-tools[0m

Showing logs for build [32mseldonio-seldon-core-pr-2398-se-b4khj-3[0m stage [32mrun-executor-tests[0m and container [32mstep-create-dir-workspace-9z6zt[0m
{"level":"info","ts":1599560455.59025,"logger":"fallback-logger","caller":"logging/config.go:69","msg":"Fetch GitHub commit ID from kodata failed: open /var/run/ko/HEAD: no such file or directory"}
{"level":"info","ts":1599560455.5946002,"logger":"fallback-logger","caller":"bash/main.go:64","msg":"Successfully executed command \"sh -c mkdir -p /workspace/source\"; output "}

Showing logs for build [32mseldonio-seldon-core-pr-2398-se-b4khj-3[0m stage [32mrun-executor-tests[0m and container [32mstep-source-copy-workspace-g6tsm[0m
{"level":"info","ts":1599560456.4507442,"logger":"fallback-logger","caller":"logging/config.go:69","msg":"Fetch GitHub commit ID from kodata failed: open /var/run/ko/HEAD: no such file or directory"}
{"level":"info","ts":1599560462.953623,"logger":"fallback-logger","caller":"bash/main.go:64","msg":"Successfully executed command \"sh -c cp -r /pvc/pr-build-comment/workspace/. /workspace/source\"; output "}

Showing logs for build [32mseldonio-seldon-core-pr-2398-se-b4khj-3[0m stage [32mrun-executor-tests[0m and container [32mstep-setup-builder-home[0m

Showing logs for build [32mseldonio-seldon-core-pr-2398-se-b4khj-3[0m stage [32mrun-executor-tests[0m and container [32mstep-step2[0m

Testing /workspace/source/executor...

Organization:      as-swz
Package manager:   gomodules
Target file:       hack/tools/go.mod
Project name:      sigs.k8s.io/kind/hack/tools
Open source:       no
Project path:      /workspace/source/executor
Licenses:          enabled

✓ Tested 203 dependencies for known issues, no vulnerable paths found.

-------------------------------------------------------

Testing /workspace/source/executor...

Organization:      as-swz
Package manager:   gomodules
Target file:       proto/tensorflow/core/go.mod
Project name:      github.com/tensorflow/tensorflow/tensorflow/go/core
Open source:       no
Project path:      /workspace/source/executor
Licenses:          enabled

✓ Tested 32 dependencies for known issues, no vulnerable paths found.


Tested 2 projects, no vulnerable paths were found.



Showing logs for build [32mseldonio-seldon-core-pr-2398-se-b4khj-3[0m stage [32mrun-operator-tests[0m and container [32mstep-credential-initializer-lbkn5[0m
{"level":"info","ts":1599560444.555278,"logger":"fallback-logger","caller":"logging/config.go:69","msg":"Fetch GitHub commit ID from kodata failed: open /var/run/ko/refs/heads/0.8.0-ns-support: no such file or directory"}
{"level":"info","ts":1599560444.5557895,"logger":"fallback-logger","caller":"creds-init/main.go:40","msg":"Credentials initialized."}

Showing logs for build [32mseldonio-seldon-core-pr-2398-se-b4khj-3[0m stage [32mrun-operator-tests[0m and container [32mstep-working-dir-initializer-kl6mk[0m
{"level":"info","ts":1599560445.6066442,"logger":"fallback-logger","caller":"logging/config.go:69","msg":"Fetch GitHub commit ID from kodata failed: open /var/run/ko/HEAD: no such file or directory"}
{"level":"info","ts":1599560445.608439,"logger":"fallback-logger","caller":"bash/main.go:64","msg":"Successfully executed command \"sh -c mkdir -p /workspace/source\"; output "}

Showing logs for build [32mseldonio-seldon-core-pr-2398-se-b4khj-3[0m stage [32mrun-operator-tests[0m and container [32mstep-place-tools[0m

Showing logs for build [32mseldonio-seldon-core-pr-2398-se-b4khj-3[0m stage [32mrun-operator-tests[0m and container [32mstep-create-dir-workspace-5sv8s[0m
{"level":"info","ts":1599560455.503427,"logger":"fallback-logger","caller":"logging/config.go:69","msg":"Fetch GitHub commit ID from kodata failed: open /var/run/ko/HEAD: no such file or directory"}
{"level":"info","ts":1599560455.5064492,"logger":"fallback-logger","caller":"bash/main.go:64","msg":"Successfully executed command \"sh -c mkdir -p /workspace/source\"; output "}

Showing logs for build [32mseldonio-seldon-core-pr-2398-se-b4khj-3[0m stage [32mrun-operator-tests[0m and container [32mstep-source-copy-workspace-tp64j[0m
{"level":"info","ts":1599560455.5380468,"logger":"fallback-logger","caller":"logging/config.go:69","msg":"Fetch GitHub commit ID from kodata failed: open /var/run/ko/HEAD: no such file or directory"}
{"level":"info","ts":1599560462.9536545,"logger":"fallback-logger","caller":"bash/main.go:64","msg":"Successfully executed command \"sh -c cp -r /pvc/pr-build-comment/workspace/. /workspace/source\"; output "}

Showing logs for build [32mseldonio-seldon-core-pr-2398-se-b4khj-3[0m stage [32mrun-operator-tests[0m and container [32mstep-setup-builder-home[0m

Showing logs for build [32mseldonio-seldon-core-pr-2398-se-b4khj-3[0m stage [32mrun-operator-tests[0m and container [32mstep-step2[0m

Testing /workspace/source/operator...

Organization:      as-swz
Package manager:   gomodules
Target file:       go.mod
Project name:      github.com/seldonio/seldon-core/operator
Open source:       no
Project path:      /workspace/source/operator
Licenses:          enabled

✓ Tested 345 dependencies for known issues, no vulnerable paths found.

-------------------------------------------------------

Testing /workspace/source/operator...

Organization:      as-swz
Package manager:   gomodules
Target file:       hack/tools/go.mod
Project name:      sigs.k8s.io/kind/hack/tools
Open source:       no
Project path:      /workspace/source/operator
Licenses:          enabled

✓ Tested 219 dependencies for known issues, no vulnerable paths found.


Tested 2 projects, no vulnerable paths were found.



Showing logs for build [32mseldonio-seldon-core-pr-2398-se-b4khj-3[0m stage [32mrun-python-tests[0m and container [32mstep-credential-initializer-vb2l9[0m
{"level":"info","ts":1599560445.597838,"logger":"fallback-logger","caller":"logging/config.go:69","msg":"Fetch GitHub commit ID from kodata failed: open /var/run/ko/refs/heads/0.8.0-ns-support: no such file or directory"}
{"level":"info","ts":1599560445.605335,"logger":"fallback-logger","caller":"creds-init/main.go:40","msg":"Credentials initialized."}

Showing logs for build [32mseldonio-seldon-core-pr-2398-se-b4khj-3[0m stage [32mrun-python-tests[0m and container [32mstep-working-dir-initializer-8dj6w[0m
{"level":"info","ts":1599560446.6271129,"logger":"fallback-logger","caller":"logging/config.go:69","msg":"Fetch GitHub commit ID from kodata failed: open /var/run/ko/HEAD: no such file or directory"}
{"level":"info","ts":1599560446.629611,"logger":"fallback-logger","caller":"bash/main.go:64","msg":"Successfully executed command \"sh -c mkdir -p /workspace/source\"; output "}

Showing logs for build [32mseldonio-seldon-core-pr-2398-se-b4khj-3[0m stage [32mrun-python-tests[0m and container [32mstep-place-tools[0m

Showing logs for build [32mseldonio-seldon-core-pr-2398-se-b4khj-3[0m stage [32mrun-python-tests[0m and container [32mstep-create-dir-workspace-d2rm2[0m
{"level":"info","ts":1599560457.6284375,"logger":"fallback-logger","caller":"logging/config.go:69","msg":"Fetch GitHub commit ID from kodata failed: open /var/run/ko/HEAD: no such file or directory"}
{"level":"info","ts":1599560457.6461704,"logger":"fallback-logger","caller":"bash/main.go:64","msg":"Successfully executed command \"sh -c mkdir -p /workspace/source\"; output "}

Showing logs for build [32mseldonio-seldon-core-pr-2398-se-b4khj-3[0m stage [32mrun-python-tests[0m and container [32mstep-source-copy-workspace-x5j5d[0m
{"level":"info","ts":1599560458.2049549,"logger":"fallback-logger","caller":"logging/config.go:69","msg":"Fetch GitHub commit ID from kodata failed: open /var/run/ko/HEAD: no such file or directory"}
{"level":"info","ts":1599560462.9546728,"logger":"fallback-logger","caller":"bash/main.go:64","msg":"Successfully executed command \"sh -c cp -r /pvc/pr-build-comment/workspace/. /workspace/source\"; output "}

Showing logs for build [32mseldonio-seldon-core-pr-2398-se-b4khj-3[0m stage [32mrun-python-tests[0m and container [32mstep-setup-builder-home[0m

Showing logs for build [32mseldonio-seldon-core-pr-2398-se-b4khj-3[0m stage [32mrun-python-tests[0m and container [32mstep-step2[0m
pip install -e .
Obtaining file:///workspace/source/python
Collecting Flask<2.0.0
  Downloading Flask-1.1.2-py2.py3-none-any.whl (94 kB)
Collecting jsonschema<4.0.0
  Downloading jsonschema-3.2.0-py2.py3-none-any.whl (56 kB)
Collecting Flask-cors<4.0.0
  Downloading Flask_Cors-3.0.9-py2.py3-none-any.whl (14 kB)
Collecting redis<4.0.0
  Downloading redis-3.5.3-py2.py3-none-any.whl (72 kB)
Collecting requests<3.0.0
  Downloading requests-2.24.0-py2.py3-none-any.whl (61 kB)
Collecting numpy<2.0.0
  Downloading numpy-1.19.1-cp37-cp37m-manylinux2010_x86_64.whl (14.5 MB)
Collecting flatbuffers<2.0.0
  Downloading flatbuffers-1.12-py2.py3-none-any.whl (15 kB)
Collecting protobuf<4.0.0
  Downloading protobuf-3.13.0-cp37-cp37m-manylinux1_x86_64.whl (1.3 MB)
Collecting grpcio<2.0.0
  Downloading grpcio-1.31.0-cp37-cp37m-manylinux2014_x86_64.whl (3.4 MB)
Collecting Flask-OpenTracing<1.2.0,>=1.1.0
  Downloading Flask-OpenTracing-1.1.0.tar.gz (8.2 kB)
Collecting opentracing<2.4.0,>=2.2.0
  Downloading opentracing-2.3.0.tar.gz (48 kB)
Collecting jaeger-client<4.4.0,>=4.1.0
  Downloading jaeger-client-4.3.0.tar.gz (81 kB)
Collecting grpcio-opentracing<1.2.0,>=1.1.4
  Downloading grpcio_opentracing-1.1.4-py3-none-any.whl (14 kB)
Collecting PyYAML<5.4
  Downloading PyYAML-5.3.1.tar.gz (269 kB)
Collecting gunicorn<20.1.0,>=19.9.0
  Downloading gunicorn-20.0.4-py2.py3-none-any.whl (77 kB)
Requirement already satisfied: setuptools>=41.0.0 in /usr/local/lib/python3.7/site-packages (from seldon-core==1.2.3.dev0) (49.2.0)
Collecting prometheus_client<0.9.0,>=0.7.1
  Downloading prometheus_client-0.8.0-py2.py3-none-any.whl (53 kB)
Collecting Jinja2>=2.10.1
  Downloading Jinja2-2.11.2-py2.py3-none-any.whl (125 kB)
Collecting itsdangerous>=0.24
  Downloading itsdangerous-1.1.0-py2.py3-none-any.whl (16 kB)
Collecting Werkzeug>=0.15
  Downloading Werkzeug-1.0.1-py2.py3-none-any.whl (298 kB)
Collecting click>=5.1
  Downloading click-7.1.2-py2.py3-none-any.whl (82 kB)
Collecting attrs>=17.4.0
  Downloading attrs-20.2.0-py2.py3-none-any.whl (48 kB)
Collecting pyrsistent>=0.14.0
  Downloading pyrsistent-0.16.0.tar.gz (108 kB)
Collecting six>=1.11.0
  Downloading six-1.15.0-py2.py3-none-any.whl (10 kB)
Collecting importlib-metadata; python_version < "3.8"
  Downloading importlib_metadata-1.7.0-py2.py3-none-any.whl (31 kB)
Collecting chardet<4,>=3.0.2
  Downloading chardet-3.0.4-py2.py3-none-any.whl (133 kB)
Collecting idna<3,>=2.5
  Downloading idna-2.10-py2.py3-none-any.whl (58 kB)
Collecting certifi>=2017.4.17
  Downloading certifi-2020.6.20-py2.py3-none-any.whl (156 kB)
Collecting urllib3!=1.25.0,!=1.25.1,<1.26,>=1.21.1
  Downloading urllib3-1.25.10-py2.py3-none-any.whl (127 kB)
Collecting threadloop<2,>=1
  Downloading threadloop-1.0.2.tar.gz (4.9 kB)
Collecting thrift
  Downloading thrift-0.13.0.tar.gz (59 kB)
Collecting tornado>=4.3
  Downloading tornado-6.0.4.tar.gz (496 kB)
Collecting MarkupSafe>=0.23
  Downloading MarkupSafe-1.1.1-cp37-cp37m-manylinux1_x86_64.whl (27 kB)
Collecting zipp>=0.5
  Downloading zipp-3.1.0-py3-none-any.whl (4.9 kB)
Building wheels for collected packages: Flask-OpenTracing, opentracing, jaeger-client, PyYAML, pyrsistent, threadloop, thrift, tornado
  Building wheel for Flask-OpenTracing (setup.py): started
  Building wheel for Flask-OpenTracing (setup.py): finished with status 'done'
  Created wheel for Flask-OpenTracing: filename=Flask_OpenTracing-1.1.0-py3-none-any.whl size=9070 sha256=e7386cf6f2b155c982f699e8f3d7a5ff0b78f4b6c1b44716fc53b2ab093a4d03
  Stored in directory: /builder/home/.cache/pip/wheels/42/22/cd/ccb93fa68f4a01fb6c10082f97bcb2af9eb8e43565ce38a292
  Building wheel for opentracing (setup.py): started
  Building wheel for opentracing (setup.py): finished with status 'done'
  Created wheel for opentracing: filename=opentracing-2.3.0-py3-none-any.whl size=51347 sha256=1075e125afa8a2d6ae7c968008a4b5507f049f25f7e7db76df1614b72425159e
  Stored in directory: /builder/home/.cache/pip/wheels/19/c5/4b/b030afc055aa78698cd96eb4b168b7f91bd9254191bf4e9f9f
  Building wheel for jaeger-client (setup.py): started
  Building wheel for jaeger-client (setup.py): finished with status 'done'
  Created wheel for jaeger-client: filename=jaeger_client-4.3.0-py3-none-any.whl size=64291 sha256=11773b97da6eae3cf8009c1c236e901747f205096a086773c79562b8b6c1dea7
  Stored in directory: /builder/home/.cache/pip/wheels/4b/b9/d9/efe18893b02a4bc5abb68e0174d4ab10147f7f184dd170758e
  Building wheel for PyYAML (setup.py): started
  Building wheel for PyYAML (setup.py): finished with status 'done'
  Created wheel for PyYAML: filename=PyYAML-5.3.1-cp37-cp37m-linux_x86_64.whl size=471243 sha256=24525feeab3f01b8642fc1ac6d107d5c0ef6ca3a746e47d9e976e892d7d5bb59
  Stored in directory: /builder/home/.cache/pip/wheels/5e/03/1e/e1e954795d6f35dfc7b637fe2277bff021303bd9570ecea653
  Building wheel for pyrsistent (setup.py): started
  Building wheel for pyrsistent (setup.py): finished with status 'done'
  Created wheel for pyrsistent: filename=pyrsistent-0.16.0-cp37-cp37m-linux_x86_64.whl size=124353 sha256=b418395f0958a6272650c563d457a0f8e2f5bbadd05af501e3d2898c974e1f36
  Stored in directory: /builder/home/.cache/pip/wheels/22/52/11/f0920f95c23ed7d2d0b05f2b7b2f4509e87a20cfe8ea43d987
  Building wheel for threadloop (setup.py): started
  Building wheel for threadloop (setup.py): finished with status 'done'
  Created wheel for threadloop: filename=threadloop-1.0.2-py3-none-any.whl size=3423 sha256=bfb24affc36e5fda9b35438ff9c9ad04333b3375475260d640d84d09bd822d70
  Stored in directory: /builder/home/.cache/pip/wheels/08/93/e3/037c2555d98964d9ca537dabb39827a2b72470a679b5c0de37
  Building wheel for thrift (setup.py): started
  Building wheel for thrift (setup.py): finished with status 'done'
  Created wheel for thrift: filename=thrift-0.13.0-cp37-cp37m-linux_x86_64.whl size=486857 sha256=c246638c6759bdf833a0ed15752cac82add0574bc9b7b9df4fd64efb49bf1d75
  Stored in directory: /builder/home/.cache/pip/wheels/79/35/5a/19f5dadf91f62bd783aaa8385f700de9bc14772e09ab0f006a
  Building wheel for tornado (setup.py): started
  Building wheel for tornado (setup.py): finished with status 'done'
  Created wheel for tornado: filename=tornado-6.0.4-cp37-cp37m-linux_x86_64.whl size=428918 sha256=826ad302b8190f9d16ae1d6c161aeb4cfd9773e33d33f2b41ca1731c7b530b92
  Stored in directory: /builder/home/.cache/pip/wheels/7d/14/fa/d88fb5da77d813ea0ffca38a2ab2a052874e9e1142bad0b348
Successfully built Flask-OpenTracing opentracing jaeger-client PyYAML pyrsistent threadloop thrift tornado
Installing collected packages: MarkupSafe, Jinja2, itsdangerous, Werkzeug, click, Flask, attrs, six, pyrsistent, zipp, importlib-metadata, jsonschema, Flask-cors, redis, chardet, idna, certifi, urllib3, requests, numpy, flatbuffers, protobuf, grpcio, opentracing, Flask-OpenTracing, tornado, threadloop, thrift, jaeger-client, grpcio-opentracing, PyYAML, gunicorn, prometheus-client, seldon-core
  Running setup.py develop for seldon-core
Successfully installed Flask-1.1.2 Flask-OpenTracing-1.1.0 Flask-cors-3.0.9 Jinja2-2.11.2 MarkupSafe-1.1.1 PyYAML-5.3.1 Werkzeug-1.0.1 attrs-20.2.0 certifi-2020.6.20 chardet-3.0.4 click-7.1.2 flatbuffers-1.12 grpcio-1.31.0 grpcio-opentracing-1.1.4 gunicorn-20.0.4 idna-2.10 importlib-metadata-1.7.0 itsdangerous-1.1.0 jaeger-client-4.3.0 jsonschema-3.2.0 numpy-1.19.1 opentracing-2.3.0 prometheus-client-0.8.0 protobuf-3.13.0 pyrsistent-0.16.0 redis-3.5.3 requests-2.24.0 seldon-core six-1.15.0 threadloop-1.0.2 thrift-0.13.0 tornado-6.0.4 urllib3-1.25.10 zipp-3.1.0
WARNING: You are using pip version 20.2; however, version 20.2.2 is available.
You should consider upgrading via the '/usr/local/bin/python -m pip install --upgrade pip' command.

Testing /workspace/source/python...

Tested 36 dependencies for known issues, found 1 issue, 1 vulnerable path.


Issues with no direct upgrade or patch:
  ✗ Arbitrary Code Execution [High Severity][https://snyk.io/vuln/SNYK-PYTHON-PYYAML-590151] in pyyaml@5.3.1
  No upgrade or patch available



Organization:      as-swz
Package manager:   pip
Target file:       setup.py
Project name:      seldon-core
Open source:       no
Project path:      /workspace/source/python
Licenses:          enabled

[31m
Pipeline failed on stage 'run-python-tests' : container 'step-step2'. The execution of the pipeline has stopped.[0m
