
Showing logs for build [32mmeta-seldonio-seldon-core-gh-pa-7s9s7-456[0m stage [32mmeta-pipeline[0m and container [32mstep-credential-initializer-ksxcj[0m
{"level":"warn","ts":1590859790.906581,"logger":"fallback-logger","caller":"logging/config.go:69","msg":"Fetch GitHub commit ID from kodata failed: \"ref: refs/heads/0.8.0-**-support-backwards-incompats\" is not a valid GitHub commit ID"}
{"level":"info","ts":1590859790.9070656,"logger":"fallback-logger","caller":"creds-init/main.go:40","msg":"Credentials initialized."}

Showing logs for build [32mmeta-seldonio-seldon-core-gh-pa-7s9s7-456[0m stage [32mmeta-pipeline[0m and container [32mstep-working-dir-initializer-97k27[0m
{"level":"warn","ts":1590859792.0078218,"logger":"fallback-logger","caller":"logging/config.go:69","msg":"Fetch GitHub commit ID from kodata failed: open /var/run/ko/HEAD: no such file or directory"}
{"level":"info","ts":1590859792.0093179,"logger":"fallback-logger","caller":"bash/main.go:64","msg":"Successfully executed command \"sh -c mkdir -p /workspace/source\"; output "}

Showing logs for build [32mmeta-seldonio-seldon-core-gh-pa-7s9s7-456[0m stage [32mmeta-pipeline[0m and container [32mstep-place-tools[0m

Showing logs for build [32mmeta-seldonio-seldon-core-gh-pa-7s9s7-456[0m stage [32mmeta-pipeline[0m and container [32mstep-git-source-meta-seldonio-seldon-core-gh-pa-zcl4h[0m
{"level":"warn","ts":1590859797.1718671,"logger":"fallback-logger","caller":"logging/config.go:69","msg":"Fetch GitHub commit ID from kodata failed: \"ref: refs/heads/0.8.0-**-support-backwards-incompats\" is not a valid GitHub commit ID"}
{"level":"info","ts":1590859806.9651718,"logger":"fallback-logger","caller":"git/git.go:103","msg":"Successfully cloned https://github.com/SeldonIO/seldon-core.git @ ac47e13c7e08abc3edd881ee1f85a6b35f9ebe4d in path /workspace/source"}

Showing logs for build [32mmeta-seldonio-seldon-core-gh-pa-7s9s7-456[0m stage [32mmeta-pipeline[0m and container [32mstep-git-merge[0m
Using SHAs from PULL_REFS=gh-pages:ac47e13c7e08abc3edd881ee1f85a6b35f9ebe4d
WARNING: no SHAs to merge, falling back to initial cloned commit

Showing logs for build [32mmeta-seldonio-seldon-core-gh-pa-7s9s7-456[0m stage [32mmeta-pipeline[0m and container [32mstep-merge-pull-refs[0m
SKIP merge-pull-refs: Nothing to merge

Showing logs for build [32mmeta-seldonio-seldon-core-gh-pa-7s9s7-456[0m stage [32mmeta-pipeline[0m and container [32mstep-create-effective-pipeline[0m
performing pack detection in folder /workspace/source
error: failed to discover the build pack: failed to discover task pack in dir /workspace/source: there was an error detecting the language
[31m
Pipeline failed on stage 'meta-pipeline' : container 'step-create-effective-pipeline'. The execution of the pipeline has stopped.[0m
