
Showing logs for build [32mmeta-seldonio-seldon-core-gh-pa-nnshw-562[0m stage [32mmeta-pipeline[0m and container [32mstep-credential-initializer-9jnkt[0m
{"level":"warn","ts":1591096870.829223,"logger":"fallback-logger","caller":"logging/config.go:69","msg":"Fetch GitHub commit ID from kodata failed: \"ref: refs/heads/0.8.0-**-support-backwards-incompats\" is not a valid GitHub commit ID"}
{"level":"info","ts":1591096870.853853,"logger":"fallback-logger","caller":"creds-init/main.go:40","msg":"Credentials initialized."}

Showing logs for build [32mmeta-seldonio-seldon-core-gh-pa-nnshw-562[0m stage [32mmeta-pipeline[0m and container [32mstep-working-dir-initializer-4db6h[0m
{"level":"warn","ts":1591096878.2566528,"logger":"fallback-logger","caller":"logging/config.go:69","msg":"Fetch GitHub commit ID from kodata failed: open /var/run/ko/HEAD: no such file or directory"}
{"level":"info","ts":1591096878.3923976,"logger":"fallback-logger","caller":"bash/main.go:64","msg":"Successfully executed command \"sh -c mkdir -p /workspace/source\"; output "}

Showing logs for build [32mmeta-seldonio-seldon-core-gh-pa-nnshw-562[0m stage [32mmeta-pipeline[0m and container [32mstep-place-tools[0m

Showing logs for build [32mmeta-seldonio-seldon-core-gh-pa-nnshw-562[0m stage [32mmeta-pipeline[0m and container [32mstep-git-source-meta-seldonio-seldon-core-gh-pa-2rgh6[0m
{"level":"warn","ts":1591096901.44212,"logger":"fallback-logger","caller":"logging/config.go:69","msg":"Fetch GitHub commit ID from kodata failed: \"ref: refs/heads/0.8.0-**-support-backwards-incompats\" is not a valid GitHub commit ID"}
{"level":"info","ts":1591096915.3078055,"logger":"fallback-logger","caller":"git/git.go:103","msg":"Successfully cloned https://github.com/SeldonIO/seldon-core.git @ c45caa089a8c40df33e7bb885d5c056de4537b0a in path /workspace/source"}

Showing logs for build [32mmeta-seldonio-seldon-core-gh-pa-nnshw-562[0m stage [32mmeta-pipeline[0m and container [32mstep-git-merge[0m
Using SHAs from PULL_REFS=gh-pages:c45caa089a8c40df33e7bb885d5c056de4537b0a
WARNING: no SHAs to merge, falling back to initial cloned commit

Showing logs for build [32mmeta-seldonio-seldon-core-gh-pa-nnshw-562[0m stage [32mmeta-pipeline[0m and container [32mstep-merge-pull-refs[0m
SKIP merge-pull-refs: Nothing to merge

Showing logs for build [32mmeta-seldonio-seldon-core-gh-pa-nnshw-562[0m stage [32mmeta-pipeline[0m and container [32mstep-create-effective-pipeline[0m
performing pack detection in folder /workspace/source
error: failed to discover the build pack: failed to discover task pack in dir /workspace/source: there was an error detecting the language
[31m
Pipeline failed on stage 'meta-pipeline' : container 'step-create-effective-pipeline'. The execution of the pipeline has stopped.[0m
