
Showing logs for build [32mmeta-seldonio-seldon-core-gh-pa-dwj92-620[0m stage [32mmeta-pipeline[0m and container [32mstep-credential-initializer-4k6k7[0m
{"level":"warn","ts":1591098878.115467,"logger":"fallback-logger","caller":"logging/config.go:69","msg":"Fetch GitHub commit ID from kodata failed: \"ref: refs/heads/0.8.0-**-support-backwards-incompats\" is not a valid GitHub commit ID"}
{"level":"info","ts":1591098878.1161008,"logger":"fallback-logger","caller":"creds-init/main.go:40","msg":"Credentials initialized."}

Showing logs for build [32mmeta-seldonio-seldon-core-gh-pa-dwj92-620[0m stage [32mmeta-pipeline[0m and container [32mstep-working-dir-initializer-g4z99[0m
{"level":"warn","ts":1591098881.8123648,"logger":"fallback-logger","caller":"logging/config.go:69","msg":"Fetch GitHub commit ID from kodata failed: open /var/run/ko/HEAD: no such file or directory"}
{"level":"info","ts":1591098881.81477,"logger":"fallback-logger","caller":"bash/main.go:64","msg":"Successfully executed command \"sh -c mkdir -p /workspace/source\"; output "}

Showing logs for build [32mmeta-seldonio-seldon-core-gh-pa-dwj92-620[0m stage [32mmeta-pipeline[0m and container [32mstep-place-tools[0m

Showing logs for build [32mmeta-seldonio-seldon-core-gh-pa-dwj92-620[0m stage [32mmeta-pipeline[0m and container [32mstep-git-source-meta-seldonio-seldon-core-gh-pa-z7hjv[0m
{"level":"warn","ts":1591098889.3091784,"logger":"fallback-logger","caller":"logging/config.go:69","msg":"Fetch GitHub commit ID from kodata failed: \"ref: refs/heads/0.8.0-**-support-backwards-incompats\" is not a valid GitHub commit ID"}
{"level":"info","ts":1591098903.519345,"logger":"fallback-logger","caller":"git/git.go:103","msg":"Successfully cloned https://github.com/SeldonIO/seldon-core.git @ 411a7ae82e1d72316b733c964c1a3932c79c1895 in path /workspace/source"}

Showing logs for build [32mmeta-seldonio-seldon-core-gh-pa-dwj92-620[0m stage [32mmeta-pipeline[0m and container [32mstep-git-merge[0m
Using SHAs from PULL_REFS=gh-pages:411a7ae82e1d72316b733c964c1a3932c79c1895
WARNING: no SHAs to merge, falling back to initial cloned commit

Showing logs for build [32mmeta-seldonio-seldon-core-gh-pa-dwj92-620[0m stage [32mmeta-pipeline[0m and container [32mstep-merge-pull-refs[0m
SKIP merge-pull-refs: Nothing to merge

Showing logs for build [32mmeta-seldonio-seldon-core-gh-pa-dwj92-620[0m stage [32mmeta-pipeline[0m and container [32mstep-create-effective-pipeline[0m
performing pack detection in folder /workspace/source
error: failed to discover the build pack: failed to discover task pack in dir /workspace/source: there was an error detecting the language
[31m
Pipeline failed on stage 'meta-pipeline' : container 'step-create-effective-pipeline'. The execution of the pipeline has stopped.[0m
