
Showing logs for build [32mmeta-seldonio-seldon-core-gh-pa-z7xfc-932[0m stage [32mmeta-pipeline[0m and container [32mstep-credential-initializer-7lpgb[0m
{"level":"info","ts":1601307609.2959144,"logger":"fallback-logger","caller":"logging/config.go:69","msg":"Fetch GitHub commit ID from kodata failed: open /var/run/ko/refs/heads/0.8.0-ns-support: no such file or directory"}
{"level":"info","ts":1601307609.2967455,"logger":"fallback-logger","caller":"creds-init/main.go:40","msg":"Credentials initialized."}

Showing logs for build [32mmeta-seldonio-seldon-core-gh-pa-z7xfc-932[0m stage [32mmeta-pipeline[0m and container [32mstep-working-dir-initializer-6nrf8[0m
failed to try resolving symlinks in path "/var/log/pods/**_meta-seldonio-seldon-core-gh-pa-z7xfc-932-meta-pipeline-6c2pp-pod-c8f8c5_ba348df4-01a0-11eb-9da6-42010a9a0058/step-working-dir-initializer-6nrf8/0.log": lstat /var/log/pods/**_meta-seldonio-seldon-core-gh-pa-z7xfc-932-meta-pipeline-6c2pp-pod-c8f8c5_ba348df4-01a0-11eb-9da6-42010a9a0058/step-working-dir-initializer-6nrf8/0.log: no such file or directory

Showing logs for build [32mmeta-seldonio-seldon-core-gh-pa-z7xfc-932[0m stage [32mmeta-pipeline[0m and container [32mstep-place-tools[0m

Showing logs for build [32mmeta-seldonio-seldon-core-gh-pa-z7xfc-932[0m stage [32mmeta-pipeline[0m and container [32mstep-git-source-meta-seldonio-seldon-core-gh-pa-z7xfc-9jz9s[0m
{"level":"info","ts":1601307764.4682136,"logger":"fallback-logger","caller":"logging/config.go:69","msg":"Fetch GitHub commit ID from kodata failed: open /var/run/ko/refs/heads/0.8.0-ns-support: no such file or directory"}
{"level":"info","ts":1601307794.7782888,"logger":"fallback-logger","caller":"git/git.go:103","msg":"Successfully cloned https://github.com/SeldonIO/seldon-core.git @ cd2ff438a6313ee5ca1c34b3e5282e6d3558dab7 in path /workspace/source"}

Showing logs for build [32mmeta-seldonio-seldon-core-gh-pa-z7xfc-932[0m stage [32mmeta-pipeline[0m and container [32mstep-setup-builder-home[0m

Showing logs for build [32mmeta-seldonio-seldon-core-gh-pa-z7xfc-932[0m stage [32mmeta-pipeline[0m and container [32mstep-git-merge[0m
Using SHAs from PULL_REFS=gh-pages:cd2ff438a6313ee5ca1c34b3e5282e6d3558dab7
WARNING: no SHAs to merge, falling back to initial cloned commit

Showing logs for build [32mmeta-seldonio-seldon-core-gh-pa-z7xfc-932[0m stage [32mmeta-pipeline[0m and container [32mstep-merge-pull-refs[0m
SKIP merge-pull-refs: Nothing to merge

Showing logs for build [32mmeta-seldonio-seldon-core-gh-pa-z7xfc-932[0m stage [32mmeta-pipeline[0m and container [32mstep-create-effective-pipeline[0m
performing pack detection in folder /workspace/source
error: failed to discover the build pack: failed to discover task pack in dir /workspace/source: there was an error detecting the language
[31m
Pipeline failed on stage 'meta-pipeline' : container 'step-create-effective-pipeline'. The execution of the pipeline has stopped.[0m
