
Showing logs for build [32mmeta-seldonio-seldon-core-gh-pa-ts64r-949[0m stage [32mmeta-pipeline[0m and container [32mstep-credential-initializer-4vz9d[0m
{"level":"info","ts":1601308439.4873157,"logger":"fallback-logger","caller":"logging/config.go:69","msg":"Fetch GitHub commit ID from kodata failed: open /var/run/ko/refs/heads/0.8.0-ns-support: no such file or directory"}
{"level":"info","ts":1601308439.4892595,"logger":"fallback-logger","caller":"creds-init/main.go:40","msg":"Credentials initialized."}

Showing logs for build [32mmeta-seldonio-seldon-core-gh-pa-ts64r-949[0m stage [32mmeta-pipeline[0m and container [32mstep-working-dir-initializer-gcxwz[0m
{"level":"info","ts":1601308441.504071,"logger":"fallback-logger","caller":"logging/config.go:69","msg":"Fetch GitHub commit ID from kodata failed: open /var/run/ko/HEAD: no such file or directory"}
{"level":"info","ts":1601308441.6419134,"logger":"fallback-logger","caller":"bash/main.go:64","msg":"Successfully executed command \"sh -c mkdir -p /workspace/source\"; output "}

Showing logs for build [32mmeta-seldonio-seldon-core-gh-pa-ts64r-949[0m stage [32mmeta-pipeline[0m and container [32mstep-place-tools[0m

Showing logs for build [32mmeta-seldonio-seldon-core-gh-pa-ts64r-949[0m stage [32mmeta-pipeline[0m and container [32mstep-git-source-meta-seldonio-seldon-core-gh-pa-ts64r-p2f2m[0m
{"level":"info","ts":1601308448.5600343,"logger":"fallback-logger","caller":"logging/config.go:69","msg":"Fetch GitHub commit ID from kodata failed: open /var/run/ko/refs/heads/0.8.0-ns-support: no such file or directory"}
{"level":"info","ts":1601308476.7044332,"logger":"fallback-logger","caller":"git/git.go:103","msg":"Successfully cloned https://github.com/SeldonIO/seldon-core.git @ d965f64eab1939fe90af5ec9a299ea074d9d0055 in path /workspace/source"}

Showing logs for build [32mmeta-seldonio-seldon-core-gh-pa-ts64r-949[0m stage [32mmeta-pipeline[0m and container [32mstep-setup-builder-home[0m

Showing logs for build [32mmeta-seldonio-seldon-core-gh-pa-ts64r-949[0m stage [32mmeta-pipeline[0m and container [32mstep-git-merge[0m
Using SHAs from PULL_REFS=gh-pages:d965f64eab1939fe90af5ec9a299ea074d9d0055
WARNING: no SHAs to merge, falling back to initial cloned commit

Showing logs for build [32mmeta-seldonio-seldon-core-gh-pa-ts64r-949[0m stage [32mmeta-pipeline[0m and container [32mstep-merge-pull-refs[0m
SKIP merge-pull-refs: Nothing to merge

Showing logs for build [32mmeta-seldonio-seldon-core-gh-pa-ts64r-949[0m stage [32mmeta-pipeline[0m and container [32mstep-create-effective-pipeline[0m
performing pack detection in folder /workspace/source
error: failed to discover the build pack: failed to discover task pack in dir /workspace/source: there was an error detecting the language
[31m
Pipeline failed on stage 'meta-pipeline' : container 'step-create-effective-pipeline'. The execution of the pipeline has stopped.[0m
