
Showing logs for build [32mseldonio-seldon-core-pr-2081-in-2qsrk-12[0m stage [32mpr-build-comment[0m and container [32mstep-credential-initializer-dglcp[0m
{"level":"info","ts":1594064558.3561594,"logger":"fallback-logger","caller":"logging/config.go:69","msg":"Fetch GitHub commit ID from kodata failed: open /var/run/ko/refs/heads/0.8.0-ns-support: no such file or directory"}
{"level":"info","ts":1594064558.3570087,"logger":"fallback-logger","caller":"creds-init/main.go:40","msg":"Credentials initialized."}

Showing logs for build [32mseldonio-seldon-core-pr-2081-in-2qsrk-12[0m stage [32mpr-build-comment[0m and container [32mstep-working-dir-initializer-5pl66[0m
{"level":"info","ts":1594064559.629003,"logger":"fallback-logger","caller":"logging/config.go:69","msg":"Fetch GitHub commit ID from kodata failed: open /var/run/ko/HEAD: no such file or directory"}
{"level":"info","ts":1594064559.6304505,"logger":"fallback-logger","caller":"bash/main.go:64","msg":"Successfully executed command \"sh -c mkdir -p /workspace/source\"; output "}

Showing logs for build [32mseldonio-seldon-core-pr-2081-in-2qsrk-12[0m stage [32mpr-build-comment[0m and container [32mstep-place-tools[0m

Showing logs for build [32mseldonio-seldon-core-pr-2081-in-2qsrk-12[0m stage [32mpr-build-comment[0m and container [32mstep-create-dir-workspace-x6b7x[0m
{"level":"info","ts":1594064565.7649124,"logger":"fallback-logger","caller":"logging/config.go:69","msg":"Fetch GitHub commit ID from kodata failed: open /var/run/ko/HEAD: no such file or directory"}
{"level":"info","ts":1594064565.7661908,"logger":"fallback-logger","caller":"bash/main.go:64","msg":"Successfully executed command \"sh -c mkdir -p source\"; output "}

Showing logs for build [32mseldonio-seldon-core-pr-2081-in-2qsrk-12[0m stage [32mpr-build-comment[0m and container [32mstep-git-source-seldonio-seldon-core-pr-2081-in-2qsrk-wfjtl[0m
{"level":"info","ts":1594064566.0062697,"logger":"fallback-logger","caller":"logging/config.go:69","msg":"Fetch GitHub commit ID from kodata failed: open /var/run/ko/refs/heads/0.8.0-ns-support: no such file or directory"}
{"level":"info","ts":1594064570.4216354,"logger":"fallback-logger","caller":"git/git.go:103","msg":"Successfully cloned https://github.com/SeldonIO/seldon-core.git @ master in path /workspace/source"}

Showing logs for build [32mseldonio-seldon-core-pr-2081-in-2qsrk-12[0m stage [32mpr-build-comment[0m and container [32mstep-setup-builder-home[0m

Showing logs for build [32mseldonio-seldon-core-pr-2081-in-2qsrk-12[0m stage [32mpr-build-comment[0m and container [32mstep-git-merge[0m
Using SHAs from PULL_REFS=master:96cf61bcb999e92551df26df00fcef056746af23,2081:51a29851f86364976b780888d995e4b9ba74307d
DEBUG: LC_ALL=C JX_LOG_LEVEL=error git fetch origin --unshallow 51a29851f86364976b780888d995e4b9ba74307d: 96cf61bcb999e92551df26df00fcef056746af23:
DEBUG: ran git fetch --unshallow origin 51a29851f86364976b780888d995e4b9ba74307d: 96cf61bcb999e92551df26df00fcef056746af23: in 
DEBUG: JX_LOG_LEVEL=error LC_ALL=C git branch
DEBUG: JX_LOG_LEVEL=error LC_ALL=C git checkout master
DEBUG: ran git checkout master in 
DEBUG: LC_ALL=C JX_LOG_LEVEL=error git reset --hard 96cf61bcb999e92551df26df00fcef056746af23
DEBUG: ran git reset --hard 96cf61bcb999e92551df26df00fcef056746af23 in 
DEBUG: LC_ALL=C JX_LOG_LEVEL=error git clean -fd .
DEBUG: ran clean --force -d . in 
DEBUG: LC_ALL=C JX_LOG_LEVEL=error git merge 51a29851f86364976b780888d995e4b9ba74307d
DEBUG: ran git merge 51a29851f86364976b780888d995e4b9ba74307d in 
DEBUG: LC_ALL=C JX_LOG_LEVEL=error git log --format=%H%x1f%an%x1f%ae%x1f%cn%x1f%ce%x1f%s%n%b%x1e 96cf61bcb999e92551df26df00fcef056746af23..HEAD
Merged SHA 8ef098e75ed89ab6800c313b45136680faac11bd with commit message 'Merge commit '51a29851f86364976b780888d995e4b9ba74307d'' into base branch master
Merged SHA 51a29851f86364976b780888d995e4b9ba74307d with commit message 'Updated tests to use dockerd in different cgroup' into base branch master
Merged SHA b184f4d0b5c77598e9f7c96064daf5a86fa18de7 with commit message 'Removing logfile' into base branch master
Merged SHA e31b19139e6a0071bc8945c620713e0600cdc22d with commit message 'Testing with custom cgroup' into base branch master
Merged SHA 46066ae2fdd3d980f277c9cffe67b72db6f28bb1 with commit message 'Added integration tests comments to test container shutdown' into base branch master

Showing logs for build [32mseldonio-seldon-core-pr-2081-in-2qsrk-12[0m stage [32mpr-build-comment[0m and container [32mstep-step2[0m
+++ dirname ./add-pr-build-comment
++ cd .
++ pwd
+ STARTUP_DIR=/workspace/source/ci
+ REPO_OWNER=SeldonIO
+ REPO_NAME=seldon-core
+ PULL_NUMBER=2081
+ BUILD_NUMBER=12
+ PIPELINE_CONTEXT=integration
++ cat
+++ date
+ COMMENT_MSG='Mon Jul  6 19:42:57 UTC 2020
The logs for [integration] [12] will show after the pipeline context has finished.  
https://github.com/SeldonIO/seldon-core/blob/gh-pages/jenkins-x/logs/SeldonIO/seldon-core/PR-2081/12.log

impatient try  
** get build logs SeldonIO/seldon-core/PR-2081 --build=12'
+ ** step pr comment --owner=SeldonIO --repository=seldon-core --pull-request=2081 '--comment=Mon Jul  6 19:42:57 UTC 2020
The logs for [integration] [12] will show after the pipeline context has finished.  
https://github.com/SeldonIO/seldon-core/blob/gh-pages/jenkins-x/logs/SeldonIO/seldon-core/PR-2081/12.log

impatient try  
** get build logs SeldonIO/seldon-core/PR-2081 --build=12'

Showing logs for build [32mseldonio-seldon-core-pr-2081-in-2qsrk-12[0m stage [32mpr-build-comment[0m and container [32mstep-source-mkdir-seldonio-seldon-core-pr-2081-in-2qsrk-mxs5d[0m
{"level":"info","ts":1594064579.9173934,"logger":"fallback-logger","caller":"logging/config.go:69","msg":"Fetch GitHub commit ID from kodata failed: open /var/run/ko/HEAD: no such file or directory"}
{"level":"info","ts":1594064579.9209392,"logger":"fallback-logger","caller":"bash/main.go:64","msg":"Successfully executed command \"sh -c mkdir -p /pvc/pr-build-comment/workspace\"; output "}

Showing logs for build [32mseldonio-seldon-core-pr-2081-in-2qsrk-12[0m stage [32mpr-build-comment[0m and container [32mstep-source-copy-seldonio-seldon-core-pr-2081-in-2qsrk-bnqpb[0m
{"level":"info","ts":1594064580.1581807,"logger":"fallback-logger","caller":"logging/config.go:69","msg":"Fetch GitHub commit ID from kodata failed: open /var/run/ko/HEAD: no such file or directory"}
{"level":"info","ts":1594064580.4682262,"logger":"fallback-logger","caller":"bash/main.go:64","msg":"Successfully executed command \"sh -c cp -r source/. /pvc/pr-build-comment/workspace\"; output "}

Showing logs for build [32mseldonio-seldon-core-pr-2081-in-2qsrk-12[0m stage [32mend-to-end[0m and container [32mstep-credential-initializer-9d2cx[0m
{"level":"info","ts":1594064582.7183027,"logger":"fallback-logger","caller":"logging/config.go:69","msg":"Fetch GitHub commit ID from kodata failed: open /var/run/ko/refs/heads/0.8.0-ns-support: no such file or directory"}
{"level":"info","ts":1594064582.7188795,"logger":"fallback-logger","caller":"creds-init/main.go:40","msg":"Credentials initialized."}

Showing logs for build [32mseldonio-seldon-core-pr-2081-in-2qsrk-12[0m stage [32mend-to-end[0m and container [32mstep-working-dir-initializer-g9k7p[0m
{"level":"info","ts":1594064583.05202,"logger":"fallback-logger","caller":"logging/config.go:69","msg":"Fetch GitHub commit ID from kodata failed: open /var/run/ko/HEAD: no such file or directory"}
{"level":"info","ts":1594064583.0535989,"logger":"fallback-logger","caller":"bash/main.go:64","msg":"Successfully executed command \"sh -c mkdir -p /workspace/source\"; output "}

Showing logs for build [32mseldonio-seldon-core-pr-2081-in-2qsrk-12[0m stage [32mend-to-end[0m and container [32mstep-place-tools[0m

Showing logs for build [32mseldonio-seldon-core-pr-2081-in-2qsrk-12[0m stage [32mend-to-end[0m and container [32mstep-create-dir-workspace-gmg8p[0m
{"level":"info","ts":1594064590.172864,"logger":"fallback-logger","caller":"logging/config.go:69","msg":"Fetch GitHub commit ID from kodata failed: open /var/run/ko/HEAD: no such file or directory"}
{"level":"info","ts":1594064590.174741,"logger":"fallback-logger","caller":"bash/main.go:64","msg":"Successfully executed command \"sh -c mkdir -p /workspace/source\"; output "}

Showing logs for build [32mseldonio-seldon-core-pr-2081-in-2qsrk-12[0m stage [32mend-to-end[0m and container [32mstep-source-copy-workspace-zq7f4[0m
{"level":"info","ts":1594064590.4288135,"logger":"fallback-logger","caller":"logging/config.go:69","msg":"Fetch GitHub commit ID from kodata failed: open /var/run/ko/HEAD: no such file or directory"}
{"level":"info","ts":1594064590.7520752,"logger":"fallback-logger","caller":"bash/main.go:64","msg":"Successfully executed command \"sh -c cp -r /pvc/pr-build-comment/workspace/. /workspace/source\"; output "}

Showing logs for build [32mseldonio-seldon-core-pr-2081-in-2qsrk-12[0m stage [32mend-to-end[0m and container [32mstep-setup-builder-home[0m

Showing logs for build [32mseldonio-seldon-core-pr-2081-in-2qsrk-12[0m stage [32mend-to-end[0m and container [32mstep-test-end-to-end[0m
Test run type is: [base]
Waiting for dockerd...
time="2020-07-06T19:43:11.784029305Z" level=info msg="Starting up"
time="2020-07-06T19:43:11.786695933Z" level=info msg="libcontainerd: started new containerd process" pid=35
time="2020-07-06T19:43:11.786800311Z" level=info msg="parsed scheme: \"unix\"" module=grpc
time="2020-07-06T19:43:11.786812168Z" level=info msg="scheme \"unix\" not registered, fallback to default scheme" module=grpc
time="2020-07-06T19:43:11.786836244Z" level=info msg="ccResolverWrapper: sending update to cc: {[{unix:///var/run/docker/containerd/containerd.sock 0  <nil>}] <nil>}" module=grpc
time="2020-07-06T19:43:11.786863516Z" level=info msg="ClientConn switching balancer to \"pick_first\"" module=grpc
time="2020-07-06T19:43:11.830597068Z" level=info msg="starting containerd" revision=7ad184331fa3e55e52b890ea95e65ba581ae3429 version=1.2.13 
time="2020-07-06T19:43:11.831080944Z" level=info msg="loading plugin "io.containerd.content.v1.content"..." type=io.containerd.content.v1 
time="2020-07-06T19:43:11.831178707Z" level=info msg="loading plugin "io.containerd.snapshotter.v1.btrfs"..." type=io.containerd.snapshotter.v1 
time="2020-07-06T19:43:11.831406313Z" level=warning msg="failed to load plugin io.containerd.snapshotter.v1.btrfs" error="path /var/lib/docker/containerd/daemon/io.containerd.snapshotter.v1.btrfs must be a btrfs filesystem to be used with the btrfs snapshotter" 
time="2020-07-06T19:43:11.831423970Z" level=info msg="loading plugin "io.containerd.snapshotter.v1.aufs"..." type=io.containerd.snapshotter.v1 
time="2020-07-06T19:43:11.834811127Z" level=warning msg="failed to load plugin io.containerd.snapshotter.v1.aufs" error="modprobe aufs failed: "modprobe: FATAL: Module aufs not found in directory /lib/modules/4.14.138+\n": exit status 1" 
time="2020-07-06T19:43:11.834844791Z" level=info msg="loading plugin "io.containerd.snapshotter.v1.native"..." type=io.containerd.snapshotter.v1 
time="2020-07-06T19:43:11.834961632Z" level=info msg="loading plugin "io.containerd.snapshotter.v1.overlayfs"..." type=io.containerd.snapshotter.v1 
time="2020-07-06T19:43:11.835121485Z" level=info msg="loading plugin "io.containerd.snapshotter.v1.zfs"..." type=io.containerd.snapshotter.v1 
time="2020-07-06T19:43:11.835358624Z" level=info msg="skip loading plugin "io.containerd.snapshotter.v1.zfs"..." type=io.containerd.snapshotter.v1 
time="2020-07-06T19:43:11.835374113Z" level=info msg="loading plugin "io.containerd.metadata.v1.bolt"..." type=io.containerd.metadata.v1 
time="2020-07-06T19:43:11.835420286Z" level=warning msg="could not use snapshotter btrfs in metadata plugin" error="path /var/lib/docker/containerd/daemon/io.containerd.snapshotter.v1.btrfs must be a btrfs filesystem to be used with the btrfs snapshotter" 
time="2020-07-06T19:43:11.835431510Z" level=warning msg="could not use snapshotter aufs in metadata plugin" error="modprobe aufs failed: "modprobe: FATAL: Module aufs not found in directory /lib/modules/4.14.138+\n": exit status 1" 
time="2020-07-06T19:43:11.835440143Z" level=warning msg="could not use snapshotter zfs in metadata plugin" error="path /var/lib/docker/containerd/daemon/io.containerd.snapshotter.v1.zfs must be a zfs filesystem to be used with the zfs snapshotter: skip plugin" 
time="2020-07-06T19:43:12.096784273Z" level=info msg="loading plugin "io.containerd.differ.v1.walking"..." type=io.containerd.differ.v1 
time="2020-07-06T19:43:12.096829857Z" level=info msg="loading plugin "io.containerd.gc.v1.scheduler"..." type=io.containerd.gc.v1 
time="2020-07-06T19:43:12.097198540Z" level=info msg="loading plugin "io.containerd.service.v1.containers-service"..." type=io.containerd.service.v1 
time="2020-07-06T19:43:12.097220422Z" level=info msg="loading plugin "io.containerd.service.v1.content-service"..." type=io.containerd.service.v1 
time="2020-07-06T19:43:12.097231805Z" level=info msg="loading plugin "io.containerd.service.v1.diff-service"..." type=io.containerd.service.v1 
time="2020-07-06T19:43:12.097244754Z" level=info msg="loading plugin "io.containerd.service.v1.images-service"..." type=io.containerd.service.v1 
time="2020-07-06T19:43:12.097257565Z" level=info msg="loading plugin "io.containerd.service.v1.leases-service"..." type=io.containerd.service.v1 
time="2020-07-06T19:43:12.097268613Z" level=info msg="loading plugin "io.containerd.service.v1.namespaces-service"..." type=io.containerd.service.v1 
time="2020-07-06T19:43:12.097280218Z" level=info msg="loading plugin "io.containerd.service.v1.snapshots-service"..." type=io.containerd.service.v1 
time="2020-07-06T19:43:12.097292688Z" level=info msg="loading plugin "io.containerd.runtime.v1.linux"..." type=io.containerd.runtime.v1 
time="2020-07-06T19:43:12.097689471Z" level=info msg="loading plugin "io.containerd.runtime.v2.task"..." type=io.containerd.runtime.v2 
time="2020-07-06T19:43:12.097855020Z" level=info msg="loading plugin "io.containerd.monitor.v1.cgroups"..." type=io.containerd.monitor.v1 
time="2020-07-06T19:43:12.098756815Z" level=info msg="loading plugin "io.containerd.service.v1.tasks-service"..." type=io.containerd.service.v1 
time="2020-07-06T19:43:12.098796622Z" level=info msg="loading plugin "io.containerd.internal.v1.restart"..." type=io.containerd.internal.v1 
time="2020-07-06T19:43:12.098893800Z" level=info msg="loading plugin "io.containerd.grpc.v1.containers"..." type=io.containerd.grpc.v1 
time="2020-07-06T19:43:12.098911579Z" level=info msg="loading plugin "io.containerd.grpc.v1.content"..." type=io.containerd.grpc.v1 
time="2020-07-06T19:43:12.098921982Z" level=info msg="loading plugin "io.containerd.grpc.v1.diff"..." type=io.containerd.grpc.v1 
time="2020-07-06T19:43:12.098932822Z" level=info msg="loading plugin "io.containerd.grpc.v1.events"..." type=io.containerd.grpc.v1 
time="2020-07-06T19:43:12.098979310Z" level=info msg="loading plugin "io.containerd.grpc.v1.healthcheck"..." type=io.containerd.grpc.v1 
time="2020-07-06T19:43:12.099005414Z" level=info msg="loading plugin "io.containerd.grpc.v1.images"..." type=io.containerd.grpc.v1 
time="2020-07-06T19:43:12.099031120Z" level=info msg="loading plugin "io.containerd.grpc.v1.leases"..." type=io.containerd.grpc.v1 
time="2020-07-06T19:43:12.099041490Z" level=info msg="loading plugin "io.containerd.grpc.v1.namespaces"..." type=io.containerd.grpc.v1 
time="2020-07-06T19:43:12.099051506Z" level=info msg="loading plugin "io.containerd.internal.v1.opt"..." type=io.containerd.internal.v1 
time="2020-07-06T19:43:12.099322639Z" level=info msg="loading plugin "io.containerd.grpc.v1.snapshots"..." type=io.containerd.grpc.v1 
time="2020-07-06T19:43:12.099343601Z" level=info msg="loading plugin "io.containerd.grpc.v1.tasks"..." type=io.containerd.grpc.v1 
time="2020-07-06T19:43:12.099360657Z" level=info msg="loading plugin "io.containerd.grpc.v1.version"..." type=io.containerd.grpc.v1 
time="2020-07-06T19:43:12.099371439Z" level=info msg="loading plugin "io.containerd.grpc.v1.introspection"..." type=io.containerd.grpc.v1 
time="2020-07-06T19:43:12.099643825Z" level=info msg=serving... address="/var/run/docker/containerd/containerd-debug.sock" 
time="2020-07-06T19:43:12.099784740Z" level=info msg=serving... address="/var/run/docker/containerd/containerd.sock" 
time="2020-07-06T19:43:12.099816825Z" level=info msg="containerd successfully booted in 0.269929s" 
time="2020-07-06T19:43:12.115251308Z" level=info msg="parsed scheme: \"unix\"" module=grpc
time="2020-07-06T19:43:12.115365173Z" level=info msg="scheme \"unix\" not registered, fallback to default scheme" module=grpc
time="2020-07-06T19:43:12.115405941Z" level=info msg="ccResolverWrapper: sending update to cc: {[{unix:///var/run/docker/containerd/containerd.sock 0  <nil>}] <nil>}" module=grpc
time="2020-07-06T19:43:12.115420995Z" level=info msg="ClientConn switching balancer to \"pick_first\"" module=grpc
time="2020-07-06T19:43:12.116915904Z" level=info msg="parsed scheme: \"unix\"" module=grpc
time="2020-07-06T19:43:12.116948714Z" level=info msg="scheme \"unix\" not registered, fallback to default scheme" module=grpc
time="2020-07-06T19:43:12.116969931Z" level=info msg="ccResolverWrapper: sending update to cc: {[{unix:///var/run/docker/containerd/containerd.sock 0  <nil>}] <nil>}" module=grpc
time="2020-07-06T19:43:12.116980975Z" level=info msg="ClientConn switching balancer to \"pick_first\"" module=grpc
time="2020-07-06T19:43:12.167984899Z" level=info msg="Loading containers: start."
time="2020-07-06T19:43:12.512572527Z" level=info msg="Loading containers: done."
time="2020-07-06T19:43:12.549743505Z" level=info msg="Docker daemon" commit=afacb8b7f0 graphdriver(s)=overlay2 version=19.03.8
time="2020-07-06T19:43:12.550018479Z" level=info msg="Daemon has completed initialization"
time="2020-07-06T19:43:12.587462947Z" level=info msg="API listen on /var/run/docker.sock"
kind create cluster --config ../resources/kind_config.yaml
Creating cluster "kind" ...
 • Ensuring node image (kindest/node:v1.16.3) 🖼  ...
 ✓ Ensuring node image (kindest/node:v1.16.3) 🖼
 • Preparing nodes 📦  ...
time="2020-07-06T19:43:53.897782332Z" level=info msg="shim containerd-shim started" address="/containerd-shim/moby/4e0ef9bd3fccc6ea68b8a19312e1358f1afc2168a33f03bdb6d8e0b7c6bc00af/shim.sock" debug=false pid=385 
time="2020-07-06T19:43:53.946667704Z" level=info msg="shim containerd-shim started" address="/containerd-shim/moby/073131a084402a5ea255abcaa24242e50de834638a8cdbcef164cbfb2235bd11/shim.sock" debug=false pid=417 
 ✓ Preparing nodes 📦
 • Writing configuration 📜  ...
 ✓ Writing configuration 📜
 • Starting control-plane 🕹️  ...
 ✗ Starting control-plane 🕹️
time="2020-07-06T19:44:12.350307438Z" level=info msg="shim reaped" id=073131a084402a5ea255abcaa24242e50de834638a8cdbcef164cbfb2235bd11 
time="2020-07-06T19:44:12.360312758Z" level=info msg="ignoring event" module=libcontainerd namespace=moby topic=/tasks/delete type="*events.TaskDelete"
time="2020-07-06T19:44:12.451030728Z" level=info msg="shim reaped" id=4e0ef9bd3fccc6ea68b8a19312e1358f1afc2168a33f03bdb6d8e0b7c6bc00af 
time="2020-07-06T19:44:12.461810408Z" level=info msg="ignoring event" module=libcontainerd namespace=moby topic=/tasks/delete type="*events.TaskDelete"
ERROR: failed to create cluster: failed to init node with kubeadm: command "docker exec --privileged kind-control-plane kubeadm init --ignore-preflight-errors=all --config=/kind/kubeadm.conf --skip-token-print --v=6" failed with error: exit status 137
make: *** [Makefile:8: kind_create_cluster] Error 1
`kind get kubeconfig-path` is deprecated!

KIND will export and merge kubeconfig like kops, minikube, etc.
This command is now unnecessary and will be removed in a future release.

For more info see: https://github.com/kubernetes-sigs/kind/issues/1060
See also the output of `kind create cluster`

Existing kind cluster or failure starting - 2
kind delete cluster
Deleting cluster "kind" ...
Finished tests exiting with value: 0
