
Showing logs for build [32mseldonio-seldon-core-pr-2081-in-s2hrc-13[0m stage [32mpr-build-comment[0m and container [32mstep-credential-initializer-nf97l[0m
{"level":"info","ts":1594064907.6613684,"logger":"fallback-logger","caller":"logging/config.go:69","msg":"Fetch GitHub commit ID from kodata failed: open /var/run/ko/refs/heads/0.8.0-ns-support: no such file or directory"}
{"level":"info","ts":1594064907.6618888,"logger":"fallback-logger","caller":"creds-init/main.go:40","msg":"Credentials initialized."}

Showing logs for build [32mseldonio-seldon-core-pr-2081-in-s2hrc-13[0m stage [32mpr-build-comment[0m and container [32mstep-working-dir-initializer-fjrtd[0m
{"level":"info","ts":1594064908.6703336,"logger":"fallback-logger","caller":"logging/config.go:69","msg":"Fetch GitHub commit ID from kodata failed: open /var/run/ko/HEAD: no such file or directory"}
{"level":"info","ts":1594064908.6717968,"logger":"fallback-logger","caller":"bash/main.go:64","msg":"Successfully executed command \"sh -c mkdir -p /workspace/source\"; output "}

Showing logs for build [32mseldonio-seldon-core-pr-2081-in-s2hrc-13[0m stage [32mpr-build-comment[0m and container [32mstep-place-tools[0m

Showing logs for build [32mseldonio-seldon-core-pr-2081-in-s2hrc-13[0m stage [32mpr-build-comment[0m and container [32mstep-create-dir-workspace-7khlx[0m
{"level":"info","ts":1594064913.822252,"logger":"fallback-logger","caller":"logging/config.go:69","msg":"Fetch GitHub commit ID from kodata failed: open /var/run/ko/HEAD: no such file or directory"}
{"level":"info","ts":1594064913.8237553,"logger":"fallback-logger","caller":"bash/main.go:64","msg":"Successfully executed command \"sh -c mkdir -p source\"; output "}

Showing logs for build [32mseldonio-seldon-core-pr-2081-in-s2hrc-13[0m stage [32mpr-build-comment[0m and container [32mstep-git-source-seldonio-seldon-core-pr-2081-in-s2hrc-46s9w[0m
{"level":"info","ts":1594064914.066017,"logger":"fallback-logger","caller":"logging/config.go:69","msg":"Fetch GitHub commit ID from kodata failed: open /var/run/ko/refs/heads/0.8.0-ns-support: no such file or directory"}
{"level":"info","ts":1594064918.576878,"logger":"fallback-logger","caller":"git/git.go:103","msg":"Successfully cloned https://github.com/SeldonIO/seldon-core.git @ master in path /workspace/source"}

Showing logs for build [32mseldonio-seldon-core-pr-2081-in-s2hrc-13[0m stage [32mpr-build-comment[0m and container [32mstep-setup-builder-home[0m

Showing logs for build [32mseldonio-seldon-core-pr-2081-in-s2hrc-13[0m stage [32mpr-build-comment[0m and container [32mstep-git-merge[0m
Using SHAs from PULL_REFS=master:96cf61bcb999e92551df26df00fcef056746af23,2081:51a29851f86364976b780888d995e4b9ba74307d
DEBUG: LC_ALL=C JX_LOG_LEVEL=error git fetch origin --unshallow 51a29851f86364976b780888d995e4b9ba74307d: 96cf61bcb999e92551df26df00fcef056746af23:
DEBUG: ran git fetch --unshallow origin 51a29851f86364976b780888d995e4b9ba74307d: 96cf61bcb999e92551df26df00fcef056746af23: in 
DEBUG: LC_ALL=C JX_LOG_LEVEL=error git branch
DEBUG: LC_ALL=C JX_LOG_LEVEL=error git checkout master
DEBUG: ran git checkout master in 
DEBUG: JX_LOG_LEVEL=error LC_ALL=C git reset --hard 96cf61bcb999e92551df26df00fcef056746af23
DEBUG: ran git reset --hard 96cf61bcb999e92551df26df00fcef056746af23 in 
DEBUG: LC_ALL=C JX_LOG_LEVEL=error git clean -fd .
DEBUG: ran clean --force -d . in 
DEBUG: LC_ALL=C JX_LOG_LEVEL=error git merge 51a29851f86364976b780888d995e4b9ba74307d
DEBUG: ran git merge 51a29851f86364976b780888d995e4b9ba74307d in 
DEBUG: LC_ALL=C JX_LOG_LEVEL=error git log --format=%H%x1f%an%x1f%ae%x1f%cn%x1f%ce%x1f%s%n%b%x1e 96cf61bcb999e92551df26df00fcef056746af23..HEAD
Merged SHA 0e10524ee25959b8aac429674183a759ff7a7842 with commit message 'Merge commit '51a29851f86364976b780888d995e4b9ba74307d'' into base branch master
Merged SHA 51a29851f86364976b780888d995e4b9ba74307d with commit message 'Updated tests to use dockerd in different cgroup' into base branch master
Merged SHA b184f4d0b5c77598e9f7c96064daf5a86fa18de7 with commit message 'Removing logfile' into base branch master
Merged SHA e31b19139e6a0071bc8945c620713e0600cdc22d with commit message 'Testing with custom cgroup' into base branch master
Merged SHA 46066ae2fdd3d980f277c9cffe67b72db6f28bb1 with commit message 'Added integration tests comments to test container shutdown' into base branch master

Showing logs for build [32mseldonio-seldon-core-pr-2081-in-s2hrc-13[0m stage [32mpr-build-comment[0m and container [32mstep-step2[0m
+++ dirname ./add-pr-build-comment
++ cd .
++ pwd
+ STARTUP_DIR=/workspace/source/ci
+ REPO_OWNER=SeldonIO
+ REPO_NAME=seldon-core
+ PULL_NUMBER=2081
+ BUILD_NUMBER=13
+ PIPELINE_CONTEXT=integration
++ cat
+++ date
+ COMMENT_MSG='Mon Jul  6 19:48:48 UTC 2020
The logs for [integration] [13] will show after the pipeline context has finished.  
https://github.com/SeldonIO/seldon-core/blob/gh-pages/jenkins-x/logs/SeldonIO/seldon-core/PR-2081/13.log

impatient try  
** get build logs SeldonIO/seldon-core/PR-2081 --build=13'
+ ** step pr comment --owner=SeldonIO --repository=seldon-core --pull-request=2081 '--comment=Mon Jul  6 19:48:48 UTC 2020
The logs for [integration] [13] will show after the pipeline context has finished.  
https://github.com/SeldonIO/seldon-core/blob/gh-pages/jenkins-x/logs/SeldonIO/seldon-core/PR-2081/13.log

impatient try  
** get build logs SeldonIO/seldon-core/PR-2081 --build=13'

Showing logs for build [32mseldonio-seldon-core-pr-2081-in-s2hrc-13[0m stage [32mpr-build-comment[0m and container [32mstep-source-mkdir-seldonio-seldon-core-pr-2081-in-s2hrc-m9csk[0m
{"level":"info","ts":1594064931.0295117,"logger":"fallback-logger","caller":"logging/config.go:69","msg":"Fetch GitHub commit ID from kodata failed: open /var/run/ko/HEAD: no such file or directory"}
{"level":"info","ts":1594064931.0335639,"logger":"fallback-logger","caller":"bash/main.go:64","msg":"Successfully executed command \"sh -c mkdir -p /pvc/pr-build-comment/workspace\"; output "}

Showing logs for build [32mseldonio-seldon-core-pr-2081-in-s2hrc-13[0m stage [32mpr-build-comment[0m and container [32mstep-source-copy-seldonio-seldon-core-pr-2081-in-s2hrc-swwj6[0m
{"level":"info","ts":1594064931.24474,"logger":"fallback-logger","caller":"logging/config.go:69","msg":"Fetch GitHub commit ID from kodata failed: open /var/run/ko/HEAD: no such file or directory"}
{"level":"info","ts":1594064931.5601158,"logger":"fallback-logger","caller":"bash/main.go:64","msg":"Successfully executed command \"sh -c cp -r source/. /pvc/pr-build-comment/workspace\"; output "}

Showing logs for build [32mseldonio-seldon-core-pr-2081-in-s2hrc-13[0m stage [32mend-to-end[0m and container [32mstep-credential-initializer-rqfc2[0m
{"level":"info","ts":1594064934.0616245,"logger":"fallback-logger","caller":"logging/config.go:69","msg":"Fetch GitHub commit ID from kodata failed: open /var/run/ko/refs/heads/0.8.0-ns-support: no such file or directory"}
{"level":"info","ts":1594064934.062039,"logger":"fallback-logger","caller":"creds-init/main.go:40","msg":"Credentials initialized."}

Showing logs for build [32mseldonio-seldon-core-pr-2081-in-s2hrc-13[0m stage [32mend-to-end[0m and container [32mstep-working-dir-initializer-8jxnm[0m
{"level":"info","ts":1594064934.3964195,"logger":"fallback-logger","caller":"logging/config.go:69","msg":"Fetch GitHub commit ID from kodata failed: open /var/run/ko/HEAD: no such file or directory"}
{"level":"info","ts":1594064934.3978431,"logger":"fallback-logger","caller":"bash/main.go:64","msg":"Successfully executed command \"sh -c mkdir -p /workspace/source\"; output "}

Showing logs for build [32mseldonio-seldon-core-pr-2081-in-s2hrc-13[0m stage [32mend-to-end[0m and container [32mstep-place-tools[0m

Showing logs for build [32mseldonio-seldon-core-pr-2081-in-s2hrc-13[0m stage [32mend-to-end[0m and container [32mstep-create-dir-workspace-mj784[0m
{"level":"info","ts":1594064942.5432377,"logger":"fallback-logger","caller":"logging/config.go:69","msg":"Fetch GitHub commit ID from kodata failed: open /var/run/ko/HEAD: no such file or directory"}
{"level":"info","ts":1594064942.5448694,"logger":"fallback-logger","caller":"bash/main.go:64","msg":"Successfully executed command \"sh -c mkdir -p /workspace/source\"; output "}

Showing logs for build [32mseldonio-seldon-core-pr-2081-in-s2hrc-13[0m stage [32mend-to-end[0m and container [32mstep-source-copy-workspace-gvrkh[0m
{"level":"info","ts":1594064942.7666724,"logger":"fallback-logger","caller":"logging/config.go:69","msg":"Fetch GitHub commit ID from kodata failed: open /var/run/ko/HEAD: no such file or directory"}
{"level":"info","ts":1594064943.0970647,"logger":"fallback-logger","caller":"bash/main.go:64","msg":"Successfully executed command \"sh -c cp -r /pvc/pr-build-comment/workspace/. /workspace/source\"; output "}

Showing logs for build [32mseldonio-seldon-core-pr-2081-in-s2hrc-13[0m stage [32mend-to-end[0m and container [32mstep-setup-builder-home[0m

Showing logs for build [32mseldonio-seldon-core-pr-2081-in-s2hrc-13[0m stage [32mend-to-end[0m and container [32mstep-test-end-to-end[0m
Test run type is: [base]
time="2020-07-06T19:49:04.678626856Z" level=info msg="Starting up"
time="2020-07-06T19:49:04.681689000Z" level=info msg="libcontainerd: started new containerd process" pid=33
time="2020-07-06T19:49:04.681892491Z" level=info msg="parsed scheme: \"unix\"" module=grpc
time="2020-07-06T19:49:04.682007753Z" level=info msg="scheme \"unix\" not registered, fallback to default scheme" module=grpc
time="2020-07-06T19:49:04.682098107Z" level=info msg="ccResolverWrapper: sending update to cc: {[{unix:///var/run/docker/containerd/containerd.sock 0  <nil>}] <nil>}" module=grpc
time="2020-07-06T19:49:04.682194274Z" level=info msg="ClientConn switching balancer to \"pick_first\"" module=grpc
Waiting for dockerd...
time="2020-07-06T19:49:04.719182161Z" level=info msg="starting containerd" revision=7ad184331fa3e55e52b890ea95e65ba581ae3429 version=1.2.13 
time="2020-07-06T19:49:04.719621777Z" level=info msg="loading plugin "io.containerd.content.v1.content"..." type=io.containerd.content.v1 
time="2020-07-06T19:49:04.719738636Z" level=info msg="loading plugin "io.containerd.snapshotter.v1.btrfs"..." type=io.containerd.snapshotter.v1 
time="2020-07-06T19:49:04.719956794Z" level=warning msg="failed to load plugin io.containerd.snapshotter.v1.btrfs" error="path /var/lib/docker/containerd/daemon/io.containerd.snapshotter.v1.btrfs must be a btrfs filesystem to be used with the btrfs snapshotter" 
time="2020-07-06T19:49:04.719976842Z" level=info msg="loading plugin "io.containerd.snapshotter.v1.aufs"..." type=io.containerd.snapshotter.v1 
time="2020-07-06T19:49:04.723243173Z" level=warning msg="failed to load plugin io.containerd.snapshotter.v1.aufs" error="modprobe aufs failed: "modprobe: FATAL: Module aufs not found in directory /lib/modules/4.14.138+\n": exit status 1" 
time="2020-07-06T19:49:04.723272127Z" level=info msg="loading plugin "io.containerd.snapshotter.v1.native"..." type=io.containerd.snapshotter.v1 
time="2020-07-06T19:49:04.723388135Z" level=info msg="loading plugin "io.containerd.snapshotter.v1.overlayfs"..." type=io.containerd.snapshotter.v1 
time="2020-07-06T19:49:04.723583167Z" level=info msg="loading plugin "io.containerd.snapshotter.v1.zfs"..." type=io.containerd.snapshotter.v1 
time="2020-07-06T19:49:04.723794857Z" level=info msg="skip loading plugin "io.containerd.snapshotter.v1.zfs"..." type=io.containerd.snapshotter.v1 
time="2020-07-06T19:49:04.723809073Z" level=info msg="loading plugin "io.containerd.metadata.v1.bolt"..." type=io.containerd.metadata.v1 
time="2020-07-06T19:49:04.723852766Z" level=warning msg="could not use snapshotter btrfs in metadata plugin" error="path /var/lib/docker/containerd/daemon/io.containerd.snapshotter.v1.btrfs must be a btrfs filesystem to be used with the btrfs snapshotter" 
time="2020-07-06T19:49:04.723865480Z" level=warning msg="could not use snapshotter aufs in metadata plugin" error="modprobe aufs failed: "modprobe: FATAL: Module aufs not found in directory /lib/modules/4.14.138+\n": exit status 1" 
time="2020-07-06T19:49:04.723872085Z" level=warning msg="could not use snapshotter zfs in metadata plugin" error="path /var/lib/docker/containerd/daemon/io.containerd.snapshotter.v1.zfs must be a zfs filesystem to be used with the zfs snapshotter: skip plugin" 
time="2020-07-06T19:49:04.733359840Z" level=info msg="loading plugin "io.containerd.differ.v1.walking"..." type=io.containerd.differ.v1 
time="2020-07-06T19:49:04.733404524Z" level=info msg="loading plugin "io.containerd.gc.v1.scheduler"..." type=io.containerd.gc.v1 
time="2020-07-06T19:49:04.733446009Z" level=info msg="loading plugin "io.containerd.service.v1.containers-service"..." type=io.containerd.service.v1 
time="2020-07-06T19:49:04.733463685Z" level=info msg="loading plugin "io.containerd.service.v1.content-service"..." type=io.containerd.service.v1 
time="2020-07-06T19:49:04.733644060Z" level=info msg="loading plugin "io.containerd.service.v1.diff-service"..." type=io.containerd.service.v1 
time="2020-07-06T19:49:04.733762240Z" level=info msg="loading plugin "io.containerd.service.v1.images-service"..." type=io.containerd.service.v1 
time="2020-07-06T19:49:04.733780154Z" level=info msg="loading plugin "io.containerd.service.v1.leases-service"..." type=io.containerd.service.v1 
time="2020-07-06T19:49:04.733799109Z" level=info msg="loading plugin "io.containerd.service.v1.namespaces-service"..." type=io.containerd.service.v1 
time="2020-07-06T19:49:04.733814191Z" level=info msg="loading plugin "io.containerd.service.v1.snapshots-service"..." type=io.containerd.service.v1 
time="2020-07-06T19:49:04.733825055Z" level=info msg="loading plugin "io.containerd.runtime.v1.linux"..." type=io.containerd.runtime.v1 
time="2020-07-06T19:49:04.734063634Z" level=info msg="loading plugin "io.containerd.runtime.v2.task"..." type=io.containerd.runtime.v2 
time="2020-07-06T19:49:04.734207458Z" level=info msg="loading plugin "io.containerd.monitor.v1.cgroups"..." type=io.containerd.monitor.v1 
time="2020-07-06T19:49:04.734681788Z" level=info msg="loading plugin "io.containerd.service.v1.tasks-service"..." type=io.containerd.service.v1 
time="2020-07-06T19:49:04.734744385Z" level=info msg="loading plugin "io.containerd.internal.v1.restart"..." type=io.containerd.internal.v1 
time="2020-07-06T19:49:04.734818403Z" level=info msg="loading plugin "io.containerd.grpc.v1.containers"..." type=io.containerd.grpc.v1 
time="2020-07-06T19:49:04.734834664Z" level=info msg="loading plugin "io.containerd.grpc.v1.content"..." type=io.containerd.grpc.v1 
time="2020-07-06T19:49:04.734844856Z" level=info msg="loading plugin "io.containerd.grpc.v1.diff"..." type=io.containerd.grpc.v1 
time="2020-07-06T19:49:04.734854595Z" level=info msg="loading plugin "io.containerd.grpc.v1.events"..." type=io.containerd.grpc.v1 
time="2020-07-06T19:49:04.734864077Z" level=info msg="loading plugin "io.containerd.grpc.v1.healthcheck"..." type=io.containerd.grpc.v1 
time="2020-07-06T19:49:04.734877982Z" level=info msg="loading plugin "io.containerd.grpc.v1.images"..." type=io.containerd.grpc.v1 
time="2020-07-06T19:49:04.734890561Z" level=info msg="loading plugin "io.containerd.grpc.v1.leases"..." type=io.containerd.grpc.v1 
time="2020-07-06T19:49:04.734902667Z" level=info msg="loading plugin "io.containerd.grpc.v1.namespaces"..." type=io.containerd.grpc.v1 
time="2020-07-06T19:49:04.734914893Z" level=info msg="loading plugin "io.containerd.internal.v1.opt"..." type=io.containerd.internal.v1 
time="2020-07-06T19:49:04.735202910Z" level=info msg="loading plugin "io.containerd.grpc.v1.snapshots"..." type=io.containerd.grpc.v1 
time="2020-07-06T19:49:04.735225498Z" level=info msg="loading plugin "io.containerd.grpc.v1.tasks"..." type=io.containerd.grpc.v1 
time="2020-07-06T19:49:04.735235626Z" level=info msg="loading plugin "io.containerd.grpc.v1.version"..." type=io.containerd.grpc.v1 
time="2020-07-06T19:49:04.735246789Z" level=info msg="loading plugin "io.containerd.grpc.v1.introspection"..." type=io.containerd.grpc.v1 
time="2020-07-06T19:49:04.735513782Z" level=info msg=serving... address="/var/run/docker/containerd/containerd-debug.sock" 
time="2020-07-06T19:49:04.735586748Z" level=info msg=serving... address="/var/run/docker/containerd/containerd.sock" 
time="2020-07-06T19:49:04.735602611Z" level=info msg="containerd successfully booted in 0.017074s" 
time="2020-07-06T19:49:04.747458854Z" level=info msg="parsed scheme: \"unix\"" module=grpc
time="2020-07-06T19:49:04.747638229Z" level=info msg="scheme \"unix\" not registered, fallback to default scheme" module=grpc
time="2020-07-06T19:49:04.747675674Z" level=info msg="ccResolverWrapper: sending update to cc: {[{unix:///var/run/docker/containerd/containerd.sock 0  <nil>}] <nil>}" module=grpc
time="2020-07-06T19:49:04.747704754Z" level=info msg="ClientConn switching balancer to \"pick_first\"" module=grpc
time="2020-07-06T19:49:04.756851325Z" level=info msg="parsed scheme: \"unix\"" module=grpc
time="2020-07-06T19:49:04.756907133Z" level=info msg="scheme \"unix\" not registered, fallback to default scheme" module=grpc
time="2020-07-06T19:49:04.756939906Z" level=info msg="ccResolverWrapper: sending update to cc: {[{unix:///var/run/docker/containerd/containerd.sock 0  <nil>}] <nil>}" module=grpc
time="2020-07-06T19:49:04.756964195Z" level=info msg="ClientConn switching balancer to \"pick_first\"" module=grpc
time="2020-07-06T19:49:04.797914526Z" level=info msg="Loading containers: start."
time="2020-07-06T19:49:05.138377153Z" level=info msg="Loading containers: done."
time="2020-07-06T19:49:05.170625051Z" level=info msg="Docker daemon" commit=afacb8b7f0 graphdriver(s)=overlay2 version=19.03.8
time="2020-07-06T19:49:05.170820039Z" level=info msg="Daemon has completed initialization"
time="2020-07-06T19:49:05.203462382Z" level=info msg="API listen on /var/run/docker.sock"
kind create cluster --config ../resources/kind_config.yaml
Creating cluster "kind" ...
 • Ensuring node image (kindest/node:v1.16.3) 🖼  ...
 ✓ Ensuring node image (kindest/node:v1.16.3) 🖼
 • Preparing nodes 📦  ...
time="2020-07-06T19:49:46.604864335Z" level=info msg="shim containerd-shim started" address="/containerd-shim/moby/eee5273d3671aa339cd3c694547700eb182b4d518b735e521868d1b5119b8032/shim.sock" debug=false pid=407 
time="2020-07-06T19:49:46.605942813Z" level=info msg="shim containerd-shim started" address="/containerd-shim/moby/ca1c4a18ed01ffa41cce903b6933677bc63a51ddfc43275f9ea035cf0910c102/shim.sock" debug=false pid=408 
 ✓ Preparing nodes 📦
 • Writing configuration 📜  ...
 ✓ Writing configuration 📜
 • Starting control-plane 🕹️  ...
 ✗ Starting control-plane 🕹️
time="2020-07-06T19:50:06.154138282Z" level=info msg="shim reaped" id=eee5273d3671aa339cd3c694547700eb182b4d518b735e521868d1b5119b8032 
time="2020-07-06T19:50:06.164189489Z" level=info msg="ignoring event" module=libcontainerd namespace=moby topic=/tasks/delete type="*events.TaskDelete"
time="2020-07-06T19:50:06.252879762Z" level=info msg="shim reaped" id=ca1c4a18ed01ffa41cce903b6933677bc63a51ddfc43275f9ea035cf0910c102 
time="2020-07-06T19:50:06.263137154Z" level=info msg="ignoring event" module=libcontainerd namespace=moby topic=/tasks/delete type="*events.TaskDelete"
ERROR: failed to create cluster: failed to init node with kubeadm: command "docker exec --privileged kind-control-plane kubeadm init --ignore-preflight-errors=all --config=/kind/kubeadm.conf --skip-token-print --v=6" failed with error: exit status 137
make: *** [Makefile:8: kind_create_cluster] Error 1
`kind get kubeconfig-path` is deprecated!

KIND will export and merge kubeconfig like kops, minikube, etc.
This command is now unnecessary and will be removed in a future release.

For more info see: https://github.com/kubernetes-sigs/kind/issues/1060
See also the output of `kind create cluster`

Existing kind cluster or failure starting - 2
kind delete cluster
Deleting cluster "kind" ...
Finished tests exiting with value: 0
