
Showing logs for build [32mseldonio-seldon-core-pr-2081-in-qqwgg-17[0m stage [32mpr-build-comment[0m and container [32mstep-credential-initializer-b5vm2[0m
{"level":"info","ts":1594065568.5426154,"logger":"fallback-logger","caller":"logging/config.go:69","msg":"Fetch GitHub commit ID from kodata failed: open /var/run/ko/refs/heads/0.8.0-ns-support: no such file or directory"}
{"level":"info","ts":1594065568.5429983,"logger":"fallback-logger","caller":"creds-init/main.go:40","msg":"Credentials initialized."}

Showing logs for build [32mseldonio-seldon-core-pr-2081-in-qqwgg-17[0m stage [32mpr-build-comment[0m and container [32mstep-working-dir-initializer-qd7d2[0m
{"level":"info","ts":1594065569.5784242,"logger":"fallback-logger","caller":"logging/config.go:69","msg":"Fetch GitHub commit ID from kodata failed: open /var/run/ko/HEAD: no such file or directory"}
{"level":"info","ts":1594065569.5801651,"logger":"fallback-logger","caller":"bash/main.go:64","msg":"Successfully executed command \"sh -c mkdir -p /workspace/source\"; output "}

Showing logs for build [32mseldonio-seldon-core-pr-2081-in-qqwgg-17[0m stage [32mpr-build-comment[0m and container [32mstep-place-tools[0m

Showing logs for build [32mseldonio-seldon-core-pr-2081-in-qqwgg-17[0m stage [32mpr-build-comment[0m and container [32mstep-create-dir-workspace-4rlnb[0m
{"level":"info","ts":1594065574.7539809,"logger":"fallback-logger","caller":"logging/config.go:69","msg":"Fetch GitHub commit ID from kodata failed: open /var/run/ko/HEAD: no such file or directory"}
{"level":"info","ts":1594065574.7557864,"logger":"fallback-logger","caller":"bash/main.go:64","msg":"Successfully executed command \"sh -c mkdir -p source\"; output "}

Showing logs for build [32mseldonio-seldon-core-pr-2081-in-qqwgg-17[0m stage [32mpr-build-comment[0m and container [32mstep-git-source-seldonio-seldon-core-pr-2081-in-qqwgg-hq2lq[0m
{"level":"info","ts":1594065574.9912374,"logger":"fallback-logger","caller":"logging/config.go:69","msg":"Fetch GitHub commit ID from kodata failed: open /var/run/ko/refs/heads/0.8.0-ns-support: no such file or directory"}
{"level":"info","ts":1594065592.757656,"logger":"fallback-logger","caller":"git/git.go:103","msg":"Successfully cloned https://github.com/SeldonIO/seldon-core.git @ master in path /workspace/source"}

Showing logs for build [32mseldonio-seldon-core-pr-2081-in-qqwgg-17[0m stage [32mpr-build-comment[0m and container [32mstep-setup-builder-home[0m

Showing logs for build [32mseldonio-seldon-core-pr-2081-in-qqwgg-17[0m stage [32mpr-build-comment[0m and container [32mstep-git-merge[0m
Using SHAs from PULL_REFS=master:96cf61bcb999e92551df26df00fcef056746af23,2081:dd4a70deeebe06641309632b354959df133f6fcc
DEBUG: LC_ALL=C JX_LOG_LEVEL=error git fetch origin --unshallow dd4a70deeebe06641309632b354959df133f6fcc: 96cf61bcb999e92551df26df00fcef056746af23:
DEBUG: ran git fetch --unshallow origin dd4a70deeebe06641309632b354959df133f6fcc: 96cf61bcb999e92551df26df00fcef056746af23: in 
DEBUG: LC_ALL=C JX_LOG_LEVEL=error git branch
DEBUG: LC_ALL=C JX_LOG_LEVEL=error git checkout master
DEBUG: ran git checkout master in 
DEBUG: JX_LOG_LEVEL=error LC_ALL=C git reset --hard 96cf61bcb999e92551df26df00fcef056746af23
DEBUG: ran git reset --hard 96cf61bcb999e92551df26df00fcef056746af23 in 
DEBUG: LC_ALL=C JX_LOG_LEVEL=error git clean -fd .
DEBUG: ran clean --force -d . in 
DEBUG: LC_ALL=C JX_LOG_LEVEL=error git merge dd4a70deeebe06641309632b354959df133f6fcc
DEBUG: ran git merge dd4a70deeebe06641309632b354959df133f6fcc in 
DEBUG: LC_ALL=C JX_LOG_LEVEL=error git log --format=%H%x1f%an%x1f%ae%x1f%cn%x1f%ce%x1f%s%n%b%x1e 96cf61bcb999e92551df26df00fcef056746af23..HEAD
Merged SHA c1207bc71fbb954d7cc4d6a5368f461207a21200 with commit message 'Merge commit 'dd4a70deeebe06641309632b354959df133f6fcc'' into base branch master
Merged SHA dd4a70deeebe06641309632b354959df133f6fcc with commit message 'Updated kind cluster config to reflect cgroup-root' into base branch master
Merged SHA 51a29851f86364976b780888d995e4b9ba74307d with commit message 'Updated tests to use dockerd in different cgroup' into base branch master
Merged SHA b184f4d0b5c77598e9f7c96064daf5a86fa18de7 with commit message 'Removing logfile' into base branch master
Merged SHA e31b19139e6a0071bc8945c620713e0600cdc22d with commit message 'Testing with custom cgroup' into base branch master
Merged SHA 46066ae2fdd3d980f277c9cffe67b72db6f28bb1 with commit message 'Added integration tests comments to test container shutdown' into base branch master

Showing logs for build [32mseldonio-seldon-core-pr-2081-in-qqwgg-17[0m stage [32mpr-build-comment[0m and container [32mstep-step2[0m
+++ dirname ./add-pr-build-comment
++ cd .
++ pwd
+ STARTUP_DIR=/workspace/source/ci
+ REPO_OWNER=SeldonIO
+ REPO_NAME=seldon-core
+ PULL_NUMBER=2081
+ BUILD_NUMBER=17
+ PIPELINE_CONTEXT=integration
++ cat
+++ date
+ COMMENT_MSG='Mon Jul  6 19:59:59 UTC 2020
The logs for [integration] [17] will show after the pipeline context has finished.  
https://github.com/SeldonIO/seldon-core/blob/gh-pages/jenkins-x/logs/SeldonIO/seldon-core/PR-2081/17.log

impatient try  
** get build logs SeldonIO/seldon-core/PR-2081 --build=17'
+ ** step pr comment --owner=SeldonIO --repository=seldon-core --pull-request=2081 '--comment=Mon Jul  6 19:59:59 UTC 2020
The logs for [integration] [17] will show after the pipeline context has finished.  
https://github.com/SeldonIO/seldon-core/blob/gh-pages/jenkins-x/logs/SeldonIO/seldon-core/PR-2081/17.log

impatient try  
** get build logs SeldonIO/seldon-core/PR-2081 --build=17'

Showing logs for build [32mseldonio-seldon-core-pr-2081-in-qqwgg-17[0m stage [32mpr-build-comment[0m and container [32mstep-source-mkdir-seldonio-seldon-core-pr-2081-in-qqwgg-qrd7l[0m
{"level":"info","ts":1594065601.9114296,"logger":"fallback-logger","caller":"logging/config.go:69","msg":"Fetch GitHub commit ID from kodata failed: open /var/run/ko/HEAD: no such file or directory"}
{"level":"info","ts":1594065601.9156504,"logger":"fallback-logger","caller":"bash/main.go:64","msg":"Successfully executed command \"sh -c mkdir -p /pvc/pr-build-comment/workspace\"; output "}

Showing logs for build [32mseldonio-seldon-core-pr-2081-in-qqwgg-17[0m stage [32mpr-build-comment[0m and container [32mstep-source-copy-seldonio-seldon-core-pr-2081-in-qqwgg-6pbx4[0m
{"level":"info","ts":1594065602.1472287,"logger":"fallback-logger","caller":"logging/config.go:69","msg":"Fetch GitHub commit ID from kodata failed: open /var/run/ko/HEAD: no such file or directory"}
{"level":"info","ts":1594065602.4895308,"logger":"fallback-logger","caller":"bash/main.go:64","msg":"Successfully executed command \"sh -c cp -r source/. /pvc/pr-build-comment/workspace\"; output "}

Showing logs for build [32mseldonio-seldon-core-pr-2081-in-qqwgg-17[0m stage [32mend-to-end[0m and container [32mstep-credential-initializer-tb8tl[0m
{"level":"info","ts":1594065604.7304602,"logger":"fallback-logger","caller":"logging/config.go:69","msg":"Fetch GitHub commit ID from kodata failed: open /var/run/ko/refs/heads/0.8.0-ns-support: no such file or directory"}
{"level":"info","ts":1594065604.730902,"logger":"fallback-logger","caller":"creds-init/main.go:40","msg":"Credentials initialized."}

Showing logs for build [32mseldonio-seldon-core-pr-2081-in-qqwgg-17[0m stage [32mend-to-end[0m and container [32mstep-working-dir-initializer-z9z4n[0m
{"level":"info","ts":1594065605.100302,"logger":"fallback-logger","caller":"logging/config.go:69","msg":"Fetch GitHub commit ID from kodata failed: open /var/run/ko/HEAD: no such file or directory"}
{"level":"info","ts":1594065605.1016557,"logger":"fallback-logger","caller":"bash/main.go:64","msg":"Successfully executed command \"sh -c mkdir -p /workspace/source\"; output "}

Showing logs for build [32mseldonio-seldon-core-pr-2081-in-qqwgg-17[0m stage [32mend-to-end[0m and container [32mstep-place-tools[0m

Showing logs for build [32mseldonio-seldon-core-pr-2081-in-qqwgg-17[0m stage [32mend-to-end[0m and container [32mstep-create-dir-workspace-f7crh[0m
{"level":"info","ts":1594065612.365068,"logger":"fallback-logger","caller":"logging/config.go:69","msg":"Fetch GitHub commit ID from kodata failed: open /var/run/ko/HEAD: no such file or directory"}
{"level":"info","ts":1594065612.3666613,"logger":"fallback-logger","caller":"bash/main.go:64","msg":"Successfully executed command \"sh -c mkdir -p /workspace/source\"; output "}

Showing logs for build [32mseldonio-seldon-core-pr-2081-in-qqwgg-17[0m stage [32mend-to-end[0m and container [32mstep-source-copy-workspace-4rdf8[0m
{"level":"info","ts":1594065612.5827563,"logger":"fallback-logger","caller":"logging/config.go:69","msg":"Fetch GitHub commit ID from kodata failed: open /var/run/ko/HEAD: no such file or directory"}
{"level":"info","ts":1594065613.0288937,"logger":"fallback-logger","caller":"bash/main.go:64","msg":"Successfully executed command \"sh -c cp -r /pvc/pr-build-comment/workspace/. /workspace/source\"; output "}

Showing logs for build [32mseldonio-seldon-core-pr-2081-in-qqwgg-17[0m stage [32mend-to-end[0m and container [32mstep-setup-builder-home[0m

Showing logs for build [32mseldonio-seldon-core-pr-2081-in-qqwgg-17[0m stage [32mend-to-end[0m and container [32mstep-test-end-to-end[0m
Test run type is: [base]
Waiting for dockerd...
time="2020-07-06T20:00:13.955281145Z" level=info msg="Starting up"
time="2020-07-06T20:00:13.987702531Z" level=info msg="libcontainerd: started new containerd process" pid=35
time="2020-07-06T20:00:13.987847503Z" level=info msg="parsed scheme: \"unix\"" module=grpc
time="2020-07-06T20:00:13.987861340Z" level=info msg="scheme \"unix\" not registered, fallback to default scheme" module=grpc
time="2020-07-06T20:00:13.987888724Z" level=info msg="ccResolverWrapper: sending update to cc: {[{unix:///var/run/docker/containerd/containerd.sock 0  <nil>}] <nil>}" module=grpc
time="2020-07-06T20:00:13.987917464Z" level=info msg="ClientConn switching balancer to \"pick_first\"" module=grpc
time="2020-07-06T20:00:14.028863318Z" level=info msg="starting containerd" revision=7ad184331fa3e55e52b890ea95e65ba581ae3429 version=1.2.13 
time="2020-07-06T20:00:14.029279833Z" level=info msg="loading plugin "io.containerd.content.v1.content"..." type=io.containerd.content.v1 
time="2020-07-06T20:00:14.029380239Z" level=info msg="loading plugin "io.containerd.snapshotter.v1.btrfs"..." type=io.containerd.snapshotter.v1 
time="2020-07-06T20:00:14.029657259Z" level=warning msg="failed to load plugin io.containerd.snapshotter.v1.btrfs" error="path /var/lib/docker/containerd/daemon/io.containerd.snapshotter.v1.btrfs must be a btrfs filesystem to be used with the btrfs snapshotter" 
time="2020-07-06T20:00:14.029696378Z" level=info msg="loading plugin "io.containerd.snapshotter.v1.aufs"..." type=io.containerd.snapshotter.v1 
time="2020-07-06T20:00:14.033162796Z" level=warning msg="failed to load plugin io.containerd.snapshotter.v1.aufs" error="modprobe aufs failed: "modprobe: FATAL: Module aufs not found in directory /lib/modules/4.14.138+\n": exit status 1" 
time="2020-07-06T20:00:14.033201446Z" level=info msg="loading plugin "io.containerd.snapshotter.v1.native"..." type=io.containerd.snapshotter.v1 
time="2020-07-06T20:00:14.033333931Z" level=info msg="loading plugin "io.containerd.snapshotter.v1.overlayfs"..." type=io.containerd.snapshotter.v1 
time="2020-07-06T20:00:14.033603416Z" level=info msg="loading plugin "io.containerd.snapshotter.v1.zfs"..." type=io.containerd.snapshotter.v1 
time="2020-07-06T20:00:14.033887259Z" level=info msg="skip loading plugin "io.containerd.snapshotter.v1.zfs"..." type=io.containerd.snapshotter.v1 
time="2020-07-06T20:00:14.033931106Z" level=info msg="loading plugin "io.containerd.metadata.v1.bolt"..." type=io.containerd.metadata.v1 
time="2020-07-06T20:00:14.033999165Z" level=warning msg="could not use snapshotter zfs in metadata plugin" error="path /var/lib/docker/containerd/daemon/io.containerd.snapshotter.v1.zfs must be a zfs filesystem to be used with the zfs snapshotter: skip plugin" 
time="2020-07-06T20:00:14.034035410Z" level=warning msg="could not use snapshotter btrfs in metadata plugin" error="path /var/lib/docker/containerd/daemon/io.containerd.snapshotter.v1.btrfs must be a btrfs filesystem to be used with the btrfs snapshotter" 
time="2020-07-06T20:00:14.034082138Z" level=warning msg="could not use snapshotter aufs in metadata plugin" error="modprobe aufs failed: "modprobe: FATAL: Module aufs not found in directory /lib/modules/4.14.138+\n": exit status 1" 
time="2020-07-06T20:00:14.566670310Z" level=info msg="loading plugin "io.containerd.differ.v1.walking"..." type=io.containerd.differ.v1 
time="2020-07-06T20:00:14.566719253Z" level=info msg="loading plugin "io.containerd.gc.v1.scheduler"..." type=io.containerd.gc.v1 
time="2020-07-06T20:00:14.566763566Z" level=info msg="loading plugin "io.containerd.service.v1.containers-service"..." type=io.containerd.service.v1 
time="2020-07-06T20:00:14.567165936Z" level=info msg="loading plugin "io.containerd.service.v1.content-service"..." type=io.containerd.service.v1 
time="2020-07-06T20:00:14.567186579Z" level=info msg="loading plugin "io.containerd.service.v1.diff-service"..." type=io.containerd.service.v1 
time="2020-07-06T20:00:14.567200940Z" level=info msg="loading plugin "io.containerd.service.v1.images-service"..." type=io.containerd.service.v1 
time="2020-07-06T20:00:14.567212698Z" level=info msg="loading plugin "io.containerd.service.v1.leases-service"..." type=io.containerd.service.v1 
time="2020-07-06T20:00:14.567224816Z" level=info msg="loading plugin "io.containerd.service.v1.namespaces-service"..." type=io.containerd.service.v1 
time="2020-07-06T20:00:14.567262224Z" level=info msg="loading plugin "io.containerd.service.v1.snapshots-service"..." type=io.containerd.service.v1 
time="2020-07-06T20:00:14.567273939Z" level=info msg="loading plugin "io.containerd.runtime.v1.linux"..." type=io.containerd.runtime.v1 
time="2020-07-06T20:00:14.567560292Z" level=info msg="loading plugin "io.containerd.runtime.v2.task"..." type=io.containerd.runtime.v2 
time="2020-07-06T20:00:14.568310088Z" level=info msg="loading plugin "io.containerd.monitor.v1.cgroups"..." type=io.containerd.monitor.v1 
time="2020-07-06T20:00:14.568837538Z" level=info msg="loading plugin "io.containerd.service.v1.tasks-service"..." type=io.containerd.service.v1 
time="2020-07-06T20:00:14.568874048Z" level=info msg="loading plugin "io.containerd.internal.v1.restart"..." type=io.containerd.internal.v1 
time="2020-07-06T20:00:14.568918960Z" level=info msg="loading plugin "io.containerd.grpc.v1.containers"..." type=io.containerd.grpc.v1 
time="2020-07-06T20:00:14.568939256Z" level=info msg="loading plugin "io.containerd.grpc.v1.content"..." type=io.containerd.grpc.v1 
time="2020-07-06T20:00:14.568948766Z" level=info msg="loading plugin "io.containerd.grpc.v1.diff"..." type=io.containerd.grpc.v1 
time="2020-07-06T20:00:14.568958024Z" level=info msg="loading plugin "io.containerd.grpc.v1.events"..." type=io.containerd.grpc.v1 
time="2020-07-06T20:00:14.568966436Z" level=info msg="loading plugin "io.containerd.grpc.v1.healthcheck"..." type=io.containerd.grpc.v1 
time="2020-07-06T20:00:14.568976176Z" level=info msg="loading plugin "io.containerd.grpc.v1.images"..." type=io.containerd.grpc.v1 
time="2020-07-06T20:00:14.568985190Z" level=info msg="loading plugin "io.containerd.grpc.v1.leases"..." type=io.containerd.grpc.v1 
time="2020-07-06T20:00:14.568994060Z" level=info msg="loading plugin "io.containerd.grpc.v1.namespaces"..." type=io.containerd.grpc.v1 
time="2020-07-06T20:00:14.569002821Z" level=info msg="loading plugin "io.containerd.internal.v1.opt"..." type=io.containerd.internal.v1 
time="2020-07-06T20:00:14.569279005Z" level=info msg="loading plugin "io.containerd.grpc.v1.snapshots"..." type=io.containerd.grpc.v1 
time="2020-07-06T20:00:14.569338930Z" level=info msg="loading plugin "io.containerd.grpc.v1.tasks"..." type=io.containerd.grpc.v1 
time="2020-07-06T20:00:14.569348865Z" level=info msg="loading plugin "io.containerd.grpc.v1.version"..." type=io.containerd.grpc.v1 
time="2020-07-06T20:00:14.569368186Z" level=info msg="loading plugin "io.containerd.grpc.v1.introspection"..." type=io.containerd.grpc.v1 
time="2020-07-06T20:00:14.569813187Z" level=info msg=serving... address="/var/run/docker/containerd/containerd-debug.sock" 
time="2020-07-06T20:00:14.569949464Z" level=info msg=serving... address="/var/run/docker/containerd/containerd.sock" 
time="2020-07-06T20:00:14.569985564Z" level=info msg="containerd successfully booted in 0.541857s" 
time="2020-07-06T20:00:14.583950682Z" level=info msg="parsed scheme: \"unix\"" module=grpc
time="2020-07-06T20:00:14.583985426Z" level=info msg="scheme \"unix\" not registered, fallback to default scheme" module=grpc
time="2020-07-06T20:00:14.584006451Z" level=info msg="ccResolverWrapper: sending update to cc: {[{unix:///var/run/docker/containerd/containerd.sock 0  <nil>}] <nil>}" module=grpc
time="2020-07-06T20:00:14.584019824Z" level=info msg="ClientConn switching balancer to \"pick_first\"" module=grpc
time="2020-07-06T20:00:14.585187322Z" level=info msg="parsed scheme: \"unix\"" module=grpc
time="2020-07-06T20:00:14.585218956Z" level=info msg="scheme \"unix\" not registered, fallback to default scheme" module=grpc
time="2020-07-06T20:00:14.585237815Z" level=info msg="ccResolverWrapper: sending update to cc: {[{unix:///var/run/docker/containerd/containerd.sock 0  <nil>}] <nil>}" module=grpc
time="2020-07-06T20:00:14.585247588Z" level=info msg="ClientConn switching balancer to \"pick_first\"" module=grpc
time="2020-07-06T20:00:14.629008061Z" level=info msg="Loading containers: start."
time="2020-07-06T20:00:14.964520652Z" level=info msg="Loading containers: done."
time="2020-07-06T20:00:14.996187694Z" level=info msg="Docker daemon" commit=afacb8b7f0 graphdriver(s)=overlay2 version=19.03.8
time="2020-07-06T20:00:14.996381743Z" level=info msg="Daemon has completed initialization"
time="2020-07-06T20:00:15.034709265Z" level=info msg="API listen on /var/run/docker.sock"
kind create cluster --config ../resources/kind_config.yaml
Creating cluster "kind" ...
 • Ensuring node image (kindest/node:v1.16.3) 🖼  ...
 ✓ Ensuring node image (kindest/node:v1.16.3) 🖼
 • Preparing nodes 📦  ...
time="2020-07-06T20:00:56.320881688Z" level=info msg="shim containerd-shim started" address="/containerd-shim/moby/532bf16d59db8d8123c138f69a654794265f4136f86bf8c91a1aa5d07a3017fa/shim.sock" debug=false pid=392 
time="2020-07-06T20:00:56.345823404Z" level=info msg="shim containerd-shim started" address="/containerd-shim/moby/7b605b42fdcd006c9f64fff51842ec3b736ddfd46ac8344485e4cacf95a7557f/shim.sock" debug=false pid=406 
 ✓ Preparing nodes 📦
 • Writing configuration 📜  ...
 ✓ Writing configuration 📜
 • Starting control-plane 🕹️  ...
 ✗ Starting control-plane 🕹️
time="2020-07-06T20:02:57.022287772Z" level=info msg="shim reaped" id=532bf16d59db8d8123c138f69a654794265f4136f86bf8c91a1aa5d07a3017fa 
time="2020-07-06T20:02:57.032235944Z" level=info msg="ignoring event" module=libcontainerd namespace=moby topic=/tasks/delete type="*events.TaskDelete"
time="2020-07-06T20:02:57.061674101Z" level=info msg="shim reaped" id=7b605b42fdcd006c9f64fff51842ec3b736ddfd46ac8344485e4cacf95a7557f 
time="2020-07-06T20:02:57.071649072Z" level=info msg="ignoring event" module=libcontainerd namespace=moby topic=/tasks/delete type="*events.TaskDelete"
ERROR: failed to create cluster: failed to init node with kubeadm: command "docker exec --privileged kind-control-plane kubeadm init --ignore-preflight-errors=all --config=/kind/kubeadm.conf --skip-token-print --v=6" failed with error: exit status 1
make: *** [Makefile:8: kind_create_cluster] Error 1
`kind get kubeconfig-path` is deprecated!

KIND will export and merge kubeconfig like kops, minikube, etc.
This command is now unnecessary and will be removed in a future release.

For more info see: https://github.com/kubernetes-sigs/kind/issues/1060
See also the output of `kind create cluster`

Existing kind cluster or failure starting - 2
kind delete cluster
Deleting cluster "kind" ...
Finished tests exiting with value: 0
