
Showing logs for build [32mseldonio-seldon-core-pr-2081-in-8zjc2-23[0m stage [32mpr-build-comment[0m and container [32mstep-credential-initializer-vgkv7[0m
{"level":"info","ts":1594100684.7713044,"logger":"fallback-logger","caller":"logging/config.go:69","msg":"Fetch GitHub commit ID from kodata failed: open /var/run/ko/refs/heads/0.8.0-ns-support: no such file or directory"}
{"level":"info","ts":1594100684.772171,"logger":"fallback-logger","caller":"creds-init/main.go:40","msg":"Credentials initialized."}

Showing logs for build [32mseldonio-seldon-core-pr-2081-in-8zjc2-23[0m stage [32mpr-build-comment[0m and container [32mstep-working-dir-initializer-wp4z2[0m
{"level":"info","ts":1594100686.0116782,"logger":"fallback-logger","caller":"logging/config.go:69","msg":"Fetch GitHub commit ID from kodata failed: open /var/run/ko/HEAD: no such file or directory"}
{"level":"info","ts":1594100686.01361,"logger":"fallback-logger","caller":"bash/main.go:64","msg":"Successfully executed command \"sh -c mkdir -p /workspace/source\"; output "}

Showing logs for build [32mseldonio-seldon-core-pr-2081-in-8zjc2-23[0m stage [32mpr-build-comment[0m and container [32mstep-place-tools[0m

Showing logs for build [32mseldonio-seldon-core-pr-2081-in-8zjc2-23[0m stage [32mpr-build-comment[0m and container [32mstep-create-dir-workspace-5czk4[0m
{"level":"info","ts":1594100691.0602577,"logger":"fallback-logger","caller":"logging/config.go:69","msg":"Fetch GitHub commit ID from kodata failed: open /var/run/ko/HEAD: no such file or directory"}
{"level":"info","ts":1594100691.061918,"logger":"fallback-logger","caller":"bash/main.go:64","msg":"Successfully executed command \"sh -c mkdir -p source\"; output "}

Showing logs for build [32mseldonio-seldon-core-pr-2081-in-8zjc2-23[0m stage [32mpr-build-comment[0m and container [32mstep-git-source-seldonio-seldon-core-pr-2081-in-8zjc2-48j6m[0m
{"level":"info","ts":1594100691.2936773,"logger":"fallback-logger","caller":"logging/config.go:69","msg":"Fetch GitHub commit ID from kodata failed: open /var/run/ko/refs/heads/0.8.0-ns-support: no such file or directory"}
{"level":"info","ts":1594100702.3800662,"logger":"fallback-logger","caller":"git/git.go:103","msg":"Successfully cloned https://github.com/SeldonIO/seldon-core.git @ master in path /workspace/source"}

Showing logs for build [32mseldonio-seldon-core-pr-2081-in-8zjc2-23[0m stage [32mpr-build-comment[0m and container [32mstep-setup-builder-home[0m

Showing logs for build [32mseldonio-seldon-core-pr-2081-in-8zjc2-23[0m stage [32mpr-build-comment[0m and container [32mstep-git-merge[0m
Using SHAs from PULL_REFS=master:96cf61bcb999e92551df26df00fcef056746af23,2081:ba81f9ee0744a614bb9122ce627ff73593de788e
DEBUG: LC_ALL=C JX_LOG_LEVEL=error git fetch origin --unshallow ba81f9ee0744a614bb9122ce627ff73593de788e: 96cf61bcb999e92551df26df00fcef056746af23:
DEBUG: ran git fetch --unshallow origin ba81f9ee0744a614bb9122ce627ff73593de788e: 96cf61bcb999e92551df26df00fcef056746af23: in 
DEBUG: LC_ALL=C JX_LOG_LEVEL=error git branch
DEBUG: LC_ALL=C JX_LOG_LEVEL=error git checkout master
DEBUG: ran git checkout master in 
DEBUG: LC_ALL=C JX_LOG_LEVEL=error git reset --hard 96cf61bcb999e92551df26df00fcef056746af23
DEBUG: ran git reset --hard 96cf61bcb999e92551df26df00fcef056746af23 in 
DEBUG: LC_ALL=C JX_LOG_LEVEL=error git clean -fd .
DEBUG: ran clean --force -d . in 
DEBUG: LC_ALL=C JX_LOG_LEVEL=error git merge ba81f9ee0744a614bb9122ce627ff73593de788e
DEBUG: ran git merge ba81f9ee0744a614bb9122ce627ff73593de788e in 
DEBUG: LC_ALL=C JX_LOG_LEVEL=error git log --format=%H%x1f%an%x1f%ae%x1f%cn%x1f%ce%x1f%s%n%b%x1e 96cf61bcb999e92551df26df00fcef056746af23..HEAD
Merged SHA ed808ccc64d25d17ed7491eeb8c7dfa42ce0789c with commit message 'Merge commit 'ba81f9ee0744a614bb9122ce627ff73593de788e'' into base branch master
Merged SHA ba81f9ee0744a614bb9122ce627ff73593de788e with commit message 'Added sleep' into base branch master
Merged SHA dd4a70deeebe06641309632b354959df133f6fcc with commit message 'Updated kind cluster config to reflect cgroup-root' into base branch master
Merged SHA 51a29851f86364976b780888d995e4b9ba74307d with commit message 'Updated tests to use dockerd in different cgroup' into base branch master
Merged SHA b184f4d0b5c77598e9f7c96064daf5a86fa18de7 with commit message 'Removing logfile' into base branch master
Merged SHA e31b19139e6a0071bc8945c620713e0600cdc22d with commit message 'Testing with custom cgroup' into base branch master
Merged SHA 46066ae2fdd3d980f277c9cffe67b72db6f28bb1 with commit message 'Added integration tests comments to test container shutdown' into base branch master

Showing logs for build [32mseldonio-seldon-core-pr-2081-in-8zjc2-23[0m stage [32mpr-build-comment[0m and container [32mstep-step2[0m
+++ dirname ./add-pr-build-comment
++ cd .
++ pwd
+ STARTUP_DIR=/workspace/source/ci
+ REPO_OWNER=SeldonIO
+ REPO_NAME=seldon-core
+ PULL_NUMBER=2081
+ BUILD_NUMBER=23
+ PIPELINE_CONTEXT=integration
++ cat
+++ date
+ COMMENT_MSG='Tue Jul  7 05:45:08 UTC 2020
The logs for [integration] [23] will show after the pipeline context has finished.  
https://github.com/SeldonIO/seldon-core/blob/gh-pages/jenkins-x/logs/SeldonIO/seldon-core/PR-2081/23.log

impatient try  
** get build logs SeldonIO/seldon-core/PR-2081 --build=23'
+ ** step pr comment --owner=SeldonIO --repository=seldon-core --pull-request=2081 '--comment=Tue Jul  7 05:45:08 UTC 2020
The logs for [integration] [23] will show after the pipeline context has finished.  
https://github.com/SeldonIO/seldon-core/blob/gh-pages/jenkins-x/logs/SeldonIO/seldon-core/PR-2081/23.log

impatient try  
** get build logs SeldonIO/seldon-core/PR-2081 --build=23'

Showing logs for build [32mseldonio-seldon-core-pr-2081-in-8zjc2-23[0m stage [32mpr-build-comment[0m and container [32mstep-source-mkdir-seldonio-seldon-core-pr-2081-in-8zjc2-c9vlr[0m
{"level":"info","ts":1594100711.2228475,"logger":"fallback-logger","caller":"logging/config.go:69","msg":"Fetch GitHub commit ID from kodata failed: open /var/run/ko/HEAD: no such file or directory"}
{"level":"info","ts":1594100711.2269495,"logger":"fallback-logger","caller":"bash/main.go:64","msg":"Successfully executed command \"sh -c mkdir -p /pvc/pr-build-comment/workspace\"; output "}

Showing logs for build [32mseldonio-seldon-core-pr-2081-in-8zjc2-23[0m stage [32mpr-build-comment[0m and container [32mstep-source-copy-seldonio-seldon-core-pr-2081-in-8zjc2-mn5cf[0m
{"level":"info","ts":1594100711.4523158,"logger":"fallback-logger","caller":"logging/config.go:69","msg":"Fetch GitHub commit ID from kodata failed: open /var/run/ko/HEAD: no such file or directory"}
{"level":"info","ts":1594100711.9571872,"logger":"fallback-logger","caller":"bash/main.go:64","msg":"Successfully executed command \"sh -c cp -r source/. /pvc/pr-build-comment/workspace\"; output "}

Showing logs for build [32mseldonio-seldon-core-pr-2081-in-8zjc2-23[0m stage [32mend-to-end[0m and container [32mstep-credential-initializer-tlhxh[0m
Unable to retrieve container logs for docker://b335e8066faa0387d13cbed88b107995b2c370078f203c0cd885d33bcf940315

Showing logs for build [32mseldonio-seldon-core-pr-2081-in-8zjc2-23[0m stage [32mend-to-end[0m and container [32mstep-working-dir-initializer-sj7zf[0m
Unable to retrieve container logs for docker://f6cafcc81661f30486261e68fdc85868d26413a4bd1aec5974974578fd79392c

Showing logs for build [32mseldonio-seldon-core-pr-2081-in-8zjc2-23[0m stage [32mend-to-end[0m and container [32mstep-place-tools[0m
Unable to retrieve container logs for docker://138518222b9f16e4d3c8088865324ae36c537a8bc3cf34f4eaabab62b8b58c7d

Showing logs for build [32mseldonio-seldon-core-pr-2081-in-8zjc2-23[0m stage [32mend-to-end[0m and container [32mstep-create-dir-workspace-prk6j[0m
Unable to retrieve container logs for docker://7dc8ebdb4a02d0ec3e8b620e803ab22e763acc42f1c6c7a1c6aa49a45bd3b7c6

Showing logs for build [32mseldonio-seldon-core-pr-2081-in-8zjc2-23[0m stage [32mend-to-end[0m and container [32mstep-source-copy-workspace-gc4r6[0m
Unable to retrieve container logs for docker://9813da51322ed4e7e5fbabe4cb12e9c509667422b17b0f03eb0538566c8c3818

Showing logs for build [32mseldonio-seldon-core-pr-2081-in-8zjc2-23[0m stage [32mend-to-end[0m and container [32mstep-setup-builder-home[0m
Unable to retrieve container logs for docker://acbab12d50cce71930f4f370e890802b0f0052bc2301b939fa3d9b8e993e01da

Showing logs for build [32mseldonio-seldon-core-pr-2081-in-8zjc2-23[0m stage [32mend-to-end[0m and container [32mstep-test-end-to-end[0m
Unable to retrieve container logs for docker://af47d984c51fbc11f4502f73929268d0500ad636112f3920fbd3080051e3101d
