
Showing logs for build [32mseldonio-seldon-core-pr-2081-in-p7m75-3[0m stage [32mpr-build-comment[0m and container [32mstep-credential-initializer-r7php[0m
{"level":"info","ts":1594063154.3996923,"logger":"fallback-logger","caller":"logging/config.go:69","msg":"Fetch GitHub commit ID from kodata failed: open /var/run/ko/refs/heads/0.8.0-ns-support: no such file or directory"}
{"level":"info","ts":1594063154.4002688,"logger":"fallback-logger","caller":"creds-init/main.go:40","msg":"Credentials initialized."}

Showing logs for build [32mseldonio-seldon-core-pr-2081-in-p7m75-3[0m stage [32mpr-build-comment[0m and container [32mstep-working-dir-initializer-tdh4p[0m
{"level":"info","ts":1594063155.350844,"logger":"fallback-logger","caller":"logging/config.go:69","msg":"Fetch GitHub commit ID from kodata failed: open /var/run/ko/HEAD: no such file or directory"}
{"level":"info","ts":1594063155.3526385,"logger":"fallback-logger","caller":"bash/main.go:64","msg":"Successfully executed command \"sh -c mkdir -p /workspace/source\"; output "}

Showing logs for build [32mseldonio-seldon-core-pr-2081-in-p7m75-3[0m stage [32mpr-build-comment[0m and container [32mstep-place-tools[0m

Showing logs for build [32mseldonio-seldon-core-pr-2081-in-p7m75-3[0m stage [32mpr-build-comment[0m and container [32mstep-create-dir-workspace-mwdwz[0m
{"level":"info","ts":1594063161.5461476,"logger":"fallback-logger","caller":"logging/config.go:69","msg":"Fetch GitHub commit ID from kodata failed: open /var/run/ko/HEAD: no such file or directory"}
{"level":"info","ts":1594063161.5479572,"logger":"fallback-logger","caller":"bash/main.go:64","msg":"Successfully executed command \"sh -c mkdir -p source\"; output "}

Showing logs for build [32mseldonio-seldon-core-pr-2081-in-p7m75-3[0m stage [32mpr-build-comment[0m and container [32mstep-git-source-seldonio-seldon-core-pr-2081-in-p7m75-t2ljm[0m
{"level":"info","ts":1594063161.8416722,"logger":"fallback-logger","caller":"logging/config.go:69","msg":"Fetch GitHub commit ID from kodata failed: open /var/run/ko/refs/heads/0.8.0-ns-support: no such file or directory"}
{"level":"info","ts":1594063166.4095302,"logger":"fallback-logger","caller":"git/git.go:103","msg":"Successfully cloned https://github.com/SeldonIO/seldon-core.git @ master in path /workspace/source"}

Showing logs for build [32mseldonio-seldon-core-pr-2081-in-p7m75-3[0m stage [32mpr-build-comment[0m and container [32mstep-setup-builder-home[0m

Showing logs for build [32mseldonio-seldon-core-pr-2081-in-p7m75-3[0m stage [32mpr-build-comment[0m and container [32mstep-git-merge[0m
Using SHAs from PULL_REFS=master:96cf61bcb999e92551df26df00fcef056746af23,2081:46066ae2fdd3d980f277c9cffe67b72db6f28bb1
DEBUG: LC_ALL=C JX_LOG_LEVEL=error git fetch origin --unshallow 46066ae2fdd3d980f277c9cffe67b72db6f28bb1: 96cf61bcb999e92551df26df00fcef056746af23:
DEBUG: ran git fetch --unshallow origin 46066ae2fdd3d980f277c9cffe67b72db6f28bb1: 96cf61bcb999e92551df26df00fcef056746af23: in 
DEBUG: LC_ALL=C JX_LOG_LEVEL=error git branch
DEBUG: LC_ALL=C JX_LOG_LEVEL=error git checkout master
DEBUG: ran git checkout master in 
DEBUG: LC_ALL=C JX_LOG_LEVEL=error git reset --hard 96cf61bcb999e92551df26df00fcef056746af23
DEBUG: ran git reset --hard 96cf61bcb999e92551df26df00fcef056746af23 in 
DEBUG: LC_ALL=C JX_LOG_LEVEL=error git clean -fd .
DEBUG: ran clean --force -d . in 
DEBUG: LC_ALL=C JX_LOG_LEVEL=error git merge 46066ae2fdd3d980f277c9cffe67b72db6f28bb1
DEBUG: ran git merge 46066ae2fdd3d980f277c9cffe67b72db6f28bb1 in 
DEBUG: LC_ALL=C JX_LOG_LEVEL=error git log --format=%H%x1f%an%x1f%ae%x1f%cn%x1f%ce%x1f%s%n%b%x1e 96cf61bcb999e92551df26df00fcef056746af23..HEAD
Merged SHA d82ea8003abee1c77d8fb0a8070f3ad36813bd5c with commit message 'Merge commit '46066ae2fdd3d980f277c9cffe67b72db6f28bb1'' into base branch master
Merged SHA 46066ae2fdd3d980f277c9cffe67b72db6f28bb1 with commit message 'Added integration tests comments to test container shutdown' into base branch master

Showing logs for build [32mseldonio-seldon-core-pr-2081-in-p7m75-3[0m stage [32mpr-build-comment[0m and container [32mstep-step2[0m
+++ dirname ./add-pr-build-comment
++ cd .
++ pwd
+ STARTUP_DIR=/workspace/source/ci
+ REPO_OWNER=SeldonIO
+ REPO_NAME=seldon-core
+ PULL_NUMBER=2081
+ BUILD_NUMBER=3
+ PIPELINE_CONTEXT=integration
++ cat
+++ date
+ COMMENT_MSG='Mon Jul  6 19:19:34 UTC 2020
The logs for [integration] [3] will show after the pipeline context has finished.  
https://github.com/SeldonIO/seldon-core/blob/gh-pages/jenkins-x/logs/SeldonIO/seldon-core/PR-2081/3.log

impatient try  
** get build logs SeldonIO/seldon-core/PR-2081 --build=3'
+ ** step pr comment --owner=SeldonIO --repository=seldon-core --pull-request=2081 '--comment=Mon Jul  6 19:19:34 UTC 2020
The logs for [integration] [3] will show after the pipeline context has finished.  
https://github.com/SeldonIO/seldon-core/blob/gh-pages/jenkins-x/logs/SeldonIO/seldon-core/PR-2081/3.log

impatient try  
** get build logs SeldonIO/seldon-core/PR-2081 --build=3'

Showing logs for build [32mseldonio-seldon-core-pr-2081-in-p7m75-3[0m stage [32mpr-build-comment[0m and container [32mstep-source-mkdir-seldonio-seldon-core-pr-2081-in-p7m75-4jws6[0m
{"level":"info","ts":1594063176.9645846,"logger":"fallback-logger","caller":"logging/config.go:69","msg":"Fetch GitHub commit ID from kodata failed: open /var/run/ko/HEAD: no such file or directory"}
{"level":"info","ts":1594063176.9693294,"logger":"fallback-logger","caller":"bash/main.go:64","msg":"Successfully executed command \"sh -c mkdir -p /pvc/pr-build-comment/workspace\"; output "}

Showing logs for build [32mseldonio-seldon-core-pr-2081-in-p7m75-3[0m stage [32mpr-build-comment[0m and container [32mstep-source-copy-seldonio-seldon-core-pr-2081-in-p7m75-mtmrt[0m
{"level":"info","ts":1594063177.2384508,"logger":"fallback-logger","caller":"logging/config.go:69","msg":"Fetch GitHub commit ID from kodata failed: open /var/run/ko/HEAD: no such file or directory"}
{"level":"info","ts":1594063177.6121852,"logger":"fallback-logger","caller":"bash/main.go:64","msg":"Successfully executed command \"sh -c cp -r source/. /pvc/pr-build-comment/workspace\"; output "}

Showing logs for build [32mseldonio-seldon-core-pr-2081-in-p7m75-3[0m stage [32mend-to-end[0m and container [32mstep-credential-initializer-4z879[0m
{"level":"info","ts":1594063180.077079,"logger":"fallback-logger","caller":"logging/config.go:69","msg":"Fetch GitHub commit ID from kodata failed: open /var/run/ko/refs/heads/0.8.0-ns-support: no such file or directory"}
{"level":"info","ts":1594063180.0777304,"logger":"fallback-logger","caller":"creds-init/main.go:40","msg":"Credentials initialized."}

Showing logs for build [32mseldonio-seldon-core-pr-2081-in-p7m75-3[0m stage [32mend-to-end[0m and container [32mstep-working-dir-initializer-4gwkw[0m
{"level":"info","ts":1594063181.4389277,"logger":"fallback-logger","caller":"logging/config.go:69","msg":"Fetch GitHub commit ID from kodata failed: open /var/run/ko/HEAD: no such file or directory"}
{"level":"info","ts":1594063181.4402092,"logger":"fallback-logger","caller":"bash/main.go:64","msg":"Successfully executed command \"sh -c mkdir -p /workspace/source\"; output "}

Showing logs for build [32mseldonio-seldon-core-pr-2081-in-p7m75-3[0m stage [32mend-to-end[0m and container [32mstep-place-tools[0m

Showing logs for build [32mseldonio-seldon-core-pr-2081-in-p7m75-3[0m stage [32mend-to-end[0m and container [32mstep-create-dir-workspace-787zl[0m
{"level":"info","ts":1594063189.5705898,"logger":"fallback-logger","caller":"logging/config.go:69","msg":"Fetch GitHub commit ID from kodata failed: open /var/run/ko/HEAD: no such file or directory"}
{"level":"info","ts":1594063189.5718567,"logger":"fallback-logger","caller":"bash/main.go:64","msg":"Successfully executed command \"sh -c mkdir -p /workspace/source\"; output "}

Showing logs for build [32mseldonio-seldon-core-pr-2081-in-p7m75-3[0m stage [32mend-to-end[0m and container [32mstep-source-copy-workspace-8stlk[0m
{"level":"info","ts":1594063189.8468387,"logger":"fallback-logger","caller":"logging/config.go:69","msg":"Fetch GitHub commit ID from kodata failed: open /var/run/ko/HEAD: no such file or directory"}
{"level":"info","ts":1594063190.18628,"logger":"fallback-logger","caller":"bash/main.go:64","msg":"Successfully executed command \"sh -c cp -r /pvc/pr-build-comment/workspace/. /workspace/source\"; output "}

Showing logs for build [32mseldonio-seldon-core-pr-2081-in-p7m75-3[0m stage [32mend-to-end[0m and container [32mstep-setup-builder-home[0m

Showing logs for build [32mseldonio-seldon-core-pr-2081-in-p7m75-3[0m stage [32mend-to-end[0m and container [32mstep-test-end-to-end[0m
Test run type is: [base]
Starting Docker: docker.
[SETUP] Waiting for Docker to be ready, sleeping for 1 seconds ...
kind create cluster --config ../resources/kind_config.yaml
Creating cluster "kind" ...
 • Ensuring node image (kindest/node:v1.16.3) 🖼  ...
 ✓ Ensuring node image (kindest/node:v1.16.3) 🖼
 • Preparing nodes 📦  ...
 ✓ Preparing nodes 📦
 • Writing configuration 📜  ...
 ✓ Writing configuration 📜
 • Starting control-plane 🕹️  ...
 ✓ Starting control-plane 🕹️
 • Installing CNI 🔌  ...
 ✓ Installing CNI 🔌
 • Installing StorageClass 💾  ...
 ✓ Installing StorageClass 💾
 • Joining worker nodes 🚜  ...
 ✓ Joining worker nodes 🚜
Set kubectl context to "kind-kind"
You can now use your cluster with:

kubectl cluster-info --context kind-kind

Not sure what to do next? 😅 Check out https://kind.sigs.k8s.io/docs/user/quick-start/
`kind get kubeconfig-path` is deprecated!

KIND will export and merge kubeconfig like kops, minikube, etc.
This command is now unnecessary and will be removed in a future release.

For more info see: https://github.com/kubernetes-sigs/kind/issues/1060
See also the output of `kind create cluster`

kind delete cluster
Deleting cluster "kind" ...
Stopping Docker: dockerProgram process in pidfile '/var/run/docker-ssd.pid', 1 process(es), refused to die.
kind_test_all.sh: line 211: RUN_EXIT_VALUE: unbound variable
Failed to stop docker service
[31m
Pipeline failed on stage 'end-to-end' : container 'step-test-end-to-end'. The execution of the pipeline has stopped.[0m
