
Showing logs for build [32mseldonio-seldon-core-pr-1365-li-nzf9k-33[0m stage [32mpr-build-comment[0m and container [32mstep-credential-initializer-t7hjq[0m
{"level":"warn","ts":1581434688.718102,"logger":"fallback-logger","caller":"logging/config.go:69","msg":"Fetch GitHub commit ID from kodata failed: \"ref: refs/heads/0.8.0-**-support-backwards-incompats\" is not a valid GitHub commit ID"}
{"level":"info","ts":1581434688.7185712,"logger":"fallback-logger","caller":"creds-init/main.go:40","msg":"Credentials initialized."}

Showing logs for build [32mseldonio-seldon-core-pr-1365-li-nzf9k-33[0m stage [32mpr-build-comment[0m and container [32mstep-working-dir-initializer-6d2km[0m
{"level":"warn","ts":1581434691.6589923,"logger":"fallback-logger","caller":"logging/config.go:69","msg":"Fetch GitHub commit ID from kodata failed: open /var/run/ko/HEAD: no such file or directory"}
{"level":"info","ts":1581434691.677496,"logger":"fallback-logger","caller":"bash/main.go:64","msg":"Successfully executed command \"sh -c mkdir -p /workspace/source\"; output "}

Showing logs for build [32mseldonio-seldon-core-pr-1365-li-nzf9k-33[0m stage [32mpr-build-comment[0m and container [32mstep-place-tools[0m

Showing logs for build [32mseldonio-seldon-core-pr-1365-li-nzf9k-33[0m stage [32mpr-build-comment[0m and container [32mstep-create-dir-workspace-tfmd4[0m
{"level":"warn","ts":1581434700.5738022,"logger":"fallback-logger","caller":"logging/config.go:69","msg":"Fetch GitHub commit ID from kodata failed: open /var/run/ko/HEAD: no such file or directory"}
{"level":"info","ts":1581434700.575529,"logger":"fallback-logger","caller":"bash/main.go:64","msg":"Successfully executed command \"sh -c mkdir -p source\"; output "}

Showing logs for build [32mseldonio-seldon-core-pr-1365-li-nzf9k-33[0m stage [32mpr-build-comment[0m and container [32mstep-git-source-seldonio-seldon-core-pr-1365-li-s8vsm[0m
{"level":"warn","ts":1581434701.0203977,"logger":"fallback-logger","caller":"logging/config.go:69","msg":"Fetch GitHub commit ID from kodata failed: \"ref: refs/heads/0.8.0-**-support-backwards-incompats\" is not a valid GitHub commit ID"}
{"level":"info","ts":1581434704.963007,"logger":"fallback-logger","caller":"git/git.go:103","msg":"Successfully cloned https://github.com/SeldonIO/seldon-core.git @ master in path /workspace/source"}

Showing logs for build [32mseldonio-seldon-core-pr-1365-li-nzf9k-33[0m stage [32mpr-build-comment[0m and container [32mstep-git-merge[0m
Using SHAs from PULL_REFS=master:f85615658bf4edd6fd6d68df8b9e0cfe45822a93,1365:2430c2a9f8a6c81bcddbd32be5253e499c91b7ab
DEBUG: ran git fetch --unshallow origin 2430c2a9f8a6c81bcddbd32be5253e499c91b7ab: f85615658bf4edd6fd6d68df8b9e0cfe45822a93: in 
DEBUG: ran git checkout master in 
DEBUG: ran git reset --hard f85615658bf4edd6fd6d68df8b9e0cfe45822a93 in 
DEBUG: ran clean --force -d . in 
DEBUG: ran git merge 2430c2a9f8a6c81bcddbd32be5253e499c91b7ab in 
Merged SHA 2430c2a9f8a6c81bcddbd32be5253e499c91b7ab with commit message 'add test that checks model which route does not accept **kwargs' into base branch master
Merged SHA 76009b0317f11efe4f136f2831b25fd6f76293c3 with commit message 'allow route method to use metadata, closes #591' into base branch master

Showing logs for build [32mseldonio-seldon-core-pr-1365-li-nzf9k-33[0m stage [32mpr-build-comment[0m and container [32mstep-step2[0m
+++ dirname ./add-pr-build-comment
++ cd .
++ pwd
+ STARTUP_DIR=/workspace/source/ci
+ REPO_OWNER=SeldonIO
+ REPO_NAME=seldon-core
+ PULL_NUMBER=1365
+ BUILD_NUMBER=33
+ PIPELINE_CONTEXT=lint
++ cat
+++ date
+ COMMENT_MSG='Tue Feb 11 15:25:11 UTC 2020
The logs for [lint] [33] will show after the pipeline context has finished.  
https://github.com/SeldonIO/seldon-core/blob/gh-pages/jenkins-x/logs/SeldonIO/seldon-core/PR-1365/33.log

impatient try  
** get build logs SeldonIO/seldon-core/PR-1365 --build=33'
+ ** step pr comment --owner=SeldonIO --repository=seldon-core --pull-request=1365 '--comment=Tue Feb 11 15:25:11 UTC 2020
The logs for [lint] [33] will show after the pipeline context has finished.  
https://github.com/SeldonIO/seldon-core/blob/gh-pages/jenkins-x/logs/SeldonIO/seldon-core/PR-1365/33.log

impatient try  
** get build logs SeldonIO/seldon-core/PR-1365 --build=33'

Showing logs for build [32mseldonio-seldon-core-pr-1365-li-nzf9k-33[0m stage [32mpr-build-comment[0m and container [32mstep-source-mkdir-seldonio-seldon-core-pr-1365-li-p2s5h[0m
{"level":"warn","ts":1581434714.558289,"logger":"fallback-logger","caller":"logging/config.go:69","msg":"Fetch GitHub commit ID from kodata failed: open /var/run/ko/HEAD: no such file or directory"}
{"level":"info","ts":1581434714.5620403,"logger":"fallback-logger","caller":"bash/main.go:64","msg":"Successfully executed command \"sh -c mkdir -p /pvc/pr-build-comment/workspace\"; output "}

Showing logs for build [32mseldonio-seldon-core-pr-1365-li-nzf9k-33[0m stage [32mpr-build-comment[0m and container [32mstep-source-copy-seldonio-seldon-core-pr-1365-li-x5wzc[0m
{"level":"warn","ts":1581434715.154501,"logger":"fallback-logger","caller":"logging/config.go:69","msg":"Fetch GitHub commit ID from kodata failed: open /var/run/ko/HEAD: no such file or directory"}
{"level":"info","ts":1581434715.456499,"logger":"fallback-logger","caller":"bash/main.go:64","msg":"Successfully executed command \"sh -c cp -r source/. /pvc/pr-build-comment/workspace\"; output "}

Showing logs for build [32mseldonio-seldon-core-pr-1365-li-nzf9k-33[0m stage [32mpython-lint-task[0m and container [32mstep-credential-initializer-xx8h7[0m
{"level":"warn","ts":1581434751.4139938,"logger":"fallback-logger","caller":"logging/config.go:69","msg":"Fetch GitHub commit ID from kodata failed: \"ref: refs/heads/0.8.0-**-support-backwards-incompats\" is not a valid GitHub commit ID"}
{"level":"info","ts":1581434751.4145355,"logger":"fallback-logger","caller":"creds-init/main.go:40","msg":"Credentials initialized."}

Showing logs for build [32mseldonio-seldon-core-pr-1365-li-nzf9k-33[0m stage [32mpython-lint-task[0m and container [32mstep-working-dir-initializer-v7992[0m
{"level":"warn","ts":1581434752.6320958,"logger":"fallback-logger","caller":"logging/config.go:69","msg":"Fetch GitHub commit ID from kodata failed: open /var/run/ko/HEAD: no such file or directory"}
{"level":"info","ts":1581434752.6336951,"logger":"fallback-logger","caller":"bash/main.go:64","msg":"Successfully executed command \"sh -c mkdir -p /workspace/source\"; output "}

Showing logs for build [32mseldonio-seldon-core-pr-1365-li-nzf9k-33[0m stage [32mpython-lint-task[0m and container [32mstep-place-tools[0m

Showing logs for build [32mseldonio-seldon-core-pr-1365-li-nzf9k-33[0m stage [32mpython-lint-task[0m and container [32mstep-create-dir-workspace-wwltm[0m
{"level":"warn","ts":1581434851.1958003,"logger":"fallback-logger","caller":"logging/config.go:69","msg":"Fetch GitHub commit ID from kodata failed: open /var/run/ko/HEAD: no such file or directory"}
{"level":"info","ts":1581434851.1977515,"logger":"fallback-logger","caller":"bash/main.go:64","msg":"Successfully executed command \"sh -c mkdir -p /workspace/source\"; output "}

Showing logs for build [32mseldonio-seldon-core-pr-1365-li-nzf9k-33[0m stage [32mpython-lint-task[0m and container [32mstep-source-copy-workspace-w8976[0m
{"level":"warn","ts":1581434851.6676626,"logger":"fallback-logger","caller":"logging/config.go:69","msg":"Fetch GitHub commit ID from kodata failed: open /var/run/ko/HEAD: no such file or directory"}
{"level":"info","ts":1581434970.6143003,"logger":"fallback-logger","caller":"bash/main.go:64","msg":"Successfully executed command \"sh -c cp -r /pvc/pr-build-comment/workspace/. /workspace/source\"; output "}

Showing logs for build [32mseldonio-seldon-core-pr-1365-li-nzf9k-33[0m stage [32mpython-lint-task[0m and container [32mstep-python-lint[0m
make: Entering directory '/workspace/source/python'
pip install black==19.3b0
Collecting black==19.3b0
  Downloading black-19.3b0-py36-none-any.whl (89 kB)
Collecting toml>=0.9.4
  Downloading toml-0.10.0-py2.py3-none-any.whl (25 kB)
Collecting click>=6.5
  Downloading Click-7.0-py2.py3-none-any.whl (81 kB)
Collecting attrs>=18.1.0
  Downloading attrs-19.3.0-py2.py3-none-any.whl (39 kB)
Collecting appdirs
  Downloading appdirs-1.4.3-py2.py3-none-any.whl (12 kB)
Installing collected packages: toml, click, attrs, appdirs, black
Successfully installed appdirs-1.4.3 attrs-19.3.0 black-19.3b0 click-7.0 toml-0.10.0
black \
	--check ./ ../testing \
	--exclude "(testing/scripts/proto|seldon_core/proto/|.eggs|.tox)"
All done! ✨ 🍰 ✨
54 files would be left unchanged.
make: Leaving directory '/workspace/source/python'
