
Showing logs for build [32mmeta-seldonio-seldon-core-maste-9vs94-245[0m stage [32mmeta-pipeline[0m and container [32mstep-credential-initializer-t4tfc[0m
{"level":"warn","ts":1590858637.116287,"logger":"fallback-logger","caller":"logging/config.go:69","msg":"Fetch GitHub commit ID from kodata failed: \"ref: refs/heads/0.8.0-**-support-backwards-incompats\" is not a valid GitHub commit ID"}
{"level":"info","ts":1590858637.1329417,"logger":"fallback-logger","caller":"creds-init/main.go:40","msg":"Credentials initialized."}

Showing logs for build [32mmeta-seldonio-seldon-core-maste-9vs94-245[0m stage [32mmeta-pipeline[0m and container [32mstep-working-dir-initializer-8shrc[0m
{"level":"warn","ts":1590858638.9258327,"logger":"fallback-logger","caller":"logging/config.go:69","msg":"Fetch GitHub commit ID from kodata failed: open /var/run/ko/HEAD: no such file or directory"}
{"level":"info","ts":1590858638.9294376,"logger":"fallback-logger","caller":"bash/main.go:64","msg":"Successfully executed command \"sh -c mkdir -p /workspace/source\"; output "}

Showing logs for build [32mmeta-seldonio-seldon-core-maste-9vs94-245[0m stage [32mmeta-pipeline[0m and container [32mstep-place-tools[0m

Showing logs for build [32mmeta-seldonio-seldon-core-maste-9vs94-245[0m stage [32mmeta-pipeline[0m and container [32mstep-git-source-meta-seldonio-seldon-core-maste-fvrsg[0m
{"level":"warn","ts":1590858677.7159963,"logger":"fallback-logger","caller":"logging/config.go:69","msg":"Fetch GitHub commit ID from kodata failed: \"ref: refs/heads/0.8.0-**-support-backwards-incompats\" is not a valid GitHub commit ID"}
{"level":"info","ts":1590858681.9638927,"logger":"fallback-logger","caller":"git/git.go:103","msg":"Successfully cloned https://github.com/SeldonIO/seldon-core.git @ 2a9a360fc668b2528245d6ffc566dbda27a510f3 in path /workspace/source"}

Showing logs for build [32mmeta-seldonio-seldon-core-maste-9vs94-245[0m stage [32mmeta-pipeline[0m and container [32mstep-git-merge[0m
Using SHAs from PULL_REFS=master:2a9a360fc668b2528245d6ffc566dbda27a510f3
WARNING: no SHAs to merge, falling back to initial cloned commit

Showing logs for build [32mmeta-seldonio-seldon-core-maste-9vs94-245[0m stage [32mmeta-pipeline[0m and container [32mstep-merge-pull-refs[0m
SKIP merge-pull-refs: Nothing to merge

Showing logs for build [32mmeta-seldonio-seldon-core-maste-9vs94-245[0m stage [32mmeta-pipeline[0m and container [32mstep-create-effective-pipeline[0m
Effective pipeline written to jenkins-x-release-effective.yml

Showing logs for build [32mmeta-seldonio-seldon-core-maste-9vs94-245[0m stage [32mmeta-pipeline[0m and container [32mstep-create-tekton-crds[0m
running command: cat version.txt > VERSION

running command: git branch -D v\$(cat version.txt) || echo "No branch exists"
error: branch 'v1.1.1-rc' not found.
No branch exists

running command: git checkout -b v\$(cat version.txt)
Switched to a new branch 'v1.1.1-rc'

running command: git push origin v\$(cat version.txt) -f
To https://github.com/SeldonIO/seldon-core.git
 ! [remote rejected] v1.1.1-rc -> v1.1.1-rc (cannot lock ref 'refs/heads/v1.1.1-rc': is at 2a9a360fc668b2528245d6ffc566dbda27a510f3 but expected baa3f14baad082ceb39bda761d1efec6ff28a640)
error: failed to push some refs to 'https://github.com/SeldonIO/seldon-core.git'
error: failed to set the version on release pipelines: failed to run '/bin/sh -c git push origin v$(cat version.txt) -f' command in directory '/workspace/source', output: ''
[31m
Pipeline failed on stage 'meta-pipeline' : container 'step-create-tekton-crds'. The execution of the pipeline has stopped.[0m
