
Showing logs for build [32mmeta-seldonio-seldon-core-maste-99hlq-348[0m stage [32mmeta-pipeline[0m and container [32mstep-credential-initializer-vqgpl[0m
{"level":"info","ts":1594824556.0767393,"logger":"fallback-logger","caller":"logging/config.go:69","msg":"Fetch GitHub commit ID from kodata failed: open /var/run/ko/refs/heads/0.8.0-ns-support: no such file or directory"}
{"level":"info","ts":1594824556.0782504,"logger":"fallback-logger","caller":"creds-init/main.go:40","msg":"Credentials initialized."}

Showing logs for build [32mmeta-seldonio-seldon-core-maste-99hlq-348[0m stage [32mmeta-pipeline[0m and container [32mstep-working-dir-initializer-lw274[0m
{"level":"info","ts":1594824557.6707416,"logger":"fallback-logger","caller":"logging/config.go:69","msg":"Fetch GitHub commit ID from kodata failed: open /var/run/ko/HEAD: no such file or directory"}
{"level":"info","ts":1594824557.7897143,"logger":"fallback-logger","caller":"bash/main.go:64","msg":"Successfully executed command \"sh -c mkdir -p /workspace/source\"; output "}

Showing logs for build [32mmeta-seldonio-seldon-core-maste-99hlq-348[0m stage [32mmeta-pipeline[0m and container [32mstep-place-tools[0m

Showing logs for build [32mmeta-seldonio-seldon-core-maste-99hlq-348[0m stage [32mmeta-pipeline[0m and container [32mstep-git-source-meta-seldonio-seldon-core-maste-99hlq-twqcj[0m
{"level":"info","ts":1594824566.6031675,"logger":"fallback-logger","caller":"logging/config.go:69","msg":"Fetch GitHub commit ID from kodata failed: open /var/run/ko/refs/heads/0.8.0-ns-support: no such file or directory"}
{"level":"info","ts":1594824572.628544,"logger":"fallback-logger","caller":"git/git.go:103","msg":"Successfully cloned https://github.com/SeldonIO/seldon-core.git @ cbd86d5d3a39ac09a9b6fbc6c3880d0269462c30 in path /workspace/source"}

Showing logs for build [32mmeta-seldonio-seldon-core-maste-99hlq-348[0m stage [32mmeta-pipeline[0m and container [32mstep-setup-builder-home[0m

Showing logs for build [32mmeta-seldonio-seldon-core-maste-99hlq-348[0m stage [32mmeta-pipeline[0m and container [32mstep-git-merge[0m
Using SHAs from PULL_REFS=master:cbd86d5d3a39ac09a9b6fbc6c3880d0269462c30
WARNING: no SHAs to merge, falling back to initial cloned commit

Showing logs for build [32mmeta-seldonio-seldon-core-maste-99hlq-348[0m stage [32mmeta-pipeline[0m and container [32mstep-merge-pull-refs[0m
SKIP merge-pull-refs: Nothing to merge

Showing logs for build [32mmeta-seldonio-seldon-core-maste-99hlq-348[0m stage [32mmeta-pipeline[0m and container [32mstep-create-effective-pipeline[0m
Effective pipeline written to jenkins-x-release-effective.yml

Showing logs for build [32mmeta-seldonio-seldon-core-maste-99hlq-348[0m stage [32mmeta-pipeline[0m and container [32mstep-create-tekton-crds[0m
running command: cat version.txt > VERSION

running command: git branch -D v\$(cat version.txt) || echo "No branch exists"
error: branch 'v1.2.2-dev' not found.
No branch exists

running command: git checkout -b v\$(cat version.txt)
Switched to a new branch 'v1.2.2-dev'

running command: git push origin v\$(cat version.txt) -f
To https://github.com/SeldonIO/seldon-core.git
 ! [remote rejected] v1.2.2-dev -> v1.2.2-dev (cannot lock ref 'refs/heads/v1.2.2-dev': is at 37307699ad07802e860e8aecaff402b2274ae3df but expected 41720985de203bc4fe763c4c85635398d55a2d03)
error: failed to push some refs to 'https://github.com/SeldonIO/seldon-core.git'
error: failed to set the version on release pipelines: failed to run '/bin/sh -c git push origin v$(cat version.txt) -f' command in directory '/workspace/source', output: ''
[31m
Pipeline failed on stage 'meta-pipeline' : container 'step-create-tekton-crds'. The execution of the pipeline has stopped.[0m
