
Showing logs for build [32mmeta-seldonio-seldon-core-maste-p8mrx-465[0m stage [32mmeta-pipeline[0m and container [32mstep-credential-initializer-5w8p9[0m
{"level":"info","ts":1600077882.6042633,"logger":"fallback-logger","caller":"logging/config.go:69","msg":"Fetch GitHub commit ID from kodata failed: open /var/run/ko/refs/heads/0.8.0-ns-support: no such file or directory"}
{"level":"info","ts":1600077882.6049633,"logger":"fallback-logger","caller":"creds-init/main.go:40","msg":"Credentials initialized."}

Showing logs for build [32mmeta-seldonio-seldon-core-maste-p8mrx-465[0m stage [32mmeta-pipeline[0m and container [32mstep-working-dir-initializer-lgrxl[0m
{"level":"info","ts":1600077888.567809,"logger":"fallback-logger","caller":"logging/config.go:69","msg":"Fetch GitHub commit ID from kodata failed: open /var/run/ko/HEAD: no such file or directory"}
{"level":"info","ts":1600077888.6777315,"logger":"fallback-logger","caller":"bash/main.go:64","msg":"Successfully executed command \"sh -c mkdir -p /workspace/source\"; output "}

Showing logs for build [32mmeta-seldonio-seldon-core-maste-p8mrx-465[0m stage [32mmeta-pipeline[0m and container [32mstep-place-tools[0m

Showing logs for build [32mmeta-seldonio-seldon-core-maste-p8mrx-465[0m stage [32mmeta-pipeline[0m and container [32mstep-git-source-meta-seldonio-seldon-core-maste-p8mrx-lgrcw[0m
{"level":"info","ts":1600077905.0389857,"logger":"fallback-logger","caller":"logging/config.go:69","msg":"Fetch GitHub commit ID from kodata failed: open /var/run/ko/refs/heads/0.8.0-ns-support: no such file or directory"}
{"level":"info","ts":1600077911.1019177,"logger":"fallback-logger","caller":"git/git.go:103","msg":"Successfully cloned https://github.com/SeldonIO/seldon-core.git @ 65fddf7ba23a9c79f78d08dfd1d98daa08f63d26 in path /workspace/source"}

Showing logs for build [32mmeta-seldonio-seldon-core-maste-p8mrx-465[0m stage [32mmeta-pipeline[0m and container [32mstep-setup-builder-home[0m

Showing logs for build [32mmeta-seldonio-seldon-core-maste-p8mrx-465[0m stage [32mmeta-pipeline[0m and container [32mstep-git-merge[0m
Using SHAs from PULL_REFS=master:65fddf7ba23a9c79f78d08dfd1d98daa08f63d26
WARNING: no SHAs to merge, falling back to initial cloned commit

Showing logs for build [32mmeta-seldonio-seldon-core-maste-p8mrx-465[0m stage [32mmeta-pipeline[0m and container [32mstep-merge-pull-refs[0m
SKIP merge-pull-refs: Nothing to merge

Showing logs for build [32mmeta-seldonio-seldon-core-maste-p8mrx-465[0m stage [32mmeta-pipeline[0m and container [32mstep-create-effective-pipeline[0m
Effective pipeline written to jenkins-x-release-effective.yml

Showing logs for build [32mmeta-seldonio-seldon-core-maste-p8mrx-465[0m stage [32mmeta-pipeline[0m and container [32mstep-create-tekton-crds[0m
running command: cat version.txt > VERSION

running command: git branch -D nightly-\$(cat version.txt) || echo "No branch exists"
error: branch 'nightly-1.2.3-dev' not found.
No branch exists

running command: git checkout -b nightly-\$(cat version.txt)
Switched to a new branch 'nightly-1.2.3-dev'

running command: git push origin nightly-\$(cat version.txt) -f
To https://github.com/SeldonIO/seldon-core.git
 ! [remote rejected] nightly-1.2.3-dev -> nightly-1.2.3-dev (cannot lock ref 'refs/heads/nightly-1.2.3-dev': is at 0d665cd0c37f6a8674beda62e51d7655f6905992 but expected fbe52bd919ebc863ff86a281d3d8e5f43f893338)
error: failed to push some refs to 'https://github.com/SeldonIO/seldon-core.git'
error: failed to set the version on release pipelines: failed to run '/bin/sh -c git push origin nightly-$(cat version.txt) -f' command in directory '/workspace/source', output: ''
[31m
Pipeline failed on stage 'meta-pipeline' : container 'step-create-tekton-crds'. The execution of the pipeline has stopped.[0m

Showing logs for build [32mmeta-seldonio-seldon-core-maste-p8mrx-465[0m stage [32mmeta-pipeline[0m and container [32mstep-credential-initializer-5w8p9[0m
{"level":"info","ts":1600077882.6042633,"logger":"fallback-logger","caller":"logging/config.go:69","msg":"Fetch GitHub commit ID from kodata failed: open /var/run/ko/refs/heads/0.8.0-ns-support: no such file or directory"}
{"level":"info","ts":1600077882.6049633,"logger":"fallback-logger","caller":"creds-init/main.go:40","msg":"Credentials initialized."}

Showing logs for build [32mmeta-seldonio-seldon-core-maste-p8mrx-465[0m stage [32mmeta-pipeline[0m and container [32mstep-working-dir-initializer-lgrxl[0m
{"level":"info","ts":1600077888.567809,"logger":"fallback-logger","caller":"logging/config.go:69","msg":"Fetch GitHub commit ID from kodata failed: open /var/run/ko/HEAD: no such file or directory"}
{"level":"info","ts":1600077888.6777315,"logger":"fallback-logger","caller":"bash/main.go:64","msg":"Successfully executed command \"sh -c mkdir -p /workspace/source\"; output "}

Showing logs for build [32mmeta-seldonio-seldon-core-maste-p8mrx-465[0m stage [32mmeta-pipeline[0m and container [32mstep-place-tools[0m

Showing logs for build [32mmeta-seldonio-seldon-core-maste-p8mrx-465[0m stage [32mmeta-pipeline[0m and container [32mstep-git-source-meta-seldonio-seldon-core-maste-p8mrx-lgrcw[0m
{"level":"info","ts":1600077905.0389857,"logger":"fallback-logger","caller":"logging/config.go:69","msg":"Fetch GitHub commit ID from kodata failed: open /var/run/ko/refs/heads/0.8.0-ns-support: no such file or directory"}
{"level":"info","ts":1600077911.1019177,"logger":"fallback-logger","caller":"git/git.go:103","msg":"Successfully cloned https://github.com/SeldonIO/seldon-core.git @ 65fddf7ba23a9c79f78d08dfd1d98daa08f63d26 in path /workspace/source"}

Showing logs for build [32mmeta-seldonio-seldon-core-maste-p8mrx-465[0m stage [32mmeta-pipeline[0m and container [32mstep-setup-builder-home[0m

Showing logs for build [32mmeta-seldonio-seldon-core-maste-p8mrx-465[0m stage [32mmeta-pipeline[0m and container [32mstep-git-merge[0m
Using SHAs from PULL_REFS=master:65fddf7ba23a9c79f78d08dfd1d98daa08f63d26
WARNING: no SHAs to merge, falling back to initial cloned commit

Showing logs for build [32mmeta-seldonio-seldon-core-maste-p8mrx-465[0m stage [32mmeta-pipeline[0m and container [32mstep-merge-pull-refs[0m
SKIP merge-pull-refs: Nothing to merge

Showing logs for build [32mmeta-seldonio-seldon-core-maste-p8mrx-465[0m stage [32mmeta-pipeline[0m and container [32mstep-create-effective-pipeline[0m
Effective pipeline written to jenkins-x-release-effective.yml

Showing logs for build [32mmeta-seldonio-seldon-core-maste-p8mrx-465[0m stage [32mmeta-pipeline[0m and container [32mstep-create-tekton-crds[0m
running command: cat version.txt > VERSION

running command: git branch -D nightly-\$(cat version.txt) || echo "No branch exists"
error: branch 'nightly-1.2.3-dev' not found.
No branch exists

running command: git checkout -b nightly-\$(cat version.txt)
Switched to a new branch 'nightly-1.2.3-dev'

running command: git push origin nightly-\$(cat version.txt) -f
To https://github.com/SeldonIO/seldon-core.git
 ! [remote rejected] nightly-1.2.3-dev -> nightly-1.2.3-dev (cannot lock ref 'refs/heads/nightly-1.2.3-dev': is at 0d665cd0c37f6a8674beda62e51d7655f6905992 but expected fbe52bd919ebc863ff86a281d3d8e5f43f893338)
error: failed to push some refs to 'https://github.com/SeldonIO/seldon-core.git'
error: failed to set the version on release pipelines: failed to run '/bin/sh -c git push origin nightly-$(cat version.txt) -f' command in directory '/workspace/source', output: ''
[31m
Pipeline failed on stage 'meta-pipeline' : container 'step-create-tekton-crds'. The execution of the pipeline has stopped.[0m

Showing logs for build [32mmeta-seldonio-seldon-core-maste-p8mrx-465[0m stage [32mmeta-pipeline[0m and container [32mstep-credential-initializer-5w8p9[0m
{"level":"info","ts":1600077882.6042633,"logger":"fallback-logger","caller":"logging/config.go:69","msg":"Fetch GitHub commit ID from kodata failed: open /var/run/ko/refs/heads/0.8.0-ns-support: no such file or directory"}
{"level":"info","ts":1600077882.6049633,"logger":"fallback-logger","caller":"creds-init/main.go:40","msg":"Credentials initialized."}

Showing logs for build [32mmeta-seldonio-seldon-core-maste-p8mrx-465[0m stage [32mmeta-pipeline[0m and container [32mstep-working-dir-initializer-lgrxl[0m
{"level":"info","ts":1600077888.567809,"logger":"fallback-logger","caller":"logging/config.go:69","msg":"Fetch GitHub commit ID from kodata failed: open /var/run/ko/HEAD: no such file or directory"}
{"level":"info","ts":1600077888.6777315,"logger":"fallback-logger","caller":"bash/main.go:64","msg":"Successfully executed command \"sh -c mkdir -p /workspace/source\"; output "}

Showing logs for build [32mmeta-seldonio-seldon-core-maste-p8mrx-465[0m stage [32mmeta-pipeline[0m and container [32mstep-place-tools[0m

Showing logs for build [32mmeta-seldonio-seldon-core-maste-p8mrx-465[0m stage [32mmeta-pipeline[0m and container [32mstep-git-source-meta-seldonio-seldon-core-maste-p8mrx-lgrcw[0m
{"level":"info","ts":1600077905.0389857,"logger":"fallback-logger","caller":"logging/config.go:69","msg":"Fetch GitHub commit ID from kodata failed: open /var/run/ko/refs/heads/0.8.0-ns-support: no such file or directory"}
{"level":"info","ts":1600077911.1019177,"logger":"fallback-logger","caller":"git/git.go:103","msg":"Successfully cloned https://github.com/SeldonIO/seldon-core.git @ 65fddf7ba23a9c79f78d08dfd1d98daa08f63d26 in path /workspace/source"}

Showing logs for build [32mmeta-seldonio-seldon-core-maste-p8mrx-465[0m stage [32mmeta-pipeline[0m and container [32mstep-setup-builder-home[0m

Showing logs for build [32mmeta-seldonio-seldon-core-maste-p8mrx-465[0m stage [32mmeta-pipeline[0m and container [32mstep-git-merge[0m
Using SHAs from PULL_REFS=master:65fddf7ba23a9c79f78d08dfd1d98daa08f63d26
WARNING: no SHAs to merge, falling back to initial cloned commit

Showing logs for build [32mmeta-seldonio-seldon-core-maste-p8mrx-465[0m stage [32mmeta-pipeline[0m and container [32mstep-merge-pull-refs[0m
SKIP merge-pull-refs: Nothing to merge

Showing logs for build [32mmeta-seldonio-seldon-core-maste-p8mrx-465[0m stage [32mmeta-pipeline[0m and container [32mstep-create-effective-pipeline[0m
Effective pipeline written to jenkins-x-release-effective.yml

Showing logs for build [32mmeta-seldonio-seldon-core-maste-p8mrx-465[0m stage [32mmeta-pipeline[0m and container [32mstep-create-tekton-crds[0m
running command: cat version.txt > VERSION

running command: git branch -D nightly-\$(cat version.txt) || echo "No branch exists"
error: branch 'nightly-1.2.3-dev' not found.
No branch exists

running command: git checkout -b nightly-\$(cat version.txt)
Switched to a new branch 'nightly-1.2.3-dev'

running command: git push origin nightly-\$(cat version.txt) -f
To https://github.com/SeldonIO/seldon-core.git
 ! [remote rejected] nightly-1.2.3-dev -> nightly-1.2.3-dev (cannot lock ref 'refs/heads/nightly-1.2.3-dev': is at 0d665cd0c37f6a8674beda62e51d7655f6905992 but expected fbe52bd919ebc863ff86a281d3d8e5f43f893338)
error: failed to push some refs to 'https://github.com/SeldonIO/seldon-core.git'
error: failed to set the version on release pipelines: failed to run '/bin/sh -c git push origin nightly-$(cat version.txt) -f' command in directory '/workspace/source', output: ''
[31m
Pipeline failed on stage 'meta-pipeline' : container 'step-create-tekton-crds'. The execution of the pipeline has stopped.[0m
