
Showing logs for build [32mseldonio-seldon-core-pr-1424-li-vlhmg-9[0m stage [32mpr-build-comment[0m and container [32mstep-credential-initializer-mgs89[0m
{"level":"warn","ts":1581505156.318486,"logger":"fallback-logger","caller":"logging/config.go:69","msg":"Fetch GitHub commit ID from kodata failed: \"ref: refs/heads/0.8.0-**-support-backwards-incompats\" is not a valid GitHub commit ID"}
{"level":"info","ts":1581505156.3191032,"logger":"fallback-logger","caller":"creds-init/main.go:40","msg":"Credentials initialized."}

Showing logs for build [32mseldonio-seldon-core-pr-1424-li-vlhmg-9[0m stage [32mpr-build-comment[0m and container [32mstep-working-dir-initializer-sv2ph[0m
{"level":"warn","ts":1581505157.415272,"logger":"fallback-logger","caller":"logging/config.go:69","msg":"Fetch GitHub commit ID from kodata failed: open /var/run/ko/HEAD: no such file or directory"}
{"level":"info","ts":1581505157.4176972,"logger":"fallback-logger","caller":"bash/main.go:64","msg":"Successfully executed command \"sh -c mkdir -p /workspace/source\"; output "}

Showing logs for build [32mseldonio-seldon-core-pr-1424-li-vlhmg-9[0m stage [32mpr-build-comment[0m and container [32mstep-place-tools[0m

Showing logs for build [32mseldonio-seldon-core-pr-1424-li-vlhmg-9[0m stage [32mpr-build-comment[0m and container [32mstep-create-dir-workspace-k4d4s[0m
{"level":"warn","ts":1581505163.5189567,"logger":"fallback-logger","caller":"logging/config.go:69","msg":"Fetch GitHub commit ID from kodata failed: open /var/run/ko/HEAD: no such file or directory"}
{"level":"info","ts":1581505163.5211952,"logger":"fallback-logger","caller":"bash/main.go:64","msg":"Successfully executed command \"sh -c mkdir -p source\"; output "}

Showing logs for build [32mseldonio-seldon-core-pr-1424-li-vlhmg-9[0m stage [32mpr-build-comment[0m and container [32mstep-git-source-seldonio-seldon-core-pr-1424-li-lpdxd[0m
{"level":"warn","ts":1581505163.80201,"logger":"fallback-logger","caller":"logging/config.go:69","msg":"Fetch GitHub commit ID from kodata failed: \"ref: refs/heads/0.8.0-**-support-backwards-incompats\" is not a valid GitHub commit ID"}
{"level":"info","ts":1581505167.0061548,"logger":"fallback-logger","caller":"git/git.go:103","msg":"Successfully cloned https://github.com/SeldonIO/seldon-core.git @ master in path /workspace/source"}

Showing logs for build [32mseldonio-seldon-core-pr-1424-li-vlhmg-9[0m stage [32mpr-build-comment[0m and container [32mstep-git-merge[0m
Using SHAs from PULL_REFS=master:50cd020a11804fb2cb6aa9c96d011f2a5cb2ce85,1424:556a52de6febc8d919077ea389a81dd5756c8ee8
DEBUG: ran git fetch --unshallow origin 556a52de6febc8d919077ea389a81dd5756c8ee8: 50cd020a11804fb2cb6aa9c96d011f2a5cb2ce85: in 
DEBUG: ran git checkout master in 
DEBUG: ran git reset --hard 50cd020a11804fb2cb6aa9c96d011f2a5cb2ce85 in 
DEBUG: ran clean --force -d . in 
DEBUG: ran git merge 556a52de6febc8d919077ea389a81dd5756c8ee8 in 
Merged SHA e806aabd91e061993f936c805df76ad8a4be4d47 with commit message 'Merge commit '556a52de6febc8d919077ea389a81dd5756c8ee8'' into base branch master
Merged SHA 556a52de6febc8d919077ea389a81dd5756c8ee8 with commit message 'Remove print with logging.info in python/tests. Closes #1372' into base branch master

Showing logs for build [32mseldonio-seldon-core-pr-1424-li-vlhmg-9[0m stage [32mpr-build-comment[0m and container [32mstep-step2[0m
+++ dirname ./add-pr-build-comment
++ cd .
++ pwd
+ STARTUP_DIR=/workspace/source/ci
+ REPO_OWNER=SeldonIO
+ REPO_NAME=seldon-core
+ PULL_NUMBER=1424
+ BUILD_NUMBER=9
+ PIPELINE_CONTEXT=lint
++ cat
+++ date
+ COMMENT_MSG='Wed Feb 12 10:59:32 UTC 2020
The logs for [lint] [9] will show after the pipeline context has finished.  
https://github.com/SeldonIO/seldon-core/blob/gh-pages/jenkins-x/logs/SeldonIO/seldon-core/PR-1424/9.log

impatient try  
** get build logs SeldonIO/seldon-core/PR-1424 --build=9'
+ ** step pr comment --owner=SeldonIO --repository=seldon-core --pull-request=1424 '--comment=Wed Feb 12 10:59:32 UTC 2020
The logs for [lint] [9] will show after the pipeline context has finished.  
https://github.com/SeldonIO/seldon-core/blob/gh-pages/jenkins-x/logs/SeldonIO/seldon-core/PR-1424/9.log

impatient try  
** get build logs SeldonIO/seldon-core/PR-1424 --build=9'

Showing logs for build [32mseldonio-seldon-core-pr-1424-li-vlhmg-9[0m stage [32mpr-build-comment[0m and container [32mstep-source-mkdir-seldonio-seldon-core-pr-1424-li-sx68b[0m
{"level":"warn","ts":1581505174.594007,"logger":"fallback-logger","caller":"logging/config.go:69","msg":"Fetch GitHub commit ID from kodata failed: open /var/run/ko/HEAD: no such file or directory"}
{"level":"info","ts":1581505174.5976832,"logger":"fallback-logger","caller":"bash/main.go:64","msg":"Successfully executed command \"sh -c mkdir -p /pvc/pr-build-comment/workspace\"; output "}

Showing logs for build [32mseldonio-seldon-core-pr-1424-li-vlhmg-9[0m stage [32mpr-build-comment[0m and container [32mstep-source-copy-seldonio-seldon-core-pr-1424-li-pjv2c[0m
{"level":"warn","ts":1581505174.8424675,"logger":"fallback-logger","caller":"logging/config.go:69","msg":"Fetch GitHub commit ID from kodata failed: open /var/run/ko/HEAD: no such file or directory"}
{"level":"info","ts":1581505175.2055051,"logger":"fallback-logger","caller":"bash/main.go:64","msg":"Successfully executed command \"sh -c cp -r source/. /pvc/pr-build-comment/workspace\"; output "}

Showing logs for build [32mseldonio-seldon-core-pr-1424-li-vlhmg-9[0m stage [32mpython-lint-task[0m and container [32mstep-credential-initializer-k2gnf[0m
{"level":"warn","ts":1581505194.1814332,"logger":"fallback-logger","caller":"logging/config.go:69","msg":"Fetch GitHub commit ID from kodata failed: \"ref: refs/heads/0.8.0-**-support-backwards-incompats\" is not a valid GitHub commit ID"}
{"level":"info","ts":1581505194.1842139,"logger":"fallback-logger","caller":"creds-init/main.go:40","msg":"Credentials initialized."}

Showing logs for build [32mseldonio-seldon-core-pr-1424-li-vlhmg-9[0m stage [32mpython-lint-task[0m and container [32mstep-working-dir-initializer-ksth4[0m
{"level":"warn","ts":1581505195.1022384,"logger":"fallback-logger","caller":"logging/config.go:69","msg":"Fetch GitHub commit ID from kodata failed: open /var/run/ko/HEAD: no such file or directory"}
{"level":"info","ts":1581505195.1035929,"logger":"fallback-logger","caller":"bash/main.go:64","msg":"Successfully executed command \"sh -c mkdir -p /workspace/source\"; output "}

Showing logs for build [32mseldonio-seldon-core-pr-1424-li-vlhmg-9[0m stage [32mpython-lint-task[0m and container [32mstep-place-tools[0m

Showing logs for build [32mseldonio-seldon-core-pr-1424-li-vlhmg-9[0m stage [32mpython-lint-task[0m and container [32mstep-create-dir-workspace-sb8ls[0m
{"level":"warn","ts":1581505199.182965,"logger":"fallback-logger","caller":"logging/config.go:69","msg":"Fetch GitHub commit ID from kodata failed: open /var/run/ko/HEAD: no such file or directory"}
{"level":"info","ts":1581505199.1848843,"logger":"fallback-logger","caller":"bash/main.go:64","msg":"Successfully executed command \"sh -c mkdir -p /workspace/source\"; output "}

Showing logs for build [32mseldonio-seldon-core-pr-1424-li-vlhmg-9[0m stage [32mpython-lint-task[0m and container [32mstep-source-copy-workspace-4gwsb[0m
{"level":"warn","ts":1581505199.4341555,"logger":"fallback-logger","caller":"logging/config.go:69","msg":"Fetch GitHub commit ID from kodata failed: open /var/run/ko/HEAD: no such file or directory"}
{"level":"info","ts":1581505202.196963,"logger":"fallback-logger","caller":"bash/main.go:64","msg":"Successfully executed command \"sh -c cp -r /pvc/pr-build-comment/workspace/. /workspace/source\"; output "}

Showing logs for build [32mseldonio-seldon-core-pr-1424-li-vlhmg-9[0m stage [32mpython-lint-task[0m and container [32mstep-python-lint[0m
make: Entering directory '/workspace/source/python'
pip install black==19.3b0
Collecting black==19.3b0
  Downloading black-19.3b0-py36-none-any.whl (89 kB)
Collecting toml>=0.9.4
  Downloading toml-0.10.0-py2.py3-none-any.whl (25 kB)
Collecting attrs>=18.1.0
  Downloading attrs-19.3.0-py2.py3-none-any.whl (39 kB)
Collecting appdirs
  Downloading appdirs-1.4.3-py2.py3-none-any.whl (12 kB)
Collecting click>=6.5
  Downloading Click-7.0-py2.py3-none-any.whl (81 kB)
Installing collected packages: toml, attrs, appdirs, click, black
Successfully installed appdirs-1.4.3 attrs-19.3.0 black-19.3b0 click-7.0 toml-0.10.0
black \
	--check ./ ../testing \
	--exclude "(testing/scripts/proto|seldon_core/proto/|.eggs|.tox)"
All done! ✨ 🍰 ✨
54 files would be left unchanged.
make: Leaving directory '/workspace/source/python'
