
Showing logs for build [32mseldonio-seldon-core-pr-1379-li-s4nvr-2[0m stage [32mpr-build-comment[0m and container [32mstep-credential-initializer-cmc6d[0m
{"level":"warn","ts":1580234638.0265124,"logger":"fallback-logger","caller":"logging/config.go:69","msg":"Fetch GitHub commit ID from kodata failed: \"ref: refs/heads/0.8.0-**-support-backwards-incompats\" is not a valid GitHub commit ID"}
{"level":"info","ts":1580234638.0270712,"logger":"fallback-logger","caller":"creds-init/main.go:40","msg":"Credentials initialized."}

Showing logs for build [32mseldonio-seldon-core-pr-1379-li-s4nvr-2[0m stage [32mpr-build-comment[0m and container [32mstep-working-dir-initializer-5rm7t[0m
{"level":"warn","ts":1580234638.438315,"logger":"fallback-logger","caller":"logging/config.go:69","msg":"Fetch GitHub commit ID from kodata failed: open /var/run/ko/HEAD: no such file or directory"}
{"level":"info","ts":1580234638.4405153,"logger":"fallback-logger","caller":"bash/main.go:64","msg":"Successfully executed command \"sh -c mkdir -p /workspace/source\"; output "}

Showing logs for build [32mseldonio-seldon-core-pr-1379-li-s4nvr-2[0m stage [32mpr-build-comment[0m and container [32mstep-place-tools[0m

Showing logs for build [32mseldonio-seldon-core-pr-1379-li-s4nvr-2[0m stage [32mpr-build-comment[0m and container [32mstep-create-dir-workspace-v67c9[0m
{"level":"warn","ts":1580234643.5379546,"logger":"fallback-logger","caller":"logging/config.go:69","msg":"Fetch GitHub commit ID from kodata failed: open /var/run/ko/HEAD: no such file or directory"}
{"level":"info","ts":1580234643.5399673,"logger":"fallback-logger","caller":"bash/main.go:64","msg":"Successfully executed command \"sh -c mkdir -p source\"; output "}

Showing logs for build [32mseldonio-seldon-core-pr-1379-li-s4nvr-2[0m stage [32mpr-build-comment[0m and container [32mstep-git-source-seldonio-seldon-core-pr-1379-li-bnd6z[0m
{"level":"warn","ts":1580234643.8243353,"logger":"fallback-logger","caller":"logging/config.go:69","msg":"Fetch GitHub commit ID from kodata failed: \"ref: refs/heads/0.8.0-**-support-backwards-incompats\" is not a valid GitHub commit ID"}
{"level":"info","ts":1580234647.0925665,"logger":"fallback-logger","caller":"git/git.go:103","msg":"Successfully cloned https://github.com/SeldonIO/seldon-core.git @ master in path /workspace/source"}

Showing logs for build [32mseldonio-seldon-core-pr-1379-li-s4nvr-2[0m stage [32mpr-build-comment[0m and container [32mstep-git-merge[0m
Using SHAs from PULL_REFS=master:483880ba28e1e1623b0d629168721c53a1776f86,1379:553928752ac21b89c420fea6107c97f49abcfb26
DEBUG: ran git fetch --unshallow origin 553928752ac21b89c420fea6107c97f49abcfb26: 483880ba28e1e1623b0d629168721c53a1776f86: in 
DEBUG: ran git checkout master in 
DEBUG: ran git reset --hard 483880ba28e1e1623b0d629168721c53a1776f86 in 
DEBUG: ran clean --force -d . in 
DEBUG: ran git merge 553928752ac21b89c420fea6107c97f49abcfb26 in 
Merged SHA a45468c2e2d1018d1602751d0ae3a36bc633fc3e with commit message 'Merge commit '553928752ac21b89c420fea6107c97f49abcfb26'' into base branch master
Merged SHA 553928752ac21b89c420fea6107c97f49abcfb26 with commit message 'Copy licenses explicitly on non-local images' into base branch master
Merged SHA 5f82dce9a6196170858712c719deb7feb6f2eb6f with commit message 'Copy licenses into images' into base branch master
Merged SHA d36b749a0e9fe3288e87eddcdcc226b1a63afb5d with commit message 'Add license texts' into base branch master
Merged SHA 191d4e5d45a878e48ecdf32ff5ec6a1d332dced4 with commit message 'Add tox environment to generate licenses list' into base branch master
Merged SHA 6f05f67b8c7f265589e065067b20ec99c521c22a with commit message 'Add pip-licenses' into base branch master

Showing logs for build [32mseldonio-seldon-core-pr-1379-li-s4nvr-2[0m stage [32mpr-build-comment[0m and container [32mstep-step2[0m
+++ dirname ./add-pr-build-comment
++ cd .
++ pwd
+ STARTUP_DIR=/workspace/source/ci
+ REPO_OWNER=SeldonIO
+ REPO_NAME=seldon-core
+ PULL_NUMBER=1379
+ BUILD_NUMBER=2
+ PIPELINE_CONTEXT=lint
++ cat
+++ date
+ COMMENT_MSG='Tue Jan 28 18:04:13 UTC 2020
The logs for [lint] [2] will show after the pipeline context has finished.  
https://github.com/SeldonIO/seldon-core/blob/gh-pages/jenkins-x/logs/SeldonIO/seldon-core/PR-1379/2.log

impatient try  
** get build logs SeldonIO/seldon-core/PR-1379 --build=2'
+ ** step pr comment --owner=SeldonIO --repository=seldon-core --pull-request=1379 '--comment=Tue Jan 28 18:04:13 UTC 2020
The logs for [lint] [2] will show after the pipeline context has finished.  
https://github.com/SeldonIO/seldon-core/blob/gh-pages/jenkins-x/logs/SeldonIO/seldon-core/PR-1379/2.log

impatient try  
** get build logs SeldonIO/seldon-core/PR-1379 --build=2'

Showing logs for build [32mseldonio-seldon-core-pr-1379-li-s4nvr-2[0m stage [32mpr-build-comment[0m and container [32mstep-source-mkdir-seldonio-seldon-core-pr-1379-li-t8wpq[0m
{"level":"warn","ts":1580234655.7091358,"logger":"fallback-logger","caller":"logging/config.go:69","msg":"Fetch GitHub commit ID from kodata failed: open /var/run/ko/HEAD: no such file or directory"}
{"level":"info","ts":1580234655.8896976,"logger":"fallback-logger","caller":"bash/main.go:64","msg":"Successfully executed command \"sh -c mkdir -p /pvc/pr-build-comment/workspace\"; output "}

Showing logs for build [32mseldonio-seldon-core-pr-1379-li-s4nvr-2[0m stage [32mpr-build-comment[0m and container [32mstep-source-copy-seldonio-seldon-core-pr-1379-li-s9542[0m
{"level":"warn","ts":1580234656.0062761,"logger":"fallback-logger","caller":"logging/config.go:69","msg":"Fetch GitHub commit ID from kodata failed: open /var/run/ko/HEAD: no such file or directory"}
{"level":"info","ts":1580234656.4185588,"logger":"fallback-logger","caller":"bash/main.go:64","msg":"Successfully executed command \"sh -c cp -r source/. /pvc/pr-build-comment/workspace\"; output "}

Showing logs for build [32mseldonio-seldon-core-pr-1379-li-s4nvr-2[0m stage [32mpython-lint-task[0m and container [32mstep-credential-initializer-2fgfm[0m
{"level":"warn","ts":1580234662.9991367,"logger":"fallback-logger","caller":"logging/config.go:69","msg":"Fetch GitHub commit ID from kodata failed: \"ref: refs/heads/0.8.0-**-support-backwards-incompats\" is not a valid GitHub commit ID"}
{"level":"info","ts":1580234662.9997077,"logger":"fallback-logger","caller":"creds-init/main.go:40","msg":"Credentials initialized."}

Showing logs for build [32mseldonio-seldon-core-pr-1379-li-s4nvr-2[0m stage [32mpython-lint-task[0m and container [32mstep-working-dir-initializer-gvnqg[0m
{"level":"warn","ts":1580234663.9819696,"logger":"fallback-logger","caller":"logging/config.go:69","msg":"Fetch GitHub commit ID from kodata failed: open /var/run/ko/HEAD: no such file or directory"}
{"level":"info","ts":1580234663.9845133,"logger":"fallback-logger","caller":"bash/main.go:64","msg":"Successfully executed command \"sh -c mkdir -p /workspace/source\"; output "}

Showing logs for build [32mseldonio-seldon-core-pr-1379-li-s4nvr-2[0m stage [32mpython-lint-task[0m and container [32mstep-place-tools[0m

Showing logs for build [32mseldonio-seldon-core-pr-1379-li-s4nvr-2[0m stage [32mpython-lint-task[0m and container [32mstep-create-dir-workspace-z7pzh[0m
{"level":"warn","ts":1580234669.2425086,"logger":"fallback-logger","caller":"logging/config.go:69","msg":"Fetch GitHub commit ID from kodata failed: open /var/run/ko/HEAD: no such file or directory"}
{"level":"info","ts":1580234669.2446318,"logger":"fallback-logger","caller":"bash/main.go:64","msg":"Successfully executed command \"sh -c mkdir -p /workspace/source\"; output "}

Showing logs for build [32mseldonio-seldon-core-pr-1379-li-s4nvr-2[0m stage [32mpython-lint-task[0m and container [32mstep-source-copy-workspace-qjzr5[0m
{"level":"warn","ts":1580234669.6658792,"logger":"fallback-logger","caller":"logging/config.go:69","msg":"Fetch GitHub commit ID from kodata failed: open /var/run/ko/HEAD: no such file or directory"}
{"level":"info","ts":1580234672.207436,"logger":"fallback-logger","caller":"bash/main.go:64","msg":"Successfully executed command \"sh -c cp -r /pvc/pr-build-comment/workspace/. /workspace/source\"; output "}

Showing logs for build [32mseldonio-seldon-core-pr-1379-li-s4nvr-2[0m stage [32mpython-lint-task[0m and container [32mstep-python-lint[0m
make: Entering directory '/workspace/source/python'
pip install black==19.3b0
Collecting black==19.3b0
  Downloading https://files.pythonhosted.org/packages/30/62/cf549544a5fe990bbaeca21e9c419501b2de7a701ab0afb377bc81676600/black-19.3b0-py36-none-any.whl (89kB)
Collecting attrs>=18.1.0
  Downloading https://files.pythonhosted.org/packages/a2/db/4313ab3be961f7a763066401fb77f7748373b6094076ae2bda2806988af6/attrs-19.3.0-py2.py3-none-any.whl
Collecting toml>=0.9.4
  Downloading https://files.pythonhosted.org/packages/a2/12/ced7105d2de62fa7c8fb5fce92cc4ce66b57c95fb875e9318dba7f8c5db0/toml-0.10.0-py2.py3-none-any.whl
Collecting appdirs
  Downloading https://files.pythonhosted.org/packages/56/eb/810e700ed1349edde4cbdc1b2a21e28cdf115f9faf263f6bbf8447c1abf3/appdirs-1.4.3-py2.py3-none-any.whl
Collecting click>=6.5
  Downloading https://files.pythonhosted.org/packages/fa/37/45185cb5abbc30d7257104c434fe0b07e5a195a6847506c074527aa599ec/Click-7.0-py2.py3-none-any.whl (81kB)
Installing collected packages: attrs, toml, appdirs, click, black
Successfully installed appdirs-1.4.3 attrs-19.3.0 black-19.3b0 click-7.0 toml-0.10.0
WARNING: You are using pip version 19.3.1; however, version 20.0.2 is available.
You should consider upgrading via the 'pip install --upgrade pip' command.
black \
	--check ./ ../testing \
	--exclude "(testing/scripts/proto|seldon_core/proto/|.eggs|.tox)"
All done! ✨ 🍰 ✨
53 files would be left unchanged.
make: Leaving directory '/workspace/source/python'
