
Showing logs for build [32mseldonio-seldon-core-pr-2149-pr-dnshs-13[0m stage [32mtest-python[0m and container [32mstep-credential-initializer-87jj7[0m
{"level":"info","ts":1594986658.8198051,"logger":"fallback-logger","caller":"logging/config.go:69","msg":"Fetch GitHub commit ID from kodata failed: open /var/run/ko/refs/heads/0.8.0-ns-support: no such file or directory"}
{"level":"info","ts":1594986658.8203113,"logger":"fallback-logger","caller":"creds-init/main.go:40","msg":"Credentials initialized."}

Showing logs for build [32mseldonio-seldon-core-pr-2149-pr-dnshs-13[0m stage [32mtest-python[0m and container [32mstep-working-dir-initializer-cxhps[0m
{"level":"info","ts":1594986659.8248196,"logger":"fallback-logger","caller":"logging/config.go:69","msg":"Fetch GitHub commit ID from kodata failed: open /var/run/ko/HEAD: no such file or directory"}
{"level":"info","ts":1594986659.8266346,"logger":"fallback-logger","caller":"bash/main.go:64","msg":"Successfully executed command \"sh -c mkdir -p /workspace/source\"; output "}

Showing logs for build [32mseldonio-seldon-core-pr-2149-pr-dnshs-13[0m stage [32mtest-python[0m and container [32mstep-place-tools[0m

Showing logs for build [32mseldonio-seldon-core-pr-2149-pr-dnshs-13[0m stage [32mtest-python[0m and container [32mstep-git-source-seldonio-seldon-core-pr-2149-pr-dnshs-kgmvv[0m
{"level":"info","ts":1594986666.0640104,"logger":"fallback-logger","caller":"logging/config.go:69","msg":"Fetch GitHub commit ID from kodata failed: open /var/run/ko/refs/heads/0.8.0-ns-support: no such file or directory"}
{"level":"info","ts":1594986671.1628597,"logger":"fallback-logger","caller":"git/git.go:103","msg":"Successfully cloned https://github.com/SeldonIO/seldon-core.git @ master in path /workspace/source"}

Showing logs for build [32mseldonio-seldon-core-pr-2149-pr-dnshs-13[0m stage [32mtest-python[0m and container [32mstep-setup-builder-home[0m

Showing logs for build [32mseldonio-seldon-core-pr-2149-pr-dnshs-13[0m stage [32mtest-python[0m and container [32mstep-git-merge[0m
Using SHAs from PULL_REFS=master:7da0e4f2055a70002309bff9b746bcba4105f37e,2149:ea7064b58b3154053c131140aa3c99169ea5a0bf
DEBUG: LC_ALL=C JX_LOG_LEVEL=error git fetch origin --unshallow ea7064b58b3154053c131140aa3c99169ea5a0bf: 7da0e4f2055a70002309bff9b746bcba4105f37e:
DEBUG: ran git fetch --unshallow origin ea7064b58b3154053c131140aa3c99169ea5a0bf: 7da0e4f2055a70002309bff9b746bcba4105f37e: in 
DEBUG: LC_ALL=C JX_LOG_LEVEL=error git branch
DEBUG: LC_ALL=C JX_LOG_LEVEL=error git checkout master
DEBUG: ran git checkout master in 
DEBUG: LC_ALL=C JX_LOG_LEVEL=error git reset --hard 7da0e4f2055a70002309bff9b746bcba4105f37e
DEBUG: ran git reset --hard 7da0e4f2055a70002309bff9b746bcba4105f37e in 
DEBUG: LC_ALL=C JX_LOG_LEVEL=error git clean -fd .
DEBUG: ran clean --force -d . in 
DEBUG: JX_LOG_LEVEL=error LC_ALL=C git merge ea7064b58b3154053c131140aa3c99169ea5a0bf
DEBUG: ran git merge ea7064b58b3154053c131140aa3c99169ea5a0bf in 
DEBUG: LC_ALL=C JX_LOG_LEVEL=error git log --format=%H%x1f%an%x1f%ae%x1f%cn%x1f%ce%x1f%s%n%b%x1e 7da0e4f2055a70002309bff9b746bcba4105f37e..HEAD
Merged SHA c7c1be4a72866bb2280afac75924b77945c63a9b with commit message 'Merge commit 'ea7064b58b3154053c131140aa3c99169ea5a0bf'' into base branch master
Merged SHA ea7064b58b3154053c131140aa3c99169ea5a0bf with commit message 'Testing main comment' into base branch master
Merged SHA d2bdaebf8a877abbbc11b2213e6a799204d01ffb with commit message 'Testing main comment' into base branch master
Merged SHA 914888dea31b05a61385642addc814d4ec53e207 with commit message 'Added override for temp fast build' into base branch master
Merged SHA 781be799063bf1fc4fab5a8b4d81e11ba76a1cdc with commit message 'Added override for temp fast build' into base branch master
Merged SHA fd73daa0dbf8ea4270effe173563d12e59224bd2 with commit message 'updated pipeline to test other pre/post' into base branch master
Merged SHA 501cbc7f51ddd8d21105eb82eaf0486faf496e58 with commit message 'Fixed formating on yaml' into base branch master
Merged SHA fef171f7d4110d0823798702ba7b3468236cb094 with commit message 'Added pipeline pre/post check' into base branch master

Showing logs for build [32mseldonio-seldon-core-pr-2149-pr-dnshs-13[0m stage [32mtest-python[0m and container [32mstep-temp[0m
/bin/sh: 1: **: not found
[31m
Pipeline failed on stage 'test-python' : container 'step-temp'. The execution of the pipeline has stopped.[0m
