
Showing logs for build [32mmeta-seldonio-seldon-core-pr-21-bmg9x-17[0m stage [32mmeta-pipeline[0m and container [32mstep-credential-initializer-mgw2g[0m
{"level":"info","ts":1594987009.7120922,"logger":"fallback-logger","caller":"logging/config.go:69","msg":"Fetch GitHub commit ID from kodata failed: open /var/run/ko/refs/heads/0.8.0-ns-support: no such file or directory"}
{"level":"info","ts":1594987009.7127326,"logger":"fallback-logger","caller":"creds-init/main.go:40","msg":"Credentials initialized."}

Showing logs for build [32mmeta-seldonio-seldon-core-pr-21-bmg9x-17[0m stage [32mmeta-pipeline[0m and container [32mstep-working-dir-initializer-lxf5b[0m
{"level":"info","ts":1594987011.1205513,"logger":"fallback-logger","caller":"logging/config.go:69","msg":"Fetch GitHub commit ID from kodata failed: open /var/run/ko/HEAD: no such file or directory"}
{"level":"info","ts":1594987011.1228619,"logger":"fallback-logger","caller":"bash/main.go:64","msg":"Successfully executed command \"sh -c mkdir -p /workspace/source\"; output "}

Showing logs for build [32mmeta-seldonio-seldon-core-pr-21-bmg9x-17[0m stage [32mmeta-pipeline[0m and container [32mstep-place-tools[0m

Showing logs for build [32mmeta-seldonio-seldon-core-pr-21-bmg9x-17[0m stage [32mmeta-pipeline[0m and container [32mstep-git-source-meta-seldonio-seldon-core-pr-21-bmg9x-dbg5z[0m
{"level":"info","ts":1594987016.297419,"logger":"fallback-logger","caller":"logging/config.go:69","msg":"Fetch GitHub commit ID from kodata failed: open /var/run/ko/refs/heads/0.8.0-ns-support: no such file or directory"}
{"level":"info","ts":1594987021.292694,"logger":"fallback-logger","caller":"git/git.go:103","msg":"Successfully cloned https://github.com/SeldonIO/seldon-core.git @ 7da0e4f2055a70002309bff9b746bcba4105f37e in path /workspace/source"}

Showing logs for build [32mmeta-seldonio-seldon-core-pr-21-bmg9x-17[0m stage [32mmeta-pipeline[0m and container [32mstep-setup-builder-home[0m

Showing logs for build [32mmeta-seldonio-seldon-core-pr-21-bmg9x-17[0m stage [32mmeta-pipeline[0m and container [32mstep-git-merge[0m
Using SHAs from PULL_REFS=master:7da0e4f2055a70002309bff9b746bcba4105f37e,2149:7be1b1c519eb67fb6f17efe0635f1794b8345c81
DEBUG: LC_ALL=C JX_LOG_LEVEL=error git fetch origin --unshallow 7be1b1c519eb67fb6f17efe0635f1794b8345c81: 7da0e4f2055a70002309bff9b746bcba4105f37e:
DEBUG: ran git fetch --unshallow origin 7be1b1c519eb67fb6f17efe0635f1794b8345c81: 7da0e4f2055a70002309bff9b746bcba4105f37e: in 
DEBUG: JX_LOG_LEVEL=error LC_ALL=C git branch
DEBUG: LC_ALL=C JX_LOG_LEVEL=error git checkout master
DEBUG: ran git checkout master in 
DEBUG: LC_ALL=C JX_LOG_LEVEL=error git reset --hard 7da0e4f2055a70002309bff9b746bcba4105f37e
DEBUG: ran git reset --hard 7da0e4f2055a70002309bff9b746bcba4105f37e in 
DEBUG: LC_ALL=C JX_LOG_LEVEL=error git clean -fd .
DEBUG: ran clean --force -d . in 
DEBUG: LC_ALL=C JX_LOG_LEVEL=error git merge 7be1b1c519eb67fb6f17efe0635f1794b8345c81
DEBUG: ran git merge 7be1b1c519eb67fb6f17efe0635f1794b8345c81 in 
DEBUG: JX_LOG_LEVEL=error LC_ALL=C git log --format=%H%x1f%an%x1f%ae%x1f%cn%x1f%ce%x1f%s%n%b%x1e 7da0e4f2055a70002309bff9b746bcba4105f37e..HEAD
Merged SHA 2abeafe73ef27c3b9ffaa8581d2db7b4b680d153 with commit message 'Merge commit '7be1b1c519eb67fb6f17efe0635f1794b8345c81'' into base branch master
Merged SHA 7be1b1c519eb67fb6f17efe0635f1794b8345c81 with commit message 'Testing main comment' into base branch master
Merged SHA aa7524c33f2c1a0e8e504af170597c96a6114af5 with commit message 'Testing main comment' into base branch master
Merged SHA ea7064b58b3154053c131140aa3c99169ea5a0bf with commit message 'Testing main comment' into base branch master
Merged SHA d2bdaebf8a877abbbc11b2213e6a799204d01ffb with commit message 'Testing main comment' into base branch master
Merged SHA 914888dea31b05a61385642addc814d4ec53e207 with commit message 'Added override for temp fast build' into base branch master
Merged SHA 781be799063bf1fc4fab5a8b4d81e11ba76a1cdc with commit message 'Added override for temp fast build' into base branch master
Merged SHA fd73daa0dbf8ea4270effe173563d12e59224bd2 with commit message 'updated pipeline to test other pre/post' into base branch master
Merged SHA 501cbc7f51ddd8d21105eb82eaf0486faf496e58 with commit message 'Fixed formating on yaml' into base branch master
Merged SHA fef171f7d4110d0823798702ba7b3468236cb094 with commit message 'Added pipeline pre/post check' into base branch master

Showing logs for build [32mmeta-seldonio-seldon-core-pr-21-bmg9x-17[0m stage [32mmeta-pipeline[0m and container [32mstep-merge-pull-refs[0m
DEBUG: LC_ALL=C JX_LOG_LEVEL=error git fetch origin --unshallow 7be1b1c519eb67fb6f17efe0635f1794b8345c81: 7da0e4f2055a70002309bff9b746bcba4105f37e:
DEBUG: LC_ALL=C JX_LOG_LEVEL=error git fetch origin 7be1b1c519eb67fb6f17efe0635f1794b8345c81: 7da0e4f2055a70002309bff9b746bcba4105f37e:
DEBUG: ran git fetch origin 7be1b1c519eb67fb6f17efe0635f1794b8345c81: 7da0e4f2055a70002309bff9b746bcba4105f37e: in 
DEBUG: LC_ALL=C JX_LOG_LEVEL=error git rev-parse --is-shallow-repository
DEBUG: Unshallowed git repo in 
DEBUG: LC_ALL=C JX_LOG_LEVEL=error git branch
DEBUG: LC_ALL=C JX_LOG_LEVEL=error git checkout master
DEBUG: ran git checkout master in 
DEBUG: LC_ALL=C JX_LOG_LEVEL=error git reset --hard 7da0e4f2055a70002309bff9b746bcba4105f37e
DEBUG: ran git reset --hard 7da0e4f2055a70002309bff9b746bcba4105f37e in 
DEBUG: LC_ALL=C JX_LOG_LEVEL=error git clean -fd .
DEBUG: ran clean --force -d . in 
DEBUG: JX_LOG_LEVEL=error LC_ALL=C git merge 7be1b1c519eb67fb6f17efe0635f1794b8345c81
DEBUG: ran git merge 7be1b1c519eb67fb6f17efe0635f1794b8345c81 in 
DEBUG: LC_ALL=C JX_LOG_LEVEL=error git log --format=%H%x1f%an%x1f%ae%x1f%cn%x1f%ce%x1f%s%n%b%x1e 7da0e4f2055a70002309bff9b746bcba4105f37e..HEAD
Merged SHA 48201385e0b26efaf2f2baeda7f7c3b80a4b634f with commit message 'Merge commit '7be1b1c519eb67fb6f17efe0635f1794b8345c81'' into base branch master
Merged SHA 7be1b1c519eb67fb6f17efe0635f1794b8345c81 with commit message 'Testing main comment' into base branch master
Merged SHA aa7524c33f2c1a0e8e504af170597c96a6114af5 with commit message 'Testing main comment' into base branch master
Merged SHA ea7064b58b3154053c131140aa3c99169ea5a0bf with commit message 'Testing main comment' into base branch master
Merged SHA d2bdaebf8a877abbbc11b2213e6a799204d01ffb with commit message 'Testing main comment' into base branch master
Merged SHA 914888dea31b05a61385642addc814d4ec53e207 with commit message 'Added override for temp fast build' into base branch master
Merged SHA 781be799063bf1fc4fab5a8b4d81e11ba76a1cdc with commit message 'Added override for temp fast build' into base branch master
Merged SHA fd73daa0dbf8ea4270effe173563d12e59224bd2 with commit message 'updated pipeline to test other pre/post' into base branch master
Merged SHA 501cbc7f51ddd8d21105eb82eaf0486faf496e58 with commit message 'Fixed formating on yaml' into base branch master
Merged SHA fef171f7d4110d0823798702ba7b3468236cb094 with commit message 'Added pipeline pre/post check' into base branch master

Showing logs for build [32mmeta-seldonio-seldon-core-pr-21-bmg9x-17[0m stage [32mmeta-pipeline[0m and container [32mstep-create-effective-pipeline[0m
error: failed to load project config in dir /workspace/source: failed to validate YAML file /workspace/source/jenkins-x.yml due to yaml: line 28: mapping values are not allowed in this context
[31m
Pipeline failed on stage 'meta-pipeline' : container 'step-create-effective-pipeline'. The execution of the pipeline has stopped.[0m
