
Showing logs for build [32mseldonio-seldon-core-pr-2149-li-jnzn2-25[0m stage [32mpr-build-comment[0m and container [32mstep-credential-initializer-hxkzp[0m
{"level":"info","ts":1595052330.7200825,"logger":"fallback-logger","caller":"logging/config.go:69","msg":"Fetch GitHub commit ID from kodata failed: open /var/run/ko/refs/heads/0.8.0-ns-support: no such file or directory"}
{"level":"info","ts":1595052330.721035,"logger":"fallback-logger","caller":"creds-init/main.go:40","msg":"Credentials initialized."}

Showing logs for build [32mseldonio-seldon-core-pr-2149-li-jnzn2-25[0m stage [32mpr-build-comment[0m and container [32mstep-working-dir-initializer-lfptm[0m
{"level":"info","ts":1595052331.1635413,"logger":"fallback-logger","caller":"logging/config.go:69","msg":"Fetch GitHub commit ID from kodata failed: open /var/run/ko/HEAD: no such file or directory"}
{"level":"info","ts":1595052331.1655045,"logger":"fallback-logger","caller":"bash/main.go:64","msg":"Successfully executed command \"sh -c mkdir -p /workspace/source\"; output "}

Showing logs for build [32mseldonio-seldon-core-pr-2149-li-jnzn2-25[0m stage [32mpr-build-comment[0m and container [32mstep-place-tools[0m

Showing logs for build [32mseldonio-seldon-core-pr-2149-li-jnzn2-25[0m stage [32mpr-build-comment[0m and container [32mstep-create-dir-workspace-mcsvs[0m
{"level":"info","ts":1595052337.2867508,"logger":"fallback-logger","caller":"logging/config.go:69","msg":"Fetch GitHub commit ID from kodata failed: open /var/run/ko/HEAD: no such file or directory"}
{"level":"info","ts":1595052337.2889693,"logger":"fallback-logger","caller":"bash/main.go:64","msg":"Successfully executed command \"sh -c mkdir -p source\"; output "}

Showing logs for build [32mseldonio-seldon-core-pr-2149-li-jnzn2-25[0m stage [32mpr-build-comment[0m and container [32mstep-git-source-seldonio-seldon-core-pr-2149-li-jnzn2-xvd5z[0m
{"level":"info","ts":1595052337.5648623,"logger":"fallback-logger","caller":"logging/config.go:69","msg":"Fetch GitHub commit ID from kodata failed: open /var/run/ko/refs/heads/0.8.0-ns-support: no such file or directory"}
{"level":"info","ts":1595052342.4470913,"logger":"fallback-logger","caller":"git/git.go:103","msg":"Successfully cloned https://github.com/SeldonIO/seldon-core.git @ master in path /workspace/source"}

Showing logs for build [32mseldonio-seldon-core-pr-2149-li-jnzn2-25[0m stage [32mpr-build-comment[0m and container [32mstep-setup-builder-home[0m

Showing logs for build [32mseldonio-seldon-core-pr-2149-li-jnzn2-25[0m stage [32mpr-build-comment[0m and container [32mstep-git-merge[0m
Using SHAs from PULL_REFS=master:296d02420fb3010cbb7155795099d023d9c35e57,2149:af8d5ee4560a6cb1b1d71ce23f63ad65007f1334
DEBUG: LC_ALL=C JX_LOG_LEVEL=error git fetch origin --unshallow af8d5ee4560a6cb1b1d71ce23f63ad65007f1334: 296d02420fb3010cbb7155795099d023d9c35e57:
DEBUG: ran git fetch --unshallow origin af8d5ee4560a6cb1b1d71ce23f63ad65007f1334: 296d02420fb3010cbb7155795099d023d9c35e57: in 
DEBUG: LC_ALL=C JX_LOG_LEVEL=error git branch
DEBUG: LC_ALL=C JX_LOG_LEVEL=error git checkout master
DEBUG: ran git checkout master in 
DEBUG: LC_ALL=C JX_LOG_LEVEL=error git reset --hard 296d02420fb3010cbb7155795099d023d9c35e57
DEBUG: ran git reset --hard 296d02420fb3010cbb7155795099d023d9c35e57 in 
DEBUG: LC_ALL=C JX_LOG_LEVEL=error git clean -fd .
DEBUG: ran clean --force -d . in 
DEBUG: LC_ALL=C JX_LOG_LEVEL=error git merge af8d5ee4560a6cb1b1d71ce23f63ad65007f1334
DEBUG: ran git merge af8d5ee4560a6cb1b1d71ce23f63ad65007f1334 in 
DEBUG: LC_ALL=C JX_LOG_LEVEL=error git log --format=%H%x1f%an%x1f%ae%x1f%cn%x1f%ce%x1f%s%n%b%x1e 296d02420fb3010cbb7155795099d023d9c35e57..HEAD
Merged SHA bb6f4aad72bd4853dba1ac39460af7248100288d with commit message 'Merge commit 'af8d5ee4560a6cb1b1d71ce23f63ad65007f1334'' into base branch master
Merged SHA af8d5ee4560a6cb1b1d71ce23f63ad65007f1334 with commit message 'Updated makefiles' into base branch master
Merged SHA a04ed2882adafc5994b239ea12fe2bdf4aec86ee with commit message 'Updated makefiles' into base branch master
Merged SHA 7585c98cc808449df55f276e5624a515fe36e98e with commit message 'Updated makefiles' into base branch master
Merged SHA ad9c917fe8e9413ea362c2796e5941b444a14df5 with commit message 'Updated jenkins files' into base branch master
Merged SHA 65d30326af5493f91324fde169c9f3c49521bdef with commit message 'Updated core builder' into base branch master
Merged SHA 7be1b1c519eb67fb6f17efe0635f1794b8345c81 with commit message 'Testing main comment' into base branch master
Merged SHA aa7524c33f2c1a0e8e504af170597c96a6114af5 with commit message 'Testing main comment' into base branch master
Merged SHA ea7064b58b3154053c131140aa3c99169ea5a0bf with commit message 'Testing main comment' into base branch master
Merged SHA d2bdaebf8a877abbbc11b2213e6a799204d01ffb with commit message 'Testing main comment' into base branch master
Merged SHA 914888dea31b05a61385642addc814d4ec53e207 with commit message 'Added override for temp fast build' into base branch master
Merged SHA 781be799063bf1fc4fab5a8b4d81e11ba76a1cdc with commit message 'Added override for temp fast build' into base branch master
Merged SHA fd73daa0dbf8ea4270effe173563d12e59224bd2 with commit message 'updated pipeline to test other pre/post' into base branch master
Merged SHA 501cbc7f51ddd8d21105eb82eaf0486faf496e58 with commit message 'Fixed formating on yaml' into base branch master
Merged SHA fef171f7d4110d0823798702ba7b3468236cb094 with commit message 'Added pipeline pre/post check' into base branch master

Showing logs for build [32mseldonio-seldon-core-pr-2149-li-jnzn2-25[0m stage [32mpr-build-comment[0m and container [32mstep-step2[0m
+++ dirname ./add-pr-build-comment
++ cd .
++ pwd
+ STARTUP_DIR=/workspace/source/ci
+ REPO_OWNER=SeldonIO
+ REPO_NAME=seldon-core
+ PULL_NUMBER=2149
+ BUILD_NUMBER=25
+ PIPELINE_CONTEXT=lint
++ cat
+++ date
+ COMMENT_MSG='Sat Jul 18 06:05:49 UTC 2020
The logs for [lint] [25] will show after the pipeline context has finished.  
https://github.com/SeldonIO/seldon-core/blob/gh-pages/jenkins-x/logs/SeldonIO/seldon-core/PR-2149/25.log

impatient try  
** get build logs SeldonIO/seldon-core/PR-2149 --build=25'
+ ** step pr comment --owner=SeldonIO --repository=seldon-core --pull-request=2149 '--comment=Sat Jul 18 06:05:49 UTC 2020
The logs for [lint] [25] will show after the pipeline context has finished.  
https://github.com/SeldonIO/seldon-core/blob/gh-pages/jenkins-x/logs/SeldonIO/seldon-core/PR-2149/25.log

impatient try  
** get build logs SeldonIO/seldon-core/PR-2149 --build=25'

Showing logs for build [32mseldonio-seldon-core-pr-2149-li-jnzn2-25[0m stage [32mpr-build-comment[0m and container [32mstep-source-mkdir-seldonio-seldon-core-pr-2149-li-jnzn2-mv26f[0m
{"level":"info","ts":1595052350.6673863,"logger":"fallback-logger","caller":"logging/config.go:69","msg":"Fetch GitHub commit ID from kodata failed: open /var/run/ko/HEAD: no such file or directory"}
{"level":"info","ts":1595052350.6709466,"logger":"fallback-logger","caller":"bash/main.go:64","msg":"Successfully executed command \"sh -c mkdir -p /pvc/pr-build-comment/workspace\"; output "}

Showing logs for build [32mseldonio-seldon-core-pr-2149-li-jnzn2-25[0m stage [32mpr-build-comment[0m and container [32mstep-source-copy-seldonio-seldon-core-pr-2149-li-jnzn2-f99t9[0m
{"level":"info","ts":1595052350.9311872,"logger":"fallback-logger","caller":"logging/config.go:69","msg":"Fetch GitHub commit ID from kodata failed: open /var/run/ko/HEAD: no such file or directory"}
{"level":"info","ts":1595052351.449044,"logger":"fallback-logger","caller":"bash/main.go:64","msg":"Successfully executed command \"sh -c cp -r source/. /pvc/pr-build-comment/workspace\"; output "}

Showing logs for build [32mseldonio-seldon-core-pr-2149-li-jnzn2-25[0m stage [32mlint-operator[0m and container [32mstep-credential-initializer-jbn78[0m
{"level":"info","ts":1595052356.3668203,"logger":"fallback-logger","caller":"logging/config.go:69","msg":"Fetch GitHub commit ID from kodata failed: open /var/run/ko/refs/heads/0.8.0-ns-support: no such file or directory"}
{"level":"info","ts":1595052356.3675818,"logger":"fallback-logger","caller":"creds-init/main.go:40","msg":"Credentials initialized."}

Showing logs for build [32mseldonio-seldon-core-pr-2149-li-jnzn2-25[0m stage [32mlint-operator[0m and container [32mstep-working-dir-initializer-s95tk[0m
{"level":"info","ts":1595052357.069616,"logger":"fallback-logger","caller":"logging/config.go:69","msg":"Fetch GitHub commit ID from kodata failed: open /var/run/ko/HEAD: no such file or directory"}
{"level":"info","ts":1595052357.0715003,"logger":"fallback-logger","caller":"bash/main.go:64","msg":"Successfully executed command \"sh -c mkdir -p /workspace/source\"; output "}

Showing logs for build [32mseldonio-seldon-core-pr-2149-li-jnzn2-25[0m stage [32mlint-operator[0m and container [32mstep-place-tools[0m

Showing logs for build [32mseldonio-seldon-core-pr-2149-li-jnzn2-25[0m stage [32mlint-operator[0m and container [32mstep-create-dir-workspace-rjm8s[0m
{"level":"info","ts":1595052448.3867722,"logger":"fallback-logger","caller":"logging/config.go:69","msg":"Fetch GitHub commit ID from kodata failed: open /var/run/ko/HEAD: no such file or directory"}
{"level":"info","ts":1595052448.389566,"logger":"fallback-logger","caller":"bash/main.go:64","msg":"Successfully executed command \"sh -c mkdir -p /workspace/source\"; output "}

Showing logs for build [32mseldonio-seldon-core-pr-2149-li-jnzn2-25[0m stage [32mlint-operator[0m and container [32mstep-source-copy-workspace-svr2l[0m
{"level":"info","ts":1595052448.6351576,"logger":"fallback-logger","caller":"logging/config.go:69","msg":"Fetch GitHub commit ID from kodata failed: open /var/run/ko/HEAD: no such file or directory"}
{"level":"info","ts":1595052449.3467655,"logger":"fallback-logger","caller":"bash/main.go:64","msg":"Successfully executed command \"sh -c cp -r /pvc/pr-build-comment/workspace/. /workspace/source\"; output "}

Showing logs for build [32mseldonio-seldon-core-pr-2149-li-jnzn2-25[0m stage [32mlint-operator[0m and container [32mstep-setup-builder-home[0m

Showing logs for build [32mseldonio-seldon-core-pr-2149-li-jnzn2-25[0m stage [32mlint-operator[0m and container [32mstep-lint-operator[0m
make: Entering directory '/workspace/source/operator'
go list -m all | cut -d ' ' -f 1 > licenses/dep.txt
go: finding cloud.google.com/go v0.38.0
go: finding github.com/Azure/go-ansiterm v0.0.0-20170929234023-d6e3b3328b78
go: finding github.com/Azure/go-autorest v14.2.0+incompatible
go: finding github.com/Azure/go-autorest/autorest v0.9.0
go: finding github.com/Azure/go-autorest/autorest/adal v0.9.0
go: finding github.com/Azure/go-autorest/autorest/date v0.3.0
go: finding github.com/Azure/go-autorest/autorest/mocks v0.4.0
go: finding github.com/Azure/go-autorest/logger v0.1.0
go: finding github.com/Azure/go-autorest/tracing v0.6.0
go: finding github.com/BurntSushi/toml v0.3.1
go: finding github.com/BurntSushi/xgb v0.0.0-20160522181843-27f122750802
go: finding github.com/NYTimes/gziphandler v0.0.0-20170623195520-56545f4a5d46
go: finding github.com/PuerkitoBio/purell v1.1.1
go: finding github.com/PuerkitoBio/urlesc v0.0.0-20170810143723-de5bf2ad4578
go: finding github.com/agnivade/levenshtein v1.0.1
go: finding github.com/alecthomas/template v0.0.0-20160405071501-a0175ee3bccc
go: finding github.com/alecthomas/units v0.0.0-20151022065526-2efee857e7cf
go: finding github.com/andreyvit/diff v0.0.0-20170406064948-c7f18ee00883
go: finding github.com/armon/consul-api v0.0.0-20180202201655-eb2c6b5be1b6
go: finding github.com/asaskevich/govalidator v0.0.0-20190424111038-f61b66f89f4a
go: finding github.com/beorn7/perks v1.0.1
go: finding github.com/bgentry/speakeasy v0.1.0
go: finding github.com/blang/semver v3.5.0+incompatible
go: finding github.com/client9/misspell v0.3.4
go: finding github.com/cockroachdb/datadriven v0.0.0-20190809214429-80d97fb3cbaa
go: finding github.com/coreos/etcd v3.3.10+incompatible
go: finding github.com/coreos/go-etcd v2.0.0+incompatible
go: finding github.com/coreos/go-oidc v2.1.0+incompatible
go: finding github.com/coreos/go-semver v0.3.0
go: finding github.com/coreos/go-systemd v0.0.0-20190321100706-95778dfbb74e
go: finding github.com/coreos/pkg v0.0.0-20180108230652-97fdf19511ea
go: finding github.com/cpuguy83/go-md2man v1.0.10
go: finding github.com/creack/pty v1.1.7
go: finding github.com/davecgh/go-spew v1.1.1
go: finding github.com/dgrijalva/jwt-go v3.2.0+incompatible
go: finding github.com/docker/docker v0.7.3-0.20190327010347-be7ac8be2ae0
go: finding github.com/docker/go-units v0.4.0
go: finding github.com/docker/spdystream v0.0.0-20160310174837-449fdfce4d96
go: finding github.com/docopt/docopt-go v0.0.0-20180111231733-ee0de3bc6815
go: finding github.com/dustin/go-humanize v1.0.0
go: finding github.com/elazarl/goproxy v0.0.0-20170405201442-c4fc26588b6e
go: finding github.com/emicklei/go-restful v2.9.5+incompatible
go: finding github.com/evanphx/json-patch v4.5.0+incompatible
go: finding github.com/fatih/color v1.7.0
go: finding github.com/fsnotify/fsnotify v1.4.9
go: finding github.com/ghodss/yaml v1.0.0
go: finding github.com/globalsign/mgo v0.0.0-20181015135952-eeefdecb41b8
go: finding github.com/go-kit/kit v0.8.0
go: finding github.com/go-logfmt/logfmt v0.3.0
go: finding github.com/go-logr/logr v0.1.0
go: finding github.com/go-logr/zapr v0.1.0
go: finding github.com/go-openapi/analysis v0.19.5
go: finding github.com/go-openapi/errors v0.19.2
go: finding github.com/go-openapi/jsonpointer v0.19.3
go: finding github.com/go-openapi/jsonreference v0.19.3
go: finding github.com/go-openapi/loads v0.19.4
go: finding github.com/go-openapi/runtime v0.19.4
go: finding github.com/go-openapi/spec v0.19.3
go: finding github.com/go-openapi/strfmt v0.19.3
go: finding github.com/go-openapi/swag v0.19.5
go: finding github.com/go-openapi/validate v0.19.5
go: finding github.com/go-stack/stack v1.8.0
go: finding github.com/gogo/protobuf v1.3.1
go: finding github.com/golang/glog v0.0.0-20160126235308-23def4e6c14b
go: finding github.com/golang/groupcache v0.0.0-20190702054246-869f871628b6
go: finding github.com/golang/mock v1.2.0
go: finding github.com/golang/protobuf v1.4.2
go: finding github.com/google/btree v1.0.0
go: finding github.com/google/go-cmp v0.5.0
go: finding github.com/google/gofuzz v1.0.0
go: finding github.com/google/martian v2.1.0+incompatible
go: finding github.com/google/pprof v0.0.0-20181206194817-3ea8567a2e57
go: finding github.com/google/renameio v0.1.0
go: finding github.com/google/uuid v1.1.1
go: finding github.com/googleapis/gax-go/v2 v2.0.4
go: finding github.com/googleapis/gnostic v0.3.1
go: finding github.com/gophercloud/gophercloud v0.1.0
go: finding github.com/gorilla/websocket v1.4.0
go: finding github.com/gregjones/httpcache v0.0.0-20180305231024-9cad4c3443a7
go: finding github.com/grpc-ecosystem/go-grpc-middleware v1.0.1-0.20190118093823-f849b5445de4
go: finding github.com/grpc-ecosystem/go-grpc-prometheus v1.2.0
go: finding github.com/grpc-ecosystem/grpc-gateway v1.9.5
go: finding github.com/hashicorp/golang-lru v0.5.4
go: finding github.com/hashicorp/hcl v1.0.0
go: finding github.com/hpcloud/tail v1.0.0
go: finding github.com/imdario/mergo v0.3.9
go: finding github.com/inconshreveable/mousetrap v1.0.0
go: finding github.com/jonboulle/clockwork v0.1.0
go: finding github.com/json-iterator/go v1.1.10
go: finding github.com/jstemmer/go-junit-report v0.0.0-20190106144839-af01ea7f8024
go: finding github.com/julienschmidt/httprouter v1.2.0
go: finding github.com/kisielk/errcheck v1.2.0
go: finding github.com/kisielk/gotool v1.0.0
go: finding github.com/konsorten/go-windows-terminal-sequences v1.0.1
go: finding github.com/kr/logfmt v0.0.0-20140226030751-b84e30acd515
go: finding github.com/kr/pretty v0.1.0
go: finding github.com/kr/pty v1.1.5
go: finding github.com/kr/text v0.1.0
go: finding github.com/magiconair/properties v1.8.0
go: finding github.com/mailru/easyjson v0.7.0
go: finding github.com/mattn/go-colorable v0.0.9
go: finding github.com/mattn/go-isatty v0.0.4
go: finding github.com/mattn/go-runewidth v0.0.2
go: finding github.com/matttproud/golang_protobuf_extensions v1.0.1
go: finding github.com/mitchellh/go-homedir v1.1.0
go: finding github.com/mitchellh/mapstructure v1.1.2
go: finding github.com/modern-go/concurrent v0.0.0-20180306012644-bacd9c7ef1dd
go: finding github.com/modern-go/reflect2 v1.0.1
go: finding github.com/munnerz/goautoneg v0.0.0-20191010083416-a7dc8b61c822
go: finding github.com/mwitkow/go-conntrack v0.0.0-20161129095857-cc309e4a2223
go: finding github.com/mxk/go-flowrate v0.0.0-20140419014527-cca7078d478f
go: finding github.com/nxadm/tail v1.4.4
go: finding github.com/olekukonko/tablewriter v0.0.0-20170122224234-a0225b3f23b5
go: finding github.com/onsi/ginkgo v1.14.0
go: finding github.com/onsi/gomega v1.10.1
go: finding github.com/pborman/uuid v1.2.0
go: finding github.com/pelletier/go-toml v1.2.0
go: finding github.com/peterbourgon/diskv v2.0.1+incompatible
go: finding github.com/pkg/errors v0.8.1
go: finding github.com/pmezard/go-difflib v1.0.0
go: finding github.com/pquerna/cachecontrol v0.0.0-20171018203845-0dec1b30a021
go: finding github.com/prometheus/client_golang v1.0.0
go: finding github.com/prometheus/client_model v0.0.0-20190129233127-fd36f4220a90
go: finding github.com/prometheus/common v0.4.1
go: finding github.com/prometheus/procfs v0.0.11
go: finding github.com/remyoudompheng/bigfft v0.0.0-20170806203942-52369c62f446
go: finding github.com/rogpeppe/fastuuid v0.0.0-20150106093220-6724a57986af
go: finding github.com/rogpeppe/go-internal v1.3.0
go: finding github.com/russross/blackfriday v1.5.2
go: finding github.com/sergi/go-diff v1.0.0
go: finding github.com/sirupsen/logrus v1.4.2
go: finding github.com/soheilhy/cmux v0.1.4
go: finding github.com/spf13/afero v1.2.2
go: finding github.com/spf13/cast v1.3.0
go: finding github.com/spf13/cobra v0.0.5
go: finding github.com/spf13/jwalterweatherman v1.0.0
go: finding github.com/spf13/pflag v1.0.5
go: finding github.com/spf13/viper v1.3.2
go: finding github.com/stretchr/ob** v0.2.0
go: finding github.com/stretchr/testify v1.4.0
go: finding github.com/tidwall/pretty v1.0.0
go: finding github.com/tmc/grpc-websocket-proxy v0.0.0-20170815181823-89b8d40f7ca8
go: finding github.com/ugorji/go/codec v0.0.0-20181204163529-d75b2dcb6bc8
go: finding github.com/urfave/cli v1.20.0
go: finding github.com/vektah/gqlparser v1.1.2
go: finding github.com/xiang90/probing v0.0.0-20190116061207-43a291ad63a2
go: finding github.com/xordataexchange/crypt v0.0.3-0.20170626215501-b2862e3d0a77
go: finding go.etcd.io/bbolt v1.3.3
go: finding go.etcd.io/etcd v0.0.0-20191023171146-3cf2f69b5738
go: finding go.mongodb.org/mongo-driver v1.1.2
go: finding go.opencensus.io v0.21.0
go: finding go.uber.org/atomic v1.6.0
go: finding go.uber.org/multierr v1.5.0
go: finding go.uber.org/tools v0.0.0-20190618225709-2cfd321de3ee
go: finding go.uber.org/zap v1.15.0
go: finding golang.org/x/crypto v0.0.0-20200622213623-75b288015ac9
go: finding golang.org/x/exp v0.0.0-20190312203227-4b39c73a6495
go: finding golang.org/x/image v0.0.0-20190227222117-0694c2d4d067
go: finding golang.org/x/lint v0.0.0-20190930215403-16217165b5de
go: finding golang.org/x/mobile v0.0.0-20190312151609-d3739f865fa6
go: finding golang.org/x/mod v0.0.0-20190513183733-4bf6d317e70e
go: finding golang.org/x/net v0.0.0-20200520004742-59133d7f0dd7
go: finding golang.org/x/oauth2 v0.0.0-20190604053449-0f29369cfe45
go: finding golang.org/x/sync v0.0.0-20190911185100-cd5d95a43a6e
go: finding golang.org/x/sys v0.0.0-20200519105757-fe76b779f299
go: finding golang.org/x/text v0.3.3
go: finding golang.org/x/time v0.0.0-20190921001708-c4c64cad1fd0
go: finding golang.org/x/tools v0.0.0-20191029190741-b9c20aec41a5
go: finding golang.org/x/xerrors v0.0.0-20191204190536-9bdfabe68543
go: finding gomodules.xyz/jsonpatch/v2 v2.0.1
go: finding gonum.org/v1/gonum v0.0.0-20190331200053-3d26580ed485
go: finding gonum.org/v1/netlib v0.0.0-20190331212654-76723241ea4e
go: finding google.golang.org/api v0.4.0
go: finding google.golang.org/appengine v1.6.5
go: finding google.golang.org/genproto v0.0.0-20190916214212-f660b8655731
go: finding google.golang.org/grpc v1.23.1
go: finding google.golang.org/protobuf v1.23.0
go: finding gopkg.in/alecthomas/kingpin.v2 v2.2.6
go: finding gopkg.in/check.v1 v1.0.0-20190902080502-41f04d3bba15
go: finding gopkg.in/cheggaaa/pb.v1 v1.0.25
go: finding gopkg.in/errgo.v2 v2.1.0
go: finding gopkg.in/fsnotify.v1 v1.4.7
go: finding gopkg.in/inf.v0 v0.9.1
go: finding gopkg.in/natefinch/lumberjack.v2 v2.0.0
go: finding gopkg.in/resty.v1 v1.12.0
go: finding gopkg.in/square/go-jose.v2 v2.2.2
go: finding gopkg.in/tomb.v1 v1.0.0-20141024135613-dd632973f1e7
go: finding gopkg.in/yaml.v2 v2.3.0
go: finding gotest.tools v2.2.0+incompatible
go: finding honnef.co/go/tools v0.0.1-2019.2.3
go: finding istio.io/api v0.0.0-20200513175333-ae3da0d240e3
go: finding istio.io/client-go v0.0.0-20200513180646-f8d9d8ff84e6
go: finding istio.io/gogo-genproto v0.0.0-20190930162913-45029607206a
go: finding k8s.io/api v0.17.8
go: finding k8s.io/apiextensions-apiserver v0.17.8
go: finding k8s.io/apimachinery v0.17.8
go: finding k8s.io/apiserver v0.17.8
go: finding k8s.io/client-go v0.17.8
go: finding k8s.io/code-generator v0.17.8
go: finding k8s.io/component-base v0.17.8
go: finding k8s.io/gengo v0.0.0-20190822140433-26a664648505
go: finding k8s.io/klog v1.0.0
go: finding k8s.io/klog/v2 v2.0.0
go: finding k8s.io/kube-openapi v0.0.0-20200410145947-bcb3869e6f29
go: finding k8s.io/utils v0.0.0-20200619165400-6e3d28b6ed19
go: finding knative.dev/pkg v0.0.0-20200513151758-7b6bb61326ae
go: finding modernc.org/cc v1.0.0
go: finding modernc.org/golex v1.0.0
go: finding modernc.org/mathutil v1.0.0
go: finding modernc.org/strutil v1.0.0
go: finding modernc.org/xc v1.0.0
go: finding sigs.k8s.io/controller-runtime v0.5.8
go: finding sigs.k8s.io/structured-merge-diff v0.0.0-20190525122527-15d366b2352e
go: finding sigs.k8s.io/structured-merge-diff/v2 v2.0.1
go: finding sigs.k8s.io/yaml v1.1.0
# Check if licenses have changed
git \
	--no-pager diff \
	--exit-code \
	./licenses
make: Leaving directory '/workspace/source/operator'

Showing logs for build [32mseldonio-seldon-core-pr-2149-li-jnzn2-25[0m stage [32mlint-python[0m and container [32mstep-credential-initializer-4kdw8[0m
{"level":"info","ts":1595052357.10028,"logger":"fallback-logger","caller":"logging/config.go:69","msg":"Fetch GitHub commit ID from kodata failed: open /var/run/ko/refs/heads/0.8.0-ns-support: no such file or directory"}
{"level":"info","ts":1595052357.100956,"logger":"fallback-logger","caller":"creds-init/main.go:40","msg":"Credentials initialized."}

Showing logs for build [32mseldonio-seldon-core-pr-2149-li-jnzn2-25[0m stage [32mlint-python[0m and container [32mstep-working-dir-initializer-lkkq4[0m
{"level":"info","ts":1595052358.1661737,"logger":"fallback-logger","caller":"logging/config.go:69","msg":"Fetch GitHub commit ID from kodata failed: open /var/run/ko/HEAD: no such file or directory"}
{"level":"info","ts":1595052358.1686118,"logger":"fallback-logger","caller":"bash/main.go:64","msg":"Successfully executed command \"sh -c mkdir -p /workspace/source\"; output "}

Showing logs for build [32mseldonio-seldon-core-pr-2149-li-jnzn2-25[0m stage [32mlint-python[0m and container [32mstep-place-tools[0m

Showing logs for build [32mseldonio-seldon-core-pr-2149-li-jnzn2-25[0m stage [32mlint-python[0m and container [32mstep-create-dir-workspace-vszrj[0m
{"level":"info","ts":1595052432.598262,"logger":"fallback-logger","caller":"logging/config.go:69","msg":"Fetch GitHub commit ID from kodata failed: open /var/run/ko/HEAD: no such file or directory"}
{"level":"info","ts":1595052432.601964,"logger":"fallback-logger","caller":"bash/main.go:64","msg":"Successfully executed command \"sh -c mkdir -p /workspace/source\"; output "}

Showing logs for build [32mseldonio-seldon-core-pr-2149-li-jnzn2-25[0m stage [32mlint-python[0m and container [32mstep-source-copy-workspace-cpp8f[0m
{"level":"info","ts":1595052432.8273532,"logger":"fallback-logger","caller":"logging/config.go:69","msg":"Fetch GitHub commit ID from kodata failed: open /var/run/ko/HEAD: no such file or directory"}
{"level":"info","ts":1595052433.6632378,"logger":"fallback-logger","caller":"bash/main.go:64","msg":"Successfully executed command \"sh -c cp -r /pvc/pr-build-comment/workspace/. /workspace/source\"; output "}

Showing logs for build [32mseldonio-seldon-core-pr-2149-li-jnzn2-25[0m stage [32mlint-python[0m and container [32mstep-setup-builder-home[0m

Showing logs for build [32mseldonio-seldon-core-pr-2149-li-jnzn2-25[0m stage [32mlint-python[0m and container [32mstep-lint-python[0m
make: Entering directory '/workspace/source/python'
pip install -e . -r requirements-dev.txt
Obtaining file:///workspace/source/python
Collecting Flask<2.0.0
  Downloading Flask-1.1.2-py2.py3-none-any.whl (94 kB)
Requirement already satisfied: jsonschema<4.0.0 in /usr/local/lib/python3.6/site-packages (from -r requirements.txt (line 2)) (3.2.0)
Collecting Flask-cors<4.0.0
  Downloading Flask_Cors-3.0.8-py2.py3-none-any.whl (14 kB)
Collecting redis<4.0.0
  Downloading redis-3.5.3-py2.py3-none-any.whl (72 kB)
Requirement already satisfied: requests<3.0.0 in /usr/local/lib/python3.6/site-packages (from -r requirements.txt (line 5)) (2.23.0)
Requirement already satisfied: numpy<2.0.0 in /usr/local/lib/python3.6/site-packages (from -r requirements.txt (line 6)) (1.18.4)
Collecting flatbuffers<2.0.0
  Downloading flatbuffers-1.12-py2.py3-none-any.whl (15 kB)
Requirement already satisfied: protobuf<4.0.0 in /usr/local/lib/python3.6/site-packages (from -r requirements.txt (line 8)) (3.12.1)
Requirement already satisfied: grpcio<2.0.0 in /usr/local/lib/python3.6/site-packages (from -r requirements.txt (line 9)) (1.29.0)
Collecting Flask-OpenTracing<1.2.0,>=1.1.0
  Downloading Flask-OpenTracing-1.1.0.tar.gz (8.2 kB)
Collecting opentracing<2.3.0,>=2.2.0
  Downloading opentracing-2.2.0.tar.gz (47 kB)
Collecting jaeger-client<4.2.0,>=4.1.0
  Downloading jaeger-client-4.1.0.tar.gz (80 kB)
Collecting grpcio-opentracing<1.2.0,>=1.1.4
  Downloading grpcio_opentracing-1.1.4-py3-none-any.whl (14 kB)
Requirement already satisfied: PyYAML<5.4 in /usr/local/lib/python3.6/site-packages (from -r requirements.txt (line 14)) (5.3.1)
Collecting gunicorn<20.1.0,>=19.9.0
  Downloading gunicorn-20.0.4-py2.py3-none-any.whl (77 kB)
Collecting minio<6.0.0,>=4.0.9
  Downloading minio-5.0.10-py2.py3-none-any.whl (75 kB)
Collecting azure-storage-blob<3.0.0,>=2.0.1
  Downloading azure_storage_blob-2.1.0-py2.py3-none-any.whl (88 kB)
Requirement already satisfied: setuptools>=41.0.0 in /usr/local/lib/python3.6/site-packages (from -r requirements.txt (line 18)) (46.4.0)
Collecting google-cloud-storage>=1.16.0
  Downloading google_cloud_storage-1.29.0-py2.py3-none-any.whl (85 kB)
Requirement already satisfied: prometheus_client<0.9.0,>=0.7.1 in /usr/local/lib/python3.6/site-packages (from -r requirements.txt (line 20)) (0.7.1)
Collecting black==19.10b0
  Downloading black-19.10b0-py36-none-any.whl (97 kB)
Collecting flake8==3.8.1
  Downloading flake8-3.8.1-py2.py3-none-any.whl (72 kB)
Collecting mypy<0.783
  Downloading mypy-0.782-cp36-cp36m-manylinux1_x86_64.whl (20.8 MB)
Collecting Pillow==7.2.0
  Downloading Pillow-7.2.0-cp36-cp36m-manylinux1_x86_64.whl (2.2 MB)
Collecting pytest==5.4.2
  Downloading pytest-5.4.2-py3-none-any.whl (247 kB)
Collecting pytest-cov==2.10.0
  Downloading pytest_cov-2.10.0-py2.py3-none-any.whl (19 kB)
Collecting tox<4.0.0
  Downloading tox-3.17.1-py2.py3-none-any.whl (82 kB)
Collecting grpcio-tools==1.30.0
  Downloading grpcio_tools-1.30.0-cp36-cp36m-manylinux2010_x86_64.whl (2.5 MB)
Collecting mypy-protobuf==1.22
  Downloading mypy_protobuf-1.22-py3-none-any.whl (7.5 kB)
Collecting tenacity==6.2.0
  Downloading tenacity-6.2.0-py2.py3-none-any.whl (24 kB)
Collecting coverage==5.2
  Downloading coverage-5.2-cp36-cp36m-manylinux1_x86_64.whl (229 kB)
Collecting pandas==1.0.1
  Downloading pandas-1.0.1-cp36-cp36m-manylinux1_x86_64.whl (10.1 MB)
Collecting pip-licenses==2.2.1
  Downloading pip_licenses-2.2.1-py3-none-any.whl (14 kB)
Requirement already satisfied: Werkzeug>=0.15 in /usr/local/lib/python3.6/site-packages (from Flask<2.0.0->-r requirements.txt (line 1)) (1.0.1)
Collecting click>=5.1
  Downloading click-7.1.2-py2.py3-none-any.whl (82 kB)
Requirement already satisfied: Jinja2>=2.10.1 in /usr/local/lib/python3.6/site-packages (from Flask<2.0.0->-r requirements.txt (line 1)) (2.11.2)
Collecting itsdangerous>=0.24
  Downloading itsdangerous-1.1.0-py2.py3-none-any.whl (16 kB)
Requirement already satisfied: attrs>=17.4.0 in /usr/local/lib/python3.6/site-packages (from jsonschema<4.0.0->-r requirements.txt (line 2)) (19.3.0)
Requirement already satisfied: importlib-metadata; python_version < "3.8" in /usr/local/lib/python3.6/site-packages (from jsonschema<4.0.0->-r requirements.txt (line 2)) (1.6.0)
Requirement already satisfied: pyrsistent>=0.14.0 in /usr/local/lib/python3.6/site-packages (from jsonschema<4.0.0->-r requirements.txt (line 2)) (0.16.0)
Requirement already satisfied: six>=1.11.0 in /usr/local/lib/python3.6/site-packages (from jsonschema<4.0.0->-r requirements.txt (line 2)) (1.15.0)
Requirement already satisfied: certifi>=2017.4.17 in /usr/local/lib/python3.6/site-packages (from requests<3.0.0->-r requirements.txt (line 5)) (2020.4.5.1)
Requirement already satisfied: chardet<4,>=3.0.2 in /usr/local/lib/python3.6/site-packages (from requests<3.0.0->-r requirements.txt (line 5)) (3.0.4)
Requirement already satisfied: idna<3,>=2.5 in /usr/local/lib/python3.6/site-packages (from requests<3.0.0->-r requirements.txt (line 5)) (2.9)
Requirement already satisfied: urllib3!=1.25.0,!=1.25.1,<1.26,>=1.21.1 in /usr/local/lib/python3.6/site-packages (from requests<3.0.0->-r requirements.txt (line 5)) (1.25.9)
Collecting threadloop<2,>=1
  Downloading threadloop-1.0.2.tar.gz (4.9 kB)
Collecting thrift
  Downloading thrift-0.13.0.tar.gz (59 kB)
Collecting tornado<6,>=4.3
  Downloading tornado-5.1.1.tar.gz (516 kB)
Collecting configparser
  Downloading configparser-5.0.0-py3-none-any.whl (22 kB)
Requirement already satisfied: pytz in /usr/local/lib/python3.6/site-packages (from minio<6.0.0,>=4.0.9->-r requirements.txt (line 16)) (2020.1)
Requirement already satisfied: python-dateutil in /usr/local/lib/python3.6/site-packages (from minio<6.0.0,>=4.0.9->-r requirements.txt (line 16)) (2.8.1)
Collecting azure-storage-common~=2.1
  Downloading azure_storage_common-2.1.0-py2.py3-none-any.whl (47 kB)
Collecting azure-common>=1.1.5
  Downloading azure_common-1.1.25-py2.py3-none-any.whl (12 kB)
Collecting google-auth<2.0dev,>=1.11.0
  Downloading google_auth-1.19.2-py2.py3-none-any.whl (91 kB)
Collecting google-resumable-media<0.6dev,>=0.5.0
  Downloading google_resumable_media-0.5.1-py2.py3-none-any.whl (38 kB)
Collecting google-cloud-core<2.0dev,>=1.2.0
  Downloading google_cloud_core-1.3.0-py2.py3-none-any.whl (26 kB)
Collecting pathspec<1,>=0.6
  Downloading pathspec-0.8.0-py2.py3-none-any.whl (28 kB)
Collecting toml>=0.9.4
  Downloading toml-0.10.1-py2.py3-none-any.whl (19 kB)
Collecting regex
  Downloading regex-2020.7.14-cp36-cp36m-manylinux2010_x86_64.whl (660 kB)
Collecting appdirs
  Downloading appdirs-1.4.4-py2.py3-none-any.whl (9.6 kB)
Collecting typed-ast>=1.4.0
  Downloading typed_ast-1.4.1-cp36-cp36m-manylinux1_x86_64.whl (737 kB)
Collecting mccabe<0.7.0,>=0.6.0
  Downloading mccabe-0.6.1-py2.py3-none-any.whl (8.6 kB)
Collecting pycodestyle<2.7.0,>=2.6.0a1
  Downloading pycodestyle-2.6.0-py2.py3-none-any.whl (41 kB)
Collecting pyflakes<2.3.0,>=2.2.0
  Downloading pyflakes-2.2.0-py2.py3-none-any.whl (66 kB)
Collecting typing-extensions>=3.7.4
  Downloading typing_extensions-3.7.4.2-py3-none-any.whl (22 kB)
Collecting mypy-extensions<0.5.0,>=0.4.3
  Downloading mypy_extensions-0.4.3-py2.py3-none-any.whl (4.5 kB)
Requirement already satisfied: wcwidth in /usr/local/lib/python3.6/site-packages (from pytest==5.4.2->-r requirements-dev.txt (line 6)) (0.1.9)
Requirement already satisfied: pluggy<1.0,>=0.12 in /usr/local/lib/python3.6/site-packages (from pytest==5.4.2->-r requirements-dev.txt (line 6)) (0.13.1)
Requirement already satisfied: packaging in /usr/local/lib/python3.6/site-packages (from pytest==5.4.2->-r requirements-dev.txt (line 6)) (20.4)
Requirement already satisfied: py>=1.5.0 in /usr/local/lib/python3.6/site-packages (from pytest==5.4.2->-r requirements-dev.txt (line 6)) (1.8.1)
Requirement already satisfied: more-itertools>=4.0.0 in /usr/local/lib/python3.6/site-packages (from pytest==5.4.2->-r requirements-dev.txt (line 6)) (8.3.0)
Collecting virtualenv!=20.0.0,!=20.0.1,!=20.0.2,!=20.0.3,!=20.0.4,!=20.0.5,!=20.0.6,!=20.0.7,>=16.0.0
  Downloading virtualenv-20.0.27-py2.py3-none-any.whl (4.9 MB)
Collecting filelock>=3.0.0
  Downloading filelock-3.0.12-py3-none-any.whl (7.6 kB)
Collecting PTable
  Downloading PTable-0.9.2.tar.gz (31 kB)
Requirement already satisfied: MarkupSafe>=0.23 in /usr/local/lib/python3.6/site-packages (from Jinja2>=2.10.1->Flask<2.0.0->-r requirements.txt (line 1)) (1.1.1)
Requirement already satisfied: zipp>=0.5 in /usr/local/lib/python3.6/site-packages (from importlib-metadata; python_version < "3.8"->jsonschema<4.0.0->-r requirements.txt (line 2)) (3.1.0)
Collecting cryptography
  Downloading cryptography-2.9.2-cp35-abi3-manylinux2010_x86_64.whl (2.7 MB)
Collecting rsa<5,>=3.1.4; python_version >= "3"
  Downloading rsa-4.6-py3-none-any.whl (47 kB)
Collecting pyasn1-modules>=0.2.1
  Downloading pyasn1_modules-0.2.8-py2.py3-none-any.whl (155 kB)
Collecting cachetools<5.0,>=2.0.0
  Downloading cachetools-4.1.1-py3-none-any.whl (10 kB)
Collecting google-api-core<2.0.0dev,>=1.16.0
  Downloading google_api_core-1.21.0-py2.py3-none-any.whl (90 kB)
Requirement already satisfied: pyparsing>=2.0.2 in /usr/local/lib/python3.6/site-packages (from packaging->pytest==5.4.2->-r requirements-dev.txt (line 6)) (2.4.7)
Collecting importlib-resources>=1.0; python_version < "3.7"
  Downloading importlib_resources-3.0.0-py2.py3-none-any.whl (23 kB)
Collecting distlib<1,>=0.3.1
  Downloading distlib-0.3.1-py2.py3-none-any.whl (335 kB)
Collecting cffi!=1.11.3,>=1.8
  Downloading cffi-1.14.0-cp36-cp36m-manylinux1_x86_64.whl (399 kB)
Collecting pyasn1>=0.1.3
  Downloading pyasn1-0.4.8-py2.py3-none-any.whl (77 kB)
Collecting googleapis-common-protos<2.0dev,>=1.6.0
  Downloading googleapis_common_protos-1.52.0-py2.py3-none-any.whl (100 kB)
Collecting pycparser
  Downloading pycparser-2.20-py2.py3-none-any.whl (112 kB)
Building wheels for collected packages: Flask-OpenTracing, opentracing, jaeger-client, threadloop, thrift, tornado, PTable
  Building wheel for Flask-OpenTracing (setup.py): started
  Building wheel for Flask-OpenTracing (setup.py): finished with status 'done'
  Created wheel for Flask-OpenTracing: filename=Flask_OpenTracing-1.1.0-py3-none-any.whl size=9070 sha256=5a28cae1481886468faabfe4659194fe5397bf60b69b977a55ccbc3562f74d4d
  Stored in directory: /builder/home/.cache/pip/wheels/ad/4b/2d/24ff0da0a0b53c7c77ce59b843bcceaf644c88703241e59615
  Building wheel for opentracing (setup.py): started
  Building wheel for opentracing (setup.py): finished with status 'done'
  Created wheel for opentracing: filename=opentracing-2.2.0-py3-none-any.whl size=49319 sha256=1b4d0634a02bd603d19bb132e269236142cbaf1428229814689d22ed3f23b912
  Stored in directory: /builder/home/.cache/pip/wheels/39/40/44/8bace79f4514e99786236c31f1df8d1b814ff02c1e08b1d697
  Building wheel for jaeger-client (setup.py): started
  Building wheel for jaeger-client (setup.py): finished with status 'done'
  Created wheel for jaeger-client: filename=jaeger_client-4.1.0-py3-none-any.whl size=64309 sha256=e56ef8da6daae3ddf1d0aab8e08405f820b30eb0135f60181feee2b30908ab57
  Stored in directory: /builder/home/.cache/pip/wheels/e9/9b/8c/503d0cc13b39a551c054515683ba1d15b40324c863dc442e66
  Building wheel for threadloop (setup.py): started
  Building wheel for threadloop (setup.py): finished with status 'done'
  Created wheel for threadloop: filename=threadloop-1.0.2-py3-none-any.whl size=3423 sha256=98ece4d44e241edf7e15b82e3e508ad6122b68f96b492daa1e9e126f2f43a65b
  Stored in directory: /builder/home/.cache/pip/wheels/02/54/65/9f87de48fe8fcaaee30f279973d946ad55f9df56b93b3e78da
  Building wheel for thrift (setup.py): started
  Building wheel for thrift (setup.py): finished with status 'done'
  Created wheel for thrift: filename=thrift-0.13.0-cp36-cp36m-linux_x86_64.whl size=483897 sha256=f78bc9b7eb5bc9b4d84a3a4da37c0fd90f876dc6462385018293240e8508adcb
  Stored in directory: /builder/home/.cache/pip/wheels/e0/38/fc/472fe18756b177b42096961f8bd3ff2dc5c5620ac399fce52d
  Building wheel for tornado (setup.py): started
  Building wheel for tornado (setup.py): finished with status 'done'
  Created wheel for tornado: filename=tornado-5.1.1-cp36-cp36m-linux_x86_64.whl size=462644 sha256=a6f288230f3bce10f8828ef9b40d69f497fdeb1587bdf94009103461ba2a3736
  Stored in directory: /builder/home/.cache/pip/wheels/64/74/71/e7a0d0eb4fc42cb20a17aec36f8f0b5b8c5e1ec19c701fd34a
  Building wheel for PTable (setup.py): started
  Building wheel for PTable (setup.py): finished with status 'done'
  Created wheel for PTable: filename=PTable-0.9.2-py3-none-any.whl size=22907 sha256=8cc6a11e4b0df31c526e217a48791fee271aa2981cbf3a6554debd38fe9b222d
  Stored in directory: /builder/home/.cache/pip/wheels/f3/65/67/71f473ec87ea4554d1bdfb1b5128cfe1414c2b113b72a1ee8e
Successfully built Flask-OpenTracing opentracing jaeger-client threadloop thrift tornado PTable
ERROR: grpcio-tools 1.30.0 has requirement grpcio>=1.30.0, but you'll have grpcio 1.29.0 which is incompatible.
Installing collected packages: click, itsdangerous, Flask, Flask-cors, redis, flatbuffers, opentracing, Flask-OpenTracing, tornado, threadloop, thrift, jaeger-client, grpcio-opentracing, gunicorn, configparser, minio, azure-common, pycparser, cffi, cryptography, azure-storage-common, azure-storage-blob, pyasn1, rsa, pyasn1-modules, cachetools, google-auth, google-resumable-media, googleapis-common-protos, google-api-core, google-cloud-core, google-cloud-storage, pathspec, toml, regex, appdirs, typed-ast, black, mccabe, pycodestyle, pyflakes, flake8, typing-extensions, mypy-extensions, mypy, Pillow, pytest, coverage, pytest-cov, importlib-resources, filelock, distlib, virtualenv, tox, grpcio-tools, mypy-protobuf, tenacity, pandas, PTable, pip-licenses, seldon-core
  Attempting uninstall: tornado
    Found existing installation: tornado 6.0.4
    Uninstalling tornado-6.0.4:
      Successfully uninstalled tornado-6.0.4
  Attempting uninstall: Pillow
    Found existing installation: Pillow 7.1.2
    Uninstalling Pillow-7.1.2:
      Successfully uninstalled Pillow-7.1.2
  Attempting uninstall: pytest
    Found existing installation: pytest 5.3.1
    Uninstalling pytest-5.3.1:
      Successfully uninstalled pytest-5.3.1
  Attempting uninstall: coverage
    Found existing installation: coverage 4.5.4
    Uninstalling coverage-4.5.4:
      Successfully uninstalled coverage-4.5.4
  Attempting uninstall: pytest-cov
    Found existing installation: pytest-cov 2.8.1
    Uninstalling pytest-cov-2.8.1:
      Successfully uninstalled pytest-cov-2.8.1
  Attempting uninstall: grpcio-tools
    Found existing installation: grpcio-tools 1.29.0
    Uninstalling grpcio-tools-1.29.0:
      Successfully uninstalled grpcio-tools-1.29.0
  Attempting uninstall: tenacity
    Found existing installation: tenacity 6.0.0
    Uninstalling tenacity-6.0.0:
      Successfully uninstalled tenacity-6.0.0
  Attempting uninstall: pandas
    Found existing installation: pandas 1.0.3
    Uninstalling pandas-1.0.3:
      Successfully uninstalled pandas-1.0.3
  Running setup.py develop for seldon-core
Successfully installed Flask-1.1.2 Flask-OpenTracing-1.1.0 Flask-cors-3.0.8 PTable-0.9.2 Pillow-7.2.0 appdirs-1.4.4 azure-common-1.1.25 azure-storage-blob-2.1.0 azure-storage-common-2.1.0 black-19.10b0 cachetools-4.1.1 cffi-1.14.0 click-7.1.2 configparser-5.0.0 coverage-5.2 cryptography-2.9.2 distlib-0.3.1 filelock-3.0.12 flake8-3.8.1 flatbuffers-1.12 google-api-core-1.21.0 google-auth-1.19.2 google-cloud-core-1.3.0 google-cloud-storage-1.29.0 google-resumable-media-0.5.1 googleapis-common-protos-1.52.0 grpcio-opentracing-1.1.4 grpcio-tools-1.30.0 gunicorn-20.0.4 importlib-resources-3.0.0 itsdangerous-1.1.0 jaeger-client-4.1.0 mccabe-0.6.1 minio-5.0.10 mypy-0.782 mypy-extensions-0.4.3 mypy-protobuf-1.22 opentracing-2.2.0 pandas-1.0.1 pathspec-0.8.0 pip-licenses-2.2.1 pyasn1-0.4.8 pyasn1-modules-0.2.8 pycodestyle-2.6.0 pycparser-2.20 pyflakes-2.2.0 pytest-5.4.2 pytest-cov-2.10.0 redis-3.5.3 regex-2020.7.14 rsa-4.6 seldon-core tenacity-6.2.0 threadloop-1.0.2 thrift-0.13.0 toml-0.10.1 tornado-5.1.1 tox-3.17.1 typed-ast-1.4.1 typing-extensions-3.7.4.2 virtualenv-20.0.27
tox --recreate -e licenses
GLOB sdist-make: /workspace/source/python/setup.py
licenses create: /workspace/source/python/.tox/licenses
licenses installdeps: pip-licenses
licenses inst: /workspace/source/python/.tox/.tmp/package/1/seldon-core-1.2.2.dev0.zip
licenses installed: absl-py==0.9.0,astunparse==1.6.3,attrs==19.3.0,azure-common==1.1.25,azure-storage-blob==2.1.0,azure-storage-common==2.1.0,cachetools==4.1.1,certifi==2020.6.20,cffi==1.14.0,chardet==3.0.4,click==7.1.2,configparser==5.0.0,cryptography==2.9.2,Flask==1.1.2,Flask-Cors==3.0.8,Flask-OpenTracing==1.1.0,flatbuffers==1.12,gast==0.3.3,google-api-core==1.21.0,google-auth==1.19.2,google-auth-oauthlib==0.4.1,google-cloud-core==1.3.0,google-cloud-storage==1.29.0,google-pasta==0.2.0,google-resumable-media==0.5.1,googleapis-common-protos==1.52.0,grpcio==1.30.0,grpcio-opentracing==1.1.4,gunicorn==20.0.4,h5py==2.10.0,idna==2.10,importlib-metadata==1.7.0,itsdangerous==1.1.0,jaeger-client==4.1.0,Jinja2==2.11.2,jsonschema==3.2.0,Keras-Preprocessing==1.1.2,Markdown==3.2.2,MarkupSafe==1.1.1,minio==5.0.10,numpy==1.19.0,oauthlib==3.1.0,opentracing==2.2.0,opt-einsum==3.2.1,pip-licenses==2.2.1,prometheus-client==0.8.0,protobuf==3.12.2,PTable==0.9.2,pyasn1==0.4.8,pyasn1-modules==0.2.8,pycparser==2.20,pyrsistent==0.16.0,python-dateutil==2.8.1,pytz==2020.1,PyYAML==5.3.1,redis==3.5.3,requests==2.24.0,requests-oauthlib==1.3.0,rsa==4.6,scipy==1.4.1,seldon-core @ file:///workspace/source/python/.tox/.tmp/package/1/seldon-core-1.2.2.dev0.zip,six==1.15.0,tensorboard==2.2.2,tensorboard-plugin-wit==1.7.0,tensorflow==2.2.0,tensorflow-estimator==2.2.0,termcolor==1.1.0,threadloop==1.0.2,thrift==0.13.0,tornado==5.1.1,urllib3==1.25.9,Werkzeug==1.0.1,wrapt==1.12.1,zipp==3.1.0
licenses run-test-pre: PYTHONHASHSEED='562669033'
licenses run-test: commands[0] | pip-licenses --from=mixed --format=csv --output-file=./licenses/license_info.csv
created path: ./licenses/license_info.csv
licenses run-test: commands[1] | pip-licenses --from=mixed --format=plain-vertical --with-license-file --no-license-path --output-file=./licenses/license.txt
created path: ./licenses/license.txt
___________________________________ summary ____________________________________
  licenses: commands succeeded
  congratulations :)
cut -d, -f1,3 ./licenses/license_info.csv \
	> ./licenses/license_info.no_versions.csv
black \
	--check ./ ../testing \
	--exclude "(testing/scripts/proto|seldon_core/proto/|.eggs|.tox)"
All done! âœ¨ ðŸ° âœ¨
75 files would be left unchanged.
flake8
0
# Check if licenses have changed
git \
	--no-pager diff \
	--exit-code \
	./licenses/license_info.no_versions.csv
make: Leaving directory '/workspace/source/python'

Showing logs for build [32mseldonio-seldon-core-pr-2149-li-jnzn2-25[0m stage [32mlint-executor[0m and container [32mstep-credential-initializer-kt79w[0m
{"level":"info","ts":1595052358.3220668,"logger":"fallback-logger","caller":"logging/config.go:69","msg":"Fetch GitHub commit ID from kodata failed: open /var/run/ko/refs/heads/0.8.0-ns-support: no such file or directory"}
{"level":"info","ts":1595052358.3224382,"logger":"fallback-logger","caller":"creds-init/main.go:40","msg":"Credentials initialized."}

Showing logs for build [32mseldonio-seldon-core-pr-2149-li-jnzn2-25[0m stage [32mlint-executor[0m and container [32mstep-working-dir-initializer-8rsxb[0m
{"level":"info","ts":1595052359.3150725,"logger":"fallback-logger","caller":"logging/config.go:69","msg":"Fetch GitHub commit ID from kodata failed: open /var/run/ko/HEAD: no such file or directory"}
{"level":"info","ts":1595052359.3169842,"logger":"fallback-logger","caller":"bash/main.go:64","msg":"Successfully executed command \"sh -c mkdir -p /workspace/source\"; output "}

Showing logs for build [32mseldonio-seldon-core-pr-2149-li-jnzn2-25[0m stage [32mlint-executor[0m and container [32mstep-place-tools[0m

Showing logs for build [32mseldonio-seldon-core-pr-2149-li-jnzn2-25[0m stage [32mlint-executor[0m and container [32mstep-create-dir-workspace-6k5h9[0m
{"level":"info","ts":1595052369.7456436,"logger":"fallback-logger","caller":"logging/config.go:69","msg":"Fetch GitHub commit ID from kodata failed: open /var/run/ko/HEAD: no such file or directory"}
{"level":"info","ts":1595052369.7475867,"logger":"fallback-logger","caller":"bash/main.go:64","msg":"Successfully executed command \"sh -c mkdir -p /workspace/source\"; output "}

Showing logs for build [32mseldonio-seldon-core-pr-2149-li-jnzn2-25[0m stage [32mlint-executor[0m and container [32mstep-source-copy-workspace-gvhqp[0m
{"level":"info","ts":1595052370.005593,"logger":"fallback-logger","caller":"logging/config.go:69","msg":"Fetch GitHub commit ID from kodata failed: open /var/run/ko/HEAD: no such file or directory"}
{"level":"info","ts":1595052372.6643393,"logger":"fallback-logger","caller":"bash/main.go:64","msg":"Successfully executed command \"sh -c cp -r /pvc/pr-build-comment/workspace/. /workspace/source\"; output "}

Showing logs for build [32mseldonio-seldon-core-pr-2149-li-jnzn2-25[0m stage [32mlint-executor[0m and container [32mstep-setup-builder-home[0m

Showing logs for build [32mseldonio-seldon-core-pr-2149-li-jnzn2-25[0m stage [32mlint-executor[0m and container [32mstep-lint-executor[0m
make: Entering directory '/workspace/source/executor'
go list -m all | cut -d ' ' -f 1 > licenses/dep.txt
go: finding cloud.google.com/go v0.40.0
go: finding contrib.go.opencensus.io/exporter/ocagent v0.4.12
go: finding contrib.go.opencensus.io/exporter/prometheus v0.1.0
go: finding github.com/Azure/azure-sdk-for-go v30.1.0+incompatible
go: finding github.com/Azure/go-ansiterm v0.0.0-20170929234023-d6e3b3328b78
go: finding github.com/Azure/go-autorest v14.2.0+incompatible
go: finding github.com/Azure/go-autorest/autorest v0.9.0
go: finding github.com/Azure/go-autorest/autorest/adal v0.9.0
go: finding github.com/Azure/go-autorest/autorest/date v0.3.0
go: finding github.com/Azure/go-autorest/autorest/mocks v0.4.0
go: finding github.com/Azure/go-autorest/autorest/to v0.2.0
go: finding github.com/Azure/go-autorest/autorest/validation v0.1.0
go: finding github.com/Azure/go-autorest/logger v0.1.0
go: finding github.com/Azure/go-autorest/tracing v0.6.0
go: finding github.com/BurntSushi/toml v0.3.1
go: finding github.com/BurntSushi/xgb v0.0.0-20160522181843-27f122750802
go: finding github.com/NYTimes/gziphandler v0.0.0-20170623195520-56545f4a5d46
go: finding github.com/PuerkitoBio/purell v1.1.1
go: finding github.com/PuerkitoBio/urlesc v0.0.0-20170810143723-de5bf2ad4578
go: finding github.com/Shopify/sarama v1.19.0
go: finding github.com/Shopify/toxiproxy v2.1.4+incompatible
go: finding github.com/agnivade/levenshtein v1.0.1
go: finding github.com/alecthomas/template v0.0.0-20190718012654-fb15b899a751
go: finding github.com/alecthomas/units v0.0.0-20190717042225-c3de453c63f4
go: finding github.com/andreyvit/diff v0.0.0-20170406064948-c7f18ee00883
go: finding github.com/apache/thrift v0.12.0
go: finding github.com/armon/consul-api v0.0.0-20180202201655-eb2c6b5be1b6
go: finding github.com/asaskevich/govalidator v0.0.0-20190424111038-f61b66f89f4a
go: finding github.com/beorn7/perks v1.0.1
go: finding github.com/bgentry/speakeasy v0.1.0
go: finding github.com/blang/semver v3.5.0+incompatible
go: finding github.com/census-instrumentation/opencensus-proto v0.2.1
go: finding github.com/cespare/xxhash/v2 v2.1.1
go: finding github.com/client9/misspell v0.3.4
go: finding github.com/cloudevents/sdk-go v1.2.0
go: finding github.com/cncf/udpa/go v0.0.0-20191209042840-269d4d468f6f
go: finding github.com/cockroachdb/datadriven v0.0.0-20190809214429-80d97fb3cbaa
go: finding github.com/coreos/etcd v3.3.10+incompatible
go: finding github.com/coreos/go-etcd v2.0.0+incompatible
go: finding github.com/coreos/go-oidc v2.1.0+incompatible
go: finding github.com/coreos/go-semver v0.3.0
go: finding github.com/coreos/go-systemd v0.0.0-20190321100706-95778dfbb74e
go: finding github.com/coreos/pkg v0.0.0-20180108230652-97fdf19511ea
go: finding github.com/cpuguy83/go-md2man v1.0.10
go: finding github.com/creack/pty v1.1.7
go: finding github.com/davecgh/go-spew v1.1.1
go: finding github.com/dgrijalva/jwt-go v3.2.0+incompatible
go: finding github.com/docker/docker v0.7.3-0.20190327010347-be7ac8be2ae0
go: finding github.com/docker/go-units v0.4.0
go: finding github.com/docker/spdystream v0.0.0-20160310174837-449fdfce4d96
go: finding github.com/docopt/docopt-go v0.0.0-20180111231733-ee0de3bc6815
go: finding github.com/dustin/go-humanize v1.0.0
go: finding github.com/eapache/go-resiliency v1.1.0
go: finding github.com/eapache/go-xerial-snappy v0.0.0-20180814174437-776d5712da21
go: finding github.com/eapache/queue v1.1.0
go: finding github.com/elazarl/goproxy v0.0.0-20170405201442-c4fc26588b6e
go: finding github.com/emicklei/go-restful v2.9.5+incompatible
go: finding github.com/envoyproxy/go-control-plane v0.9.4
go: finding github.com/envoyproxy/protoc-gen-validate v0.1.0
go: finding github.com/evanphx/json-patch v4.5.0+incompatible
go: finding github.com/fatih/color v1.7.0
go: finding github.com/fortytw2/leaktest v1.3.0
go: finding github.com/fsnotify/fsnotify v1.4.9
go: finding github.com/ghodss/yaml v1.0.0
go: finding github.com/globalsign/mgo v0.0.0-20181015135952-eeefdecb41b8
go: finding github.com/go-kit/kit v0.9.0
go: finding github.com/go-logfmt/logfmt v0.4.0
go: finding github.com/go-logr/logr v0.1.0
go: finding github.com/go-logr/zapr v0.1.0
go: finding github.com/go-openapi/analysis v0.19.5
go: finding github.com/go-openapi/errors v0.19.2
go: finding github.com/go-openapi/jsonpointer v0.19.3
go: finding github.com/go-openapi/jsonreference v0.19.3
go: finding github.com/go-openapi/loads v0.19.4
go: finding github.com/go-openapi/runtime v0.19.4
go: finding github.com/go-openapi/spec v0.19.3
go: finding github.com/go-openapi/strfmt v0.19.3
go: finding github.com/go-openapi/swag v0.19.5
go: finding github.com/go-openapi/validate v0.19.5
go: finding github.com/go-stack/stack v1.8.0
go: finding github.com/gogo/protobuf v1.3.1
go: finding github.com/golang/glog v0.0.0-20160126235308-23def4e6c14b
go: finding github.com/golang/groupcache v0.0.0-20190702054246-869f871628b6
go: finding github.com/golang/mock v1.2.0
go: finding github.com/golang/protobuf v1.4.2
go: finding github.com/golang/snappy v0.0.0-20180518054509-2e65f85255db
go: finding github.com/google/btree v1.0.0
go: finding github.com/google/go-cmp v0.5.0
go: finding github.com/google/gofuzz v1.0.0
go: finding github.com/google/martian v2.1.0+incompatible
go: finding github.com/google/pprof v0.0.0-20181206194817-3ea8567a2e57
go: finding github.com/google/renameio v0.1.0
go: finding github.com/google/uuid v1.1.1
go: finding github.com/googleapis/gax-go/v2 v2.0.5
go: finding github.com/googleapis/gnostic v0.3.1
go: finding github.com/gophercloud/gophercloud v0.1.0
go: finding github.com/gorilla/context v1.1.1
go: finding github.com/gorilla/mux v1.7.4
go: finding github.com/gorilla/websocket v1.4.0
go: finding github.com/gregjones/httpcache v0.0.0-20180305231024-9cad4c3443a7
go: finding github.com/grpc-ecosystem/go-grpc-middleware v1.2.0
go: finding github.com/grpc-ecosystem/go-grpc-prometheus v1.2.0
go: finding github.com/grpc-ecosystem/grpc-gateway v1.9.5
go: finding github.com/hashicorp/golang-lru v0.5.4
go: finding github.com/hashicorp/hcl v1.0.0
go: finding github.com/hpcloud/tail v1.0.0
go: finding github.com/imdario/mergo v0.3.9
go: finding github.com/inconshreveable/mousetrap v1.0.0
go: finding github.com/jonboulle/clockwork v0.1.0
go: finding github.com/json-iterator/go v1.1.10
go: finding github.com/jstemmer/go-junit-report v0.0.0-20190106144839-af01ea7f8024
go: finding github.com/julienschmidt/httprouter v1.2.0
go: finding github.com/kelseyhightower/envconfig v1.4.0
go: finding github.com/kisielk/errcheck v1.2.0
go: finding github.com/kisielk/gotool v1.0.0
go: finding github.com/konsorten/go-windows-terminal-sequences v1.0.1
go: finding github.com/kr/logfmt v0.0.0-20140226030751-b84e30acd515
go: finding github.com/kr/pretty v0.2.0
go: finding github.com/kr/pty v1.1.5
go: finding github.com/kr/text v0.1.0
go: finding github.com/lightstep/tracecontext.go v0.0.0-20181129014701-1757c391b1ac
go: finding github.com/magiconair/properties v1.8.0
go: finding github.com/mailru/easyjson v0.7.0
go: finding github.com/mattn/go-colorable v0.0.9
go: finding github.com/mattn/go-isatty v0.0.4
go: finding github.com/mattn/go-runewidth v0.0.2
go: finding github.com/matttproud/golang_protobuf_extensions v1.0.1
go: finding github.com/mitchellh/go-homedir v1.1.0
go: finding github.com/mitchellh/mapstructure v1.1.2
go: finding github.com/modern-go/concurrent v0.0.0-20180306012644-bacd9c7ef1dd
go: finding github.com/modern-go/reflect2 v1.0.1
go: finding github.com/munnerz/goautoneg v0.0.0-20191010083416-a7dc8b61c822
go: finding github.com/mwitkow/go-conntrack v0.0.0-20161129095857-cc309e4a2223
go: finding github.com/mxk/go-flowrate v0.0.0-20140419014527-cca7078d478f
go: finding github.com/nats-io/jwt v0.3.2
go: finding github.com/nats-io/nats-server/v2 v2.1.2
go: finding github.com/nats-io/nats.go v1.9.1
go: finding github.com/nats-io/nkeys v0.1.3
go: finding github.com/nats-io/nuid v1.0.1
go: finding github.com/nxadm/tail v1.4.4
go: finding github.com/olekukonko/tablewriter v0.0.0-20170122224234-a0225b3f23b5
go: finding github.com/onsi/ginkgo v1.14.0
go: finding github.com/onsi/gomega v1.10.1
go: finding github.com/opentracing/opentracing-go v1.2.0
go: finding github.com/openzipkin/zipkin-go v0.1.6
go: finding github.com/pborman/uuid v1.2.0
go: finding github.com/pelletier/go-toml v1.2.0
go: finding github.com/peterbourgon/diskv v2.0.1+incompatible
go: finding github.com/pierrec/lz4 v2.0.5+incompatible
go: finding github.com/pkg/errors v0.9.1
go: finding github.com/pmezard/go-difflib v1.0.0
go: finding github.com/pquerna/cachecontrol v0.0.0-20171018203845-0dec1b30a021
go: finding github.com/prometheus/client_golang v1.7.1
go: finding github.com/prometheus/client_model v0.2.0
go: finding github.com/prometheus/common v0.10.0
go: finding github.com/prometheus/procfs v0.1.3
go: finding github.com/rcrowley/go-metrics v0.0.0-20181016184325-3113b8401b8a
go: finding github.com/remyoudompheng/bigfft v0.0.0-20170806203942-52369c62f446
go: finding github.com/rogpeppe/fastuuid v0.0.0-20150106093220-6724a57986af
go: finding github.com/rogpeppe/go-internal v1.3.0
go: finding github.com/russross/blackfriday v1.5.2
go: finding github.com/sergi/go-diff v1.0.0
go: finding github.com/sirupsen/logrus v1.4.2
go: finding github.com/soheilhy/cmux v0.1.4
go: finding github.com/spf13/afero v1.2.2
go: finding github.com/spf13/cast v1.3.0
go: finding github.com/spf13/cobra v0.0.5
go: finding github.com/spf13/jwalterweatherman v1.0.0
go: finding github.com/spf13/pflag v1.0.5
go: finding github.com/spf13/viper v1.3.2
go: finding github.com/stretchr/ob** v0.2.0
go: finding github.com/stretchr/testify v1.4.0
go: finding github.com/tidwall/pretty v1.0.0
go: finding github.com/tmc/grpc-websocket-proxy v0.0.0-20170815181823-89b8d40f7ca8
go: finding github.com/uber/jaeger-client-go v2.24.0+incompatible
go: finding github.com/uber/jaeger-lib v2.2.0+incompatible
go: finding github.com/ugorji/go/codec v0.0.0-20181204163529-d75b2dcb6bc8
go: finding github.com/urfave/cli v1.20.0
go: finding github.com/valyala/bytebufferpool v1.0.0
go: finding github.com/vektah/gqlparser v1.1.2
go: finding github.com/xiang90/probing v0.0.0-20190116061207-43a291ad63a2
go: finding github.com/xordataexchange/crypt v0.0.3-0.20170626215501-b2862e3d0a77
go: finding go.etcd.io/bbolt v1.3.3
go: finding go.etcd.io/etcd v0.0.0-20191023171146-3cf2f69b5738
go: finding go.mongodb.org/mongo-driver v1.1.2
go: finding go.opencensus.io v0.22.0
go: finding go.uber.org/atomic v1.6.0
go: finding go.uber.org/multierr v1.5.0
go: finding go.uber.org/tools v0.0.0-20190618225709-2cfd321de3ee
go: finding go.uber.org/zap v1.15.0
go: finding golang.org/x/crypto v0.0.0-20200622213623-75b288015ac9
go: finding golang.org/x/exp v0.0.0-20190312203227-4b39c73a6495
go: finding golang.org/x/image v0.0.0-20190227222117-0694c2d4d067
go: finding golang.org/x/lint v0.0.0-20190930215403-16217165b5de
go: finding golang.org/x/mobile v0.0.0-20190312151609-d3739f865fa6
go: finding golang.org/x/mod v0.0.0-20190513183733-4bf6d317e70e
go: finding golang.org/x/net v0.0.0-20200520004742-59133d7f0dd7
go: finding golang.org/x/oauth2 v0.0.0-20190604053449-0f29369cfe45
go: finding golang.org/x/sync v0.0.0-20190911185100-cd5d95a43a6e
go: finding golang.org/x/sys v0.0.0-20200615200032-f1bc736245b1
go: finding golang.org/x/text v0.3.3
go: finding golang.org/x/time v0.0.0-20190921001708-c4c64cad1fd0
go: finding golang.org/x/tools v0.0.0-20191029190741-b9c20aec41a5
go: finding golang.org/x/xerrors v0.0.0-20191204190536-9bdfabe68543
go: finding gomodules.xyz/jsonpatch/v2 v2.0.1
go: finding gonum.org/v1/gonum v0.0.0-20190331200053-3d26580ed485
go: finding gonum.org/v1/netlib v0.0.0-20190331212654-76723241ea4e
go: finding google.golang.org/api v0.15.0
go: finding google.golang.org/appengine v1.6.5
go: finding google.golang.org/genproto v0.0.0-20190916214212-f660b8655731
go: finding google.golang.org/grpc v1.30.0
go: finding google.golang.org/protobuf v1.23.0
go: finding gopkg.in/alecthomas/kingpin.v2 v2.2.6
go: finding gopkg.in/check.v1 v1.0.0-20190902080502-41f04d3bba15
go: finding gopkg.in/cheggaaa/pb.v1 v1.0.25
go: finding gopkg.in/errgo.v2 v2.1.0
go: finding gopkg.in/fsnotify.v1 v1.4.7
go: finding gopkg.in/inf.v0 v0.9.1
go: finding gopkg.in/natefinch/lumberjack.v2 v2.0.0
go: finding gopkg.in/resty.v1 v1.12.0
go: finding gopkg.in/square/go-jose.v2 v2.2.2
go: finding gopkg.in/tomb.v1 v1.0.0-20141024135613-dd632973f1e7
go: finding gopkg.in/yaml.v2 v2.3.0
go: finding gotest.tools v2.2.0+incompatible
go: finding honnef.co/go/tools v0.0.1-2019.2.3
go: finding istio.io/api v0.0.0-20200513175333-ae3da0d240e3
go: finding istio.io/client-go v0.0.0-20200513180646-f8d9d8ff84e6
go: finding istio.io/gogo-genproto v0.0.0-20190930162913-45029607206a
go: finding k8s.io/api v0.17.8
go: finding k8s.io/apiextensions-apiserver v0.17.8
go: finding k8s.io/apimachinery v0.17.8
go: finding k8s.io/apiserver v0.17.8
go: finding k8s.io/client-go v0.17.8
go: finding k8s.io/code-generator v0.17.8
go: finding k8s.io/component-base v0.17.8
go: finding k8s.io/gengo v0.0.0-20190822140433-26a664648505
go: finding k8s.io/klog v1.0.0
go: finding k8s.io/klog/v2 v2.0.0
go: finding k8s.io/kube-openapi v0.0.0-20200410145947-bcb3869e6f29
go: finding k8s.io/utils v0.0.0-20200619165400-6e3d28b6ed19
go: finding knative.dev/pkg v0.0.0-20200513151758-7b6bb61326ae
go: finding modernc.org/cc v1.0.0
go: finding modernc.org/golex v1.0.0
go: finding modernc.org/mathutil v1.0.0
go: finding modernc.org/strutil v1.0.0
go: finding modernc.org/xc v1.0.0
go: finding pack.ag/amqp v0.11.0
go: finding rsc.io/binaryregexp v0.2.0
go: finding sigs.k8s.io/controller-runtime v0.5.8
go: finding sigs.k8s.io/structured-merge-diff v0.0.0-20190525122527-15d366b2352e
go: finding sigs.k8s.io/structured-merge-diff/v2 v2.0.1
go: finding sigs.k8s.io/yaml v1.1.0
# Check if licenses have changed
git \
	--no-pager diff \
	--exit-code \
	./licenses
make: Leaving directory '/workspace/source/executor'
