
Showing logs for build [32mmeta-seldonio-seldon-core-pr-21-nrxbx-35[0m stage [32mmeta-pipeline[0m and container [32mstep-credential-initializer-pv2f2[0m
{"level":"info","ts":1595060632.8246386,"logger":"fallback-logger","caller":"logging/config.go:69","msg":"Fetch GitHub commit ID from kodata failed: open /var/run/ko/refs/heads/0.8.0-ns-support: no such file or directory"}
{"level":"info","ts":1595060632.8250525,"logger":"fallback-logger","caller":"creds-init/main.go:40","msg":"Credentials initialized."}

Showing logs for build [32mmeta-seldonio-seldon-core-pr-21-nrxbx-35[0m stage [32mmeta-pipeline[0m and container [32mstep-working-dir-initializer-n7lsg[0m
{"level":"info","ts":1595060634.2311811,"logger":"fallback-logger","caller":"logging/config.go:69","msg":"Fetch GitHub commit ID from kodata failed: open /var/run/ko/HEAD: no such file or directory"}
{"level":"info","ts":1595060634.232707,"logger":"fallback-logger","caller":"bash/main.go:64","msg":"Successfully executed command \"sh -c mkdir -p /workspace/source\"; output "}

Showing logs for build [32mmeta-seldonio-seldon-core-pr-21-nrxbx-35[0m stage [32mmeta-pipeline[0m and container [32mstep-place-tools[0m

Showing logs for build [32mmeta-seldonio-seldon-core-pr-21-nrxbx-35[0m stage [32mmeta-pipeline[0m and container [32mstep-git-source-meta-seldonio-seldon-core-pr-21-nrxbx-6bf7n[0m
{"level":"info","ts":1595060641.637901,"logger":"fallback-logger","caller":"logging/config.go:69","msg":"Fetch GitHub commit ID from kodata failed: open /var/run/ko/refs/heads/0.8.0-ns-support: no such file or directory"}
{"level":"info","ts":1595060646.7292001,"logger":"fallback-logger","caller":"git/git.go:103","msg":"Successfully cloned https://github.com/SeldonIO/seldon-core.git @ 296d02420fb3010cbb7155795099d023d9c35e57 in path /workspace/source"}

Showing logs for build [32mmeta-seldonio-seldon-core-pr-21-nrxbx-35[0m stage [32mmeta-pipeline[0m and container [32mstep-setup-builder-home[0m

Showing logs for build [32mmeta-seldonio-seldon-core-pr-21-nrxbx-35[0m stage [32mmeta-pipeline[0m and container [32mstep-git-merge[0m
Using SHAs from PULL_REFS=master:296d02420fb3010cbb7155795099d023d9c35e57,2149:dc2112fe848f1db552f0b9f20aef786fae1ffff8
DEBUG: LC_ALL=C JX_LOG_LEVEL=error git fetch origin --unshallow dc2112fe848f1db552f0b9f20aef786fae1ffff8: 296d02420fb3010cbb7155795099d023d9c35e57:
DEBUG: ran git fetch --unshallow origin dc2112fe848f1db552f0b9f20aef786fae1ffff8: 296d02420fb3010cbb7155795099d023d9c35e57: in 
DEBUG: LC_ALL=C JX_LOG_LEVEL=error git branch
DEBUG: LC_ALL=C JX_LOG_LEVEL=error git checkout master
DEBUG: ran git checkout master in 
DEBUG: LC_ALL=C JX_LOG_LEVEL=error git reset --hard 296d02420fb3010cbb7155795099d023d9c35e57
DEBUG: ran git reset --hard 296d02420fb3010cbb7155795099d023d9c35e57 in 
DEBUG: JX_LOG_LEVEL=error LC_ALL=C git clean -fd .
DEBUG: ran clean --force -d . in 
DEBUG: JX_LOG_LEVEL=error LC_ALL=C git merge dc2112fe848f1db552f0b9f20aef786fae1ffff8
DEBUG: ran git merge dc2112fe848f1db552f0b9f20aef786fae1ffff8 in 
DEBUG: LC_ALL=C JX_LOG_LEVEL=error git log --format=%H%x1f%an%x1f%ae%x1f%cn%x1f%ce%x1f%s%n%b%x1e 296d02420fb3010cbb7155795099d023d9c35e57..HEAD
Merged SHA fea45bedbb189b7d70071f006489441711864378 with commit message 'Merge commit 'dc2112fe848f1db552f0b9f20aef786fae1ffff8'' into base branch master
Merged SHA dc2112fe848f1db552f0b9f20aef786fae1ffff8 with commit message 'Added parallel testing for python' into base branch master
Merged SHA d3bb9a2745c3f7cdf19e51be22eab67c3e249411 with commit message 'Update dockerfile' into base branch master
Merged SHA 925e1e1759bfb982e03c8e5c610f5e5b65ac5397 with commit message 'Updated image' into base branch master
Merged SHA 90dae5ff01e238b045be87c4579a11785ff11d5b with commit message 'Reverted python' into base branch master
Merged SHA af8d5ee4560a6cb1b1d71ce23f63ad65007f1334 with commit message 'Updated makefiles' into base branch master
Merged SHA a04ed2882adafc5994b239ea12fe2bdf4aec86ee with commit message 'Updated makefiles' into base branch master
Merged SHA 7585c98cc808449df55f276e5624a515fe36e98e with commit message 'Updated makefiles' into base branch master
Merged SHA ad9c917fe8e9413ea362c2796e5941b444a14df5 with commit message 'Updated jenkins files' into base branch master
Merged SHA 65d30326af5493f91324fde169c9f3c49521bdef with commit message 'Updated core builder' into base branch master
Merged SHA 7be1b1c519eb67fb6f17efe0635f1794b8345c81 with commit message 'Testing main comment' into base branch master
Merged SHA aa7524c33f2c1a0e8e504af170597c96a6114af5 with commit message 'Testing main comment' into base branch master
Merged SHA ea7064b58b3154053c131140aa3c99169ea5a0bf with commit message 'Testing main comment' into base branch master
Merged SHA d2bdaebf8a877abbbc11b2213e6a799204d01ffb with commit message 'Testing main comment' into base branch master
Merged SHA 914888dea31b05a61385642addc814d4ec53e207 with commit message 'Added override for temp fast build' into base branch master
Merged SHA 781be799063bf1fc4fab5a8b4d81e11ba76a1cdc with commit message 'Added override for temp fast build' into base branch master
Merged SHA fd73daa0dbf8ea4270effe173563d12e59224bd2 with commit message 'updated pipeline to test other pre/post' into base branch master
Merged SHA 501cbc7f51ddd8d21105eb82eaf0486faf496e58 with commit message 'Fixed formating on yaml' into base branch master
Merged SHA fef171f7d4110d0823798702ba7b3468236cb094 with commit message 'Added pipeline pre/post check' into base branch master

Showing logs for build [32mmeta-seldonio-seldon-core-pr-21-nrxbx-35[0m stage [32mmeta-pipeline[0m and container [32mstep-merge-pull-refs[0m
DEBUG: LC_ALL=C JX_LOG_LEVEL=error git fetch origin --unshallow dc2112fe848f1db552f0b9f20aef786fae1ffff8: 296d02420fb3010cbb7155795099d023d9c35e57:
DEBUG: LC_ALL=C JX_LOG_LEVEL=error git fetch origin dc2112fe848f1db552f0b9f20aef786fae1ffff8: 296d02420fb3010cbb7155795099d023d9c35e57:
DEBUG: ran git fetch origin dc2112fe848f1db552f0b9f20aef786fae1ffff8: 296d02420fb3010cbb7155795099d023d9c35e57: in 
DEBUG: LC_ALL=C JX_LOG_LEVEL=error git rev-parse --is-shallow-repository
DEBUG: Unshallowed git repo in 
DEBUG: LC_ALL=C JX_LOG_LEVEL=error git branch
DEBUG: LC_ALL=C JX_LOG_LEVEL=error git checkout master
DEBUG: ran git checkout master in 
DEBUG: LC_ALL=C JX_LOG_LEVEL=error git reset --hard 296d02420fb3010cbb7155795099d023d9c35e57
DEBUG: ran git reset --hard 296d02420fb3010cbb7155795099d023d9c35e57 in 
DEBUG: JX_LOG_LEVEL=error LC_ALL=C git clean -fd .
DEBUG: ran clean --force -d . in 
DEBUG: LC_ALL=C JX_LOG_LEVEL=error git merge dc2112fe848f1db552f0b9f20aef786fae1ffff8
DEBUG: ran git merge dc2112fe848f1db552f0b9f20aef786fae1ffff8 in 
DEBUG: LC_ALL=C JX_LOG_LEVEL=error git log --format=%H%x1f%an%x1f%ae%x1f%cn%x1f%ce%x1f%s%n%b%x1e 296d02420fb3010cbb7155795099d023d9c35e57..HEAD
Merged SHA d94eb2bc6d5ed626feb6331c0b5956681db721bb with commit message 'Merge commit 'dc2112fe848f1db552f0b9f20aef786fae1ffff8'' into base branch master
Merged SHA dc2112fe848f1db552f0b9f20aef786fae1ffff8 with commit message 'Added parallel testing for python' into base branch master
Merged SHA d3bb9a2745c3f7cdf19e51be22eab67c3e249411 with commit message 'Update dockerfile' into base branch master
Merged SHA 925e1e1759bfb982e03c8e5c610f5e5b65ac5397 with commit message 'Updated image' into base branch master
Merged SHA 90dae5ff01e238b045be87c4579a11785ff11d5b with commit message 'Reverted python' into base branch master
Merged SHA af8d5ee4560a6cb1b1d71ce23f63ad65007f1334 with commit message 'Updated makefiles' into base branch master
Merged SHA a04ed2882adafc5994b239ea12fe2bdf4aec86ee with commit message 'Updated makefiles' into base branch master
Merged SHA 7585c98cc808449df55f276e5624a515fe36e98e with commit message 'Updated makefiles' into base branch master
Merged SHA ad9c917fe8e9413ea362c2796e5941b444a14df5 with commit message 'Updated jenkins files' into base branch master
Merged SHA 65d30326af5493f91324fde169c9f3c49521bdef with commit message 'Updated core builder' into base branch master
Merged SHA 7be1b1c519eb67fb6f17efe0635f1794b8345c81 with commit message 'Testing main comment' into base branch master
Merged SHA aa7524c33f2c1a0e8e504af170597c96a6114af5 with commit message 'Testing main comment' into base branch master
Merged SHA ea7064b58b3154053c131140aa3c99169ea5a0bf with commit message 'Testing main comment' into base branch master
Merged SHA d2bdaebf8a877abbbc11b2213e6a799204d01ffb with commit message 'Testing main comment' into base branch master
Merged SHA 914888dea31b05a61385642addc814d4ec53e207 with commit message 'Added override for temp fast build' into base branch master
Merged SHA 781be799063bf1fc4fab5a8b4d81e11ba76a1cdc with commit message 'Added override for temp fast build' into base branch master
Merged SHA fd73daa0dbf8ea4270effe173563d12e59224bd2 with commit message 'updated pipeline to test other pre/post' into base branch master
Merged SHA 501cbc7f51ddd8d21105eb82eaf0486faf496e58 with commit message 'Fixed formating on yaml' into base branch master
Merged SHA fef171f7d4110d0823798702ba7b3468236cb094 with commit message 'Added pipeline pre/post check' into base branch master

Showing logs for build [32mmeta-seldonio-seldon-core-pr-21-nrxbx-35[0m stage [32mmeta-pipeline[0m and container [32mstep-create-effective-pipeline[0m
error: failed to load project config in dir /workspace/source: Validation failures in YAML file /workspace/source/jenkins-x.yml:
pipelineConfig.pipelines.pullRequest.pipeline.stages.1.parallel.0: Additional property args is not allowed
pipelineConfig.pipelines.pullRequest.pipeline.stages.1.parallel.0: Additional property command is not allowed
pipelineConfig.pipelines.pullRequest.pipeline.stages.1.parallel.1: Additional property args is not allowed
pipelineConfig.pipelines.pullRequest.pipeline.stages.1.parallel.1: Additional property command is not allowed
pipelineConfig.pipelines.pullRequest.pipeline.stages.1.parallel.2: Additional property args is not allowed
pipelineConfig.pipelines.pullRequest.pipeline.stages.1.parallel.2: Additional property command is not allowed
[31m
Pipeline failed on stage 'meta-pipeline' : container 'step-create-effective-pipeline'. The execution of the pipeline has stopped.[0m
