
Showing logs for build [32mseldonio-seldon-core-pr-1816-li-9znnk-12[0m stage [32mpr-build-comment[0m and container [32mstep-credential-initializer-jd7q4[0m
{"level":"warn","ts":1589215191.9535792,"logger":"fallback-logger","caller":"logging/config.go:69","msg":"Fetch GitHub commit ID from kodata failed: \"ref: refs/heads/0.8.0-**-support-backwards-incompats\" is not a valid GitHub commit ID"}
{"level":"info","ts":1589215191.9542134,"logger":"fallback-logger","caller":"creds-init/main.go:40","msg":"Credentials initialized."}

Showing logs for build [32mseldonio-seldon-core-pr-1816-li-9znnk-12[0m stage [32mpr-build-comment[0m and container [32mstep-working-dir-initializer-v27gd[0m
{"level":"warn","ts":1589215192.804931,"logger":"fallback-logger","caller":"logging/config.go:69","msg":"Fetch GitHub commit ID from kodata failed: open /var/run/ko/HEAD: no such file or directory"}
{"level":"info","ts":1589215192.8083212,"logger":"fallback-logger","caller":"bash/main.go:64","msg":"Successfully executed command \"sh -c mkdir -p /workspace/source\"; output "}

Showing logs for build [32mseldonio-seldon-core-pr-1816-li-9znnk-12[0m stage [32mpr-build-comment[0m and container [32mstep-place-tools[0m

Showing logs for build [32mseldonio-seldon-core-pr-1816-li-9znnk-12[0m stage [32mpr-build-comment[0m and container [32mstep-create-dir-workspace-74457[0m
{"level":"warn","ts":1589215201.8721092,"logger":"fallback-logger","caller":"logging/config.go:69","msg":"Fetch GitHub commit ID from kodata failed: open /var/run/ko/HEAD: no such file or directory"}
{"level":"info","ts":1589215201.873601,"logger":"fallback-logger","caller":"bash/main.go:64","msg":"Successfully executed command \"sh -c mkdir -p source\"; output "}

Showing logs for build [32mseldonio-seldon-core-pr-1816-li-9znnk-12[0m stage [32mpr-build-comment[0m and container [32mstep-git-source-seldonio-seldon-core-pr-1816-li-f42w8[0m
{"level":"warn","ts":1589215202.4401958,"logger":"fallback-logger","caller":"logging/config.go:69","msg":"Fetch GitHub commit ID from kodata failed: \"ref: refs/heads/0.8.0-**-support-backwards-incompats\" is not a valid GitHub commit ID"}
{"level":"info","ts":1589215206.0944448,"logger":"fallback-logger","caller":"git/git.go:103","msg":"Successfully cloned https://github.com/SeldonIO/seldon-core.git @ master in path /workspace/source"}

Showing logs for build [32mseldonio-seldon-core-pr-1816-li-9znnk-12[0m stage [32mpr-build-comment[0m and container [32mstep-git-merge[0m
Using SHAs from PULL_REFS=master:7d1ecba612deb7d277e1064e0805460da374f070,1816:b6b49083935f784bdc1b8f5a9340236c78661e09
DEBUG: ran git fetch --unshallow origin b6b49083935f784bdc1b8f5a9340236c78661e09: 7d1ecba612deb7d277e1064e0805460da374f070: in 
DEBUG: ran git checkout master in 
DEBUG: ran git reset --hard 7d1ecba612deb7d277e1064e0805460da374f070 in 
DEBUG: ran clean --force -d . in 
DEBUG: ran git merge b6b49083935f784bdc1b8f5a9340236c78661e09 in 
Merged SHA b6b49083935f784bdc1b8f5a9340236c78661e09 with commit message 'use tenacity in order to not reinvent the wheel' into base branch master
Merged SHA f23cc37d29481e5eb207c60e7eb9c9879fe29143 with commit message 'implement flakiness workaround for initial test' into base branch master

Showing logs for build [32mseldonio-seldon-core-pr-1816-li-9znnk-12[0m stage [32mpr-build-comment[0m and container [32mstep-step2[0m
+++ dirname ./add-pr-build-comment
++ cd .
++ pwd
+ STARTUP_DIR=/workspace/source/ci
+ REPO_OWNER=SeldonIO
+ REPO_NAME=seldon-core
+ PULL_NUMBER=1816
+ BUILD_NUMBER=12
+ PIPELINE_CONTEXT=lint
++ cat
+++ date
+ COMMENT_MSG='Mon May 11 16:40:14 UTC 2020
The logs for [lint] [12] will show after the pipeline context has finished.  
https://github.com/SeldonIO/seldon-core/blob/gh-pages/jenkins-x/logs/SeldonIO/seldon-core/PR-1816/12.log

impatient try  
** get build logs SeldonIO/seldon-core/PR-1816 --build=12'
+ ** step pr comment --owner=SeldonIO --repository=seldon-core --pull-request=1816 '--comment=Mon May 11 16:40:14 UTC 2020
The logs for [lint] [12] will show after the pipeline context has finished.  
https://github.com/SeldonIO/seldon-core/blob/gh-pages/jenkins-x/logs/SeldonIO/seldon-core/PR-1816/12.log

impatient try  
** get build logs SeldonIO/seldon-core/PR-1816 --build=12'

Showing logs for build [32mseldonio-seldon-core-pr-1816-li-9znnk-12[0m stage [32mpr-build-comment[0m and container [32mstep-source-mkdir-seldonio-seldon-core-pr-1816-li-gkvbd[0m
{"level":"warn","ts":1589215216.7145958,"logger":"fallback-logger","caller":"logging/config.go:69","msg":"Fetch GitHub commit ID from kodata failed: open /var/run/ko/HEAD: no such file or directory"}
{"level":"info","ts":1589215216.73521,"logger":"fallback-logger","caller":"bash/main.go:64","msg":"Successfully executed command \"sh -c mkdir -p /pvc/pr-build-comment/workspace\"; output "}

Showing logs for build [32mseldonio-seldon-core-pr-1816-li-9znnk-12[0m stage [32mpr-build-comment[0m and container [32mstep-source-copy-seldonio-seldon-core-pr-1816-li-6647t[0m
{"level":"warn","ts":1589215217.1837766,"logger":"fallback-logger","caller":"logging/config.go:69","msg":"Fetch GitHub commit ID from kodata failed: open /var/run/ko/HEAD: no such file or directory"}
{"level":"info","ts":1589215217.6047823,"logger":"fallback-logger","caller":"bash/main.go:64","msg":"Successfully executed command \"sh -c cp -r source/. /pvc/pr-build-comment/workspace\"; output "}

Showing logs for build [32mseldonio-seldon-core-pr-1816-li-9znnk-12[0m stage [32mlint-python[0m and container [32mstep-credential-initializer-8twnp[0m
{"level":"warn","ts":1589215231.2200987,"logger":"fallback-logger","caller":"logging/config.go:69","msg":"Fetch GitHub commit ID from kodata failed: \"ref: refs/heads/0.8.0-**-support-backwards-incompats\" is not a valid GitHub commit ID"}
{"level":"info","ts":1589215231.2205818,"logger":"fallback-logger","caller":"creds-init/main.go:40","msg":"Credentials initialized."}

Showing logs for build [32mseldonio-seldon-core-pr-1816-li-9znnk-12[0m stage [32mlint-python[0m and container [32mstep-working-dir-initializer-74fwd[0m
{"level":"warn","ts":1589215233.2823431,"logger":"fallback-logger","caller":"logging/config.go:69","msg":"Fetch GitHub commit ID from kodata failed: open /var/run/ko/HEAD: no such file or directory"}
{"level":"info","ts":1589215233.2853339,"logger":"fallback-logger","caller":"bash/main.go:64","msg":"Successfully executed command \"sh -c mkdir -p /workspace/source\"; output "}

Showing logs for build [32mseldonio-seldon-core-pr-1816-li-9znnk-12[0m stage [32mlint-python[0m and container [32mstep-place-tools[0m

Showing logs for build [32mseldonio-seldon-core-pr-1816-li-9znnk-12[0m stage [32mlint-python[0m and container [32mstep-create-dir-workspace-2lhdq[0m
{"level":"warn","ts":1589215239.4066901,"logger":"fallback-logger","caller":"logging/config.go:69","msg":"Fetch GitHub commit ID from kodata failed: open /var/run/ko/HEAD: no such file or directory"}
{"level":"info","ts":1589215239.408554,"logger":"fallback-logger","caller":"bash/main.go:64","msg":"Successfully executed command \"sh -c mkdir -p /workspace/source\"; output "}

Showing logs for build [32mseldonio-seldon-core-pr-1816-li-9znnk-12[0m stage [32mlint-python[0m and container [32mstep-source-copy-workspace-vxxzn[0m
{"level":"warn","ts":1589215239.8486218,"logger":"fallback-logger","caller":"logging/config.go:69","msg":"Fetch GitHub commit ID from kodata failed: open /var/run/ko/HEAD: no such file or directory"}
{"level":"info","ts":1589215244.463848,"logger":"fallback-logger","caller":"bash/main.go:64","msg":"Successfully executed command \"sh -c cp -r /pvc/pr-build-comment/workspace/. /workspace/source\"; output "}

Showing logs for build [32mseldonio-seldon-core-pr-1816-li-9znnk-12[0m stage [32mlint-python[0m and container [32mstep-lint-python[0m
make: Entering directory '/workspace/source/python'
pip install -e . -r requirements-dev.txt
Obtaining file:///workspace/source/python
Collecting Flask<2.0.0 (from -r requirements.txt (line 1))
  Downloading https://files.pythonhosted.org/packages/f2/28/2a03252dfb9ebf377f40fba6a7841b47083260bf8bd8e737b0c6952df83f/Flask-1.1.2-py2.py3-none-any.whl (94kB)
Collecting Flask-cors<4.0.0 (from -r requirements.txt (line 2))
  Downloading https://files.pythonhosted.org/packages/78/38/e68b11daa5d613e3a91e4bf3da76c94ac9ee0d9cd515af9c1ab80d36f709/Flask_Cors-3.0.8-py2.py3-none-any.whl
Collecting redis<4.0.0 (from -r requirements.txt (line 3))
  Downloading https://files.pythonhosted.org/packages/29/90/8c3f7cd9c23cc259dd01979f03971e70fe2ddad79b93a70026716be20ded/redis-3.5.1-py2.py3-none-any.whl (71kB)
Requirement already satisfied: requests<3.0.0 in /opt/conda/lib/python3.7/site-packages (from -r requirements.txt (line 4)) (2.21.0)
Collecting numpy<2.0.0 (from -r requirements.txt (line 5))
  Downloading https://files.pythonhosted.org/packages/1f/df/7988fbbdc8c9b8efb575029498ad84b77e023a3e4623e85068823a102b1d/numpy-1.18.4-cp37-cp37m-manylinux1_x86_64.whl (20.2MB)
Requirement already satisfied: flatbuffers<2.0.0 in /opt/conda/lib/python3.7/site-packages (from -r requirements.txt (line 6)) (1.11)
Requirement already satisfied: protobuf<4.0.0 in /opt/conda/lib/python3.7/site-packages (from -r requirements.txt (line 7)) (3.7.1)
Requirement already satisfied: grpcio<2.0.0 in /opt/conda/lib/python3.7/site-packages (from -r requirements.txt (line 8)) (1.20.1)
Collecting Flask-OpenTracing<1.2.0,>=1.1.0 (from -r requirements.txt (line 9))
  Downloading https://files.pythonhosted.org/packages/58/6c/6417701ba5ecc8854670c6db3207bcc3e5fbc96289a7cb18d5516d99a1c6/Flask-OpenTracing-1.1.0.tar.gz
Collecting opentracing<2.3.0,>=2.2.0 (from -r requirements.txt (line 10))
  Downloading https://files.pythonhosted.org/packages/94/9f/289424136addf621fb4c75624ef9a3a80e8575da3993a87950c57e93217e/opentracing-2.2.0.tar.gz (47kB)
Collecting jaeger-client<4.2.0,>=4.1.0 (from -r requirements.txt (line 11))
  Downloading https://files.pythonhosted.org/packages/f1/da/569a4f1bc3d0c412c7f903053f09ef62fa10949374ca90bc852b22dd3860/jaeger-client-4.1.0.tar.gz (80kB)
Collecting grpcio-opentracing<1.2.0,>=1.1.4 (from -r requirements.txt (line 12))
  Downloading https://files.pythonhosted.org/packages/db/82/2fcad380697c3dab25de76ee590bcab3eb9bbfb4add916044d7e83ec2b10/grpcio_opentracing-1.1.4-py3-none-any.whl
Collecting pyaml<20.0.0 (from -r requirements.txt (line 13))
  Downloading https://files.pythonhosted.org/packages/35/1e/eda9fe07f752ced7afcef590e7d74390f0d9c9c0b7ff98317afbaa0697e3/pyaml-19.12.0-py2.py3-none-any.whl
Collecting gunicorn<20.1.0,>=19.9.0 (from -r requirements.txt (line 14))
  Downloading https://files.pythonhosted.org/packages/69/ca/926f7cd3a2014b16870086b2d0fdc84a9e49473c68a8dff8b57f7c156f43/gunicorn-20.0.4-py2.py3-none-any.whl (77kB)
Collecting minio<6.0.0,>=4.0.9 (from -r requirements.txt (line 15))
  Downloading https://files.pythonhosted.org/packages/aa/60/81f4a1dc2d320832840288d7ec88aa3e4ee495d8f1452b4c79d8bd67136b/minio-5.0.10-py2.py3-none-any.whl (75kB)
Collecting azure-storage-blob<3.0.0,>=2.0.1 (from -r requirements.txt (line 16))
  Downloading https://files.pythonhosted.org/packages/3e/84/610f379b46d7d3c2d48eadeed6a12b6d46a43100fea70534f5992d0ac996/azure_storage_blob-2.1.0-py2.py3-none-any.whl (88kB)
Collecting setuptools>=41.0.0 (from -r requirements.txt (line 17))
  Downloading https://files.pythonhosted.org/packages/73/22/156aac338c4ac8ffb1c3c6c3d4841611fdd4e40a9be7518bf5be432fd38c/setuptools-46.2.0-py3-none-any.whl (582kB)
Collecting google-cloud-storage>=1.16.0 (from -r requirements.txt (line 18))
  Downloading https://files.pythonhosted.org/packages/07/92/ac0030dbad567ab07f26261dd6a980490df32c7a988b74ad199b3e9ecc09/google_cloud_storage-1.28.1-py2.py3-none-any.whl (80kB)
Collecting prometheus_client<0.8.0,>=0.7.1 (from -r requirements.txt (line 19))
  Downloading https://files.pythonhosted.org/packages/b3/23/41a5a24b502d35a4ad50a5bb7202a5e1d9a0364d0c12f56db3dbf7aca76d/prometheus_client-0.7.1.tar.gz
Collecting black==19.10b0 (from -r requirements-dev.txt (line 2))
  Downloading https://files.pythonhosted.org/packages/fd/bb/ad34bbc93d1bea3de086d7c59e528d4a503ac8fe318bd1fa48605584c3d2/black-19.10b0-py36-none-any.whl (97kB)
Collecting flake8==3.7.9 (from -r requirements-dev.txt (line 3))
  Downloading https://files.pythonhosted.org/packages/f8/1f/7ea40d1e4146ea55dbab41cda1376db092a75794914169aabd7e8d7a7def/flake8-3.7.9-py2.py3-none-any.whl (69kB)
Collecting mypy<0.771 (from -r requirements-dev.txt (line 4))
  Downloading https://files.pythonhosted.org/packages/64/ac/554f8fc7b56156db7ca9525d5ce66f00cc71f9ae6a43e21a6596b7084d7a/mypy-0.770-cp37-cp37m-manylinux1_x86_64.whl (21.7MB)
Collecting Pillow==7.1.1 (from -r requirements-dev.txt (line 5))
  Downloading https://files.pythonhosted.org/packages/3f/b6/6979d88601932b0434854bcdd5cafeb239c4ed8a8c6c86c8363dd194f9a1/Pillow-7.1.1-cp37-cp37m-manylinux1_x86_64.whl (2.1MB)
Collecting pytest==5.4.1 (from -r requirements-dev.txt (line 6))
  Downloading https://files.pythonhosted.org/packages/c7/e2/c19c667f42f72716a7d03e8dd4d6f63f47d39feadd44cc1ee7ca3089862c/pytest-5.4.1-py3-none-any.whl (246kB)
Collecting pytest-cov==2.8.1 (from -r requirements-dev.txt (line 7))
  Downloading https://files.pythonhosted.org/packages/b9/54/3673ee8be482f81527678ac894276223b9814bb7262e4f730469bb7bf70e/pytest_cov-2.8.1-py2.py3-none-any.whl
Collecting tox<4.0.0 (from -r requirements-dev.txt (line 8))
  Downloading https://files.pythonhosted.org/packages/37/70/14b3fac1447864facfea2b604d531d8ece2380fec3fbb6938f4b38ecb217/tox-3.15.0-py2.py3-none-any.whl (82kB)
Collecting grpcio-tools==1.27.2 (from -r requirements-dev.txt (line 9))
  Downloading https://files.pythonhosted.org/packages/b6/2a/58c0e6fedda4f632c4ce04c6ef394eb74f1e1727921f770b744855fff676/grpcio_tools-1.27.2-cp37-cp37m-manylinux1_x86_64.whl (2.3MB)
Collecting mypy-protobuf==1.20 (from -r requirements-dev.txt (line 10))
  Downloading https://files.pythonhosted.org/packages/f0/77/0e9237c3d7dcca682f9d7e2500a7b35c01f637185b528a96f79518ede382/mypy_protobuf-1.20-py3-none-any.whl
Collecting coverage==5.1 (from -r requirements-dev.txt (line 13))
  Downloading https://files.pythonhosted.org/packages/0d/85/b055f9c1a210f0c7e16e675b286ce4e16d80ba4c4e566de143e8d58dd7f2/coverage-5.1-cp37-cp37m-manylinux1_x86_64.whl (227kB)
Collecting pandas==1.0.1 (from -r requirements-dev.txt (line 16))
  Downloading https://files.pythonhosted.org/packages/61/af/ceb7523e86753d5643ed00e8c17a42bdcfe819782c3449d9bbbf5d01867a/pandas-1.0.1-cp37-cp37m-manylinux1_x86_64.whl (10.1MB)
Collecting pip-licenses==2.2.0 (from -r requirements-dev.txt (line 19))
  Downloading https://files.pythonhosted.org/packages/44/ae/327f41f9bf6a3d84f51764eb1b1c76b5f72289dafeb3b33e109e2be4d180/pip_licenses-2.2.0-py3-none-any.whl
Collecting click>=5.1 (from Flask<2.0.0->-r requirements.txt (line 1))
  Downloading https://files.pythonhosted.org/packages/d2/3d/fa76db83bf75c4f8d338c2fd15c8d33fdd7ad23a9b5e57eb6c5de26b430e/click-7.1.2-py2.py3-none-any.whl (82kB)
Collecting Werkzeug>=0.15 (from Flask<2.0.0->-r requirements.txt (line 1))
  Downloading https://files.pythonhosted.org/packages/cc/94/5f7079a0e00bd6863ef8f1da638721e9da21e5bacee597595b318f71d62e/Werkzeug-1.0.1-py2.py3-none-any.whl (298kB)
Collecting Jinja2>=2.10.1 (from Flask<2.0.0->-r requirements.txt (line 1))
  Downloading https://files.pythonhosted.org/packages/30/9e/f663a2aa66a09d838042ae1a2c5659828bb9b41ea3a6efa20a20fd92b121/Jinja2-2.11.2-py2.py3-none-any.whl (125kB)
Collecting itsdangerous>=0.24 (from Flask<2.0.0->-r requirements.txt (line 1))
  Downloading https://files.pythonhosted.org/packages/76/ae/44b03b253d6fade317f32c24d100b3b35c2239807046a4c953c7b89fa49e/itsdangerous-1.1.0-py2.py3-none-any.whl
Requirement already satisfied: Six in /opt/conda/lib/python3.7/site-packages (from Flask-cors<4.0.0->-r requirements.txt (line 2)) (1.12.0)
Requirement already satisfied: urllib3<1.25,>=1.21.1 in /opt/conda/lib/python3.7/site-packages (from requests<3.0.0->-r requirements.txt (line 4)) (1.24.1)
Requirement already satisfied: chardet<3.1.0,>=3.0.2 in /opt/conda/lib/python3.7/site-packages (from requests<3.0.0->-r requirements.txt (line 4)) (3.0.4)
Requirement already satisfied: certifi>=2017.4.17 in /opt/conda/lib/python3.7/site-packages (from requests<3.0.0->-r requirements.txt (line 4)) (2018.11.29)
Requirement already satisfied: idna<2.9,>=2.5 in /opt/conda/lib/python3.7/site-packages (from requests<3.0.0->-r requirements.txt (line 4)) (2.8)
Collecting threadloop<2,>=1 (from jaeger-client<4.2.0,>=4.1.0->-r requirements.txt (line 11))
  Downloading https://files.pythonhosted.org/packages/d3/1d/8398c1645b97dc008d3c658e04beda01ede3d90943d40c8d56863cf891bd/threadloop-1.0.2.tar.gz
Collecting thrift (from jaeger-client<4.2.0,>=4.1.0->-r requirements.txt (line 11))
  Downloading https://files.pythonhosted.org/packages/97/1e/3284d19d7be99305eda145b8aa46b0c33244e4a496ec66440dac19f8274d/thrift-0.13.0.tar.gz (59kB)
Collecting tornado<6,>=4.3 (from jaeger-client<4.2.0,>=4.1.0->-r requirements.txt (line 11))
  Downloading https://files.pythonhosted.org/packages/e6/78/6e7b5af12c12bdf38ca9bfe863fcaf53dc10430a312d0324e76c1e5ca426/tornado-5.1.1.tar.gz (516kB)
Collecting PyYAML (from pyaml<20.0.0->-r requirements.txt (line 13))
  Downloading https://files.pythonhosted.org/packages/64/c2/b80047c7ac2478f9501676c988a5411ed5572f35d1beff9cae07d321512c/PyYAML-5.3.1.tar.gz (269kB)
Collecting python-dateutil (from minio<6.0.0,>=4.0.9->-r requirements.txt (line 15))
  Downloading https://files.pythonhosted.org/packages/d4/70/d60450c3dd48ef87586924207ae8907090de0b306af2bce5d134d78615cb/python_dateutil-2.8.1-py2.py3-none-any.whl (227kB)
Collecting pytz (from minio<6.0.0,>=4.0.9->-r requirements.txt (line 15))
  Downloading https://files.pythonhosted.org/packages/4f/a4/879454d49688e2fad93e59d7d4efda580b783c745fd2ec2a3adf87b0808d/pytz-2020.1-py2.py3-none-any.whl (510kB)
Collecting configparser (from minio<6.0.0,>=4.0.9->-r requirements.txt (line 15))
  Downloading https://files.pythonhosted.org/packages/4b/6b/01baa293090240cf0562cc5eccb69c6f5006282127f2b846fad011305c79/configparser-5.0.0-py3-none-any.whl
Collecting azure-storage-common~=2.1 (from azure-storage-blob<3.0.0,>=2.0.1->-r requirements.txt (line 16))
  Downloading https://files.pythonhosted.org/packages/6b/a0/6794b318ce0118d1a4053bdf0149a60807407db9b710354f2b203c2f5975/azure_storage_common-2.1.0-py2.py3-none-any.whl (47kB)
Collecting azure-common>=1.1.5 (from azure-storage-blob<3.0.0,>=2.0.1->-r requirements.txt (line 16))
  Downloading https://files.pythonhosted.org/packages/e5/4d/d000fc3c5af601d00d55750b71da5c231fcb128f42ac95b208ed1091c2c1/azure_common-1.1.25-py2.py3-none-any.whl
Collecting google-cloud-core<2.0dev,>=1.2.0 (from google-cloud-storage>=1.16.0->-r requirements.txt (line 18))
  Downloading https://files.pythonhosted.org/packages/89/3c/8a7531839028c9690e6d14c650521f3bbaf26e53baaeb2784b8c3eb2fb97/google_cloud_core-1.3.0-py2.py3-none-any.whl
Collecting google-resumable-media<0.6dev,>=0.5.0 (from google-cloud-storage>=1.16.0->-r requirements.txt (line 18))
  Downloading https://files.pythonhosted.org/packages/35/9e/f73325d0466ce5bdc36333f1aeb2892ead7b76e79bdb5c8b0493961fa098/google_resumable_media-0.5.0-py2.py3-none-any.whl
Collecting google-auth<2.0dev,>=1.11.0 (from google-cloud-storage>=1.16.0->-r requirements.txt (line 18))
  Downloading https://files.pythonhosted.org/packages/61/45/c562c8d2dadc3dc97347d1d7b218ef94be6d851fd6177dad96fdf5e1c74c/google_auth-1.14.2-py2.py3-none-any.whl (89kB)
Collecting pathspec<1,>=0.6 (from black==19.10b0->-r requirements-dev.txt (line 2))
  Downloading https://files.pythonhosted.org/packages/5d/d0/887c58853bd4b6ffc7aa9cdba4fc57d7b979b45888a6bd47e4568e1cf868/pathspec-0.8.0-py2.py3-none-any.whl
Collecting toml>=0.9.4 (from black==19.10b0->-r requirements-dev.txt (line 2))
  Downloading https://files.pythonhosted.org/packages/a2/12/ced7105d2de62fa7c8fb5fce92cc4ce66b57c95fb875e9318dba7f8c5db0/toml-0.10.0-py2.py3-none-any.whl
Collecting regex (from black==19.10b0->-r requirements-dev.txt (line 2))
  Downloading https://files.pythonhosted.org/packages/bb/c6/8594295009e268e2510e564d726615acd459db2431dda8e0cd8fcfdef422/regex-2020.5.7-cp37-cp37m-manylinux1_x86_64.whl (676kB)
Collecting attrs>=18.1.0 (from black==19.10b0->-r requirements-dev.txt (line 2))
  Downloading https://files.pythonhosted.org/packages/a2/db/4313ab3be961f7a763066401fb77f7748373b6094076ae2bda2806988af6/attrs-19.3.0-py2.py3-none-any.whl
Collecting typed-ast>=1.4.0 (from black==19.10b0->-r requirements-dev.txt (line 2))
  Downloading https://files.pythonhosted.org/packages/5d/10/0c1e8aa723a2b0c4032e048d8e511df82c8a1262f0e1df5e4c54eb2613e9/typed_ast-1.4.1-cp37-cp37m-manylinux1_x86_64.whl (737kB)
Collecting appdirs (from black==19.10b0->-r requirements-dev.txt (line 2))
  Downloading https://files.pythonhosted.org/packages/3b/00/2344469e2084fb287c2e0b57b72910309874c3245463acd6cf5e3db69324/appdirs-1.4.4-py2.py3-none-any.whl
Collecting pyflakes<2.2.0,>=2.1.0 (from flake8==3.7.9->-r requirements-dev.txt (line 3))
  Downloading https://files.pythonhosted.org/packages/84/f2/ed0ffb887f8138a8fe5a621b8c0bb9598bfb3989e029f6c6a85ee66628ee/pyflakes-2.1.1-py2.py3-none-any.whl (59kB)
Collecting mccabe<0.7.0,>=0.6.0 (from flake8==3.7.9->-r requirements-dev.txt (line 3))
  Downloading https://files.pythonhosted.org/packages/87/89/479dc97e18549e21354893e4ee4ef36db1d237534982482c3681ee6e7b57/mccabe-0.6.1-py2.py3-none-any.whl
Collecting pycodestyle<2.6.0,>=2.5.0 (from flake8==3.7.9->-r requirements-dev.txt (line 3))
  Downloading https://files.pythonhosted.org/packages/0e/0c/04a353e104d2f324f8ee5f4b32012618c1c86dd79e52a433b64fceed511b/pycodestyle-2.5.0-py2.py3-none-any.whl (51kB)
Collecting entrypoints<0.4.0,>=0.3.0 (from flake8==3.7.9->-r requirements-dev.txt (line 3))
  Downloading https://files.pythonhosted.org/packages/ac/c6/44694103f8c221443ee6b0041f69e2740d89a25641e62fb4f2ee568f2f9c/entrypoints-0.3-py2.py3-none-any.whl
Collecting mypy-extensions<0.5.0,>=0.4.3 (from mypy<0.771->-r requirements-dev.txt (line 4))
  Downloading https://files.pythonhosted.org/packages/5c/eb/975c7c080f3223a5cdaff09612f3a5221e4ba534f7039db34c35d95fa6a5/mypy_extensions-0.4.3-py2.py3-none-any.whl
Collecting typing-extensions>=3.7.4 (from mypy<0.771->-r requirements-dev.txt (line 4))
  Downloading https://files.pythonhosted.org/packages/0c/0e/3f026d0645d699e7320b59952146d56ad7c374e9cd72cd16e7c74e657a0f/typing_extensions-3.7.4.2-py3-none-any.whl
Collecting py>=1.5.0 (from pytest==5.4.1->-r requirements-dev.txt (line 6))
  Downloading https://files.pythonhosted.org/packages/99/8d/21e1767c009211a62a8e3067280bfce76e89c9f876180308515942304d2d/py-1.8.1-py2.py3-none-any.whl (83kB)
Collecting importlib-metadata>=0.12; python_version < "3.8" (from pytest==5.4.1->-r requirements-dev.txt (line 6))
  Downloading https://files.pythonhosted.org/packages/ad/e4/891bfcaf868ccabc619942f27940c77a8a4b45fd8367098955bb7e152fb1/importlib_metadata-1.6.0-py2.py3-none-any.whl
Collecting more-itertools>=4.0.0 (from pytest==5.4.1->-r requirements-dev.txt (line 6))
  Downloading https://files.pythonhosted.org/packages/72/96/4297306cc270eef1e3461da034a3bebe7c84eff052326b130824e98fc3fb/more_itertools-8.2.0-py3-none-any.whl (43kB)
Collecting packaging (from pytest==5.4.1->-r requirements-dev.txt (line 6))
  Downloading https://files.pythonhosted.org/packages/62/0a/34641d2bf5c917c96db0ded85ae4da25b6cd922d6b794648d4e7e07c88e5/packaging-20.3-py2.py3-none-any.whl
Collecting pluggy<1.0,>=0.12 (from pytest==5.4.1->-r requirements-dev.txt (line 6))
  Downloading https://files.pythonhosted.org/packages/a0/28/85c7aa31b80d150b772fbe4a229487bc6644da9ccb7e427dd8cc60cb8a62/pluggy-0.13.1-py2.py3-none-any.whl
Collecting wcwidth (from pytest==5.4.1->-r requirements-dev.txt (line 6))
  Downloading https://files.pythonhosted.org/packages/f6/d5/1ecdac957e3ea12c1b319fcdee8b6917ffaff8b4644d673c4d72d2f20b49/wcwidth-0.1.9-py2.py3-none-any.whl
Collecting virtualenv!=20.0.0,!=20.0.1,!=20.0.2,!=20.0.3,!=20.0.4,!=20.0.5,!=20.0.6,!=20.0.7,>=16.0.0 (from tox<4.0.0->-r requirements-dev.txt (line 8))
  Downloading https://files.pythonhosted.org/packages/9b/67/f28095ba538be54fc48ec7774d5778a7246972cf8c701430ec0c96bf0860/virtualenv-20.0.20-py2.py3-none-any.whl (4.7MB)
Collecting filelock<4,>=3.0.0 (from tox<4.0.0->-r requirements-dev.txt (line 8))
  Downloading https://files.pythonhosted.org/packages/93/83/71a2ee6158bb9f39a90c0dea1637f81d5eef866e188e1971a1b1ab01a35a/filelock-3.0.12-py3-none-any.whl
Collecting PTable (from pip-licenses==2.2.0->-r requirements-dev.txt (line 19))
  Downloading https://files.pythonhosted.org/packages/ab/b3/b54301811173ca94119eb474634f120a49cd370f257d1aae5a4abaf12729/PTable-0.9.2.tar.gz
Collecting MarkupSafe>=0.23 (from Jinja2>=2.10.1->Flask<2.0.0->-r requirements.txt (line 1))
  Downloading https://files.pythonhosted.org/packages/98/7b/ff284bd8c80654e471b769062a9b43cc5d03e7a615048d96f4619df8d420/MarkupSafe-1.1.1-cp37-cp37m-manylinux1_x86_64.whl
Requirement already satisfied: cryptography in /opt/conda/lib/python3.7/site-packages (from azure-storage-common~=2.1->azure-storage-blob<3.0.0,>=2.0.1->-r requirements.txt (line 16)) (2.4.2)
Collecting google-api-core<2.0.0dev,>=1.16.0 (from google-cloud-core<2.0dev,>=1.2.0->google-cloud-storage>=1.16.0->-r requirements.txt (line 18))
  Downloading https://files.pythonhosted.org/packages/4c/b9/c0dd70bcdf06a43d1e21f387448e7997e0ce91f10d0fbee359af4cde1571/google_api_core-1.17.0-py2.py3-none-any.whl (70kB)
Collecting rsa<4.1,>=3.1.4 (from google-auth<2.0dev,>=1.11.0->google-cloud-storage>=1.16.0->-r requirements.txt (line 18))
  Downloading https://files.pythonhosted.org/packages/02/e5/38518af393f7c214357079ce67a317307936896e961e35450b70fad2a9cf/rsa-4.0-py2.py3-none-any.whl
Collecting cachetools<5.0,>=2.0.0 (from google-auth<2.0dev,>=1.11.0->google-cloud-storage>=1.16.0->-r requirements.txt (line 18))
  Downloading https://files.pythonhosted.org/packages/b3/59/524ffb454d05001e2be74c14745b485681c6ed5f2e625f71d135704c0909/cachetools-4.1.0-py3-none-any.whl
Collecting pyasn1-modules>=0.2.1 (from google-auth<2.0dev,>=1.11.0->google-cloud-storage>=1.16.0->-r requirements.txt (line 18))
  Downloading https://files.pythonhosted.org/packages/95/de/214830a981892a3e286c3794f41ae67a4495df1108c3da8a9f62159b9a9d/pyasn1_modules-0.2.8-py2.py3-none-any.whl (155kB)
Collecting zipp>=0.5 (from importlib-metadata>=0.12; python_version < "3.8"->pytest==5.4.1->-r requirements-dev.txt (line 6))
  Downloading https://files.pythonhosted.org/packages/b2/34/bfcb43cc0ba81f527bc4f40ef41ba2ff4080e047acb0586b56b3d017ace4/zipp-3.1.0-py3-none-any.whl
Collecting pyparsing>=2.0.2 (from packaging->pytest==5.4.1->-r requirements-dev.txt (line 6))
  Downloading https://files.pythonhosted.org/packages/8a/bb/488841f56197b13700afd5658fc279a2025a39e22449b7cf29864669b15d/pyparsing-2.4.7-py2.py3-none-any.whl (67kB)
Collecting distlib<1,>=0.3.0 (from virtualenv!=20.0.0,!=20.0.1,!=20.0.2,!=20.0.3,!=20.0.4,!=20.0.5,!=20.0.6,!=20.0.7,>=16.0.0->tox<4.0.0->-r requirements-dev.txt (line 8))
  Downloading https://files.pythonhosted.org/packages/7d/29/694a3a4d7c0e1aef76092e9167fbe372e0f7da055f5dcf4e1313ec21d96a/distlib-0.3.0.zip (571kB)
Requirement already satisfied: asn1crypto>=0.21.0 in /opt/conda/lib/python3.7/site-packages (from cryptography->azure-storage-common~=2.1->azure-storage-blob<3.0.0,>=2.0.1->-r requirements.txt (line 16)) (0.24.0)
Requirement already satisfied: cffi!=1.11.3,>=1.7 in /opt/conda/lib/python3.7/site-packages (from cryptography->azure-storage-common~=2.1->azure-storage-blob<3.0.0,>=2.0.1->-r requirements.txt (line 16)) (1.11.5)
Collecting googleapis-common-protos<2.0dev,>=1.6.0 (from google-api-core<2.0.0dev,>=1.16.0->google-cloud-core<2.0dev,>=1.2.0->google-cloud-storage>=1.16.0->-r requirements.txt (line 18))
  Downloading https://files.pythonhosted.org/packages/05/46/168fd780f594a4d61122f7f3dc0561686084319ad73b4febbf02ae8b32cf/googleapis-common-protos-1.51.0.tar.gz
Collecting pyasn1>=0.1.3 (from rsa<4.1,>=3.1.4->google-auth<2.0dev,>=1.11.0->google-cloud-storage>=1.16.0->-r requirements.txt (line 18))
  Downloading https://files.pythonhosted.org/packages/62/1e/a94a8d635fa3ce4cfc7f506003548d0a2447ae76fd5ca53932970fe3053f/pyasn1-0.4.8-py2.py3-none-any.whl (77kB)
Requirement already satisfied: pycparser in /opt/conda/lib/python3.7/site-packages (from cffi!=1.11.3,>=1.7->cryptography->azure-storage-common~=2.1->azure-storage-blob<3.0.0,>=2.0.1->-r requirements.txt (line 16)) (2.19)
Building wheels for collected packages: Flask-OpenTracing, opentracing, jaeger-client, prometheus-client, threadloop, thrift, tornado, PyYAML, PTable, distlib, googleapis-common-protos
  Running setup.py bdist_wheel for Flask-OpenTracing: started
  Running setup.py bdist_wheel for Flask-OpenTracing: finished with status 'done'
  Stored in directory: /builder/home/.cache/pip/wheels/7b/dc/25/3cf0b35c129232ee596c413f13d1d1f5a8e38c427266276dfd
  Running setup.py bdist_wheel for opentracing: started
  Running setup.py bdist_wheel for opentracing: finished with status 'done'
  Stored in directory: /builder/home/.cache/pip/wheels/93/e9/b5/1cdc3544f99a54caca13832b5afa26fd98701fe709dc049576
  Running setup.py bdist_wheel for jaeger-client: started
  Running setup.py bdist_wheel for jaeger-client: finished with status 'done'
  Stored in directory: /builder/home/.cache/pip/wheels/f2/84/7f/e89da3ee8ce35598d6382b6389fa2ada5d66acca2422537994
  Running setup.py bdist_wheel for prometheus-client: started
  Running setup.py bdist_wheel for prometheus-client: finished with status 'done'
  Stored in directory: /builder/home/.cache/pip/wheels/1c/54/34/fd47cd9b308826cc4292b54449c1899a30251ef3b506bc91ea
  Running setup.py bdist_wheel for threadloop: started
  Running setup.py bdist_wheel for threadloop: finished with status 'done'
  Stored in directory: /builder/home/.cache/pip/wheels/d7/7a/30/d212623a4cd34f6cce400f8122b1b7af740d3440c68023d51f
  Running setup.py bdist_wheel for thrift: started
  Running setup.py bdist_wheel for thrift: finished with status 'done'
  Stored in directory: /builder/home/.cache/pip/wheels/02/a2/46/689ccfcf40155c23edc7cdbd9de488611c8fdf49ff34b1706e
  Running setup.py bdist_wheel for tornado: started
  Running setup.py bdist_wheel for tornado: finished with status 'done'
  Stored in directory: /builder/home/.cache/pip/wheels/6d/e1/ce/f4ee2fa420cc6b940123c64992b81047816d0a9fad6b879325
  Running setup.py bdist_wheel for PyYAML: started
  Running setup.py bdist_wheel for PyYAML: finished with status 'done'
  Stored in directory: /builder/home/.cache/pip/wheels/a7/c1/ea/cf5bd31012e735dc1dfea3131a2d5eae7978b251083d6247bd
  Running setup.py bdist_wheel for PTable: started
  Running setup.py bdist_wheel for PTable: finished with status 'done'
  Stored in directory: /builder/home/.cache/pip/wheels/22/cc/2e/55980bfe86393df3e9896146a01f6802978d09d7ebcba5ea56
  Running setup.py bdist_wheel for distlib: started
  Running setup.py bdist_wheel for distlib: finished with status 'done'
  Stored in directory: /builder/home/.cache/pip/wheels/6e/e8/db/c73dae4867666e89ba3cfbc4b5c092446f0e584eda6f409cbb
  Running setup.py bdist_wheel for googleapis-common-protos: started
  Running setup.py bdist_wheel for googleapis-common-protos: finished with status 'done'
  Stored in directory: /builder/home/.cache/pip/wheels/2c/f9/7f/6eb87e636072bf467e25348bbeb96849333e6a080dca78f706
Successfully built Flask-OpenTracing opentracing jaeger-client prometheus-client threadloop thrift tornado PyYAML PTable distlib googleapis-common-protos
grpcio-tools 1.27.2 has requirement grpcio>=1.27.2, but you'll have grpcio 1.20.1 which is incompatible.
tox 3.15.0 has requirement six<2,>=1.14.0, but you'll have six 1.12.0 which is incompatible.
Installing collected packages: click, Werkzeug, MarkupSafe, Jinja2, itsdangerous, Flask, Flask-cors, redis, numpy, opentracing, Flask-OpenTracing, tornado, threadloop, thrift, jaeger-client, grpcio-opentracing, PyYAML, pyaml, setuptools, gunicorn, python-dateutil, pytz, configparser, minio, azure-common, azure-storage-common, azure-storage-blob, pyasn1, rsa, cachetools, pyasn1-modules, google-auth, googleapis-common-protos, google-api-core, google-cloud-core, google-resumable-media, google-cloud-storage, prometheus-client, pathspec, toml, regex, attrs, typed-ast, appdirs, black, pyflakes, mccabe, pycodestyle, entrypoints, flake8, mypy-extensions, typing-extensions, mypy, Pillow, py, zipp, importlib-metadata, more-itertools, pyparsing, packaging, pluggy, wcwidth, pytest, coverage, pytest-cov, distlib, filelock, virtualenv, tox, grpcio-tools, mypy-protobuf, pandas, PTable, pip-licenses, seldon-core
  Found existing installation: setuptools 40.6.3
    Uninstalling setuptools-40.6.3:
      Successfully uninstalled setuptools-40.6.3
  Found existing installation: grpcio-tools 1.20.1
    Uninstalling grpcio-tools-1.20.1:
      Successfully uninstalled grpcio-tools-1.20.1
  Found existing installation: mypy-protobuf 1.10
    Uninstalling mypy-protobuf-1.10:
      Successfully uninstalled mypy-protobuf-1.10
  Running setup.py develop for seldon-core
Successfully installed Flask-1.1.2 Flask-OpenTracing-1.1.0 Flask-cors-3.0.8 Jinja2-2.11.2 MarkupSafe-1.1.1 PTable-0.9.2 Pillow-7.1.1 PyYAML-5.3.1 Werkzeug-1.0.1 appdirs-1.4.4 attrs-19.3.0 azure-common-1.1.25 azure-storage-blob-2.1.0 azure-storage-common-2.1.0 black-19.10b0 cachetools-4.1.0 click-7.1.2 configparser-5.0.0 coverage-5.1 distlib-0.3.0 entrypoints-0.3 filelock-3.0.12 flake8-3.7.9 google-api-core-1.17.0 google-auth-1.14.2 google-cloud-core-1.3.0 google-cloud-storage-1.28.1 google-resumable-media-0.5.0 googleapis-common-protos-1.51.0 grpcio-opentracing-1.1.4 grpcio-tools-1.27.2 gunicorn-20.0.4 importlib-metadata-1.6.0 itsdangerous-1.1.0 jaeger-client-4.1.0 mccabe-0.6.1 minio-5.0.10 more-itertools-8.2.0 mypy-0.770 mypy-extensions-0.4.3 mypy-protobuf-1.20 numpy-1.18.4 opentracing-2.2.0 packaging-20.3 pandas-1.0.1 pathspec-0.8.0 pip-licenses-2.2.0 pluggy-0.13.1 prometheus-client-0.7.1 py-1.8.1 pyaml-19.12.0 pyasn1-0.4.8 pyasn1-modules-0.2.8 pycodestyle-2.5.0 pyflakes-2.1.1 pyparsing-2.4.7 pytest-5.4.1 pytest-cov-2.8.1 python-dateutil-2.8.1 pytz-2020.1 redis-3.5.1 regex-2020.5.7 rsa-4.0 seldon-core setuptools-46.2.0 threadloop-1.0.2 thrift-0.13.0 toml-0.10.0 tornado-5.1.1 tox-3.15.0 typed-ast-1.4.1 typing-extensions-3.7.4.2 virtualenv-20.0.20 wcwidth-0.1.9 zipp-3.1.0
black \
	--check ./ ../testing \
	--exclude "(testing/scripts/proto|seldon_core/proto/|.eggs|.tox)"
All done! ✨ 🍰 ✨
64 files would be left unchanged.
flake8
0
make: Leaving directory '/workspace/source/python'
