
Showing logs for build [32mmeta-seldonio-seldon-core-pr-23-5vzzw-2[0m stage [32mmeta-pipeline[0m and container [32mstep-credential-initializer-2cbkw[0m
{"level":"info","ts":1599493092.9931254,"logger":"fallback-logger","caller":"logging/config.go:69","msg":"Fetch GitHub commit ID from kodata failed: open /var/run/ko/refs/heads/0.8.0-ns-support: no such file or directory"}
{"level":"info","ts":1599493092.9937558,"logger":"fallback-logger","caller":"creds-init/main.go:40","msg":"Credentials initialized."}

Showing logs for build [32mmeta-seldonio-seldon-core-pr-23-5vzzw-2[0m stage [32mmeta-pipeline[0m and container [32mstep-working-dir-initializer-s9jtx[0m
{"level":"info","ts":1599493094.5236578,"logger":"fallback-logger","caller":"logging/config.go:69","msg":"Fetch GitHub commit ID from kodata failed: open /var/run/ko/HEAD: no such file or directory"}
{"level":"info","ts":1599493094.5255084,"logger":"fallback-logger","caller":"bash/main.go:64","msg":"Successfully executed command \"sh -c mkdir -p /workspace/source\"; output "}

Showing logs for build [32mmeta-seldonio-seldon-core-pr-23-5vzzw-2[0m stage [32mmeta-pipeline[0m and container [32mstep-place-tools[0m

Showing logs for build [32mmeta-seldonio-seldon-core-pr-23-5vzzw-2[0m stage [32mmeta-pipeline[0m and container [32mstep-git-source-meta-seldonio-seldon-core-pr-23-5vzzw-knff5[0m
{"level":"info","ts":1599493101.01609,"logger":"fallback-logger","caller":"logging/config.go:69","msg":"Fetch GitHub commit ID from kodata failed: open /var/run/ko/refs/heads/0.8.0-ns-support: no such file or directory"}
{"level":"info","ts":1599493107.0217881,"logger":"fallback-logger","caller":"git/git.go:103","msg":"Successfully cloned https://github.com/SeldonIO/seldon-core.git @ 2cbf08378ee3a5345035f10a3441e2a4f791e11f in path /workspace/source"}

Showing logs for build [32mmeta-seldonio-seldon-core-pr-23-5vzzw-2[0m stage [32mmeta-pipeline[0m and container [32mstep-setup-builder-home[0m

Showing logs for build [32mmeta-seldonio-seldon-core-pr-23-5vzzw-2[0m stage [32mmeta-pipeline[0m and container [32mstep-git-merge[0m
Using SHAs from PULL_REFS=master:2cbf08378ee3a5345035f10a3441e2a4f791e11f,2396:6fa02051e2d7836c4a2b1193d8ced674908b3c37
DEBUG: LC_ALL=C JX_LOG_LEVEL=error git fetch origin --unshallow 6fa02051e2d7836c4a2b1193d8ced674908b3c37: 2cbf08378ee3a5345035f10a3441e2a4f791e11f:
DEBUG: ran git fetch --unshallow origin 6fa02051e2d7836c4a2b1193d8ced674908b3c37: 2cbf08378ee3a5345035f10a3441e2a4f791e11f: in 
DEBUG: LC_ALL=C JX_LOG_LEVEL=error git branch
DEBUG: LC_ALL=C JX_LOG_LEVEL=error git checkout master
DEBUG: ran git checkout master in 
DEBUG: LC_ALL=C JX_LOG_LEVEL=error git reset --hard 2cbf08378ee3a5345035f10a3441e2a4f791e11f
DEBUG: ran git reset --hard 2cbf08378ee3a5345035f10a3441e2a4f791e11f in 
DEBUG: LC_ALL=C JX_LOG_LEVEL=error git clean -fd .
DEBUG: ran clean --force -d . in 
DEBUG: LC_ALL=C JX_LOG_LEVEL=error git merge 6fa02051e2d7836c4a2b1193d8ced674908b3c37
DEBUG: ran git merge 6fa02051e2d7836c4a2b1193d8ced674908b3c37 in 
DEBUG: LC_ALL=C JX_LOG_LEVEL=error git log --format=%H%x1f%an%x1f%ae%x1f%cn%x1f%ce%x1f%s%n%b%x1e 2cbf08378ee3a5345035f10a3441e2a4f791e11f..HEAD
Merged SHA 5635ba281a0ccd432c2756d5be96c35652dbcf9b with commit message 'Merge commit '6fa02051e2d7836c4a2b1193d8ced674908b3c37'' into base branch master
Merged SHA 6fa02051e2d7836c4a2b1193d8ced674908b3c37 with commit message 'Update charts on release' into base branch master
Merged SHA 9d623c387afbfb2e717dedaad27ebc0576836596 with commit message 'Bump core-builder to 0.17' into base branch master
Merged SHA c0291dd728e25fe47879bba6e832315f8ae08b1b with commit message 'Add helm-docs to core-builder' into base branch master
Merged SHA a4e42cc8b477b5f9aa313bda3cd819f660913c74 with commit message 'Add all new charts to docs' into base branch master
Merged SHA 5c6ac63f536d32f1a75a046d5c0f4f671b54d450 with commit message 'Point to generated docs' into base branch master
Merged SHA ec0cc3c1508360b3ef891f80e99355d2d1c2b43c with commit message 'typo' into base branch master
Merged SHA a8ee0b29c1f5ff7029508e4676b478984dd6e9e7 with commit message 'Add seldon-od-transformer' into base branch master
Merged SHA 4358814d361e1b955d070f0dd8518c4f8d9e53cb with commit message 'Add generated docs for seldon-od-model chart' into base branch master
Merged SHA 314cd0cbccce3923800d8f478736955046f26aee with commit message 'Add generated docs for seldon-mab chart' into base branch master
Merged SHA d6eb25a7df1881aeeea5c5029a4c84594746bdae with commit message 'Add generated docs for seldon-core-loadtesting chart' into base branch master
Merged SHA 65a56d8e319b39ba48233c2538ee0cd29be047b5 with commit message 'Remove deprecated seldon-core-kafka chart' into base branch master
Merged SHA 7109b2cf94b621f7210e77b125cb22a3c67d1494 with commit message 'Remove deprecated seldon-core-controller chart' into base branch master
Merged SHA 723ae1c5bd2d5edf8b1012bd42b220884290f287 with commit message 'Add generated docs for seldon-core-analytics chart' into base branch master
Merged SHA 2fe9af9e296c0f3ed9e865213e672194105bef00 with commit message 'Document seldon-abtest chart' into base branch master

Showing logs for build [32mmeta-seldonio-seldon-core-pr-23-5vzzw-2[0m stage [32mmeta-pipeline[0m and container [32mstep-merge-pull-refs[0m
DEBUG: LC_ALL=C JX_LOG_LEVEL=error git fetch origin --unshallow 6fa02051e2d7836c4a2b1193d8ced674908b3c37: 2cbf08378ee3a5345035f10a3441e2a4f791e11f:
DEBUG: LC_ALL=C JX_LOG_LEVEL=error git fetch origin 6fa02051e2d7836c4a2b1193d8ced674908b3c37: 2cbf08378ee3a5345035f10a3441e2a4f791e11f:
DEBUG: ran git fetch origin 6fa02051e2d7836c4a2b1193d8ced674908b3c37: 2cbf08378ee3a5345035f10a3441e2a4f791e11f: in 
DEBUG: JX_LOG_LEVEL=error LC_ALL=C git rev-parse --is-shallow-repository
DEBUG: Unshallowed git repo in 
DEBUG: LC_ALL=C JX_LOG_LEVEL=error git branch
DEBUG: LC_ALL=C JX_LOG_LEVEL=error git checkout master
DEBUG: ran git checkout master in 
DEBUG: LC_ALL=C JX_LOG_LEVEL=error git reset --hard 2cbf08378ee3a5345035f10a3441e2a4f791e11f
DEBUG: ran git reset --hard 2cbf08378ee3a5345035f10a3441e2a4f791e11f in 
DEBUG: JX_LOG_LEVEL=error LC_ALL=C git clean -fd .
DEBUG: ran clean --force -d . in 
DEBUG: LC_ALL=C JX_LOG_LEVEL=error git merge 6fa02051e2d7836c4a2b1193d8ced674908b3c37
DEBUG: ran git merge 6fa02051e2d7836c4a2b1193d8ced674908b3c37 in 
DEBUG: LC_ALL=C JX_LOG_LEVEL=error git log --format=%H%x1f%an%x1f%ae%x1f%cn%x1f%ce%x1f%s%n%b%x1e 2cbf08378ee3a5345035f10a3441e2a4f791e11f..HEAD
Merged SHA fa35509faa1099f2b68d3e64b1f7e846cbcb4bb0 with commit message 'Merge commit '6fa02051e2d7836c4a2b1193d8ced674908b3c37'' into base branch master
Merged SHA 6fa02051e2d7836c4a2b1193d8ced674908b3c37 with commit message 'Update charts on release' into base branch master
Merged SHA 9d623c387afbfb2e717dedaad27ebc0576836596 with commit message 'Bump core-builder to 0.17' into base branch master
Merged SHA c0291dd728e25fe47879bba6e832315f8ae08b1b with commit message 'Add helm-docs to core-builder' into base branch master
Merged SHA a4e42cc8b477b5f9aa313bda3cd819f660913c74 with commit message 'Add all new charts to docs' into base branch master
Merged SHA 5c6ac63f536d32f1a75a046d5c0f4f671b54d450 with commit message 'Point to generated docs' into base branch master
Merged SHA ec0cc3c1508360b3ef891f80e99355d2d1c2b43c with commit message 'typo' into base branch master
Merged SHA a8ee0b29c1f5ff7029508e4676b478984dd6e9e7 with commit message 'Add seldon-od-transformer' into base branch master
Merged SHA 4358814d361e1b955d070f0dd8518c4f8d9e53cb with commit message 'Add generated docs for seldon-od-model chart' into base branch master
Merged SHA 314cd0cbccce3923800d8f478736955046f26aee with commit message 'Add generated docs for seldon-mab chart' into base branch master
Merged SHA d6eb25a7df1881aeeea5c5029a4c84594746bdae with commit message 'Add generated docs for seldon-core-loadtesting chart' into base branch master
Merged SHA 65a56d8e319b39ba48233c2538ee0cd29be047b5 with commit message 'Remove deprecated seldon-core-kafka chart' into base branch master
Merged SHA 7109b2cf94b621f7210e77b125cb22a3c67d1494 with commit message 'Remove deprecated seldon-core-controller chart' into base branch master
Merged SHA 723ae1c5bd2d5edf8b1012bd42b220884290f287 with commit message 'Add generated docs for seldon-core-analytics chart' into base branch master
Merged SHA 2fe9af9e296c0f3ed9e865213e672194105bef00 with commit message 'Document seldon-abtest chart' into base branch master

Showing logs for build [32mmeta-seldonio-seldon-core-pr-23-5vzzw-2[0m stage [32mmeta-pipeline[0m and container [32mstep-create-effective-pipeline[0m
error: failed to load project config in dir /workspace/source: failed to validate YAML file /workspace/source/jenkins-x-lint.yml due to yaml: line 14: did not find expected key
[31m
Pipeline failed on stage 'meta-pipeline' : container 'step-create-effective-pipeline'. The execution of the pipeline has stopped.[0m
