
Showing logs for build [32mmeta-seldonio-seldon-core-pr-23-7mkc5-6[0m stage [32mmeta-pipeline[0m and container [32mstep-credential-initializer-9wmzz[0m
{"level":"info","ts":1599553851.5939481,"logger":"fallback-logger","caller":"logging/config.go:69","msg":"Fetch GitHub commit ID from kodata failed: open /var/run/ko/refs/heads/0.8.0-ns-support: no such file or directory"}
{"level":"info","ts":1599553851.5945098,"logger":"fallback-logger","caller":"creds-init/main.go:40","msg":"Credentials initialized."}

Showing logs for build [32mmeta-seldonio-seldon-core-pr-23-7mkc5-6[0m stage [32mmeta-pipeline[0m and container [32mstep-working-dir-initializer-nmksq[0m
{"level":"info","ts":1599553852.2120266,"logger":"fallback-logger","caller":"logging/config.go:69","msg":"Fetch GitHub commit ID from kodata failed: open /var/run/ko/HEAD: no such file or directory"}
{"level":"info","ts":1599553852.2140021,"logger":"fallback-logger","caller":"bash/main.go:64","msg":"Successfully executed command \"sh -c mkdir -p /workspace/source\"; output "}

Showing logs for build [32mmeta-seldonio-seldon-core-pr-23-7mkc5-6[0m stage [32mmeta-pipeline[0m and container [32mstep-place-tools[0m

Showing logs for build [32mmeta-seldonio-seldon-core-pr-23-7mkc5-6[0m stage [32mmeta-pipeline[0m and container [32mstep-git-source-meta-seldonio-seldon-core-pr-23-7mkc5-dzxc2[0m
{"level":"info","ts":1599553857.4997187,"logger":"fallback-logger","caller":"logging/config.go:69","msg":"Fetch GitHub commit ID from kodata failed: open /var/run/ko/refs/heads/0.8.0-ns-support: no such file or directory"}
{"level":"info","ts":1599553867.9199424,"logger":"fallback-logger","caller":"git/git.go:103","msg":"Successfully cloned https://github.com/SeldonIO/seldon-core.git @ a2076b90c29c9ae5aff998654c99803285a9f022 in path /workspace/source"}

Showing logs for build [32mmeta-seldonio-seldon-core-pr-23-7mkc5-6[0m stage [32mmeta-pipeline[0m and container [32mstep-setup-builder-home[0m

Showing logs for build [32mmeta-seldonio-seldon-core-pr-23-7mkc5-6[0m stage [32mmeta-pipeline[0m and container [32mstep-git-merge[0m
Using SHAs from PULL_REFS=master:a2076b90c29c9ae5aff998654c99803285a9f022,2396:dbf919b933a051eb1812ae4ae01c9b29bb9f6ad0
DEBUG: LC_ALL=C JX_LOG_LEVEL=error git fetch origin --unshallow dbf919b933a051eb1812ae4ae01c9b29bb9f6ad0: a2076b90c29c9ae5aff998654c99803285a9f022:
DEBUG: ran git fetch --unshallow origin dbf919b933a051eb1812ae4ae01c9b29bb9f6ad0: a2076b90c29c9ae5aff998654c99803285a9f022: in 
DEBUG: LC_ALL=C JX_LOG_LEVEL=error git branch
DEBUG: LC_ALL=C JX_LOG_LEVEL=error git checkout master
DEBUG: ran git checkout master in 
DEBUG: LC_ALL=C JX_LOG_LEVEL=error git reset --hard a2076b90c29c9ae5aff998654c99803285a9f022
DEBUG: ran git reset --hard a2076b90c29c9ae5aff998654c99803285a9f022 in 
DEBUG: LC_ALL=C JX_LOG_LEVEL=error git clean -fd .
DEBUG: ran clean --force -d . in 
DEBUG: JX_LOG_LEVEL=error LC_ALL=C git merge dbf919b933a051eb1812ae4ae01c9b29bb9f6ad0
DEBUG: ran git merge dbf919b933a051eb1812ae4ae01c9b29bb9f6ad0 in 
DEBUG: JX_LOG_LEVEL=error LC_ALL=C git log --format=%H%x1f%an%x1f%ae%x1f%cn%x1f%ce%x1f%s%n%b%x1e a2076b90c29c9ae5aff998654c99803285a9f022..HEAD
Merged SHA dbf919b933a051eb1812ae4ae01c9b29bb9f6ad0 with commit message 'Update charts on release' into base branch master
Merged SHA e0210c2628360eaff0697011b0bb35b9b9423e8e with commit message 'Bump core-builder to 0.17' into base branch master
Merged SHA 296c17b458cbfa0c031fae4a72d24b1496586525 with commit message 'Add helm-docs to core-builder' into base branch master
Merged SHA 8010df27a202ebdfa2614e54342abe4258abbde4 with commit message 'Add all new charts to docs' into base branch master
Merged SHA 9bb20c55083b8f2ffc6a1eb5ebdee46c63abb9f6 with commit message 'Point to generated docs' into base branch master
Merged SHA 0ec31c2e3fec460a293ff2fd5302748bb9e2da9f with commit message 'typo' into base branch master
Merged SHA 030ae8b31b4f4d508ca19074a22fe41568c87522 with commit message 'Add seldon-od-transformer' into base branch master
Merged SHA ee063c6880905bf22e3fe959b76b9397dfe50f63 with commit message 'Add generated docs for seldon-od-model chart' into base branch master
Merged SHA b629acfd0a33bcd85bdd5f7056a53249c62cdf00 with commit message 'Add generated docs for seldon-mab chart' into base branch master
Merged SHA b1d86fe71ccfc1738764cade0cd606f7814f1837 with commit message 'Add generated docs for seldon-core-loadtesting chart' into base branch master
Merged SHA 85a3e64c0e0f44013e929f50f3b8e955edb77774 with commit message 'Remove deprecated seldon-core-kafka chart' into base branch master
Merged SHA 8f4444af78c9ba16aeeb0296b1825d5ec89652ed with commit message 'Remove deprecated seldon-core-controller chart' into base branch master
Merged SHA f5e67048c004caf8e18005ae154305186b95996c with commit message 'Add generated docs for seldon-core-analytics chart' into base branch master
Merged SHA 6bff56bb32468725f71384cd3f28a2380dfa99e7 with commit message 'Document seldon-abtest chart' into base branch master

Showing logs for build [32mmeta-seldonio-seldon-core-pr-23-7mkc5-6[0m stage [32mmeta-pipeline[0m and container [32mstep-merge-pull-refs[0m
DEBUG: LC_ALL=C JX_LOG_LEVEL=error git fetch origin --unshallow dbf919b933a051eb1812ae4ae01c9b29bb9f6ad0: a2076b90c29c9ae5aff998654c99803285a9f022:
DEBUG: LC_ALL=C JX_LOG_LEVEL=error git fetch origin dbf919b933a051eb1812ae4ae01c9b29bb9f6ad0: a2076b90c29c9ae5aff998654c99803285a9f022:
DEBUG: ran git fetch origin dbf919b933a051eb1812ae4ae01c9b29bb9f6ad0: a2076b90c29c9ae5aff998654c99803285a9f022: in 
DEBUG: LC_ALL=C JX_LOG_LEVEL=error git rev-parse --is-shallow-repository
DEBUG: Unshallowed git repo in 
DEBUG: LC_ALL=C JX_LOG_LEVEL=error git branch
DEBUG: LC_ALL=C JX_LOG_LEVEL=error git checkout master
DEBUG: ran git checkout master in 
DEBUG: LC_ALL=C JX_LOG_LEVEL=error git reset --hard a2076b90c29c9ae5aff998654c99803285a9f022
DEBUG: ran git reset --hard a2076b90c29c9ae5aff998654c99803285a9f022 in 
DEBUG: LC_ALL=C JX_LOG_LEVEL=error git clean -fd .
DEBUG: ran clean --force -d . in 
DEBUG: LC_ALL=C JX_LOG_LEVEL=error git merge dbf919b933a051eb1812ae4ae01c9b29bb9f6ad0
DEBUG: ran git merge dbf919b933a051eb1812ae4ae01c9b29bb9f6ad0 in 
DEBUG: LC_ALL=C JX_LOG_LEVEL=error git log --format=%H%x1f%an%x1f%ae%x1f%cn%x1f%ce%x1f%s%n%b%x1e a2076b90c29c9ae5aff998654c99803285a9f022..HEAD
Merged SHA dbf919b933a051eb1812ae4ae01c9b29bb9f6ad0 with commit message 'Update charts on release' into base branch master
Merged SHA e0210c2628360eaff0697011b0bb35b9b9423e8e with commit message 'Bump core-builder to 0.17' into base branch master
Merged SHA 296c17b458cbfa0c031fae4a72d24b1496586525 with commit message 'Add helm-docs to core-builder' into base branch master
Merged SHA 8010df27a202ebdfa2614e54342abe4258abbde4 with commit message 'Add all new charts to docs' into base branch master
Merged SHA 9bb20c55083b8f2ffc6a1eb5ebdee46c63abb9f6 with commit message 'Point to generated docs' into base branch master
Merged SHA 0ec31c2e3fec460a293ff2fd5302748bb9e2da9f with commit message 'typo' into base branch master
Merged SHA 030ae8b31b4f4d508ca19074a22fe41568c87522 with commit message 'Add seldon-od-transformer' into base branch master
Merged SHA ee063c6880905bf22e3fe959b76b9397dfe50f63 with commit message 'Add generated docs for seldon-od-model chart' into base branch master
Merged SHA b629acfd0a33bcd85bdd5f7056a53249c62cdf00 with commit message 'Add generated docs for seldon-mab chart' into base branch master
Merged SHA b1d86fe71ccfc1738764cade0cd606f7814f1837 with commit message 'Add generated docs for seldon-core-loadtesting chart' into base branch master
Merged SHA 85a3e64c0e0f44013e929f50f3b8e955edb77774 with commit message 'Remove deprecated seldon-core-kafka chart' into base branch master
Merged SHA 8f4444af78c9ba16aeeb0296b1825d5ec89652ed with commit message 'Remove deprecated seldon-core-controller chart' into base branch master
Merged SHA f5e67048c004caf8e18005ae154305186b95996c with commit message 'Add generated docs for seldon-core-analytics chart' into base branch master
Merged SHA 6bff56bb32468725f71384cd3f28a2380dfa99e7 with commit message 'Document seldon-abtest chart' into base branch master

Showing logs for build [32mmeta-seldonio-seldon-core-pr-23-7mkc5-6[0m stage [32mmeta-pipeline[0m and container [32mstep-create-effective-pipeline[0m
error: failed to load project config in dir /workspace/source: failed to validate YAML file /workspace/source/jenkins-x-lint.yml due to yaml: line 14: did not find expected key
[31m
Pipeline failed on stage 'meta-pipeline' : container 'step-create-effective-pipeline'. The execution of the pipeline has stopped.[0m
