
Showing logs for build [32mseldonio-seldon-core-pr-1406-li-2gqxt-9[0m stage [32mpr-build-comment[0m and container [32mstep-credential-initializer-bw8h8[0m
{"level":"warn","ts":1581935934.299278,"logger":"fallback-logger","caller":"logging/config.go:69","msg":"Fetch GitHub commit ID from kodata failed: \"ref: refs/heads/0.8.0-**-support-backwards-incompats\" is not a valid GitHub commit ID"}
{"level":"info","ts":1581935934.299696,"logger":"fallback-logger","caller":"creds-init/main.go:40","msg":"Credentials initialized."}

Showing logs for build [32mseldonio-seldon-core-pr-1406-li-2gqxt-9[0m stage [32mpr-build-comment[0m and container [32mstep-working-dir-initializer-d6ld8[0m
{"level":"warn","ts":1581935935.4326146,"logger":"fallback-logger","caller":"logging/config.go:69","msg":"Fetch GitHub commit ID from kodata failed: open /var/run/ko/HEAD: no such file or directory"}
{"level":"info","ts":1581935935.434162,"logger":"fallback-logger","caller":"bash/main.go:64","msg":"Successfully executed command \"sh -c mkdir -p /workspace/source\"; output "}

Showing logs for build [32mseldonio-seldon-core-pr-1406-li-2gqxt-9[0m stage [32mpr-build-comment[0m and container [32mstep-place-tools[0m

Showing logs for build [32mseldonio-seldon-core-pr-1406-li-2gqxt-9[0m stage [32mpr-build-comment[0m and container [32mstep-create-dir-workspace-k2qw4[0m
{"level":"warn","ts":1581935940.7416425,"logger":"fallback-logger","caller":"logging/config.go:69","msg":"Fetch GitHub commit ID from kodata failed: open /var/run/ko/HEAD: no such file or directory"}
{"level":"info","ts":1581935940.7432685,"logger":"fallback-logger","caller":"bash/main.go:64","msg":"Successfully executed command \"sh -c mkdir -p source\"; output "}

Showing logs for build [32mseldonio-seldon-core-pr-1406-li-2gqxt-9[0m stage [32mpr-build-comment[0m and container [32mstep-git-source-seldonio-seldon-core-pr-1406-li-thbp9[0m
{"level":"warn","ts":1581935941.0314372,"logger":"fallback-logger","caller":"logging/config.go:69","msg":"Fetch GitHub commit ID from kodata failed: \"ref: refs/heads/0.8.0-**-support-backwards-incompats\" is not a valid GitHub commit ID"}
{"level":"info","ts":1581935950.938557,"logger":"fallback-logger","caller":"git/git.go:103","msg":"Successfully cloned https://github.com/SeldonIO/seldon-core.git @ master in path /workspace/source"}

Showing logs for build [32mseldonio-seldon-core-pr-1406-li-2gqxt-9[0m stage [32mpr-build-comment[0m and container [32mstep-git-merge[0m
Using SHAs from PULL_REFS=master:ec4bd0352c4f1198ad53707b8e6f9a6effeadab0,1406:5b731d7029bcd815d4174883cd0abe0a50a771ab
DEBUG: ran git fetch --unshallow origin 5b731d7029bcd815d4174883cd0abe0a50a771ab: ec4bd0352c4f1198ad53707b8e6f9a6effeadab0: in 
DEBUG: ran git checkout master in 
DEBUG: ran git reset --hard ec4bd0352c4f1198ad53707b8e6f9a6effeadab0 in 
DEBUG: ran clean --force -d . in 
DEBUG: ran git merge 5b731d7029bcd815d4174883cd0abe0a50a771ab in 
Merged SHA 678464cabc5f51ab990f1f294d5bc1eb8f5946e8 with commit message 'Merge commit '5b731d7029bcd815d4174883cd0abe0a50a771ab'' into base branch master
Merged SHA 5b731d7029bcd815d4174883cd0abe0a50a771ab with commit message 'Add rest timoeuts' into base branch master
Merged SHA eccefec5a3c664f644eb0036ceb91bf692123f25 with commit message 'create http server inside api receiver' into base branch master
Merged SHA 5cb7b4d83c8cf392c7b672633b5f7b9987d70e5e with commit message 'Add timeout and message size annotations and tests' into base branch master
Merged SHA ef7052c9d5af7e5a35b60bff51b8399392fe52a5 with commit message 'Added processing of annotations and grpc message size in particular' into base branch master

Showing logs for build [32mseldonio-seldon-core-pr-1406-li-2gqxt-9[0m stage [32mpr-build-comment[0m and container [32mstep-step2[0m
+++ dirname ./add-pr-build-comment
++ cd .
++ pwd
+ STARTUP_DIR=/workspace/source/ci
+ REPO_OWNER=SeldonIO
+ REPO_NAME=seldon-core
+ PULL_NUMBER=1406
+ BUILD_NUMBER=9
+ PIPELINE_CONTEXT=lint
++ cat
+++ date
+ COMMENT_MSG='Mon Feb 17 10:39:17 UTC 2020
The logs for [lint] [9] will show after the pipeline context has finished.  
https://github.com/SeldonIO/seldon-core/blob/gh-pages/jenkins-x/logs/SeldonIO/seldon-core/PR-1406/9.log

impatient try  
** get build logs SeldonIO/seldon-core/PR-1406 --build=9'
+ ** step pr comment --owner=SeldonIO --repository=seldon-core --pull-request=1406 '--comment=Mon Feb 17 10:39:17 UTC 2020
The logs for [lint] [9] will show after the pipeline context has finished.  
https://github.com/SeldonIO/seldon-core/blob/gh-pages/jenkins-x/logs/SeldonIO/seldon-core/PR-1406/9.log

impatient try  
** get build logs SeldonIO/seldon-core/PR-1406 --build=9'

Showing logs for build [32mseldonio-seldon-core-pr-1406-li-2gqxt-9[0m stage [32mpr-build-comment[0m and container [32mstep-source-mkdir-seldonio-seldon-core-pr-1406-li-gj54x[0m
{"level":"warn","ts":1581935959.904805,"logger":"fallback-logger","caller":"logging/config.go:69","msg":"Fetch GitHub commit ID from kodata failed: open /var/run/ko/HEAD: no such file or directory"}
{"level":"info","ts":1581935959.9085698,"logger":"fallback-logger","caller":"bash/main.go:64","msg":"Successfully executed command \"sh -c mkdir -p /pvc/pr-build-comment/workspace\"; output "}

Showing logs for build [32mseldonio-seldon-core-pr-1406-li-2gqxt-9[0m stage [32mpr-build-comment[0m and container [32mstep-source-copy-seldonio-seldon-core-pr-1406-li-82w87[0m
{"level":"warn","ts":1581935960.1800554,"logger":"fallback-logger","caller":"logging/config.go:69","msg":"Fetch GitHub commit ID from kodata failed: open /var/run/ko/HEAD: no such file or directory"}
{"level":"info","ts":1581935960.4375632,"logger":"fallback-logger","caller":"bash/main.go:64","msg":"Successfully executed command \"sh -c cp -r source/. /pvc/pr-build-comment/workspace\"; output "}

Showing logs for build [32mseldonio-seldon-core-pr-1406-li-2gqxt-9[0m stage [32mpython-lint-task[0m and container [32mstep-credential-initializer-spz5n[0m
{"level":"warn","ts":1581935976.5244966,"logger":"fallback-logger","caller":"logging/config.go:69","msg":"Fetch GitHub commit ID from kodata failed: \"ref: refs/heads/0.8.0-**-support-backwards-incompats\" is not a valid GitHub commit ID"}
{"level":"info","ts":1581935976.525082,"logger":"fallback-logger","caller":"creds-init/main.go:40","msg":"Credentials initialized."}

Showing logs for build [32mseldonio-seldon-core-pr-1406-li-2gqxt-9[0m stage [32mpython-lint-task[0m and container [32mstep-working-dir-initializer-m6fkh[0m
{"level":"warn","ts":1581935977.5943856,"logger":"fallback-logger","caller":"logging/config.go:69","msg":"Fetch GitHub commit ID from kodata failed: open /var/run/ko/HEAD: no such file or directory"}
{"level":"info","ts":1581935977.5960202,"logger":"fallback-logger","caller":"bash/main.go:64","msg":"Successfully executed command \"sh -c mkdir -p /workspace/source\"; output "}

Showing logs for build [32mseldonio-seldon-core-pr-1406-li-2gqxt-9[0m stage [32mpython-lint-task[0m and container [32mstep-place-tools[0m

Showing logs for build [32mseldonio-seldon-core-pr-1406-li-2gqxt-9[0m stage [32mpython-lint-task[0m and container [32mstep-create-dir-workspace-k7nc6[0m
{"level":"warn","ts":1581935983.7865603,"logger":"fallback-logger","caller":"logging/config.go:69","msg":"Fetch GitHub commit ID from kodata failed: open /var/run/ko/HEAD: no such file or directory"}
{"level":"info","ts":1581935983.7889342,"logger":"fallback-logger","caller":"bash/main.go:64","msg":"Successfully executed command \"sh -c mkdir -p /workspace/source\"; output "}

Showing logs for build [32mseldonio-seldon-core-pr-1406-li-2gqxt-9[0m stage [32mpython-lint-task[0m and container [32mstep-source-copy-workspace-pww4b[0m
{"level":"warn","ts":1581935984.1531482,"logger":"fallback-logger","caller":"logging/config.go:69","msg":"Fetch GitHub commit ID from kodata failed: open /var/run/ko/HEAD: no such file or directory"}
{"level":"info","ts":1581935986.5048964,"logger":"fallback-logger","caller":"bash/main.go:64","msg":"Successfully executed command \"sh -c cp -r /pvc/pr-build-comment/workspace/. /workspace/source\"; output "}

Showing logs for build [32mseldonio-seldon-core-pr-1406-li-2gqxt-9[0m stage [32mpython-lint-task[0m and container [32mstep-python-lint[0m
make: Entering directory '/workspace/source/python'
pip install black==19.3b0
Collecting black==19.3b0
  Downloading black-19.3b0-py36-none-any.whl (89 kB)
Collecting attrs>=18.1.0
  Downloading attrs-19.3.0-py2.py3-none-any.whl (39 kB)
Collecting toml>=0.9.4
  Downloading toml-0.10.0-py2.py3-none-any.whl (25 kB)
Collecting click>=6.5
  Downloading Click-7.0-py2.py3-none-any.whl (81 kB)
Collecting appdirs
  Downloading appdirs-1.4.3-py2.py3-none-any.whl (12 kB)
Installing collected packages: attrs, toml, click, appdirs, black
Successfully installed appdirs-1.4.3 attrs-19.3.0 black-19.3b0 click-7.0 toml-0.10.0
black \
	--check ./ ../testing \
	--exclude "(testing/scripts/proto|seldon_core/proto/|.eggs|.tox)"
All done! ✨ 🍰 ✨
55 files would be left unchanged.
make: Leaving directory '/workspace/source/python'
