
Showing logs for build [32mseldonio-seldon-core-pr-1919-in-rjfkj-20[0m stage [32mpr-build-comment[0m and container [32mstep-credential-initializer-ztss4[0m
{"level":"warn","ts":1591959181.2997222,"logger":"fallback-logger","caller":"logging/config.go:69","msg":"Fetch GitHub commit ID from kodata failed: \"ref: refs/heads/0.8.0-**-support-backwards-incompats\" is not a valid GitHub commit ID"}
{"level":"info","ts":1591959181.30036,"logger":"fallback-logger","caller":"creds-init/main.go:40","msg":"Credentials initialized."}

Showing logs for build [32mseldonio-seldon-core-pr-1919-in-rjfkj-20[0m stage [32mpr-build-comment[0m and container [32mstep-working-dir-initializer-6vjwq[0m
{"level":"warn","ts":1591959181.7678354,"logger":"fallback-logger","caller":"logging/config.go:69","msg":"Fetch GitHub commit ID from kodata failed: open /var/run/ko/HEAD: no such file or directory"}
{"level":"info","ts":1591959181.7693233,"logger":"fallback-logger","caller":"bash/main.go:64","msg":"Successfully executed command \"sh -c mkdir -p /workspace/source\"; output "}

Showing logs for build [32mseldonio-seldon-core-pr-1919-in-rjfkj-20[0m stage [32mpr-build-comment[0m and container [32mstep-place-tools[0m

Showing logs for build [32mseldonio-seldon-core-pr-1919-in-rjfkj-20[0m stage [32mpr-build-comment[0m and container [32mstep-create-dir-workspace-cj7th[0m
{"level":"warn","ts":1591959264.0325398,"logger":"fallback-logger","caller":"logging/config.go:69","msg":"Fetch GitHub commit ID from kodata failed: open /var/run/ko/HEAD: no such file or directory"}
{"level":"info","ts":1591959264.0362668,"logger":"fallback-logger","caller":"bash/main.go:64","msg":"Successfully executed command \"sh -c mkdir -p source\"; output "}

Showing logs for build [32mseldonio-seldon-core-pr-1919-in-rjfkj-20[0m stage [32mpr-build-comment[0m and container [32mstep-git-source-seldonio-seldon-core-pr-1919-in-gpxn6[0m
{"level":"warn","ts":1591959264.3700335,"logger":"fallback-logger","caller":"logging/config.go:69","msg":"Fetch GitHub commit ID from kodata failed: \"ref: refs/heads/0.8.0-**-support-backwards-incompats\" is not a valid GitHub commit ID"}
{"level":"info","ts":1591959268.2299051,"logger":"fallback-logger","caller":"git/git.go:103","msg":"Successfully cloned https://github.com/SeldonIO/seldon-core.git @ master in path /workspace/source"}

Showing logs for build [32mseldonio-seldon-core-pr-1919-in-rjfkj-20[0m stage [32mpr-build-comment[0m and container [32mstep-git-merge[0m
Using SHAs from PULL_REFS=master:08d76e373e834c15351fcd644b96156b748cca35,1919:f06ad626d51e2ef325015ab9045fee9f138de942
DEBUG: ran git fetch --unshallow origin f06ad626d51e2ef325015ab9045fee9f138de942: 08d76e373e834c15351fcd644b96156b748cca35: in 
DEBUG: ran git checkout master in 
DEBUG: ran git reset --hard 08d76e373e834c15351fcd644b96156b748cca35 in 
DEBUG: ran clean --force -d . in 
DEBUG: ran git merge f06ad626d51e2ef325015ab9045fee9f138de942 in 
Merged SHA 3afe01d7144223f71f547f6bce46abfbfb291584 with commit message 'Merge commit 'f06ad626d51e2ef325015ab9045fee9f138de942'' into base branch master
Merged SHA f06ad626d51e2ef325015ab9045fee9f138de942 with commit message 'remove GOMODULE env' into base branch master
Merged SHA 113cd29a48f005e2ef8a0ba6bd9515f0f6cf7d86 with commit message 'update operator licences' into base branch master
Merged SHA f20183ffadeb539e1d9ed458d87862b3c4c50e3e with commit message 'rebase' into base branch master
Merged SHA ce4abdccbcb5ca814385df82b66de4032b3e9c09 with commit message 'Update licences' into base branch master
Merged SHA b72fe0fad6eb8bc364b8bbe809163bfca723033c with commit message 'change name of redhat dockerfile for executor' into base branch master
Merged SHA 8f4960da5f9a98e8fc059b067341be124341bb07 with commit message 'rebase' into base branch master
Merged SHA dcb10ad9677618ea1d9146384e2bf382acce029a with commit message 'updates from comments and adding redhat Dockerfile' into base branch master
Merged SHA 7685f1c33507f155fb486e3cac0f4cd36051aa3a with commit message 'fix notebook from review' into base branch master
Merged SHA 04a32af578ac4bf0db4d0b7ce6a4ea77c92b9624 with commit message 'remove topics.yaml' into base branch master
Merged SHA 0db7f54202db2e611177120e808f0bd7ba471888 with commit message 'rebase and fix metrics registering as well as include updates for examples' into base branch master
Merged SHA d1499d57d46cfb8dd9f521fd3c7ed773fe68b658 with commit message 'Add CIFAR10 example' into base branch master
Merged SHA 39f32f70511f2c87888ecb837c6bd01e36938c60 with commit message 'kafka updates' into base branch master
Merged SHA 9cce512f7a44b3b749a637f4809d21c032e2521b with commit message 'Operator updates for kafka' into base branch master
Merged SHA e17b448542c8b4b27772a28671d81f225af9a7c1 with commit message 'kafka updates for proto tests' into base branch master
Merged SHA 1982c6855a199e5627fd85ffd307d2fc2d74037e with commit message 'update sample' into base branch master
Merged SHA 2c20837ce5f6461278221a12c0a644af31252f67 with commit message 'update kafka cluster install example' into base branch master
Merged SHA a239e89b746e4f7e489143fa020cf668a4894dda with commit message 'add missing executor cmd folder' into base branch master
Merged SHA e5deff595163b67fbba65d937073719e1a9d33d5 with commit message 'Add test kafka cluster details' into base branch master
Merged SHA e9fa4ccfc575f2ad40caa32e5546a8abfbf45b0b with commit message 'make server multi-threaded' into base branch master
Merged SHA 03241c28efbcbf9fa38418d38e84f97be750dba4 with commit message 'initial kafka impl' into base branch master

Showing logs for build [32mseldonio-seldon-core-pr-1919-in-rjfkj-20[0m stage [32mpr-build-comment[0m and container [32mstep-step2[0m
+++ dirname ./add-pr-build-comment
++ cd .
++ pwd
+ STARTUP_DIR=/workspace/source/ci
+ REPO_OWNER=SeldonIO
+ REPO_NAME=seldon-core
+ PULL_NUMBER=1919
+ BUILD_NUMBER=20
+ PIPELINE_CONTEXT=integration
++ cat
+++ date
+ COMMENT_MSG='Fri Jun 12 10:54:36 UTC 2020
The logs for [integration] [20] will show after the pipeline context has finished.  
https://github.com/SeldonIO/seldon-core/blob/gh-pages/jenkins-x/logs/SeldonIO/seldon-core/PR-1919/20.log

impatient try  
** get build logs SeldonIO/seldon-core/PR-1919 --build=20'
+ ** step pr comment --owner=SeldonIO --repository=seldon-core --pull-request=1919 '--comment=Fri Jun 12 10:54:36 UTC 2020
The logs for [integration] [20] will show after the pipeline context has finished.  
https://github.com/SeldonIO/seldon-core/blob/gh-pages/jenkins-x/logs/SeldonIO/seldon-core/PR-1919/20.log

impatient try  
** get build logs SeldonIO/seldon-core/PR-1919 --build=20'

Showing logs for build [32mseldonio-seldon-core-pr-1919-in-rjfkj-20[0m stage [32mpr-build-comment[0m and container [32mstep-source-mkdir-seldonio-seldon-core-pr-1919-in-lftkp[0m
{"level":"warn","ts":1591959278.4376423,"logger":"fallback-logger","caller":"logging/config.go:69","msg":"Fetch GitHub commit ID from kodata failed: open /var/run/ko/HEAD: no such file or directory"}
{"level":"info","ts":1591959278.507482,"logger":"fallback-logger","caller":"bash/main.go:64","msg":"Successfully executed command \"sh -c mkdir -p /pvc/pr-build-comment/workspace\"; output "}

Showing logs for build [32mseldonio-seldon-core-pr-1919-in-rjfkj-20[0m stage [32mpr-build-comment[0m and container [32mstep-source-copy-seldonio-seldon-core-pr-1919-in-zw86x[0m
{"level":"warn","ts":1591959278.7770112,"logger":"fallback-logger","caller":"logging/config.go:69","msg":"Fetch GitHub commit ID from kodata failed: open /var/run/ko/HEAD: no such file or directory"}
{"level":"info","ts":1591959279.3171449,"logger":"fallback-logger","caller":"bash/main.go:64","msg":"Successfully executed command \"sh -c cp -r source/. /pvc/pr-build-comment/workspace\"; output "}

Showing logs for build [32mseldonio-seldon-core-pr-1919-in-rjfkj-20[0m stage [32mend-to-end[0m and container [32mstep-credential-initializer-kq2jd[0m
{"level":"warn","ts":1591959285.0415363,"logger":"fallback-logger","caller":"logging/config.go:69","msg":"Fetch GitHub commit ID from kodata failed: \"ref: refs/heads/0.8.0-**-support-backwards-incompats\" is not a valid GitHub commit ID"}
{"level":"info","ts":1591959285.042371,"logger":"fallback-logger","caller":"creds-init/main.go:40","msg":"Credentials initialized."}

Showing logs for build [32mseldonio-seldon-core-pr-1919-in-rjfkj-20[0m stage [32mend-to-end[0m and container [32mstep-working-dir-initializer-68jkd[0m
{"level":"warn","ts":1591959286.0521336,"logger":"fallback-logger","caller":"logging/config.go:69","msg":"Fetch GitHub commit ID from kodata failed: open /var/run/ko/HEAD: no such file or directory"}
{"level":"info","ts":1591959286.0537927,"logger":"fallback-logger","caller":"bash/main.go:64","msg":"Successfully executed command \"sh -c mkdir -p /workspace/source\"; output "}

Showing logs for build [32mseldonio-seldon-core-pr-1919-in-rjfkj-20[0m stage [32mend-to-end[0m and container [32mstep-place-tools[0m

Showing logs for build [32mseldonio-seldon-core-pr-1919-in-rjfkj-20[0m stage [32mend-to-end[0m and container [32mstep-create-dir-workspace-n6lbs[0m
{"level":"warn","ts":1591959293.3098693,"logger":"fallback-logger","caller":"logging/config.go:69","msg":"Fetch GitHub commit ID from kodata failed: open /var/run/ko/HEAD: no such file or directory"}
{"level":"info","ts":1591959293.312035,"logger":"fallback-logger","caller":"bash/main.go:64","msg":"Successfully executed command \"sh -c mkdir -p /workspace/source\"; output "}

Showing logs for build [32mseldonio-seldon-core-pr-1919-in-rjfkj-20[0m stage [32mend-to-end[0m and container [32mstep-source-copy-workspace-msvhp[0m
{"level":"warn","ts":1591959293.7449865,"logger":"fallback-logger","caller":"logging/config.go:69","msg":"Fetch GitHub commit ID from kodata failed: open /var/run/ko/HEAD: no such file or directory"}
{"level":"info","ts":1591959294.1801758,"logger":"fallback-logger","caller":"bash/main.go:64","msg":"Successfully executed command \"sh -c cp -r /pvc/pr-build-comment/workspace/. /workspace/source\"; output "}

Showing logs for build [32mseldonio-seldon-core-pr-1919-in-rjfkj-20[0m stage [32mend-to-end[0m and container [32mstep-test-end-to-end[0m
Test run type is: [base]
Starting Docker: docker.
[SETUP] Waiting for Docker to be ready, sleeping for 1 seconds ...
kind create cluster --config ../resources/kind_config.yaml
Creating cluster "kind" ...
 • Ensuring node image (kindest/node:v1.16.3) 🖼  ...
 ✓ Ensuring node image (kindest/node:v1.16.3) 🖼
 • Preparing nodes 📦  ...
 ✓ Preparing nodes 📦
 • Writing configuration 📜  ...
 ✓ Writing configuration 📜
 • Starting control-plane 🕹️  ...
 ✓ Starting control-plane 🕹️
 • Installing CNI 🔌  ...
 ✓ Installing CNI 🔌
 • Installing StorageClass 💾  ...
 ✓ Installing StorageClass 💾
 • Joining worker nodes 🚜  ...
 ✓ Joining worker nodes 🚜
Set kubectl context to "kind-kind"
You can now use your cluster with:

kubectl cluster-info --context kind-kind

Thanks for using kind! 😊
`kind get kubeconfig-path` is deprecated!

KIND will export and merge kubeconfig like kops, minikube, etc.
This command is now unnecessary and will be removed in a future release.

For more info see: https://github.com/kubernetes-sigs/kind/issues/1060
See also the output of `kind create cluster`

Files changed in python folder:
SKIPPING PYTHON IMAGE BUILD...
Files changed in operator folder:
operator/Dockerfile
operator/Dockerfile.redhat
operator/apis/machinelearning.seldon.io/v1/seldondeployment_types.go
operator/apis/machinelearning.seldon.io/v1/seldondeployment_webhook.go
operator/apis/machinelearning.seldon.io/v1/seldondeployment_webhook_test.go
operator/config/crd/bases/machinelearning.seldon.io_seldondeployments.yaml
operator/controllers/seldondeployment_engine.go
operator/controllers/seldondeployment_engine_test.go
operator/licenses/README.md
operator/licenses/additional_license_info.csv
operator/licenses/dep.txt
operator/licenses/dep_repo.manual.csv
operator/licenses/license.txt
operator/licenses/license_info.csv
operator/licenses/repo.txt
operator/testing/machinelearning.seldon.io_seldondeployments.yaml
cd ../../operator && make kind-image-install
make[1]: Entering directory '/workspace/source/operator'
go: creating new go.mod: module tmp
go: finding sigs.k8s.io v0.2.5
go: finding sigs.k8s.io/controller-tools/cmd/controller-gen v0.2.5
go: finding sigs.k8s.io/controller-tools/cmd v0.2.5
go: finding sigs.k8s.io/controller-tools v0.2.5
go: downloading sigs.k8s.io/controller-tools v0.2.5
go: extracting sigs.k8s.io/controller-tools v0.2.5
go: downloading k8s.io/apimachinery v0.17.0
go: downloading gopkg.in/yaml.v3 v3.0.0-20190905181640-827449938966
go: downloading github.com/spf13/cobra v0.0.5
go: downloading k8s.io/apiextensions-apiserver v0.17.0
go: downloading k8s.io/api v0.17.0
go: downloading golang.org/x/tools v0.0.0-20190920225731-5eefd052ad72
go: extracting gopkg.in/yaml.v3 v3.0.0-20190905181640-827449938966
go: extracting github.com/spf13/cobra v0.0.5
go: downloading github.com/fatih/color v1.7.0
go: downloading sigs.k8s.io/yaml v1.1.0
go: downloading github.com/gobuffalo/flect v0.2.0
go: extracting github.com/fatih/color v1.7.0
go: extracting sigs.k8s.io/yaml v1.1.0
go: downloading gopkg.in/yaml.v2 v2.2.4
go: downloading github.com/spf13/pflag v1.0.5
go: extracting github.com/gobuffalo/flect v0.2.0
go: extracting gopkg.in/yaml.v2 v2.2.4
go: extracting github.com/spf13/pflag v1.0.5
go: extracting k8s.io/apiextensions-apiserver v0.17.0
go: extracting k8s.io/apimachinery v0.17.0
go: downloading k8s.io/utils v0.0.0-20191114184206-e782cd3c129f
go: extracting k8s.io/utils v0.0.0-20191114184206-e782cd3c129f
go: downloading github.com/inconshreveable/mousetrap v1.0.0
go: extracting github.com/inconshreveable/mousetrap v1.0.0
go: downloading github.com/mattn/go-colorable v0.1.2
go: extracting github.com/mattn/go-colorable v0.1.2
go: downloading github.com/mattn/go-isatty v0.0.8
go: downloading k8s.io/klog v1.0.0
go: downloading github.com/gogo/protobuf v1.2.2-0.20190723190241-65acae22fc9d
go: downloading github.com/google/gofuzz v1.0.0
go: downloading gopkg.in/inf.v0 v0.9.1
go: extracting github.com/mattn/go-isatty v0.0.8
go: extracting github.com/google/gofuzz v1.0.0
go: extracting k8s.io/klog v1.0.0
go: extracting gopkg.in/inf.v0 v0.9.1
go: downloading golang.org/x/sys v0.0.0-20190826190057-c7b8b68b1456
go: downloading golang.org/x/net v0.0.0-20191004110552-13f9640d40b9
go: extracting golang.org/x/tools v0.0.0-20190920225731-5eefd052ad72
go: extracting golang.org/x/net v0.0.0-20191004110552-13f9640d40b9
go: extracting k8s.io/api v0.17.0
go: extracting golang.org/x/sys v0.0.0-20190826190057-c7b8b68b1456
go: downloading golang.org/x/text v0.3.2
go: extracting github.com/gogo/protobuf v1.2.2-0.20190723190241-65acae22fc9d
go: extracting golang.org/x/text v0.3.2
go: finding github.com/spf13/cobra v0.0.5
go: finding k8s.io/api v0.17.0
go: finding k8s.io/apimachinery v0.17.0
go: finding k8s.io/apiextensions-apiserver v0.17.0
go: finding github.com/gobuffalo/flect v0.2.0
go: finding gopkg.in/yaml.v3 v3.0.0-20190905181640-827449938966
go: finding golang.org/x/tools v0.0.0-20190920225731-5eefd052ad72
go: finding github.com/fatih/color v1.7.0
go: finding github.com/spf13/pflag v1.0.5
go: finding github.com/gogo/protobuf v1.2.2-0.20190723190241-65acae22fc9d
go: finding sigs.k8s.io/yaml v1.1.0
go: finding github.com/google/gofuzz v1.0.0
go: finding github.com/mattn/go-colorable v0.1.2
go: finding gopkg.in/inf.v0 v0.9.1
go: finding github.com/mattn/go-isatty v0.0.8
go: finding k8s.io/klog v1.0.0
go: finding k8s.io/utils v0.0.0-20191114184206-e782cd3c129f
go: finding gopkg.in/yaml.v2 v2.2.4
go: finding golang.org/x/net v0.0.0-20191004110552-13f9640d40b9
go: finding golang.org/x/sys v0.0.0-20190826190057-c7b8b68b1456
go: finding golang.org/x/text v0.3.2
/builder/home/go/bin/controller-gen object:headerFile=./hack/boilerplate.go.txt paths="./..."
go fmt ./...
go vet ./...
go: downloading github.com/onsi/gomega v1.8.1
go: downloading github.com/onsi/ginkgo v1.12.0
go: extracting github.com/onsi/gomega v1.8.1
go: extracting github.com/onsi/ginkgo v1.12.0
go: downloading golang.org/x/xerrors v0.0.0-20190717185122-a985d3407aa7
go: extracting golang.org/x/xerrors v0.0.0-20190717185122-a985d3407aa7
go: downloading github.com/hpcloud/tail v1.0.0
go: extracting github.com/hpcloud/tail v1.0.0
go: downloading gopkg.in/tomb.v1 v1.0.0-20141024135613-dd632973f1e7
go: extracting gopkg.in/tomb.v1 v1.0.0-20141024135613-dd632973f1e7
# github.com/seldonio/seldon-core/operator/controllers
controllers/seldondeployment_engine.go:221:26: undefined: transport
# github.com/seldonio/seldon-core/operator/controllers
vet: controllers/seldondeployment_engine_test.go:177:77: cannot convert 2 (untyped int constant) to *v1.ResourceRequirements
make[1]: Leaving directory '/workspace/source/operator'
make[1]: *** [Makefile:112: vet] Error 2
make: *** [Makefile:18: kind_build_operator] Error 2
Operator build returned errors
kind delete cluster
Deleting cluster "kind" ...
Stopping Docker: dockerProgram process in pidfile '/var/run/docker-ssd.pid', 1 process(es), refused to die.
[31m
Pipeline failed on stage 'end-to-end' : container 'step-test-end-to-end'. The execution of the pipeline has stopped.[0m
