
Showing logs for build [32mseldonio-seldon-core-pr-1919-se-xv4kc-70[0m stage [32mpr-build-comment[0m and container [32mstep-credential-initializer-9h8kp[0m
{"level":"info","ts":1598372989.831987,"logger":"fallback-logger","caller":"logging/config.go:69","msg":"Fetch GitHub commit ID from kodata failed: open /var/run/ko/refs/heads/0.8.0-ns-support: no such file or directory"}
{"level":"info","ts":1598372989.8325467,"logger":"fallback-logger","caller":"creds-init/main.go:40","msg":"Credentials initialized."}

Showing logs for build [32mseldonio-seldon-core-pr-1919-se-xv4kc-70[0m stage [32mpr-build-comment[0m and container [32mstep-working-dir-initializer-v5qnp[0m
{"level":"info","ts":1598372991.2879655,"logger":"fallback-logger","caller":"logging/config.go:69","msg":"Fetch GitHub commit ID from kodata failed: open /var/run/ko/HEAD: no such file or directory"}
{"level":"info","ts":1598372991.2898576,"logger":"fallback-logger","caller":"bash/main.go:64","msg":"Successfully executed command \"sh -c mkdir -p /workspace/source\"; output "}

Showing logs for build [32mseldonio-seldon-core-pr-1919-se-xv4kc-70[0m stage [32mpr-build-comment[0m and container [32mstep-place-tools[0m

Showing logs for build [32mseldonio-seldon-core-pr-1919-se-xv4kc-70[0m stage [32mpr-build-comment[0m and container [32mstep-create-dir-workspace-4knj7[0m
{"level":"info","ts":1598372997.5478265,"logger":"fallback-logger","caller":"logging/config.go:69","msg":"Fetch GitHub commit ID from kodata failed: open /var/run/ko/HEAD: no such file or directory"}
{"level":"info","ts":1598372997.5501835,"logger":"fallback-logger","caller":"bash/main.go:64","msg":"Successfully executed command \"sh -c mkdir -p source\"; output "}

Showing logs for build [32mseldonio-seldon-core-pr-1919-se-xv4kc-70[0m stage [32mpr-build-comment[0m and container [32mstep-git-source-seldonio-seldon-core-pr-1919-se-xv4kc-hcn6t[0m
{"level":"info","ts":1598372997.9077141,"logger":"fallback-logger","caller":"logging/config.go:69","msg":"Fetch GitHub commit ID from kodata failed: open /var/run/ko/refs/heads/0.8.0-ns-support: no such file or directory"}
{"level":"info","ts":1598373004.0507557,"logger":"fallback-logger","caller":"git/git.go:103","msg":"Successfully cloned https://github.com/SeldonIO/seldon-core.git @ master in path /workspace/source"}

Showing logs for build [32mseldonio-seldon-core-pr-1919-se-xv4kc-70[0m stage [32mpr-build-comment[0m and container [32mstep-setup-builder-home[0m

Showing logs for build [32mseldonio-seldon-core-pr-1919-se-xv4kc-70[0m stage [32mpr-build-comment[0m and container [32mstep-git-merge[0m
Using SHAs from PULL_REFS=master:001b7e403c03eaecdbe42b3c75c490a2be5cef48,1919:98dfcb6a83d732b402d80fafa5d5bc7769c0e7a2
DEBUG: LC_ALL=C JX_LOG_LEVEL=error git fetch origin --unshallow 98dfcb6a83d732b402d80fafa5d5bc7769c0e7a2: 001b7e403c03eaecdbe42b3c75c490a2be5cef48:
DEBUG: ran git fetch --unshallow origin 98dfcb6a83d732b402d80fafa5d5bc7769c0e7a2: 001b7e403c03eaecdbe42b3c75c490a2be5cef48: in 
DEBUG: LC_ALL=C JX_LOG_LEVEL=error git branch
DEBUG: LC_ALL=C JX_LOG_LEVEL=error git checkout master
DEBUG: ran git checkout master in 
DEBUG: JX_LOG_LEVEL=error LC_ALL=C git reset --hard 001b7e403c03eaecdbe42b3c75c490a2be5cef48
DEBUG: ran git reset --hard 001b7e403c03eaecdbe42b3c75c490a2be5cef48 in 
DEBUG: LC_ALL=C JX_LOG_LEVEL=error git clean -fd .
DEBUG: ran clean --force -d . in 
DEBUG: LC_ALL=C JX_LOG_LEVEL=error git merge 98dfcb6a83d732b402d80fafa5d5bc7769c0e7a2
DEBUG: ran git merge 98dfcb6a83d732b402d80fafa5d5bc7769c0e7a2 in 
DEBUG: LC_ALL=C JX_LOG_LEVEL=error git log --format=%H%x1f%an%x1f%ae%x1f%cn%x1f%ce%x1f%s%n%b%x1e 001b7e403c03eaecdbe42b3c75c490a2be5cef48..HEAD
Merged SHA ba6627da620d697aa6faaf306adbd25c47970783 with commit message 'Merge commit '98dfcb6a83d732b402d80fafa5d5bc7769c0e7a2'' into base branch master
Merged SHA 98dfcb6a83d732b402d80fafa5d5bc7769c0e7a2 with commit message 'Fix docker file typo' into base branch master
Merged SHA f35b5dd0b9b72c4775f0021fa001c87a595e6a3e with commit message 'rebase and update licenses' into base branch master
Merged SHA b6992b564c2c6dbd8d84d4caf08f4d82713b917a with commit message 'rebase' into base branch master
Merged SHA b5523a9d10b4157b903a43fa6e91d486d5d18361 with commit message 'fmt' into base branch master
Merged SHA 07ee933b7368a52040e4fe0248bee83e4000a50b with commit message 'rebase' into base branch master
Merged SHA 3dc17ad7feceeb686747786f918b8333fcb1a232 with commit message 'Update docs and example' into base branch master
Merged SHA c1cbc790577798554641f1bbd456fcb01a0689b3 with commit message 'rebase' into base branch master
Merged SHA 7b99fe303575f269404c5564a7b08cdb82b93cc4 with commit message 'lint' into base branch master
Merged SHA 6fda55d6a187d56c826c0ae51d363a01f56e6af0 with commit message 'Update Dockerfiles for executor' into base branch master
Merged SHA 13f72378949cd1049f4e79b929b3f4e0969e9b6c with commit message 'rebase' into base branch master
Merged SHA 0378d0ebf324a61fbfb5541ddee7bd93413ff68e with commit message 'fix notebooks' into base branch master
Merged SHA c74bf3f320be3394989f61d38b1731c9d906dbd6 with commit message 'Fix nitebooks' into base branch master
Merged SHA e6c47f73166d62e663ed6af5740ddf2df7491023 with commit message 'Merge branch 'master' into kafka_executor' into base branch master
Merged SHA 988025cc4a56c9d7c5d1c8559b8135d51dbc30d8 with commit message 'update executor dockerfile for cgo_enabled build' into base branch master
Merged SHA 078e0c98772936c69ca9b0f079b199996d547e76 with commit message 'fix version of librdkafka' into base branch master
Merged SHA 04868251f56465f85864bce4a7e363ab2ca655fc with commit message 'increase attempts in tests for flaky/slow tests on test infra' into base branch master
Merged SHA a2fc351818750f80ca52b572f184653f22e2a769 with commit message 'Fix operator merge issues' into base branch master
Merged SHA f06ad626d51e2ef325015ab9045fee9f138de942 with commit message 'remove GOMODULE env' into base branch master
Merged SHA 113cd29a48f005e2ef8a0ba6bd9515f0f6cf7d86 with commit message 'update operator licences' into base branch master
Merged SHA f20183ffadeb539e1d9ed458d87862b3c4c50e3e with commit message 'rebase' into base branch master
Merged SHA ce4abdccbcb5ca814385df82b66de4032b3e9c09 with commit message 'Update licences' into base branch master
Merged SHA b72fe0fad6eb8bc364b8bbe809163bfca723033c with commit message 'change name of redhat dockerfile for executor' into base branch master
Merged SHA 8f4960da5f9a98e8fc059b067341be124341bb07 with commit message 'rebase' into base branch master
Merged SHA dcb10ad9677618ea1d9146384e2bf382acce029a with commit message 'updates from comments and adding redhat Dockerfile' into base branch master
Merged SHA 7685f1c33507f155fb486e3cac0f4cd36051aa3a with commit message 'fix notebook from review' into base branch master
Merged SHA 04a32af578ac4bf0db4d0b7ce6a4ea77c92b9624 with commit message 'remove topics.yaml' into base branch master
Merged SHA 0db7f54202db2e611177120e808f0bd7ba471888 with commit message 'rebase and fix metrics registering as well as include updates for examples' into base branch master
Merged SHA d1499d57d46cfb8dd9f521fd3c7ed773fe68b658 with commit message 'Add CIFAR10 example' into base branch master
Merged SHA 39f32f70511f2c87888ecb837c6bd01e36938c60 with commit message 'kafka updates' into base branch master
Merged SHA 9cce512f7a44b3b749a637f4809d21c032e2521b with commit message 'Operator updates for kafka' into base branch master
Merged SHA e17b448542c8b4b27772a28671d81f225af9a7c1 with commit message 'kafka updates for proto tests' into base branch master
Merged SHA 1982c6855a199e5627fd85ffd307d2fc2d74037e with commit message 'update sample' into base branch master
Merged SHA 2c20837ce5f6461278221a12c0a644af31252f67 with commit message 'update kafka cluster install example' into base branch master
Merged SHA a239e89b746e4f7e489143fa020cf668a4894dda with commit message 'add missing executor cmd folder' into base branch master
Merged SHA e5deff595163b67fbba65d937073719e1a9d33d5 with commit message 'Add test kafka cluster details' into base branch master
Merged SHA e9fa4ccfc575f2ad40caa32e5546a8abfbf45b0b with commit message 'make server multi-threaded' into base branch master
Merged SHA 03241c28efbcbf9fa38418d38e84f97be750dba4 with commit message 'initial kafka impl' into base branch master

Showing logs for build [32mseldonio-seldon-core-pr-1919-se-xv4kc-70[0m stage [32mpr-build-comment[0m and container [32mstep-step2[0m
+++ dirname ./add-pr-build-comment
++ cd .
++ pwd
+ STARTUP_DIR=/workspace/source/ci
+ REPO_OWNER=SeldonIO
+ REPO_NAME=seldon-core
+ PULL_NUMBER=1919
+ BUILD_NUMBER=70
+ PIPELINE_CONTEXT=securitychecks
++ cat
+++ date
+ COMMENT_MSG='Tue Aug 25 16:30:16 UTC 2020
The logs for [securitychecks] [70] will show after the pipeline context has finished.  
https://github.com/SeldonIO/seldon-core/blob/gh-pages/jenkins-x/logs/SeldonIO/seldon-core/PR-1919/70.log

impatient try  
** get build logs SeldonIO/seldon-core/PR-1919 --build=70'
+ ** step pr comment --owner=SeldonIO --repository=seldon-core --pull-request=1919 '--comment=Tue Aug 25 16:30:16 UTC 2020
The logs for [securitychecks] [70] will show after the pipeline context has finished.  
https://github.com/SeldonIO/seldon-core/blob/gh-pages/jenkins-x/logs/SeldonIO/seldon-core/PR-1919/70.log

impatient try  
** get build logs SeldonIO/seldon-core/PR-1919 --build=70'

Showing logs for build [32mseldonio-seldon-core-pr-1919-se-xv4kc-70[0m stage [32mpr-build-comment[0m and container [32mstep-source-mkdir-seldonio-seldon-core-pr-1919-se-xv4kc-xr6rd[0m
{"level":"info","ts":1598373018.3392925,"logger":"fallback-logger","caller":"logging/config.go:69","msg":"Fetch GitHub commit ID from kodata failed: open /var/run/ko/HEAD: no such file or directory"}
{"level":"info","ts":1598373018.3632233,"logger":"fallback-logger","caller":"bash/main.go:64","msg":"Successfully executed command \"sh -c mkdir -p /pvc/pr-build-comment/workspace\"; output "}

Showing logs for build [32mseldonio-seldon-core-pr-1919-se-xv4kc-70[0m stage [32mpr-build-comment[0m and container [32mstep-source-copy-seldonio-seldon-core-pr-1919-se-xv4kc-dllw8[0m
{"level":"info","ts":1598373018.6910715,"logger":"fallback-logger","caller":"logging/config.go:69","msg":"Fetch GitHub commit ID from kodata failed: open /var/run/ko/HEAD: no such file or directory"}
{"level":"info","ts":1598373019.1698804,"logger":"fallback-logger","caller":"bash/main.go:64","msg":"Successfully executed command \"sh -c cp -r source/. /pvc/pr-build-comment/workspace\"; output "}

Showing logs for build [32mseldonio-seldon-core-pr-1919-se-xv4kc-70[0m stage [32mrun-executor-tests[0m and container [32mstep-credential-initializer-65ndb[0m
{"level":"info","ts":1598373024.0731266,"logger":"fallback-logger","caller":"logging/config.go:69","msg":"Fetch GitHub commit ID from kodata failed: open /var/run/ko/refs/heads/0.8.0-ns-support: no such file or directory"}
{"level":"info","ts":1598373024.074119,"logger":"fallback-logger","caller":"creds-init/main.go:40","msg":"Credentials initialized."}

Showing logs for build [32mseldonio-seldon-core-pr-1919-se-xv4kc-70[0m stage [32mrun-executor-tests[0m and container [32mstep-working-dir-initializer-rz249[0m
{"level":"info","ts":1598373025.1691573,"logger":"fallback-logger","caller":"logging/config.go:69","msg":"Fetch GitHub commit ID from kodata failed: open /var/run/ko/HEAD: no such file or directory"}
{"level":"info","ts":1598373025.1718528,"logger":"fallback-logger","caller":"bash/main.go:64","msg":"Successfully executed command \"sh -c mkdir -p /workspace/source\"; output "}

Showing logs for build [32mseldonio-seldon-core-pr-1919-se-xv4kc-70[0m stage [32mrun-executor-tests[0m and container [32mstep-place-tools[0m

Showing logs for build [32mseldonio-seldon-core-pr-1919-se-xv4kc-70[0m stage [32mrun-executor-tests[0m and container [32mstep-create-dir-workspace-bxn2j[0m
{"level":"info","ts":1598373037.6744022,"logger":"fallback-logger","caller":"logging/config.go:69","msg":"Fetch GitHub commit ID from kodata failed: open /var/run/ko/HEAD: no such file or directory"}
{"level":"info","ts":1598373037.6767058,"logger":"fallback-logger","caller":"bash/main.go:64","msg":"Successfully executed command \"sh -c mkdir -p /workspace/source\"; output "}

Showing logs for build [32mseldonio-seldon-core-pr-1919-se-xv4kc-70[0m stage [32mrun-executor-tests[0m and container [32mstep-source-copy-workspace-9ntjv[0m
{"level":"info","ts":1598373038.2609951,"logger":"fallback-logger","caller":"logging/config.go:69","msg":"Fetch GitHub commit ID from kodata failed: open /var/run/ko/HEAD: no such file or directory"}
{"level":"info","ts":1598373038.8858526,"logger":"fallback-logger","caller":"bash/main.go:64","msg":"Successfully executed command \"sh -c cp -r /pvc/pr-build-comment/workspace/. /workspace/source\"; output "}

Showing logs for build [32mseldonio-seldon-core-pr-1919-se-xv4kc-70[0m stage [32mrun-executor-tests[0m and container [32mstep-setup-builder-home[0m

Showing logs for build [32mseldonio-seldon-core-pr-1919-se-xv4kc-70[0m stage [32mrun-executor-tests[0m and container [32mstep-step2[0m

Testing /workspace/source/executor...

Organization:      as-swz
Package manager:   gomodules
Target file:       go.mod
Project name:      github.com/seldonio/seldon-core/executor
Open source:       no
Project path:      /workspace/source/executor
Licenses:          enabled

✓ Tested 441 dependencies for known issues, no vulnerable paths found.

-------------------------------------------------------

Testing /workspace/source/executor...

Organization:      as-swz
Package manager:   gomodules
Target file:       hack/tools/go.mod
Project name:      sigs.k8s.io/kind/hack/tools
Open source:       no
Project path:      /workspace/source/executor
Licenses:          enabled

✓ Tested 203 dependencies for known issues, no vulnerable paths found.

-------------------------------------------------------

Testing /workspace/source/executor...

Organization:      as-swz
Package manager:   gomodules
Target file:       operator/go.mod
Project name:      github.com/seldonio/seldon-core/operator
Open source:       no
Project path:      /workspace/source/executor
Licenses:          enabled

✓ Tested 345 dependencies for known issues, no vulnerable paths found.

-------------------------------------------------------

Testing /workspace/source/executor...

Organization:      as-swz
Package manager:   gomodules
Target file:       operator/hack/tools/go.mod
Project name:      sigs.k8s.io/kind/hack/tools
Open source:       no
Project path:      /workspace/source/executor
Licenses:          enabled

✓ Tested 219 dependencies for known issues, no vulnerable paths found.

-------------------------------------------------------

Testing /workspace/source/executor...

Organization:      as-swz
Package manager:   gomodules
Target file:       proto/tensorflow/core/go.mod
Project name:      github.com/tensorflow/tensorflow/tensorflow/go/core
Open source:       no
Project path:      /workspace/source/executor
Licenses:          enabled

✓ Tested 32 dependencies for known issues, no vulnerable paths found.


Tested 5 projects, no vulnerable paths were found.


You are approaching your monthly limit of 200 private tests for your as-swz org.
To learn more about our plans and increase your tests limit visit https://snyk.io/plans.

Showing logs for build [32mseldonio-seldon-core-pr-1919-se-xv4kc-70[0m stage [32mrun-operator-tests[0m and container [32mstep-credential-initializer-4n5kd[0m
{"level":"info","ts":1598373023.1166213,"logger":"fallback-logger","caller":"logging/config.go:69","msg":"Fetch GitHub commit ID from kodata failed: open /var/run/ko/refs/heads/0.8.0-ns-support: no such file or directory"}
{"level":"info","ts":1598373023.1170924,"logger":"fallback-logger","caller":"creds-init/main.go:40","msg":"Credentials initialized."}

Showing logs for build [32mseldonio-seldon-core-pr-1919-se-xv4kc-70[0m stage [32mrun-operator-tests[0m and container [32mstep-working-dir-initializer-qjxfj[0m
{"level":"info","ts":1598373024.0873075,"logger":"fallback-logger","caller":"logging/config.go:69","msg":"Fetch GitHub commit ID from kodata failed: open /var/run/ko/HEAD: no such file or directory"}
{"level":"info","ts":1598373024.0892224,"logger":"fallback-logger","caller":"bash/main.go:64","msg":"Successfully executed command \"sh -c mkdir -p /workspace/source\"; output "}

Showing logs for build [32mseldonio-seldon-core-pr-1919-se-xv4kc-70[0m stage [32mrun-operator-tests[0m and container [32mstep-place-tools[0m

Showing logs for build [32mseldonio-seldon-core-pr-1919-se-xv4kc-70[0m stage [32mrun-operator-tests[0m and container [32mstep-create-dir-workspace-56msx[0m
{"level":"info","ts":1598373037.0078402,"logger":"fallback-logger","caller":"logging/config.go:69","msg":"Fetch GitHub commit ID from kodata failed: open /var/run/ko/HEAD: no such file or directory"}
{"level":"info","ts":1598373037.0104566,"logger":"fallback-logger","caller":"bash/main.go:64","msg":"Successfully executed command \"sh -c mkdir -p /workspace/source\"; output "}

Showing logs for build [32mseldonio-seldon-core-pr-1919-se-xv4kc-70[0m stage [32mrun-operator-tests[0m and container [32mstep-source-copy-workspace-9cncw[0m
{"level":"info","ts":1598373037.6685462,"logger":"fallback-logger","caller":"logging/config.go:69","msg":"Fetch GitHub commit ID from kodata failed: open /var/run/ko/HEAD: no such file or directory"}
{"level":"info","ts":1598373038.3872082,"logger":"fallback-logger","caller":"bash/main.go:64","msg":"Successfully executed command \"sh -c cp -r /pvc/pr-build-comment/workspace/. /workspace/source\"; output "}

Showing logs for build [32mseldonio-seldon-core-pr-1919-se-xv4kc-70[0m stage [32mrun-operator-tests[0m and container [32mstep-setup-builder-home[0m

Showing logs for build [32mseldonio-seldon-core-pr-1919-se-xv4kc-70[0m stage [32mrun-operator-tests[0m and container [32mstep-step2[0m

Testing /workspace/source/operator...

Organization:      as-swz
Package manager:   gomodules
Target file:       go.mod
Project name:      github.com/seldonio/seldon-core/operator
Open source:       no
Project path:      /workspace/source/operator
Licenses:          enabled

✓ Tested 345 dependencies for known issues, no vulnerable paths found.

-------------------------------------------------------

Testing /workspace/source/operator...

Organization:      as-swz
Package manager:   gomodules
Target file:       hack/tools/go.mod
Project name:      sigs.k8s.io/kind/hack/tools
Open source:       no
Project path:      /workspace/source/operator
Licenses:          enabled

✓ Tested 219 dependencies for known issues, no vulnerable paths found.


Tested 2 projects, no vulnerable paths were found.


You are approaching your monthly limit of 200 private tests for your as-swz org.
To learn more about our plans and increase your tests limit visit https://snyk.io/plans.

Showing logs for build [32mseldonio-seldon-core-pr-1919-se-xv4kc-70[0m stage [32mrun-python-tests[0m and container [32mstep-credential-initializer-9s4n8[0m
{"level":"info","ts":1598373024.8013556,"logger":"fallback-logger","caller":"logging/config.go:69","msg":"Fetch GitHub commit ID from kodata failed: open /var/run/ko/refs/heads/0.8.0-ns-support: no such file or directory"}
{"level":"info","ts":1598373024.8026295,"logger":"fallback-logger","caller":"creds-init/main.go:40","msg":"Credentials initialized."}

Showing logs for build [32mseldonio-seldon-core-pr-1919-se-xv4kc-70[0m stage [32mrun-python-tests[0m and container [32mstep-working-dir-initializer-j6xf6[0m
{"level":"info","ts":1598373028.0103526,"logger":"fallback-logger","caller":"logging/config.go:69","msg":"Fetch GitHub commit ID from kodata failed: open /var/run/ko/HEAD: no such file or directory"}
{"level":"info","ts":1598373028.0122368,"logger":"fallback-logger","caller":"bash/main.go:64","msg":"Successfully executed command \"sh -c mkdir -p /workspace/source\"; output "}

Showing logs for build [32mseldonio-seldon-core-pr-1919-se-xv4kc-70[0m stage [32mrun-python-tests[0m and container [32mstep-place-tools[0m

Showing logs for build [32mseldonio-seldon-core-pr-1919-se-xv4kc-70[0m stage [32mrun-python-tests[0m and container [32mstep-create-dir-workspace-8j6l2[0m
{"level":"info","ts":1598373038.506285,"logger":"fallback-logger","caller":"logging/config.go:69","msg":"Fetch GitHub commit ID from kodata failed: open /var/run/ko/HEAD: no such file or directory"}
{"level":"info","ts":1598373038.5085008,"logger":"fallback-logger","caller":"bash/main.go:64","msg":"Successfully executed command \"sh -c mkdir -p /workspace/source\"; output "}

Showing logs for build [32mseldonio-seldon-core-pr-1919-se-xv4kc-70[0m stage [32mrun-python-tests[0m and container [32mstep-source-copy-workspace-ccvht[0m
{"level":"info","ts":1598373038.9442284,"logger":"fallback-logger","caller":"logging/config.go:69","msg":"Fetch GitHub commit ID from kodata failed: open /var/run/ko/HEAD: no such file or directory"}
{"level":"info","ts":1598373039.4729202,"logger":"fallback-logger","caller":"bash/main.go:64","msg":"Successfully executed command \"sh -c cp -r /pvc/pr-build-comment/workspace/. /workspace/source\"; output "}

Showing logs for build [32mseldonio-seldon-core-pr-1919-se-xv4kc-70[0m stage [32mrun-python-tests[0m and container [32mstep-setup-builder-home[0m

Showing logs for build [32mseldonio-seldon-core-pr-1919-se-xv4kc-70[0m stage [32mrun-python-tests[0m and container [32mstep-step2[0m
ERROR: Could not open requirements file: [Errno 2] No such file or directory: 'requirements.txt'
[31m
Pipeline failed on stage 'run-python-tests' : container 'step-step2'. The execution of the pipeline has stopped.[0m
