
Showing logs for build [32mmeta-seldonio-seldon-core-pr-15-gxl5p-3[0m stage [32mmeta-pipeline[0m and container [32mstep-credential-initializer-rnsl2[0m
{"level":"warn","ts":1583765232.6471171,"logger":"fallback-logger","caller":"logging/config.go:69","msg":"Fetch GitHub commit ID from kodata failed: \"ref: refs/heads/0.8.0-**-support-backwards-incompats\" is not a valid GitHub commit ID"}
{"level":"info","ts":1583765232.647714,"logger":"fallback-logger","caller":"creds-init/main.go:40","msg":"Credentials initialized."}

Showing logs for build [32mmeta-seldonio-seldon-core-pr-15-gxl5p-3[0m stage [32mmeta-pipeline[0m and container [32mstep-working-dir-initializer-x2mkx[0m
{"level":"warn","ts":1583765233.8007746,"logger":"fallback-logger","caller":"logging/config.go:69","msg":"Fetch GitHub commit ID from kodata failed: open /var/run/ko/HEAD: no such file or directory"}
{"level":"info","ts":1583765233.8024924,"logger":"fallback-logger","caller":"bash/main.go:64","msg":"Successfully executed command \"sh -c mkdir -p /workspace/source\"; output "}

Showing logs for build [32mmeta-seldonio-seldon-core-pr-15-gxl5p-3[0m stage [32mmeta-pipeline[0m and container [32mstep-place-tools[0m

Showing logs for build [32mmeta-seldonio-seldon-core-pr-15-gxl5p-3[0m stage [32mmeta-pipeline[0m and container [32mstep-git-source-meta-seldonio-seldon-core-pr-15-d7c64[0m
{"level":"warn","ts":1583765242.3331306,"logger":"fallback-logger","caller":"logging/config.go:69","msg":"Fetch GitHub commit ID from kodata failed: \"ref: refs/heads/0.8.0-**-support-backwards-incompats\" is not a valid GitHub commit ID"}
{"level":"info","ts":1583765245.6390202,"logger":"fallback-logger","caller":"git/git.go:103","msg":"Successfully cloned https://github.com/SeldonIO/seldon-core.git @ eb4ef8aa5cf622a19a6d3f742fcfe9e2beb286a1 in path /workspace/source"}

Showing logs for build [32mmeta-seldonio-seldon-core-pr-15-gxl5p-3[0m stage [32mmeta-pipeline[0m and container [32mstep-git-merge[0m
Using SHAs from PULL_REFS=master:eb4ef8aa5cf622a19a6d3f742fcfe9e2beb286a1,1519:6da2682c254419c1ef6650b639346e8e70bc2d78
DEBUG: ran git fetch --unshallow origin 6da2682c254419c1ef6650b639346e8e70bc2d78: eb4ef8aa5cf622a19a6d3f742fcfe9e2beb286a1: in 
DEBUG: ran git checkout master in 
DEBUG: ran git reset --hard eb4ef8aa5cf622a19a6d3f742fcfe9e2beb286a1 in 
DEBUG: ran clean --force -d . in 
error: error during merge: merging 6da2682c254419c1ef6650b639346e8e70bc2d78 into master: git output: Auto-merging operator/helm/Makefile
Auto-merging operator/controllers/seldondeployment_controller.go
Removing operator/config/rbac/role_cm.yaml
Auto-merging helm-charts/seldon-core-operator/values.yaml
CONFLICT (content): Merge conflict in helm-charts/seldon-core-operator/values.yaml
Automatic merge failed; fix conflicts and then commit the result.: failed to run 'git merge 6da2682c254419c1ef6650b639346e8e70bc2d78' command in directory '', output: 'Auto-merging operator/helm/Makefile
Auto-merging operator/controllers/seldondeployment_controller.go
Removing operator/config/rbac/role_cm.yaml
Auto-merging helm-charts/seldon-core-operator/values.yaml
CONFLICT (content): Merge conflict in helm-charts/seldon-core-operator/values.yaml
Automatic merge failed; fix conflicts and then commit the result.'
[31m
Pipeline failed on stage 'meta-pipeline' : container 'step-git-merge'. The execution of the pipeline has stopped.[0m
