
Showing logs for build [32mmeta-seldonio-seldon-core-pr-15-77rrn-17[0m stage [32mmeta-pipeline[0m and container [32mstep-credential-initializer-867ph[0m
{"level":"warn","ts":1583767942.6258779,"logger":"fallback-logger","caller":"logging/config.go:69","msg":"Fetch GitHub commit ID from kodata failed: \"ref: refs/heads/0.8.0-**-support-backwards-incompats\" is not a valid GitHub commit ID"}
{"level":"info","ts":1583767942.6266224,"logger":"fallback-logger","caller":"creds-init/main.go:40","msg":"Credentials initialized."}

Showing logs for build [32mmeta-seldonio-seldon-core-pr-15-77rrn-17[0m stage [32mmeta-pipeline[0m and container [32mstep-working-dir-initializer-h9vm5[0m
{"level":"warn","ts":1583767943.643614,"logger":"fallback-logger","caller":"logging/config.go:69","msg":"Fetch GitHub commit ID from kodata failed: open /var/run/ko/HEAD: no such file or directory"}
{"level":"info","ts":1583767943.644953,"logger":"fallback-logger","caller":"bash/main.go:64","msg":"Successfully executed command \"sh -c mkdir -p /workspace/source\"; output "}

Showing logs for build [32mmeta-seldonio-seldon-core-pr-15-77rrn-17[0m stage [32mmeta-pipeline[0m and container [32mstep-place-tools[0m

Showing logs for build [32mmeta-seldonio-seldon-core-pr-15-77rrn-17[0m stage [32mmeta-pipeline[0m and container [32mstep-git-source-meta-seldonio-seldon-core-pr-15-99qtr[0m
{"level":"warn","ts":1583767949.734376,"logger":"fallback-logger","caller":"logging/config.go:69","msg":"Fetch GitHub commit ID from kodata failed: \"ref: refs/heads/0.8.0-**-support-backwards-incompats\" is not a valid GitHub commit ID"}
{"level":"info","ts":1583767953.196901,"logger":"fallback-logger","caller":"git/git.go:103","msg":"Successfully cloned https://github.com/SeldonIO/seldon-core.git @ 8899aad3bf0c940c3a166008952f62b58ceab8d1 in path /workspace/source"}

Showing logs for build [32mmeta-seldonio-seldon-core-pr-15-77rrn-17[0m stage [32mmeta-pipeline[0m and container [32mstep-git-merge[0m
Using SHAs from PULL_REFS=master:8899aad3bf0c940c3a166008952f62b58ceab8d1,1518:1e85eab9fa5ef1c36ec6da0e6265ac44a17dff3e
DEBUG: ran git fetch --unshallow origin 1e85eab9fa5ef1c36ec6da0e6265ac44a17dff3e: 8899aad3bf0c940c3a166008952f62b58ceab8d1: in 
DEBUG: ran git checkout master in 
DEBUG: ran git reset --hard 8899aad3bf0c940c3a166008952f62b58ceab8d1 in 
DEBUG: ran clean --force -d . in 
error: error during merge: merging 1e85eab9fa5ef1c36ec6da0e6265ac44a17dff3e into master: git output: Auto-merging jenkins-x.yml
CONFLICT (modify/delete): Jenkinsfile deleted in HEAD and modified in 1e85eab9fa5ef1c36ec6da0e6265ac44a17dff3e. Version 1e85eab9fa5ef1c36ec6da0e6265ac44a17dff3e of Jenkinsfile left in tree.
Automatic merge failed; fix conflicts and then commit the result.: failed to run 'git merge 1e85eab9fa5ef1c36ec6da0e6265ac44a17dff3e' command in directory '', output: 'Auto-merging jenkins-x.yml
CONFLICT (modify/delete): Jenkinsfile deleted in HEAD and modified in 1e85eab9fa5ef1c36ec6da0e6265ac44a17dff3e. Version 1e85eab9fa5ef1c36ec6da0e6265ac44a17dff3e of Jenkinsfile left in tree.
Automatic merge failed; fix conflicts and then commit the result.'
[31m
Pipeline failed on stage 'meta-pipeline' : container 'step-git-merge'. The execution of the pipeline has stopped.[0m
