
Showing logs for build [32mseldonio-seldon-core-pr-1342-li-scj9g-2[0m stage [32mpr-build-comment[0m and container [32mstep-credential-initializer-rr4dc[0m
{"level":"warn","ts":1581593331.293795,"logger":"fallback-logger","caller":"logging/config.go:69","msg":"Fetch GitHub commit ID from kodata failed: \"ref: refs/heads/0.8.0-**-support-backwards-incompats\" is not a valid GitHub commit ID"}
{"level":"info","ts":1581593331.2943134,"logger":"fallback-logger","caller":"creds-init/main.go:40","msg":"Credentials initialized."}

Showing logs for build [32mseldonio-seldon-core-pr-1342-li-scj9g-2[0m stage [32mpr-build-comment[0m and container [32mstep-working-dir-initializer-vhlds[0m
{"level":"warn","ts":1581593331.7220745,"logger":"fallback-logger","caller":"logging/config.go:69","msg":"Fetch GitHub commit ID from kodata failed: open /var/run/ko/HEAD: no such file or directory"}
{"level":"info","ts":1581593331.723654,"logger":"fallback-logger","caller":"bash/main.go:64","msg":"Successfully executed command \"sh -c mkdir -p /workspace/source\"; output "}

Showing logs for build [32mseldonio-seldon-core-pr-1342-li-scj9g-2[0m stage [32mpr-build-comment[0m and container [32mstep-place-tools[0m

Showing logs for build [32mseldonio-seldon-core-pr-1342-li-scj9g-2[0m stage [32mpr-build-comment[0m and container [32mstep-create-dir-workspace-qnsh8[0m
{"level":"warn","ts":1581593337.9677556,"logger":"fallback-logger","caller":"logging/config.go:69","msg":"Fetch GitHub commit ID from kodata failed: open /var/run/ko/HEAD: no such file or directory"}
{"level":"info","ts":1581593337.9696193,"logger":"fallback-logger","caller":"bash/main.go:64","msg":"Successfully executed command \"sh -c mkdir -p source\"; output "}

Showing logs for build [32mseldonio-seldon-core-pr-1342-li-scj9g-2[0m stage [32mpr-build-comment[0m and container [32mstep-git-source-seldonio-seldon-core-pr-1342-li-88c9f[0m
{"level":"warn","ts":1581593338.323356,"logger":"fallback-logger","caller":"logging/config.go:69","msg":"Fetch GitHub commit ID from kodata failed: \"ref: refs/heads/0.8.0-**-support-backwards-incompats\" is not a valid GitHub commit ID"}
{"level":"info","ts":1581593341.6139953,"logger":"fallback-logger","caller":"git/git.go:103","msg":"Successfully cloned https://github.com/SeldonIO/seldon-core.git @ master in path /workspace/source"}

Showing logs for build [32mseldonio-seldon-core-pr-1342-li-scj9g-2[0m stage [32mpr-build-comment[0m and container [32mstep-git-merge[0m
Using SHAs from PULL_REFS=master:54699c9e7f18bf220ed8d2ff20c1f19d8f6589b4,1342:0a12441d234a6e6f00511b624aa8ff119e94557b
DEBUG: ran git fetch --unshallow origin 0a12441d234a6e6f00511b624aa8ff119e94557b: 54699c9e7f18bf220ed8d2ff20c1f19d8f6589b4: in 
DEBUG: ran git checkout master in 
DEBUG: ran git reset --hard 54699c9e7f18bf220ed8d2ff20c1f19d8f6589b4 in 
DEBUG: ran clean --force -d . in 
DEBUG: ran git merge 0a12441d234a6e6f00511b624aa8ff119e94557b in 
Merged SHA a9440889af4c7cedb96c3d309404bc8709beb9a3 with commit message 'Merge commit '0a12441d234a6e6f00511b624aa8ff119e94557b'' into base branch master
Merged SHA 0a12441d234a6e6f00511b624aa8ff119e94557b with commit message 'Use print() function in both Python 2 and Python 3' into base branch master

Showing logs for build [32mseldonio-seldon-core-pr-1342-li-scj9g-2[0m stage [32mpr-build-comment[0m and container [32mstep-step2[0m
+++ dirname ./add-pr-build-comment
++ cd .
++ pwd
+ STARTUP_DIR=/workspace/source/ci
+ REPO_OWNER=SeldonIO
+ REPO_NAME=seldon-core
+ PULL_NUMBER=1342
+ BUILD_NUMBER=2
+ PIPELINE_CONTEXT=lint
++ cat
+++ date
+ COMMENT_MSG='Thu Feb 13 11:29:08 UTC 2020
The logs for [lint] [2] will show after the pipeline context has finished.  
https://github.com/SeldonIO/seldon-core/blob/gh-pages/jenkins-x/logs/SeldonIO/seldon-core/PR-1342/2.log

impatient try  
** get build logs SeldonIO/seldon-core/PR-1342 --build=2'
+ ** step pr comment --owner=SeldonIO --repository=seldon-core --pull-request=1342 '--comment=Thu Feb 13 11:29:08 UTC 2020
The logs for [lint] [2] will show after the pipeline context has finished.  
https://github.com/SeldonIO/seldon-core/blob/gh-pages/jenkins-x/logs/SeldonIO/seldon-core/PR-1342/2.log

impatient try  
** get build logs SeldonIO/seldon-core/PR-1342 --build=2'

Showing logs for build [32mseldonio-seldon-core-pr-1342-li-scj9g-2[0m stage [32mpr-build-comment[0m and container [32mstep-source-mkdir-seldonio-seldon-core-pr-1342-li-xzkmv[0m
{"level":"warn","ts":1581593351.2798584,"logger":"fallback-logger","caller":"logging/config.go:69","msg":"Fetch GitHub commit ID from kodata failed: open /var/run/ko/HEAD: no such file or directory"}
{"level":"info","ts":1581593351.2838354,"logger":"fallback-logger","caller":"bash/main.go:64","msg":"Successfully executed command \"sh -c mkdir -p /pvc/pr-build-comment/workspace\"; output "}

Showing logs for build [32mseldonio-seldon-core-pr-1342-li-scj9g-2[0m stage [32mpr-build-comment[0m and container [32mstep-source-copy-seldonio-seldon-core-pr-1342-li-2cjjg[0m
{"level":"warn","ts":1581593351.6018975,"logger":"fallback-logger","caller":"logging/config.go:69","msg":"Fetch GitHub commit ID from kodata failed: open /var/run/ko/HEAD: no such file or directory"}
{"level":"info","ts":1581593351.9259953,"logger":"fallback-logger","caller":"bash/main.go:64","msg":"Successfully executed command \"sh -c cp -r source/. /pvc/pr-build-comment/workspace\"; output "}

Showing logs for build [32mseldonio-seldon-core-pr-1342-li-scj9g-2[0m stage [32mpython-lint-task[0m and container [32mstep-credential-initializer-bb2g6[0m
{"level":"warn","ts":1581593370.899089,"logger":"fallback-logger","caller":"logging/config.go:69","msg":"Fetch GitHub commit ID from kodata failed: \"ref: refs/heads/0.8.0-**-support-backwards-incompats\" is not a valid GitHub commit ID"}
{"level":"info","ts":1581593370.8997886,"logger":"fallback-logger","caller":"creds-init/main.go:40","msg":"Credentials initialized."}

Showing logs for build [32mseldonio-seldon-core-pr-1342-li-scj9g-2[0m stage [32mpython-lint-task[0m and container [32mstep-working-dir-initializer-jt5dr[0m
{"level":"warn","ts":1581593371.9115279,"logger":"fallback-logger","caller":"logging/config.go:69","msg":"Fetch GitHub commit ID from kodata failed: open /var/run/ko/HEAD: no such file or directory"}
{"level":"info","ts":1581593371.9142976,"logger":"fallback-logger","caller":"bash/main.go:64","msg":"Successfully executed command \"sh -c mkdir -p /workspace/source\"; output "}

Showing logs for build [32mseldonio-seldon-core-pr-1342-li-scj9g-2[0m stage [32mpython-lint-task[0m and container [32mstep-place-tools[0m

Showing logs for build [32mseldonio-seldon-core-pr-1342-li-scj9g-2[0m stage [32mpython-lint-task[0m and container [32mstep-create-dir-workspace-l48gg[0m
{"level":"warn","ts":1581593376.1056495,"logger":"fallback-logger","caller":"logging/config.go:69","msg":"Fetch GitHub commit ID from kodata failed: open /var/run/ko/HEAD: no such file or directory"}
{"level":"info","ts":1581593376.1072264,"logger":"fallback-logger","caller":"bash/main.go:64","msg":"Successfully executed command \"sh -c mkdir -p /workspace/source\"; output "}

Showing logs for build [32mseldonio-seldon-core-pr-1342-li-scj9g-2[0m stage [32mpython-lint-task[0m and container [32mstep-source-copy-workspace-q6pr2[0m
{"level":"warn","ts":1581593376.3759923,"logger":"fallback-logger","caller":"logging/config.go:69","msg":"Fetch GitHub commit ID from kodata failed: open /var/run/ko/HEAD: no such file or directory"}
{"level":"info","ts":1581593378.4449055,"logger":"fallback-logger","caller":"bash/main.go:64","msg":"Successfully executed command \"sh -c cp -r /pvc/pr-build-comment/workspace/. /workspace/source\"; output "}

Showing logs for build [32mseldonio-seldon-core-pr-1342-li-scj9g-2[0m stage [32mpython-lint-task[0m and container [32mstep-python-lint[0m
make: Entering directory '/workspace/source/python'
pip install black==19.3b0
Collecting black==19.3b0
  Downloading black-19.3b0-py36-none-any.whl (89 kB)
Collecting attrs>=18.1.0
  Downloading attrs-19.3.0-py2.py3-none-any.whl (39 kB)
Collecting click>=6.5
  Downloading Click-7.0-py2.py3-none-any.whl (81 kB)
Collecting appdirs
  Downloading appdirs-1.4.3-py2.py3-none-any.whl (12 kB)
Collecting toml>=0.9.4
  Downloading toml-0.10.0-py2.py3-none-any.whl (25 kB)
Installing collected packages: attrs, click, appdirs, toml, black
Successfully installed appdirs-1.4.3 attrs-19.3.0 black-19.3b0 click-7.0 toml-0.10.0
black \
	--check ./ ../testing \
	--exclude "(testing/scripts/proto|seldon_core/proto/|.eggs|.tox)"
All done! ✨ 🍰 ✨
54 files would be left unchanged.
make: Leaving directory '/workspace/source/python'
