
Showing logs for build [32mmeta-seldonio-seldon-core-pr-22-lffh8-11[0m stage [32mmeta-pipeline[0m and container [32mstep-credential-initializer-r459h[0m
{"level":"info","ts":1596782826.0779126,"logger":"fallback-logger","caller":"logging/config.go:69","msg":"Fetch GitHub commit ID from kodata failed: open /var/run/ko/refs/heads/0.8.0-ns-support: no such file or directory"}
{"level":"info","ts":1596782826.0785685,"logger":"fallback-logger","caller":"creds-init/main.go:40","msg":"Credentials initialized."}

Showing logs for build [32mmeta-seldonio-seldon-core-pr-22-lffh8-11[0m stage [32mmeta-pipeline[0m and container [32mstep-working-dir-initializer-mlcnh[0m
{"level":"info","ts":1596782827.1411264,"logger":"fallback-logger","caller":"logging/config.go:69","msg":"Fetch GitHub commit ID from kodata failed: open /var/run/ko/HEAD: no such file or directory"}
{"level":"info","ts":1596782827.1430888,"logger":"fallback-logger","caller":"bash/main.go:64","msg":"Successfully executed command \"sh -c mkdir -p /workspace/source\"; output "}

Showing logs for build [32mmeta-seldonio-seldon-core-pr-22-lffh8-11[0m stage [32mmeta-pipeline[0m and container [32mstep-place-tools[0m

Showing logs for build [32mmeta-seldonio-seldon-core-pr-22-lffh8-11[0m stage [32mmeta-pipeline[0m and container [32mstep-git-source-meta-seldonio-seldon-core-pr-22-lffh8-2mq5m[0m
{"level":"info","ts":1596782833.461593,"logger":"fallback-logger","caller":"logging/config.go:69","msg":"Fetch GitHub commit ID from kodata failed: open /var/run/ko/refs/heads/0.8.0-ns-support: no such file or directory"}
{"level":"info","ts":1596782845.1218312,"logger":"fallback-logger","caller":"git/git.go:103","msg":"Successfully cloned https://github.com/SeldonIO/seldon-core.git @ 0f3dd84e0db31b662492af0895c6c7bb91f87bdc in path /workspace/source"}

Showing logs for build [32mmeta-seldonio-seldon-core-pr-22-lffh8-11[0m stage [32mmeta-pipeline[0m and container [32mstep-setup-builder-home[0m

Showing logs for build [32mmeta-seldonio-seldon-core-pr-22-lffh8-11[0m stage [32mmeta-pipeline[0m and container [32mstep-git-merge[0m
Using SHAs from PULL_REFS=master:0f3dd84e0db31b662492af0895c6c7bb91f87bdc,2251:13c9c88bfa4c014a7649b8aae3b973a0dd7856b0
DEBUG: LC_ALL=C JX_LOG_LEVEL=error git fetch origin --unshallow 13c9c88bfa4c014a7649b8aae3b973a0dd7856b0: 0f3dd84e0db31b662492af0895c6c7bb91f87bdc:
DEBUG: ran git fetch --unshallow origin 13c9c88bfa4c014a7649b8aae3b973a0dd7856b0: 0f3dd84e0db31b662492af0895c6c7bb91f87bdc: in 
DEBUG: LC_ALL=C JX_LOG_LEVEL=error git branch
DEBUG: LC_ALL=C JX_LOG_LEVEL=error git checkout master
DEBUG: ran git checkout master in 
DEBUG: LC_ALL=C JX_LOG_LEVEL=error git reset --hard 0f3dd84e0db31b662492af0895c6c7bb91f87bdc
DEBUG: ran git reset --hard 0f3dd84e0db31b662492af0895c6c7bb91f87bdc in 
DEBUG: JX_LOG_LEVEL=error LC_ALL=C git clean -fd .
DEBUG: ran clean --force -d . in 
DEBUG: LC_ALL=C JX_LOG_LEVEL=error git merge 13c9c88bfa4c014a7649b8aae3b973a0dd7856b0
DEBUG: ran git merge 13c9c88bfa4c014a7649b8aae3b973a0dd7856b0 in 
DEBUG: LC_ALL=C JX_LOG_LEVEL=error git log --format=%H%x1f%an%x1f%ae%x1f%cn%x1f%ce%x1f%s%n%b%x1e 0f3dd84e0db31b662492af0895c6c7bb91f87bdc..HEAD
Merged SHA 13c9c88bfa4c014a7649b8aae3b973a0dd7856b0 with commit message 'Testing python security checks' into base branch master
Merged SHA 9caa1e36891bd54c12cb54f2b60a1ff6fac1a84d with commit message 'Added agent' into base branch master
Merged SHA d568616e65f032e240543353095b38f5f6d1f8b8 with commit message 'Renamed securitychecks ** file' into base branch master
Merged SHA 0533fe5100dd0a361907724d1bd33c613a4b56ed with commit message 'Added security policy' into base branch master
Merged SHA 2403c8ee0c761a15b3ef55782508cc15679f913b with commit message 'Updated jenkins x security file' into base branch master
Merged SHA 150f4b5d552407ce8ff362eccbb3c9b3c3f51f3c with commit message 'Updated jenkins security' into base branch master
Merged SHA 21e4edc65a804dbd22b360761b80a44246ffe5aa with commit message 'Added base security checks with Snyk' into base branch master

Showing logs for build [32mmeta-seldonio-seldon-core-pr-22-lffh8-11[0m stage [32mmeta-pipeline[0m and container [32mstep-merge-pull-refs[0m
DEBUG: JX_LOG_LEVEL=error LC_ALL=C git fetch origin --unshallow 13c9c88bfa4c014a7649b8aae3b973a0dd7856b0: 0f3dd84e0db31b662492af0895c6c7bb91f87bdc:
DEBUG: JX_LOG_LEVEL=error LC_ALL=C git fetch origin 13c9c88bfa4c014a7649b8aae3b973a0dd7856b0: 0f3dd84e0db31b662492af0895c6c7bb91f87bdc:
DEBUG: ran git fetch origin 13c9c88bfa4c014a7649b8aae3b973a0dd7856b0: 0f3dd84e0db31b662492af0895c6c7bb91f87bdc: in 
DEBUG: LC_ALL=C JX_LOG_LEVEL=error git rev-parse --is-shallow-repository
DEBUG: Unshallowed git repo in 
DEBUG: JX_LOG_LEVEL=error LC_ALL=C git branch
DEBUG: LC_ALL=C JX_LOG_LEVEL=error git checkout master
DEBUG: ran git checkout master in 
DEBUG: JX_LOG_LEVEL=error LC_ALL=C git reset --hard 0f3dd84e0db31b662492af0895c6c7bb91f87bdc
DEBUG: ran git reset --hard 0f3dd84e0db31b662492af0895c6c7bb91f87bdc in 
DEBUG: LC_ALL=C JX_LOG_LEVEL=error git clean -fd .
DEBUG: ran clean --force -d . in 
DEBUG: LC_ALL=C JX_LOG_LEVEL=error git merge 13c9c88bfa4c014a7649b8aae3b973a0dd7856b0
DEBUG: ran git merge 13c9c88bfa4c014a7649b8aae3b973a0dd7856b0 in 
DEBUG: LC_ALL=C JX_LOG_LEVEL=error git log --format=%H%x1f%an%x1f%ae%x1f%cn%x1f%ce%x1f%s%n%b%x1e 0f3dd84e0db31b662492af0895c6c7bb91f87bdc..HEAD
Merged SHA 13c9c88bfa4c014a7649b8aae3b973a0dd7856b0 with commit message 'Testing python security checks' into base branch master
Merged SHA 9caa1e36891bd54c12cb54f2b60a1ff6fac1a84d with commit message 'Added agent' into base branch master
Merged SHA d568616e65f032e240543353095b38f5f6d1f8b8 with commit message 'Renamed securitychecks ** file' into base branch master
Merged SHA 0533fe5100dd0a361907724d1bd33c613a4b56ed with commit message 'Added security policy' into base branch master
Merged SHA 2403c8ee0c761a15b3ef55782508cc15679f913b with commit message 'Updated jenkins x security file' into base branch master
Merged SHA 150f4b5d552407ce8ff362eccbb3c9b3c3f51f3c with commit message 'Updated jenkins security' into base branch master
Merged SHA 21e4edc65a804dbd22b360761b80a44246ffe5aa with commit message 'Added base security checks with Snyk' into base branch master

Showing logs for build [32mmeta-seldonio-seldon-core-pr-22-lffh8-11[0m stage [32mmeta-pipeline[0m and container [32mstep-create-effective-pipeline[0m
error: failed to load project config in dir /workspace/source: Validation failures in YAML file /workspace/source/jenkins-x-securitychecks.yml:
pipelineConfig.pipelines.pullRequest.pipeline.stages.1.parallel.0.steps.0.command: Invalid type. Expected: string, given: array
[31m
Pipeline failed on stage 'meta-pipeline' : container 'step-create-effective-pipeline'. The execution of the pipeline has stopped.[0m
