
Showing logs for build [32mseldonio-seldon-core-pr-2251-se-vdz5w-17[0m stage [32mpr-build-comment[0m and container [32mstep-credential-initializer-wd6r8[0m
{"level":"info","ts":1596785161.9019578,"logger":"fallback-logger","caller":"logging/config.go:69","msg":"Fetch GitHub commit ID from kodata failed: open /var/run/ko/refs/heads/0.8.0-ns-support: no such file or directory"}
{"level":"info","ts":1596785161.9025936,"logger":"fallback-logger","caller":"creds-init/main.go:40","msg":"Credentials initialized."}

Showing logs for build [32mseldonio-seldon-core-pr-2251-se-vdz5w-17[0m stage [32mpr-build-comment[0m and container [32mstep-working-dir-initializer-wxd46[0m
{"level":"info","ts":1596785162.321177,"logger":"fallback-logger","caller":"logging/config.go:69","msg":"Fetch GitHub commit ID from kodata failed: open /var/run/ko/HEAD: no such file or directory"}
{"level":"info","ts":1596785162.3223746,"logger":"fallback-logger","caller":"bash/main.go:64","msg":"Successfully executed command \"sh -c mkdir -p /workspace/source\"; output "}

Showing logs for build [32mseldonio-seldon-core-pr-2251-se-vdz5w-17[0m stage [32mpr-build-comment[0m and container [32mstep-place-tools[0m

Showing logs for build [32mseldonio-seldon-core-pr-2251-se-vdz5w-17[0m stage [32mpr-build-comment[0m and container [32mstep-create-dir-workspace-jl8pv[0m
{"level":"info","ts":1596785167.6379266,"logger":"fallback-logger","caller":"logging/config.go:69","msg":"Fetch GitHub commit ID from kodata failed: open /var/run/ko/HEAD: no such file or directory"}
{"level":"info","ts":1596785167.6394033,"logger":"fallback-logger","caller":"bash/main.go:64","msg":"Successfully executed command \"sh -c mkdir -p source\"; output "}

Showing logs for build [32mseldonio-seldon-core-pr-2251-se-vdz5w-17[0m stage [32mpr-build-comment[0m and container [32mstep-git-source-seldonio-seldon-core-pr-2251-se-vdz5w-ll8nq[0m
{"level":"info","ts":1596785167.9713666,"logger":"fallback-logger","caller":"logging/config.go:69","msg":"Fetch GitHub commit ID from kodata failed: open /var/run/ko/refs/heads/0.8.0-ns-support: no such file or directory"}
{"level":"info","ts":1596785172.9269838,"logger":"fallback-logger","caller":"git/git.go:103","msg":"Successfully cloned https://github.com/SeldonIO/seldon-core.git @ master in path /workspace/source"}

Showing logs for build [32mseldonio-seldon-core-pr-2251-se-vdz5w-17[0m stage [32mpr-build-comment[0m and container [32mstep-setup-builder-home[0m

Showing logs for build [32mseldonio-seldon-core-pr-2251-se-vdz5w-17[0m stage [32mpr-build-comment[0m and container [32mstep-git-merge[0m
Using SHAs from PULL_REFS=master:0f3dd84e0db31b662492af0895c6c7bb91f87bdc,2251:dbd265132440c50860e42b7143033c6ce9212fa7
DEBUG: LC_ALL=C JX_LOG_LEVEL=error git fetch origin --unshallow dbd265132440c50860e42b7143033c6ce9212fa7: 0f3dd84e0db31b662492af0895c6c7bb91f87bdc:
DEBUG: ran git fetch --unshallow origin dbd265132440c50860e42b7143033c6ce9212fa7: 0f3dd84e0db31b662492af0895c6c7bb91f87bdc: in 
DEBUG: LC_ALL=C JX_LOG_LEVEL=error git branch
DEBUG: LC_ALL=C JX_LOG_LEVEL=error git checkout master
DEBUG: ran git checkout master in 
DEBUG: LC_ALL=C JX_LOG_LEVEL=error git reset --hard 0f3dd84e0db31b662492af0895c6c7bb91f87bdc
DEBUG: ran git reset --hard 0f3dd84e0db31b662492af0895c6c7bb91f87bdc in 
DEBUG: LC_ALL=C JX_LOG_LEVEL=error git clean -fd .
DEBUG: ran clean --force -d . in 
DEBUG: LC_ALL=C JX_LOG_LEVEL=error git merge dbd265132440c50860e42b7143033c6ce9212fa7
DEBUG: ran git merge dbd265132440c50860e42b7143033c6ce9212fa7 in 
DEBUG: LC_ALL=C JX_LOG_LEVEL=error git log --format=%H%x1f%an%x1f%ae%x1f%cn%x1f%ce%x1f%s%n%b%x1e 0f3dd84e0db31b662492af0895c6c7bb91f87bdc..HEAD
Merged SHA dbd265132440c50860e42b7143033c6ce9212fa7 with commit message 'Updated security checks' into base branch master
Merged SHA 7956151af9f19100a8f53926dd7349ceaee0bc92 with commit message 'Updated security checks' into base branch master
Merged SHA 13c9c88bfa4c014a7649b8aae3b973a0dd7856b0 with commit message 'Testing python security checks' into base branch master
Merged SHA 9caa1e36891bd54c12cb54f2b60a1ff6fac1a84d with commit message 'Added agent' into base branch master
Merged SHA d568616e65f032e240543353095b38f5f6d1f8b8 with commit message 'Renamed securitychecks ** file' into base branch master
Merged SHA 0533fe5100dd0a361907724d1bd33c613a4b56ed with commit message 'Added security policy' into base branch master
Merged SHA 2403c8ee0c761a15b3ef55782508cc15679f913b with commit message 'Updated jenkins x security file' into base branch master
Merged SHA 150f4b5d552407ce8ff362eccbb3c9b3c3f51f3c with commit message 'Updated jenkins security' into base branch master
Merged SHA 21e4edc65a804dbd22b360761b80a44246ffe5aa with commit message 'Added base security checks with Snyk' into base branch master

Showing logs for build [32mseldonio-seldon-core-pr-2251-se-vdz5w-17[0m stage [32mpr-build-comment[0m and container [32mstep-step2[0m
+++ dirname ./add-pr-build-comment
++ cd .
++ pwd
+ STARTUP_DIR=/workspace/source/ci
+ REPO_OWNER=SeldonIO
+ REPO_NAME=seldon-core
+ PULL_NUMBER=2251
+ BUILD_NUMBER=17
+ PIPELINE_CONTEXT=securitychecks
++ cat
+++ date
+ COMMENT_MSG='Fri Aug  7 07:26:24 UTC 2020
The logs for [securitychecks] [17] will show after the pipeline context has finished.  
https://github.com/SeldonIO/seldon-core/blob/gh-pages/jenkins-x/logs/SeldonIO/seldon-core/PR-2251/17.log

impatient try  
** get build logs SeldonIO/seldon-core/PR-2251 --build=17'
+ ** step pr comment --owner=SeldonIO --repository=seldon-core --pull-request=2251 '--comment=Fri Aug  7 07:26:24 UTC 2020
The logs for [securitychecks] [17] will show after the pipeline context has finished.  
https://github.com/SeldonIO/seldon-core/blob/gh-pages/jenkins-x/logs/SeldonIO/seldon-core/PR-2251/17.log

impatient try  
** get build logs SeldonIO/seldon-core/PR-2251 --build=17'

Showing logs for build [32mseldonio-seldon-core-pr-2251-se-vdz5w-17[0m stage [32mpr-build-comment[0m and container [32mstep-source-mkdir-seldonio-seldon-core-pr-2251-se-vdz5w-jv7kv[0m
{"level":"info","ts":1596785187.082456,"logger":"fallback-logger","caller":"logging/config.go:69","msg":"Fetch GitHub commit ID from kodata failed: open /var/run/ko/HEAD: no such file or directory"}
{"level":"info","ts":1596785187.0863938,"logger":"fallback-logger","caller":"bash/main.go:64","msg":"Successfully executed command \"sh -c mkdir -p /pvc/pr-build-comment/workspace\"; output "}

Showing logs for build [32mseldonio-seldon-core-pr-2251-se-vdz5w-17[0m stage [32mpr-build-comment[0m and container [32mstep-source-copy-seldonio-seldon-core-pr-2251-se-vdz5w-lm7wq[0m
{"level":"info","ts":1596785187.3475063,"logger":"fallback-logger","caller":"logging/config.go:69","msg":"Fetch GitHub commit ID from kodata failed: open /var/run/ko/HEAD: no such file or directory"}
{"level":"info","ts":1596785187.744642,"logger":"fallback-logger","caller":"bash/main.go:64","msg":"Successfully executed command \"sh -c cp -r source/. /pvc/pr-build-comment/workspace\"; output "}

Showing logs for build [32mseldonio-seldon-core-pr-2251-se-vdz5w-17[0m stage [32mrun-python-tests[0m and container [32mstep-credential-initializer-t7vdz[0m
{"level":"info","ts":1596785192.014342,"logger":"fallback-logger","caller":"logging/config.go:69","msg":"Fetch GitHub commit ID from kodata failed: open /var/run/ko/refs/heads/0.8.0-ns-support: no such file or directory"}
{"level":"info","ts":1596785192.0186465,"logger":"fallback-logger","caller":"creds-init/main.go:40","msg":"Credentials initialized."}

Showing logs for build [32mseldonio-seldon-core-pr-2251-se-vdz5w-17[0m stage [32mrun-python-tests[0m and container [32mstep-working-dir-initializer-rtzv4[0m
{"level":"info","ts":1596785193.1508996,"logger":"fallback-logger","caller":"logging/config.go:69","msg":"Fetch GitHub commit ID from kodata failed: open /var/run/ko/HEAD: no such file or directory"}
{"level":"info","ts":1596785193.153631,"logger":"fallback-logger","caller":"bash/main.go:64","msg":"Successfully executed command \"sh -c mkdir -p /workspace/source\"; output "}

Showing logs for build [32mseldonio-seldon-core-pr-2251-se-vdz5w-17[0m stage [32mrun-python-tests[0m and container [32mstep-place-tools[0m

Showing logs for build [32mseldonio-seldon-core-pr-2251-se-vdz5w-17[0m stage [32mrun-python-tests[0m and container [32mstep-create-dir-workspace-cf8c4[0m
{"level":"info","ts":1596785199.5606909,"logger":"fallback-logger","caller":"logging/config.go:69","msg":"Fetch GitHub commit ID from kodata failed: open /var/run/ko/HEAD: no such file or directory"}
{"level":"info","ts":1596785199.563015,"logger":"fallback-logger","caller":"bash/main.go:64","msg":"Successfully executed command \"sh -c mkdir -p /workspace/source\"; output "}

Showing logs for build [32mseldonio-seldon-core-pr-2251-se-vdz5w-17[0m stage [32mrun-python-tests[0m and container [32mstep-source-copy-workspace-cnhq9[0m
{"level":"info","ts":1596785199.8499508,"logger":"fallback-logger","caller":"logging/config.go:69","msg":"Fetch GitHub commit ID from kodata failed: open /var/run/ko/HEAD: no such file or directory"}
{"level":"info","ts":1596785200.314571,"logger":"fallback-logger","caller":"bash/main.go:64","msg":"Successfully executed command \"sh -c cp -r /pvc/pr-build-comment/workspace/. /workspace/source\"; output "}

Showing logs for build [32mseldonio-seldon-core-pr-2251-se-vdz5w-17[0m stage [32mrun-python-tests[0m and container [32mstep-setup-builder-home[0m

Showing logs for build [32mseldonio-seldon-core-pr-2251-se-vdz5w-17[0m stage [32mrun-python-tests[0m and container [32mstep-step2[0m
Collecting Flask<2.0.0
  Downloading Flask-1.1.2-py2.py3-none-any.whl (94 kB)
Collecting jsonschema<4.0.0
  Downloading jsonschema-3.2.0-py2.py3-none-any.whl (56 kB)
Collecting Flask-cors<4.0.0
  Downloading Flask_Cors-3.0.8-py2.py3-none-any.whl (14 kB)
Collecting redis<4.0.0
  Downloading redis-3.5.3-py2.py3-none-any.whl (72 kB)
Collecting requests<3.0.0
  Downloading requests-2.24.0-py2.py3-none-any.whl (61 kB)
Collecting numpy<2.0.0
  Downloading numpy-1.19.1-cp37-cp37m-manylinux2010_x86_64.whl (14.5 MB)
Collecting flatbuffers<2.0.0
  Downloading flatbuffers-1.12-py2.py3-none-any.whl (15 kB)
Collecting protobuf<4.0.0
  Downloading protobuf-3.12.4-cp37-cp37m-manylinux1_x86_64.whl (1.3 MB)
Collecting grpcio<2.0.0
  Downloading grpcio-1.31.0-cp37-cp37m-manylinux2014_x86_64.whl (3.4 MB)
Collecting Flask-OpenTracing<1.2.0,>=1.1.0
  Downloading Flask-OpenTracing-1.1.0.tar.gz (8.2 kB)
Collecting opentracing<2.4.0,>=2.2.0
  Downloading opentracing-2.3.0.tar.gz (48 kB)
Collecting jaeger-client<4.4.0,>=4.1.0
  Downloading jaeger-client-4.3.0.tar.gz (81 kB)
Collecting grpcio-opentracing<1.2.0,>=1.1.4
  Downloading grpcio_opentracing-1.1.4-py3-none-any.whl (14 kB)
Collecting PyYAML<5.4
  Downloading PyYAML-5.3.1.tar.gz (269 kB)
Collecting gunicorn<20.1.0,>=19.9.0
  Downloading gunicorn-20.0.4-py2.py3-none-any.whl (77 kB)
Collecting minio<6.0.0,>=4.0.9
  Downloading minio-5.0.10-py2.py3-none-any.whl (75 kB)
Collecting azure-storage-blob<3.0.0,>=2.0.1
  Downloading azure_storage_blob-2.1.0-py2.py3-none-any.whl (88 kB)
Requirement already satisfied: setuptools>=41.0.0 in /usr/local/lib/python3.7/site-packages (from -r requirements.txt (line 18)) (49.2.0)
Collecting google-cloud-storage>=1.16.0
  Downloading google_cloud_storage-1.30.0-py2.py3-none-any.whl (86 kB)
Collecting prometheus_client<0.9.0,>=0.7.1
  Downloading prometheus_client-0.8.0-py2.py3-none-any.whl (53 kB)
Collecting itsdangerous>=0.24
  Downloading itsdangerous-1.1.0-py2.py3-none-any.whl (16 kB)
Collecting click>=5.1
  Downloading click-7.1.2-py2.py3-none-any.whl (82 kB)
Collecting Jinja2>=2.10.1
  Downloading Jinja2-2.11.2-py2.py3-none-any.whl (125 kB)
Collecting Werkzeug>=0.15
  Downloading Werkzeug-1.0.1-py2.py3-none-any.whl (298 kB)
Collecting six>=1.11.0
  Downloading six-1.15.0-py2.py3-none-any.whl (10 kB)
Collecting attrs>=17.4.0
  Downloading attrs-19.3.0-py2.py3-none-any.whl (39 kB)
Collecting importlib-metadata; python_version < "3.8"
  Downloading importlib_metadata-1.7.0-py2.py3-none-any.whl (31 kB)
Collecting pyrsistent>=0.14.0
  Downloading pyrsistent-0.16.0.tar.gz (108 kB)
Collecting idna<3,>=2.5
  Downloading idna-2.10-py2.py3-none-any.whl (58 kB)
Collecting urllib3!=1.25.0,!=1.25.1,<1.26,>=1.21.1
  Downloading urllib3-1.25.10-py2.py3-none-any.whl (127 kB)
Collecting certifi>=2017.4.17
  Downloading certifi-2020.6.20-py2.py3-none-any.whl (156 kB)
Collecting chardet<4,>=3.0.2
  Downloading chardet-3.0.4-py2.py3-none-any.whl (133 kB)
Collecting threadloop<2,>=1
  Downloading threadloop-1.0.2.tar.gz (4.9 kB)
Collecting thrift
  Downloading thrift-0.13.0.tar.gz (59 kB)
Collecting tornado>=4.3
  Downloading tornado-6.0.4.tar.gz (496 kB)
Collecting python-dateutil
  Downloading python_dateutil-2.8.1-py2.py3-none-any.whl (227 kB)
Collecting pytz
  Downloading pytz-2020.1-py2.py3-none-any.whl (510 kB)
Collecting configparser
  Downloading configparser-5.0.0-py3-none-any.whl (22 kB)
Collecting azure-common>=1.1.5
  Downloading azure_common-1.1.25-py2.py3-none-any.whl (12 kB)
Collecting azure-storage-common~=2.1
  Downloading azure_storage_common-2.1.0-py2.py3-none-any.whl (47 kB)
Collecting google-cloud-core<2.0dev,>=1.2.0
  Downloading google_cloud_core-1.4.1-py2.py3-none-any.whl (26 kB)
Collecting google-resumable-media<2.0dev,>=0.6.0
  Downloading google_resumable_media-0.7.1-py2.py3-none-any.whl (42 kB)
Collecting google-auth<2.0dev,>=1.11.0
  Downloading google_auth-1.20.1-py2.py3-none-any.whl (91 kB)
Collecting MarkupSafe>=0.23
  Downloading MarkupSafe-1.1.1-cp37-cp37m-manylinux1_x86_64.whl (27 kB)
Collecting zipp>=0.5
  Downloading zipp-3.1.0-py3-none-any.whl (4.9 kB)
Collecting cryptography
  Downloading cryptography-3.0-cp35-abi3-manylinux2010_x86_64.whl (2.7 MB)
Collecting google-api-core<2.0.0dev,>=1.19.0
  Downloading google_api_core-1.22.0-py2.py3-none-any.whl (91 kB)
Collecting google-crc32c<0.2dev,>=0.1.0; python_version >= "3.5"
  Downloading google_crc32c-0.1.0-cp37-cp37m-manylinux2010_x86_64.whl (39 kB)
Collecting pyasn1-modules>=0.2.1
  Downloading pyasn1_modules-0.2.8-py2.py3-none-any.whl (155 kB)
Collecting rsa<5,>=3.1.4; python_version >= "3.5"
  Downloading rsa-4.6-py3-none-any.whl (47 kB)
Collecting cachetools<5.0,>=2.0.0
  Downloading cachetools-4.1.1-py3-none-any.whl (10 kB)
Collecting cffi!=1.11.3,>=1.8
  Downloading cffi-1.14.1-cp37-cp37m-manylinux1_x86_64.whl (401 kB)
Collecting googleapis-common-protos<2.0dev,>=1.6.0
  Downloading googleapis_common_protos-1.52.0-py2.py3-none-any.whl (100 kB)
Collecting pyasn1<0.5.0,>=0.4.6
  Downloading pyasn1-0.4.8-py2.py3-none-any.whl (77 kB)
Collecting pycparser
  Downloading pycparser-2.20-py2.py3-none-any.whl (112 kB)
Building wheels for collected packages: Flask-OpenTracing, opentracing, jaeger-client, PyYAML, pyrsistent, threadloop, thrift, tornado
  Building wheel for Flask-OpenTracing (setup.py): started
  Building wheel for Flask-OpenTracing (setup.py): finished with status 'done'
  Created wheel for Flask-OpenTracing: filename=Flask_OpenTracing-1.1.0-py3-none-any.whl size=9070 sha256=74ac58b32dad68d1c3a47ff93bc9ff7060ad1dfac76c23e19059ac70aa750c76
  Stored in directory: /builder/home/.cache/pip/wheels/42/22/cd/ccb93fa68f4a01fb6c10082f97bcb2af9eb8e43565ce38a292
  Building wheel for opentracing (setup.py): started
  Building wheel for opentracing (setup.py): finished with status 'done'
  Created wheel for opentracing: filename=opentracing-2.3.0-py3-none-any.whl size=51347 sha256=44acf716fae43535f563488ee6bbbab683e383d6a429709c415a224170478dbb
  Stored in directory: /builder/home/.cache/pip/wheels/19/c5/4b/b030afc055aa78698cd96eb4b168b7f91bd9254191bf4e9f9f
  Building wheel for jaeger-client (setup.py): started
  Building wheel for jaeger-client (setup.py): finished with status 'done'
  Created wheel for jaeger-client: filename=jaeger_client-4.3.0-py3-none-any.whl size=64291 sha256=29bf388e8fd59c7c5d600fae2a30f9e50fd62cd7b620613e0dac8e8b4b32c668
  Stored in directory: /builder/home/.cache/pip/wheels/4b/b9/d9/efe18893b02a4bc5abb68e0174d4ab10147f7f184dd170758e
  Building wheel for PyYAML (setup.py): started
  Building wheel for PyYAML (setup.py): finished with status 'done'
  Created wheel for PyYAML: filename=PyYAML-5.3.1-cp37-cp37m-linux_x86_64.whl size=471280 sha256=9ba330068fb0bb876dbc88aa07cdcaaf93b4b832923d933959b0564a52e26623
  Stored in directory: /builder/home/.cache/pip/wheels/5e/03/1e/e1e954795d6f35dfc7b637fe2277bff021303bd9570ecea653
  Building wheel for pyrsistent (setup.py): started
  Building wheel for pyrsistent (setup.py): finished with status 'done'
  Created wheel for pyrsistent: filename=pyrsistent-0.16.0-cp37-cp37m-linux_x86_64.whl size=124353 sha256=b33e92d1305accf0c5169064ee9e0e6d268f0c52451bb317d889bd800fd9afab
  Stored in directory: /builder/home/.cache/pip/wheels/22/52/11/f0920f95c23ed7d2d0b05f2b7b2f4509e87a20cfe8ea43d987
  Building wheel for threadloop (setup.py): started
  Building wheel for threadloop (setup.py): finished with status 'done'
  Created wheel for threadloop: filename=threadloop-1.0.2-py3-none-any.whl size=3423 sha256=ff21ec8314e038c61026dd306af6606e18f1b5d3d8a608f5fe4154fdeacc9f03
  Stored in directory: /builder/home/.cache/pip/wheels/08/93/e3/037c2555d98964d9ca537dabb39827a2b72470a679b5c0de37
  Building wheel for thrift (setup.py): started
  Building wheel for thrift (setup.py): finished with status 'done'
  Created wheel for thrift: filename=thrift-0.13.0-cp37-cp37m-linux_x86_64.whl size=486851 sha256=1d705cf406c9de2faa3af20cf9dc6dee04dd8cf912e9fd7d1cdff341b65c3ea6
  Stored in directory: /builder/home/.cache/pip/wheels/79/35/5a/19f5dadf91f62bd783aaa8385f700de9bc14772e09ab0f006a
  Building wheel for tornado (setup.py): started
  Building wheel for tornado (setup.py): finished with status 'done'
  Created wheel for tornado: filename=tornado-6.0.4-cp37-cp37m-linux_x86_64.whl size=428925 sha256=98b7dd3d8e5f56592d384c8f7aeeedaca9f04edbd4c1a27165ac8db00ea77c52
  Stored in directory: /builder/home/.cache/pip/wheels/7d/14/fa/d88fb5da77d813ea0ffca38a2ab2a052874e9e1142bad0b348
Successfully built Flask-OpenTracing opentracing jaeger-client PyYAML pyrsistent threadloop thrift tornado
Installing collected packages: itsdangerous, click, MarkupSafe, Jinja2, Werkzeug, Flask, six, attrs, zipp, importlib-metadata, pyrsistent, jsonschema, Flask-cors, redis, idna, urllib3, certifi, chardet, requests, numpy, flatbuffers, protobuf, grpcio, opentracing, Flask-OpenTracing, tornado, threadloop, thrift, jaeger-client, grpcio-opentracing, PyYAML, gunicorn, python-dateutil, pytz, configparser, minio, azure-common, pycparser, cffi, cryptography, azure-storage-common, azure-storage-blob, googleapis-common-protos, pyasn1, pyasn1-modules, rsa, cachetools, google-auth, google-api-core, google-cloud-core, google-crc32c, google-resumable-media, google-cloud-storage, prometheus-client
Successfully installed Flask-1.1.2 Flask-OpenTracing-1.1.0 Flask-cors-3.0.8 Jinja2-2.11.2 MarkupSafe-1.1.1 PyYAML-5.3.1 Werkzeug-1.0.1 attrs-19.3.0 azure-common-1.1.25 azure-storage-blob-2.1.0 azure-storage-common-2.1.0 cachetools-4.1.1 certifi-2020.6.20 cffi-1.14.1 chardet-3.0.4 click-7.1.2 configparser-5.0.0 cryptography-3.0 flatbuffers-1.12 google-api-core-1.22.0 google-auth-1.20.1 google-cloud-core-1.4.1 google-cloud-storage-1.30.0 google-crc32c-0.1.0 google-resumable-media-0.7.1 googleapis-common-protos-1.52.0 grpcio-1.31.0 grpcio-opentracing-1.1.4 gunicorn-20.0.4 idna-2.10 importlib-metadata-1.7.0 itsdangerous-1.1.0 jaeger-client-4.3.0 jsonschema-3.2.0 minio-5.0.10 numpy-1.19.1 opentracing-2.3.0 prometheus-client-0.8.0 protobuf-3.12.4 pyasn1-0.4.8 pyasn1-modules-0.2.8 pycparser-2.20 pyrsistent-0.16.0 python-dateutil-2.8.1 pytz-2020.1 redis-3.5.3 requests-2.24.0 rsa-4.6 six-1.15.0 threadloop-1.0.2 thrift-0.13.0 tornado-6.0.4 urllib3-1.25.10 zipp-3.1.0
WARNING: You are using pip version 20.2; however, version 20.2.1 is available.
You should consider upgrading via the '/usr/local/bin/python -m pip install --upgrade pip' command.

Testing /workspace/source/python...

Tested 57 dependencies for known issues, found 1 issue, 1 vulnerable path.


Issues with no direct upgrade or patch:
  ✗ Arbitrary Code Execution [High Severity][https://snyk.io/vuln/SNYK-PYTHON-PYYAML-590151] in pyyaml@5.3.1
  No upgrade or patch available



Organization:      as-swz
Package manager:   pip
Target file:       requirements.txt
Project name:      python
Open source:       no
Project path:      /workspace/source/python
Licenses:          enabled

[31m
Pipeline failed on stage 'run-python-tests' : container 'step-step2'. The execution of the pipeline has stopped.[0m
