
Showing logs for build [32mmeta-seldonio-seldon-core-pr-22-l78fz-5[0m stage [32mmeta-pipeline[0m and container [32mstep-credential-initializer-x29js[0m
{"level":"info","ts":1596781380.8341734,"logger":"fallback-logger","caller":"logging/config.go:69","msg":"Fetch GitHub commit ID from kodata failed: open /var/run/ko/refs/heads/0.8.0-ns-support: no such file or directory"}
{"level":"info","ts":1596781380.8348098,"logger":"fallback-logger","caller":"creds-init/main.go:40","msg":"Credentials initialized."}

Showing logs for build [32mmeta-seldonio-seldon-core-pr-22-l78fz-5[0m stage [32mmeta-pipeline[0m and container [32mstep-working-dir-initializer-9vnrg[0m
{"level":"info","ts":1596781381.9295013,"logger":"fallback-logger","caller":"logging/config.go:69","msg":"Fetch GitHub commit ID from kodata failed: open /var/run/ko/HEAD: no such file or directory"}
{"level":"info","ts":1596781381.9314501,"logger":"fallback-logger","caller":"bash/main.go:64","msg":"Successfully executed command \"sh -c mkdir -p /workspace/source\"; output "}

Showing logs for build [32mmeta-seldonio-seldon-core-pr-22-l78fz-5[0m stage [32mmeta-pipeline[0m and container [32mstep-place-tools[0m

Showing logs for build [32mmeta-seldonio-seldon-core-pr-22-l78fz-5[0m stage [32mmeta-pipeline[0m and container [32mstep-git-source-meta-seldonio-seldon-core-pr-22-l78fz-jw97g[0m
{"level":"info","ts":1596781388.3466156,"logger":"fallback-logger","caller":"logging/config.go:69","msg":"Fetch GitHub commit ID from kodata failed: open /var/run/ko/refs/heads/0.8.0-ns-support: no such file or directory"}
{"level":"info","ts":1596781394.3503747,"logger":"fallback-logger","caller":"git/git.go:103","msg":"Successfully cloned https://github.com/SeldonIO/seldon-core.git @ 0f3dd84e0db31b662492af0895c6c7bb91f87bdc in path /workspace/source"}

Showing logs for build [32mmeta-seldonio-seldon-core-pr-22-l78fz-5[0m stage [32mmeta-pipeline[0m and container [32mstep-setup-builder-home[0m

Showing logs for build [32mmeta-seldonio-seldon-core-pr-22-l78fz-5[0m stage [32mmeta-pipeline[0m and container [32mstep-git-merge[0m
Using SHAs from PULL_REFS=master:0f3dd84e0db31b662492af0895c6c7bb91f87bdc,2251:d568616e65f032e240543353095b38f5f6d1f8b8
DEBUG: LC_ALL=C JX_LOG_LEVEL=error git fetch origin --unshallow d568616e65f032e240543353095b38f5f6d1f8b8: 0f3dd84e0db31b662492af0895c6c7bb91f87bdc:
DEBUG: ran git fetch --unshallow origin d568616e65f032e240543353095b38f5f6d1f8b8: 0f3dd84e0db31b662492af0895c6c7bb91f87bdc: in 
DEBUG: LC_ALL=C JX_LOG_LEVEL=error git branch
DEBUG: LC_ALL=C JX_LOG_LEVEL=error git checkout master
DEBUG: ran git checkout master in 
DEBUG: LC_ALL=C JX_LOG_LEVEL=error git reset --hard 0f3dd84e0db31b662492af0895c6c7bb91f87bdc
DEBUG: ran git reset --hard 0f3dd84e0db31b662492af0895c6c7bb91f87bdc in 
DEBUG: LC_ALL=C JX_LOG_LEVEL=error git clean -fd .
DEBUG: ran clean --force -d . in 
DEBUG: LC_ALL=C JX_LOG_LEVEL=error git merge d568616e65f032e240543353095b38f5f6d1f8b8
DEBUG: ran git merge d568616e65f032e240543353095b38f5f6d1f8b8 in 
DEBUG: JX_LOG_LEVEL=error LC_ALL=C git log --format=%H%x1f%an%x1f%ae%x1f%cn%x1f%ce%x1f%s%n%b%x1e 0f3dd84e0db31b662492af0895c6c7bb91f87bdc..HEAD
Merged SHA d568616e65f032e240543353095b38f5f6d1f8b8 with commit message 'Renamed securitychecks ** file' into base branch master
Merged SHA 0533fe5100dd0a361907724d1bd33c613a4b56ed with commit message 'Added security policy' into base branch master
Merged SHA 2403c8ee0c761a15b3ef55782508cc15679f913b with commit message 'Updated jenkins x security file' into base branch master
Merged SHA 150f4b5d552407ce8ff362eccbb3c9b3c3f51f3c with commit message 'Updated jenkins security' into base branch master
Merged SHA 21e4edc65a804dbd22b360761b80a44246ffe5aa with commit message 'Added base security checks with Snyk' into base branch master

Showing logs for build [32mmeta-seldonio-seldon-core-pr-22-l78fz-5[0m stage [32mmeta-pipeline[0m and container [32mstep-merge-pull-refs[0m
DEBUG: LC_ALL=C JX_LOG_LEVEL=error git fetch origin --unshallow d568616e65f032e240543353095b38f5f6d1f8b8: 0f3dd84e0db31b662492af0895c6c7bb91f87bdc:
DEBUG: LC_ALL=C JX_LOG_LEVEL=error git fetch origin d568616e65f032e240543353095b38f5f6d1f8b8: 0f3dd84e0db31b662492af0895c6c7bb91f87bdc:
DEBUG: ran git fetch origin d568616e65f032e240543353095b38f5f6d1f8b8: 0f3dd84e0db31b662492af0895c6c7bb91f87bdc: in 
DEBUG: LC_ALL=C JX_LOG_LEVEL=error git rev-parse --is-shallow-repository
DEBUG: Unshallowed git repo in 
DEBUG: LC_ALL=C JX_LOG_LEVEL=error git branch
DEBUG: JX_LOG_LEVEL=error LC_ALL=C git checkout master
DEBUG: ran git checkout master in 
DEBUG: LC_ALL=C JX_LOG_LEVEL=error git reset --hard 0f3dd84e0db31b662492af0895c6c7bb91f87bdc
DEBUG: ran git reset --hard 0f3dd84e0db31b662492af0895c6c7bb91f87bdc in 
DEBUG: LC_ALL=C JX_LOG_LEVEL=error git clean -fd .
DEBUG: ran clean --force -d . in 
DEBUG: LC_ALL=C JX_LOG_LEVEL=error git merge d568616e65f032e240543353095b38f5f6d1f8b8
DEBUG: ran git merge d568616e65f032e240543353095b38f5f6d1f8b8 in 
DEBUG: LC_ALL=C JX_LOG_LEVEL=error git log --format=%H%x1f%an%x1f%ae%x1f%cn%x1f%ce%x1f%s%n%b%x1e 0f3dd84e0db31b662492af0895c6c7bb91f87bdc..HEAD
Merged SHA d568616e65f032e240543353095b38f5f6d1f8b8 with commit message 'Renamed securitychecks ** file' into base branch master
Merged SHA 0533fe5100dd0a361907724d1bd33c613a4b56ed with commit message 'Added security policy' into base branch master
Merged SHA 2403c8ee0c761a15b3ef55782508cc15679f913b with commit message 'Updated jenkins x security file' into base branch master
Merged SHA 150f4b5d552407ce8ff362eccbb3c9b3c3f51f3c with commit message 'Updated jenkins security' into base branch master
Merged SHA 21e4edc65a804dbd22b360761b80a44246ffe5aa with commit message 'Added base security checks with Snyk' into base branch master

Showing logs for build [32mmeta-seldonio-seldon-core-pr-22-l78fz-5[0m stage [32mmeta-pipeline[0m and container [32mstep-create-effective-pipeline[0m
error: failed to create effective pipeline for pull request: validation failed for Pipeline: No agent specified for stage or for its parent(s): stages[0].agent
[31m
Pipeline failed on stage 'meta-pipeline' : container 'step-create-effective-pipeline'. The execution of the pipeline has stopped.[0m
