
Showing logs for build [32mseldonio-seldon-core-pr-2251-se-bdkks-8[0m stage [32mpr-build-comment[0m and container [32mstep-credential-initializer-rhvkb[0m
{"level":"info","ts":1596781750.096672,"logger":"fallback-logger","caller":"logging/config.go:69","msg":"Fetch GitHub commit ID from kodata failed: open /var/run/ko/refs/heads/0.8.0-ns-support: no such file or directory"}
{"level":"info","ts":1596781750.0970922,"logger":"fallback-logger","caller":"creds-init/main.go:40","msg":"Credentials initialized."}

Showing logs for build [32mseldonio-seldon-core-pr-2251-se-bdkks-8[0m stage [32mpr-build-comment[0m and container [32mstep-working-dir-initializer-qq76w[0m
{"level":"info","ts":1596781751.1043391,"logger":"fallback-logger","caller":"logging/config.go:69","msg":"Fetch GitHub commit ID from kodata failed: open /var/run/ko/HEAD: no such file or directory"}
{"level":"info","ts":1596781751.1063087,"logger":"fallback-logger","caller":"bash/main.go:64","msg":"Successfully executed command \"sh -c mkdir -p /workspace/source\"; output "}

Showing logs for build [32mseldonio-seldon-core-pr-2251-se-bdkks-8[0m stage [32mpr-build-comment[0m and container [32mstep-place-tools[0m

Showing logs for build [32mseldonio-seldon-core-pr-2251-se-bdkks-8[0m stage [32mpr-build-comment[0m and container [32mstep-create-dir-workspace-jj2ml[0m
{"level":"info","ts":1596781757.2583623,"logger":"fallback-logger","caller":"logging/config.go:69","msg":"Fetch GitHub commit ID from kodata failed: open /var/run/ko/HEAD: no such file or directory"}
{"level":"info","ts":1596781757.260276,"logger":"fallback-logger","caller":"bash/main.go:64","msg":"Successfully executed command \"sh -c mkdir -p source\"; output "}

Showing logs for build [32mseldonio-seldon-core-pr-2251-se-bdkks-8[0m stage [32mpr-build-comment[0m and container [32mstep-git-source-seldonio-seldon-core-pr-2251-se-bdkks-57vnm[0m
{"level":"info","ts":1596781757.5146139,"logger":"fallback-logger","caller":"logging/config.go:69","msg":"Fetch GitHub commit ID from kodata failed: open /var/run/ko/refs/heads/0.8.0-ns-support: no such file or directory"}
{"level":"info","ts":1596781762.5891528,"logger":"fallback-logger","caller":"git/git.go:103","msg":"Successfully cloned https://github.com/SeldonIO/seldon-core.git @ master in path /workspace/source"}

Showing logs for build [32mseldonio-seldon-core-pr-2251-se-bdkks-8[0m stage [32mpr-build-comment[0m and container [32mstep-setup-builder-home[0m

Showing logs for build [32mseldonio-seldon-core-pr-2251-se-bdkks-8[0m stage [32mpr-build-comment[0m and container [32mstep-git-merge[0m
Using SHAs from PULL_REFS=master:0f3dd84e0db31b662492af0895c6c7bb91f87bdc,2251:9caa1e36891bd54c12cb54f2b60a1ff6fac1a84d
DEBUG: LC_ALL=C JX_LOG_LEVEL=error git fetch origin --unshallow 9caa1e36891bd54c12cb54f2b60a1ff6fac1a84d: 0f3dd84e0db31b662492af0895c6c7bb91f87bdc:
DEBUG: ran git fetch --unshallow origin 9caa1e36891bd54c12cb54f2b60a1ff6fac1a84d: 0f3dd84e0db31b662492af0895c6c7bb91f87bdc: in 
DEBUG: LC_ALL=C JX_LOG_LEVEL=error git branch
DEBUG: LC_ALL=C JX_LOG_LEVEL=error git checkout master
DEBUG: ran git checkout master in 
DEBUG: LC_ALL=C JX_LOG_LEVEL=error git reset --hard 0f3dd84e0db31b662492af0895c6c7bb91f87bdc
DEBUG: ran git reset --hard 0f3dd84e0db31b662492af0895c6c7bb91f87bdc in 
DEBUG: LC_ALL=C JX_LOG_LEVEL=error git clean -fd .
DEBUG: ran clean --force -d . in 
DEBUG: LC_ALL=C JX_LOG_LEVEL=error git merge 9caa1e36891bd54c12cb54f2b60a1ff6fac1a84d
DEBUG: ran git merge 9caa1e36891bd54c12cb54f2b60a1ff6fac1a84d in 
DEBUG: JX_LOG_LEVEL=error LC_ALL=C git log --format=%H%x1f%an%x1f%ae%x1f%cn%x1f%ce%x1f%s%n%b%x1e 0f3dd84e0db31b662492af0895c6c7bb91f87bdc..HEAD
Merged SHA 9caa1e36891bd54c12cb54f2b60a1ff6fac1a84d with commit message 'Added agent' into base branch master
Merged SHA d568616e65f032e240543353095b38f5f6d1f8b8 with commit message 'Renamed securitychecks ** file' into base branch master
Merged SHA 0533fe5100dd0a361907724d1bd33c613a4b56ed with commit message 'Added security policy' into base branch master
Merged SHA 2403c8ee0c761a15b3ef55782508cc15679f913b with commit message 'Updated jenkins x security file' into base branch master
Merged SHA 150f4b5d552407ce8ff362eccbb3c9b3c3f51f3c with commit message 'Updated jenkins security' into base branch master
Merged SHA 21e4edc65a804dbd22b360761b80a44246ffe5aa with commit message 'Added base security checks with Snyk' into base branch master

Showing logs for build [32mseldonio-seldon-core-pr-2251-se-bdkks-8[0m stage [32mpr-build-comment[0m and container [32mstep-step2[0m
+++ dirname ./add-pr-build-comment
++ cd .
++ pwd
+ STARTUP_DIR=/workspace/source/ci
+ REPO_OWNER=SeldonIO
+ REPO_NAME=seldon-core
+ PULL_NUMBER=2251
+ BUILD_NUMBER=8
+ PIPELINE_CONTEXT=securitychecks
++ cat
+++ date
+ COMMENT_MSG='Fri Aug  7 06:29:31 UTC 2020
The logs for [securitychecks] [8] will show after the pipeline context has finished.  
https://github.com/SeldonIO/seldon-core/blob/gh-pages/jenkins-x/logs/SeldonIO/seldon-core/PR-2251/8.log

impatient try  
** get build logs SeldonIO/seldon-core/PR-2251 --build=8'
+ ** step pr comment --owner=SeldonIO --repository=seldon-core --pull-request=2251 '--comment=Fri Aug  7 06:29:31 UTC 2020
The logs for [securitychecks] [8] will show after the pipeline context has finished.  
https://github.com/SeldonIO/seldon-core/blob/gh-pages/jenkins-x/logs/SeldonIO/seldon-core/PR-2251/8.log

impatient try  
** get build logs SeldonIO/seldon-core/PR-2251 --build=8'

Showing logs for build [32mseldonio-seldon-core-pr-2251-se-bdkks-8[0m stage [32mpr-build-comment[0m and container [32mstep-source-mkdir-seldonio-seldon-core-pr-2251-se-bdkks-gq5x7[0m
{"level":"info","ts":1596781773.5474467,"logger":"fallback-logger","caller":"logging/config.go:69","msg":"Fetch GitHub commit ID from kodata failed: open /var/run/ko/HEAD: no such file or directory"}
{"level":"info","ts":1596781773.5513654,"logger":"fallback-logger","caller":"bash/main.go:64","msg":"Successfully executed command \"sh -c mkdir -p /pvc/pr-build-comment/workspace\"; output "}

Showing logs for build [32mseldonio-seldon-core-pr-2251-se-bdkks-8[0m stage [32mpr-build-comment[0m and container [32mstep-source-copy-seldonio-seldon-core-pr-2251-se-bdkks-dj5nv[0m
{"level":"info","ts":1596781773.790089,"logger":"fallback-logger","caller":"logging/config.go:69","msg":"Fetch GitHub commit ID from kodata failed: open /var/run/ko/HEAD: no such file or directory"}
{"level":"info","ts":1596781774.1983676,"logger":"fallback-logger","caller":"bash/main.go:64","msg":"Successfully executed command \"sh -c cp -r source/. /pvc/pr-build-comment/workspace\"; output "}

Showing logs for build [32mseldonio-seldon-core-pr-2251-se-bdkks-8[0m stage [32mrun-executor-tests[0m and container [32mstep-credential-initializer-rxwbm[0m
{"level":"info","ts":1596781780.9625218,"logger":"fallback-logger","caller":"logging/config.go:69","msg":"Fetch GitHub commit ID from kodata failed: open /var/run/ko/refs/heads/0.8.0-ns-support: no such file or directory"}
{"level":"info","ts":1596781780.9700825,"logger":"fallback-logger","caller":"creds-init/main.go:40","msg":"Credentials initialized."}

Showing logs for build [32mseldonio-seldon-core-pr-2251-se-bdkks-8[0m stage [32mrun-executor-tests[0m and container [32mstep-working-dir-initializer-bpgwz[0m
{"level":"info","ts":1596781782.1204493,"logger":"fallback-logger","caller":"logging/config.go:69","msg":"Fetch GitHub commit ID from kodata failed: open /var/run/ko/HEAD: no such file or directory"}
{"level":"info","ts":1596781782.1231232,"logger":"fallback-logger","caller":"bash/main.go:64","msg":"Successfully executed command \"sh -c mkdir -p /workspace/source\"; output "}

Showing logs for build [32mseldonio-seldon-core-pr-2251-se-bdkks-8[0m stage [32mrun-executor-tests[0m and container [32mstep-place-tools[0m

Showing logs for build [32mseldonio-seldon-core-pr-2251-se-bdkks-8[0m stage [32mrun-executor-tests[0m and container [32mstep-create-dir-workspace-dmxqk[0m
{"level":"info","ts":1596781833.384611,"logger":"fallback-logger","caller":"logging/config.go:69","msg":"Fetch GitHub commit ID from kodata failed: open /var/run/ko/HEAD: no such file or directory"}
{"level":"info","ts":1596781833.388639,"logger":"fallback-logger","caller":"bash/main.go:64","msg":"Successfully executed command \"sh -c mkdir -p /workspace/source\"; output "}

Showing logs for build [32mseldonio-seldon-core-pr-2251-se-bdkks-8[0m stage [32mrun-executor-tests[0m and container [32mstep-source-copy-workspace-zhpwx[0m
{"level":"info","ts":1596781833.6857436,"logger":"fallback-logger","caller":"logging/config.go:69","msg":"Fetch GitHub commit ID from kodata failed: open /var/run/ko/HEAD: no such file or directory"}
{"level":"info","ts":1596781840.3647647,"logger":"fallback-logger","caller":"bash/main.go:64","msg":"Successfully executed command \"sh -c cp -r /pvc/pr-build-comment/workspace/. /workspace/source\"; output "}

Showing logs for build [32mseldonio-seldon-core-pr-2251-se-bdkks-8[0m stage [32mrun-executor-tests[0m and container [32mstep-setup-builder-home[0m

Showing logs for build [32mseldonio-seldon-core-pr-2251-se-bdkks-8[0m stage [32mrun-executor-tests[0m and container [32mstep-step2[0m

Testing /workspace/source/executor...

Organization:      as-swz
Package manager:   gomodules
Target file:       go.mod
Project name:      github.com/seldonio/seldon-core/executor
Open source:       no
Project path:      /workspace/source/executor
Licenses:          enabled

✓ Tested 432 dependencies for known issues, no vulnerable paths found.

-------------------------------------------------------

Testing /workspace/source/executor...

Organization:      as-swz
Package manager:   gomodules
Target file:       hack/tools/go.mod
Project name:      sigs.k8s.io/kind/hack/tools
Open source:       no
Project path:      /workspace/source/executor
Licenses:          enabled

✓ Tested 203 dependencies for known issues, no vulnerable paths found.

-------------------------------------------------------

Testing /workspace/source/executor...

Organization:      as-swz
Package manager:   gomodules
Target file:       operator/go.mod
Project name:      github.com/seldonio/seldon-core/operator
Open source:       no
Project path:      /workspace/source/executor
Licenses:          enabled

✓ Tested 345 dependencies for known issues, no vulnerable paths found.

-------------------------------------------------------

Testing /workspace/source/executor...

Organization:      as-swz
Package manager:   gomodules
Target file:       operator/hack/tools/go.mod
Project name:      sigs.k8s.io/kind/hack/tools
Open source:       no
Project path:      /workspace/source/executor
Licenses:          enabled

✓ Tested 219 dependencies for known issues, no vulnerable paths found.

-------------------------------------------------------

Testing /workspace/source/executor...

Organization:      as-swz
Package manager:   gomodules
Target file:       proto/tensorflow/core/go.mod
Project name:      github.com/tensorflow/tensorflow/tensorflow/go/core
Open source:       no
Project path:      /workspace/source/executor
Licenses:          enabled

✓ Tested 32 dependencies for known issues, no vulnerable paths found.


Tested 5 projects, no vulnerable paths were found.



Showing logs for build [32mseldonio-seldon-core-pr-2251-se-bdkks-8[0m stage [32mrun-operator-tests[0m and container [32mstep-credential-initializer-g7rcb[0m
{"level":"info","ts":1596781778.50815,"logger":"fallback-logger","caller":"logging/config.go:69","msg":"Fetch GitHub commit ID from kodata failed: open /var/run/ko/refs/heads/0.8.0-ns-support: no such file or directory"}
{"level":"info","ts":1596781778.5088124,"logger":"fallback-logger","caller":"creds-init/main.go:40","msg":"Credentials initialized."}

Showing logs for build [32mseldonio-seldon-core-pr-2251-se-bdkks-8[0m stage [32mrun-operator-tests[0m and container [32mstep-working-dir-initializer-njsb4[0m
{"level":"info","ts":1596781779.674661,"logger":"fallback-logger","caller":"logging/config.go:69","msg":"Fetch GitHub commit ID from kodata failed: open /var/run/ko/HEAD: no such file or directory"}
{"level":"info","ts":1596781779.6763823,"logger":"fallback-logger","caller":"bash/main.go:64","msg":"Successfully executed command \"sh -c mkdir -p /workspace/source\"; output "}

Showing logs for build [32mseldonio-seldon-core-pr-2251-se-bdkks-8[0m stage [32mrun-operator-tests[0m and container [32mstep-place-tools[0m

Showing logs for build [32mseldonio-seldon-core-pr-2251-se-bdkks-8[0m stage [32mrun-operator-tests[0m and container [32mstep-create-dir-workspace-tsll8[0m
{"level":"info","ts":1596781900.1678474,"logger":"fallback-logger","caller":"logging/config.go:69","msg":"Fetch GitHub commit ID from kodata failed: open /var/run/ko/HEAD: no such file or directory"}
{"level":"info","ts":1596781900.1712365,"logger":"fallback-logger","caller":"bash/main.go:64","msg":"Successfully executed command \"sh -c mkdir -p /workspace/source\"; output "}

Showing logs for build [32mseldonio-seldon-core-pr-2251-se-bdkks-8[0m stage [32mrun-operator-tests[0m and container [32mstep-source-copy-workspace-g9k57[0m
{"level":"info","ts":1596781900.4463568,"logger":"fallback-logger","caller":"logging/config.go:69","msg":"Fetch GitHub commit ID from kodata failed: open /var/run/ko/HEAD: no such file or directory"}
{"level":"info","ts":1596781901.5946913,"logger":"fallback-logger","caller":"bash/main.go:64","msg":"Successfully executed command \"sh -c cp -r /pvc/pr-build-comment/workspace/. /workspace/source\"; output "}

Showing logs for build [32mseldonio-seldon-core-pr-2251-se-bdkks-8[0m stage [32mrun-operator-tests[0m and container [32mstep-setup-builder-home[0m

Showing logs for build [32mseldonio-seldon-core-pr-2251-se-bdkks-8[0m stage [32mrun-operator-tests[0m and container [32mstep-step2[0m

Testing /workspace/source/operator...

Organization:      as-swz
Package manager:   gomodules
Target file:       go.mod
Project name:      github.com/seldonio/seldon-core/operator
Open source:       no
Project path:      /workspace/source/operator
Licenses:          enabled

✓ Tested 345 dependencies for known issues, no vulnerable paths found.

-------------------------------------------------------

Testing /workspace/source/operator...

Organization:      as-swz
Package manager:   gomodules
Target file:       hack/tools/go.mod
Project name:      sigs.k8s.io/kind/hack/tools
Open source:       no
Project path:      /workspace/source/operator
Licenses:          enabled

✓ Tested 219 dependencies for known issues, no vulnerable paths found.


Tested 2 projects, no vulnerable paths were found.



Showing logs for build [32mseldonio-seldon-core-pr-2251-se-bdkks-8[0m stage [32mrun-python-tests[0m and container [32mstep-credential-initializer-chphb[0m
{"level":"info","ts":1596781780.304149,"logger":"fallback-logger","caller":"logging/config.go:69","msg":"Fetch GitHub commit ID from kodata failed: open /var/run/ko/refs/heads/0.8.0-ns-support: no such file or directory"}
{"level":"info","ts":1596781780.3048975,"logger":"fallback-logger","caller":"creds-init/main.go:40","msg":"Credentials initialized."}

Showing logs for build [32mseldonio-seldon-core-pr-2251-se-bdkks-8[0m stage [32mrun-python-tests[0m and container [32mstep-working-dir-initializer-dztzt[0m
{"level":"info","ts":1596781780.977181,"logger":"fallback-logger","caller":"logging/config.go:69","msg":"Fetch GitHub commit ID from kodata failed: open /var/run/ko/HEAD: no such file or directory"}
{"level":"info","ts":1596781780.9790263,"logger":"fallback-logger","caller":"bash/main.go:64","msg":"Successfully executed command \"sh -c mkdir -p /workspace/source\"; output "}

Showing logs for build [32mseldonio-seldon-core-pr-2251-se-bdkks-8[0m stage [32mrun-python-tests[0m and container [32mstep-place-tools[0m

Showing logs for build [32mseldonio-seldon-core-pr-2251-se-bdkks-8[0m stage [32mrun-python-tests[0m and container [32mstep-create-dir-workspace-h5dcc[0m
{"level":"info","ts":1596781829.2726252,"logger":"fallback-logger","caller":"logging/config.go:69","msg":"Fetch GitHub commit ID from kodata failed: open /var/run/ko/HEAD: no such file or directory"}
{"level":"info","ts":1596781829.2743907,"logger":"fallback-logger","caller":"bash/main.go:64","msg":"Successfully executed command \"sh -c mkdir -p /workspace/source\"; output "}

Showing logs for build [32mseldonio-seldon-core-pr-2251-se-bdkks-8[0m stage [32mrun-python-tests[0m and container [32mstep-source-copy-workspace-pqmp5[0m
{"level":"info","ts":1596781829.5706356,"logger":"fallback-logger","caller":"logging/config.go:69","msg":"Fetch GitHub commit ID from kodata failed: open /var/run/ko/HEAD: no such file or directory"}
{"level":"info","ts":1596781840.3648648,"logger":"fallback-logger","caller":"bash/main.go:64","msg":"Successfully executed command \"sh -c cp -r /pvc/pr-build-comment/workspace/. /workspace/source\"; output "}

Showing logs for build [32mseldonio-seldon-core-pr-2251-se-bdkks-8[0m stage [32mrun-python-tests[0m and container [32mstep-setup-builder-home[0m

Showing logs for build [32mseldonio-seldon-core-pr-2251-se-bdkks-8[0m stage [32mrun-python-tests[0m and container [32mstep-step2[0m

