
Showing logs for build [32mmeta-seldonio-seldon-core-pr-15-rfnbg-5[0m stage [32mmeta-pipeline[0m and container [32mstep-credential-initializer-fn4zd[0m
{"level":"warn","ts":1584529576.4327657,"logger":"fallback-logger","caller":"logging/config.go:69","msg":"Fetch GitHub commit ID from kodata failed: \"ref: refs/heads/0.8.0-**-support-backwards-incompats\" is not a valid GitHub commit ID"}
{"level":"info","ts":1584529576.4335313,"logger":"fallback-logger","caller":"creds-init/main.go:40","msg":"Credentials initialized."}

Showing logs for build [32mmeta-seldonio-seldon-core-pr-15-rfnbg-5[0m stage [32mmeta-pipeline[0m and container [32mstep-working-dir-initializer-z9m5r[0m
{"level":"warn","ts":1584529577.7267938,"logger":"fallback-logger","caller":"logging/config.go:69","msg":"Fetch GitHub commit ID from kodata failed: open /var/run/ko/HEAD: no such file or directory"}
{"level":"info","ts":1584529577.7292976,"logger":"fallback-logger","caller":"bash/main.go:64","msg":"Successfully executed command \"sh -c mkdir -p /workspace/source\"; output "}

Showing logs for build [32mmeta-seldonio-seldon-core-pr-15-rfnbg-5[0m stage [32mmeta-pipeline[0m and container [32mstep-place-tools[0m

Showing logs for build [32mmeta-seldonio-seldon-core-pr-15-rfnbg-5[0m stage [32mmeta-pipeline[0m and container [32mstep-git-source-meta-seldonio-seldon-core-pr-15-qxkqn[0m
{"level":"warn","ts":1584529656.8573437,"logger":"fallback-logger","caller":"logging/config.go:69","msg":"Fetch GitHub commit ID from kodata failed: \"ref: refs/heads/0.8.0-**-support-backwards-incompats\" is not a valid GitHub commit ID"}
{"level":"info","ts":1584529663.0671144,"logger":"fallback-logger","caller":"git/git.go:103","msg":"Successfully cloned https://github.com/SeldonIO/seldon-core.git @ f182052cda260fe2c2d27bf0a5b07f455b422344 in path /workspace/source"}

Showing logs for build [32mmeta-seldonio-seldon-core-pr-15-rfnbg-5[0m stage [32mmeta-pipeline[0m and container [32mstep-git-merge[0m
Using SHAs from PULL_REFS=master:f182052cda260fe2c2d27bf0a5b07f455b422344,1555:accdda691d8cc1e251370d0add97fe6e8948f392
DEBUG: ran git fetch --unshallow origin accdda691d8cc1e251370d0add97fe6e8948f392: f182052cda260fe2c2d27bf0a5b07f455b422344: in 
DEBUG: ran git checkout master in 
DEBUG: ran git reset --hard f182052cda260fe2c2d27bf0a5b07f455b422344 in 
DEBUG: ran clean --force -d . in 
error: error during merge: merging accdda691d8cc1e251370d0add97fe6e8948f392 into master: git output: Auto-merging operator/testing/machinelearning.seldon.io_seldondeployments.yaml
Auto-merging operator/config/crd/bases/machinelearning.seldon.io_seldondeployments.yaml
Auto-merging operator/apis/machinelearning/v1/seldondeployment_types.go
CONFLICT (content): Merge conflict in operator/apis/machinelearning/v1/seldondeployment_types.go
Automatic merge failed; fix conflicts and then commit the result.: failed to run 'git merge accdda691d8cc1e251370d0add97fe6e8948f392' command in directory '', output: 'Auto-merging operator/testing/machinelearning.seldon.io_seldondeployments.yaml
Auto-merging operator/config/crd/bases/machinelearning.seldon.io_seldondeployments.yaml
Auto-merging operator/apis/machinelearning/v1/seldondeployment_types.go
CONFLICT (content): Merge conflict in operator/apis/machinelearning/v1/seldondeployment_types.go
Automatic merge failed; fix conflicts and then commit the result.'
[31m
Pipeline failed on stage 'meta-pipeline' : container 'step-git-merge'. The execution of the pipeline has stopped.[0m
