
Showing logs for build [32mseldonio-seldon-core-pr-1369-li-86mxn-10[0m stage [32mpr-build-comment[0m and container [32mstep-credential-initializer-9gpjz[0m
{"level":"warn","ts":1580392672.7088816,"logger":"fallback-logger","caller":"logging/config.go:69","msg":"Fetch GitHub commit ID from kodata failed: \"ref: refs/heads/0.8.0-**-support-backwards-incompats\" is not a valid GitHub commit ID"}
{"level":"info","ts":1580392672.7093332,"logger":"fallback-logger","caller":"creds-init/main.go:40","msg":"Credentials initialized."}

Showing logs for build [32mseldonio-seldon-core-pr-1369-li-86mxn-10[0m stage [32mpr-build-comment[0m and container [32mstep-working-dir-initializer-2857q[0m
{"level":"warn","ts":1580392674.0690203,"logger":"fallback-logger","caller":"logging/config.go:69","msg":"Fetch GitHub commit ID from kodata failed: open /var/run/ko/HEAD: no such file or directory"}
{"level":"info","ts":1580392674.0715117,"logger":"fallback-logger","caller":"bash/main.go:64","msg":"Successfully executed command \"sh -c mkdir -p /workspace/source\"; output "}

Showing logs for build [32mseldonio-seldon-core-pr-1369-li-86mxn-10[0m stage [32mpr-build-comment[0m and container [32mstep-place-tools[0m

Showing logs for build [32mseldonio-seldon-core-pr-1369-li-86mxn-10[0m stage [32mpr-build-comment[0m and container [32mstep-create-dir-workspace-nspzg[0m
{"level":"warn","ts":1580392680.1965196,"logger":"fallback-logger","caller":"logging/config.go:69","msg":"Fetch GitHub commit ID from kodata failed: open /var/run/ko/HEAD: no such file or directory"}
{"level":"info","ts":1580392680.1986928,"logger":"fallback-logger","caller":"bash/main.go:64","msg":"Successfully executed command \"sh -c mkdir -p source\"; output "}

Showing logs for build [32mseldonio-seldon-core-pr-1369-li-86mxn-10[0m stage [32mpr-build-comment[0m and container [32mstep-git-source-seldonio-seldon-core-pr-1369-li-m6msc[0m
{"level":"warn","ts":1580392680.5148966,"logger":"fallback-logger","caller":"logging/config.go:69","msg":"Fetch GitHub commit ID from kodata failed: \"ref: refs/heads/0.8.0-**-support-backwards-incompats\" is not a valid GitHub commit ID"}
{"level":"info","ts":1580392686.1513562,"logger":"fallback-logger","caller":"git/git.go:103","msg":"Successfully cloned https://github.com/SeldonIO/seldon-core.git @ master in path /workspace/source"}

Showing logs for build [32mseldonio-seldon-core-pr-1369-li-86mxn-10[0m stage [32mpr-build-comment[0m and container [32mstep-git-merge[0m
Using SHAs from PULL_REFS=master:b5681d938e8cd6a20a1ff075997c66850836f6fc,1369:743a4f70e070bd73826df2b5df432eb8dc99a52b
DEBUG: ran git fetch --unshallow origin 743a4f70e070bd73826df2b5df432eb8dc99a52b: b5681d938e8cd6a20a1ff075997c66850836f6fc: in 
DEBUG: ran git checkout master in 
DEBUG: ran git reset --hard b5681d938e8cd6a20a1ff075997c66850836f6fc in 
DEBUG: ran clean --force -d . in 
DEBUG: ran git merge 743a4f70e070bd73826df2b5df432eb8dc99a52b in 
Merged SHA e8586883db959e79285b87e3e08be02d93f747ab with commit message 'Merge commit '743a4f70e070bd73826df2b5df432eb8dc99a52b'' into base branch master
Merged SHA 743a4f70e070bd73826df2b5df432eb8dc99a52b with commit message 'cleanup elements processing' into base branch master
Merged SHA 07281bd6485c419bf862fac0e5bba89f88419550 with commit message 'handle concurrency' into base branch master
Merged SHA 5d346934cd82f4b958a6cac65c74fb6b70f0f43c with commit message 'small steps towards making updates idempotent' into base branch master
Merged SHA 4023572e9aa841c7988f31187068103cd4da2984 with commit message 'can link a req to resp by id but needs more work' into base branch master
Merged SHA 8bdcd667c0451bd79e030041dfa6b6dbb668426f with commit message 'initial changes towards new request logging' into base branch master

Showing logs for build [32mseldonio-seldon-core-pr-1369-li-86mxn-10[0m stage [32mpr-build-comment[0m and container [32mstep-step2[0m
+++ dirname ./add-pr-build-comment
++ cd .
++ pwd
+ STARTUP_DIR=/workspace/source/ci
+ REPO_OWNER=SeldonIO
+ REPO_NAME=seldon-core
+ PULL_NUMBER=1369
+ BUILD_NUMBER=10
+ PIPELINE_CONTEXT=lint
++ cat
+++ date
+ COMMENT_MSG='Thu Jan 30 13:58:13 UTC 2020
The logs for [lint] [10] will show after the pipeline context has finished.  
https://github.com/SeldonIO/seldon-core/blob/gh-pages/jenkins-x/logs/SeldonIO/seldon-core/PR-1369/10.log

impatient try  
** get build logs SeldonIO/seldon-core/PR-1369 --build=10'
+ ** step pr comment --owner=SeldonIO --repository=seldon-core --pull-request=1369 '--comment=Thu Jan 30 13:58:13 UTC 2020
The logs for [lint] [10] will show after the pipeline context has finished.  
https://github.com/SeldonIO/seldon-core/blob/gh-pages/jenkins-x/logs/SeldonIO/seldon-core/PR-1369/10.log

impatient try  
** get build logs SeldonIO/seldon-core/PR-1369 --build=10'

Showing logs for build [32mseldonio-seldon-core-pr-1369-li-86mxn-10[0m stage [32mpr-build-comment[0m and container [32mstep-source-mkdir-seldonio-seldon-core-pr-1369-li-h26gh[0m
{"level":"warn","ts":1580392695.4242072,"logger":"fallback-logger","caller":"logging/config.go:69","msg":"Fetch GitHub commit ID from kodata failed: open /var/run/ko/HEAD: no such file or directory"}
{"level":"info","ts":1580392695.4274,"logger":"fallback-logger","caller":"bash/main.go:64","msg":"Successfully executed command \"sh -c mkdir -p /pvc/pr-build-comment/workspace\"; output "}

Showing logs for build [32mseldonio-seldon-core-pr-1369-li-86mxn-10[0m stage [32mpr-build-comment[0m and container [32mstep-source-copy-seldonio-seldon-core-pr-1369-li-brgmz[0m
{"level":"warn","ts":1580392695.7516901,"logger":"fallback-logger","caller":"logging/config.go:69","msg":"Fetch GitHub commit ID from kodata failed: open /var/run/ko/HEAD: no such file or directory"}
{"level":"info","ts":1580392696.097157,"logger":"fallback-logger","caller":"bash/main.go:64","msg":"Successfully executed command \"sh -c cp -r source/. /pvc/pr-build-comment/workspace\"; output "}

Showing logs for build [32mseldonio-seldon-core-pr-1369-li-86mxn-10[0m stage [32mpython-lint-task[0m and container [32mstep-credential-initializer-xhp84[0m
{"level":"warn","ts":1580392709.6682878,"logger":"fallback-logger","caller":"logging/config.go:69","msg":"Fetch GitHub commit ID from kodata failed: \"ref: refs/heads/0.8.0-**-support-backwards-incompats\" is not a valid GitHub commit ID"}
{"level":"info","ts":1580392709.6689029,"logger":"fallback-logger","caller":"creds-init/main.go:40","msg":"Credentials initialized."}

Showing logs for build [32mseldonio-seldon-core-pr-1369-li-86mxn-10[0m stage [32mpython-lint-task[0m and container [32mstep-working-dir-initializer-p9mnh[0m
{"level":"warn","ts":1580392711.0112123,"logger":"fallback-logger","caller":"logging/config.go:69","msg":"Fetch GitHub commit ID from kodata failed: open /var/run/ko/HEAD: no such file or directory"}
{"level":"info","ts":1580392711.0138996,"logger":"fallback-logger","caller":"bash/main.go:64","msg":"Successfully executed command \"sh -c mkdir -p /workspace/source\"; output "}

Showing logs for build [32mseldonio-seldon-core-pr-1369-li-86mxn-10[0m stage [32mpython-lint-task[0m and container [32mstep-place-tools[0m

Showing logs for build [32mseldonio-seldon-core-pr-1369-li-86mxn-10[0m stage [32mpython-lint-task[0m and container [32mstep-create-dir-workspace-xp6hj[0m
{"level":"warn","ts":1580392715.1084552,"logger":"fallback-logger","caller":"logging/config.go:69","msg":"Fetch GitHub commit ID from kodata failed: open /var/run/ko/HEAD: no such file or directory"}
{"level":"info","ts":1580392715.110655,"logger":"fallback-logger","caller":"bash/main.go:64","msg":"Successfully executed command \"sh -c mkdir -p /workspace/source\"; output "}

Showing logs for build [32mseldonio-seldon-core-pr-1369-li-86mxn-10[0m stage [32mpython-lint-task[0m and container [32mstep-source-copy-workspace-4rldt[0m
{"level":"warn","ts":1580392715.4039214,"logger":"fallback-logger","caller":"logging/config.go:69","msg":"Fetch GitHub commit ID from kodata failed: open /var/run/ko/HEAD: no such file or directory"}
{"level":"info","ts":1580392717.6694455,"logger":"fallback-logger","caller":"bash/main.go:64","msg":"Successfully executed command \"sh -c cp -r /pvc/pr-build-comment/workspace/. /workspace/source\"; output "}

Showing logs for build [32mseldonio-seldon-core-pr-1369-li-86mxn-10[0m stage [32mpython-lint-task[0m and container [32mstep-python-lint[0m
make: Entering directory '/workspace/source/python'
pip install black==19.3b0
Collecting black==19.3b0
  Downloading https://files.pythonhosted.org/packages/30/62/cf549544a5fe990bbaeca21e9c419501b2de7a701ab0afb377bc81676600/black-19.3b0-py36-none-any.whl (89kB)
Collecting appdirs
  Downloading https://files.pythonhosted.org/packages/56/eb/810e700ed1349edde4cbdc1b2a21e28cdf115f9faf263f6bbf8447c1abf3/appdirs-1.4.3-py2.py3-none-any.whl
Collecting toml>=0.9.4
  Downloading https://files.pythonhosted.org/packages/a2/12/ced7105d2de62fa7c8fb5fce92cc4ce66b57c95fb875e9318dba7f8c5db0/toml-0.10.0-py2.py3-none-any.whl
Collecting attrs>=18.1.0
  Downloading https://files.pythonhosted.org/packages/a2/db/4313ab3be961f7a763066401fb77f7748373b6094076ae2bda2806988af6/attrs-19.3.0-py2.py3-none-any.whl
Collecting click>=6.5
  Downloading https://files.pythonhosted.org/packages/fa/37/45185cb5abbc30d7257104c434fe0b07e5a195a6847506c074527aa599ec/Click-7.0-py2.py3-none-any.whl (81kB)
Installing collected packages: appdirs, toml, attrs, click, black
Successfully installed appdirs-1.4.3 attrs-19.3.0 black-19.3b0 click-7.0 toml-0.10.0
WARNING: You are using pip version 19.3.1; however, version 20.0.2 is available.
You should consider upgrading via the 'pip install --upgrade pip' command.
black \
	--check ./ ../testing \
	--exclude "(testing/scripts/proto|seldon_core/proto/|.eggs|.tox)"
All done! ✨ 🍰 ✨
53 files would be left unchanged.
make: Leaving directory '/workspace/source/python'
