
Showing logs for build [32mseldonio-seldon-core-pr-1369-li-m27bd-58[0m stage [32mpr-build-comment[0m and container [32mstep-credential-initializer-j9fb5[0m
{"level":"warn","ts":1581507809.190259,"logger":"fallback-logger","caller":"logging/config.go:69","msg":"Fetch GitHub commit ID from kodata failed: \"ref: refs/heads/0.8.0-**-support-backwards-incompats\" is not a valid GitHub commit ID"}
{"level":"info","ts":1581507809.1906562,"logger":"fallback-logger","caller":"creds-init/main.go:40","msg":"Credentials initialized."}

Showing logs for build [32mseldonio-seldon-core-pr-1369-li-m27bd-58[0m stage [32mpr-build-comment[0m and container [32mstep-working-dir-initializer-6gr8r[0m
{"level":"warn","ts":1581507810.6115763,"logger":"fallback-logger","caller":"logging/config.go:69","msg":"Fetch GitHub commit ID from kodata failed: open /var/run/ko/HEAD: no such file or directory"}
{"level":"info","ts":1581507810.6135197,"logger":"fallback-logger","caller":"bash/main.go:64","msg":"Successfully executed command \"sh -c mkdir -p /workspace/source\"; output "}

Showing logs for build [32mseldonio-seldon-core-pr-1369-li-m27bd-58[0m stage [32mpr-build-comment[0m and container [32mstep-place-tools[0m

Showing logs for build [32mseldonio-seldon-core-pr-1369-li-m27bd-58[0m stage [32mpr-build-comment[0m and container [32mstep-create-dir-workspace-bhvz6[0m
{"level":"warn","ts":1581507815.506361,"logger":"fallback-logger","caller":"logging/config.go:69","msg":"Fetch GitHub commit ID from kodata failed: open /var/run/ko/HEAD: no such file or directory"}
{"level":"info","ts":1581507815.5083833,"logger":"fallback-logger","caller":"bash/main.go:64","msg":"Successfully executed command \"sh -c mkdir -p source\"; output "}

Showing logs for build [32mseldonio-seldon-core-pr-1369-li-m27bd-58[0m stage [32mpr-build-comment[0m and container [32mstep-git-source-seldonio-seldon-core-pr-1369-li-gk2rb[0m
{"level":"warn","ts":1581507815.8023956,"logger":"fallback-logger","caller":"logging/config.go:69","msg":"Fetch GitHub commit ID from kodata failed: \"ref: refs/heads/0.8.0-**-support-backwards-incompats\" is not a valid GitHub commit ID"}
{"level":"info","ts":1581507819.1490595,"logger":"fallback-logger","caller":"git/git.go:103","msg":"Successfully cloned https://github.com/SeldonIO/seldon-core.git @ master in path /workspace/source"}

Showing logs for build [32mseldonio-seldon-core-pr-1369-li-m27bd-58[0m stage [32mpr-build-comment[0m and container [32mstep-git-merge[0m
Using SHAs from PULL_REFS=master:50cd020a11804fb2cb6aa9c96d011f2a5cb2ce85,1369:f1de416de23716f93693bbe207a05e3629cb2524
DEBUG: ran git fetch --unshallow origin f1de416de23716f93693bbe207a05e3629cb2524: 50cd020a11804fb2cb6aa9c96d011f2a5cb2ce85: in 
DEBUG: ran git checkout master in 
DEBUG: ran git reset --hard 50cd020a11804fb2cb6aa9c96d011f2a5cb2ce85 in 
DEBUG: ran clean --force -d . in 
DEBUG: ran git merge f1de416de23716f93693bbe207a05e3629cb2524 in 
Merged SHA 95f7a8973bc9584ea78ff0a97566ec12555b852a with commit message 'Merge commit 'f1de416de23716f93693bbe207a05e3629cb2524'' into base branch master
Merged SHA f1de416de23716f93693bbe207a05e3629cb2524 with commit message 'exp backoff and longer retry cycle' into base branch master
Merged SHA f7f2cec895e08f8461476005a62694edeaf07343 with commit message 'new analytics chart sets ports differently' into base branch master
Merged SHA eac0cce69410b5e9534c107d5aa5f60d798ce59c with commit message 'add cluster local gateway only if missing' into base branch master
Merged SHA 34c853686c59a853fb22d09b4ea889e289f727df with commit message 'handle checks for existing' into base branch master
Merged SHA 81c5da7a9064aa85a6fa19ef3bd42c781abc5720 with commit message 'small install tweaks' into base branch master
Merged SHA 5642407d1fc2785736091c92ac871338b0614405 with commit message 'match latest kubeflow knative' into base branch master
Merged SHA 71c44e7605fe634da59bdd084e4e650ba6fc51fd with commit message 'kind example now working all the way through' into base branch master
Merged SHA 07c5d4f15ce0804c4307dab2379ef21d2df17d9a with commit message 'clean up README a bit' into base branch master
Merged SHA 02b733a58a9db6c60cd646d6806229200ed254b0 with commit message 'note on access elastic api' into base branch master
Merged SHA 8a4a8e8f471cced3210d07c45e37776333758c64 with commit message 'change use of indexes' into base branch master
Merged SHA 181c3f02cfcd82871d5fa78cc8e8dea21058f393 with commit message 'use constants' into base branch master
Merged SHA e8e2b5eba197f10ae58c2a5e95db99e42199e519 with commit message 'running now' into base branch master
Merged SHA ea1696b0677b8ccde5fcdffc529c23976d472f41 with commit message 'dummy reqs go through now' into base branch master
Merged SHA be70834ce19a787edcb00ac7529b765f88a9cf85 with commit message 'busybox curl not working - need to debug in logger' into base branch master
Merged SHA f6bf624538b9511807e2c35aa02535d86fe44f2e with commit message 'missed the values file' into base branch master
Merged SHA d15c27a7da87c7a8242aaa13aa95234df2f39e68 with commit message 'trying to get running in cluster - knative broker giving unknown encoding error' into base branch master
Merged SHA a8e55600485e968f0a28a4d2bfcd78ee73f97149 with commit message 'update tests' into base branch master
Merged SHA 55706af36fb755ffdaaf8a3f8ec21625253c8bb0 with commit message 'note about shadows' into base branch master
Merged SHA 14ba838d8ff0330e6b65a578af46d401443a8163 with commit message 'notes on stuff to do future' into base branch master
Merged SHA cd5b9f61b79c4a25fd5bc57cc227680857d8b43b with commit message 'env vars and more metadata' into base branch master
Merged SHA d92f6e2d9228e811efd6e7301266af9b8bbc93b6 with commit message 'sdepname and namespace in logged doc entry' into base branch master
Merged SHA 5dbe02f5b1bc5d085396dd6d863d937d46dad4d8 with commit message 'include extra headers' into base branch master
Merged SHA becdce5396e490fa8fbe322ec4aaf80556cab90a with commit message 'cleanup elements processing' into base branch master
Merged SHA 2f13b9127c44a4b45bfd9453a8f51140bcda699f with commit message 'handle concurrency' into base branch master
Merged SHA 67469f3e998d870509838d5fd2bde97a96b68591 with commit message 'small steps towards making updates idempotent' into base branch master
Merged SHA 86ac096d6a884d80d13d72fd1f134a1b6fa7e2af with commit message 'can link a req to resp by id but needs more work' into base branch master
Merged SHA 488b7d73a38206db865daafa5f865f78a4415afe with commit message 'initial changes towards new request logging' into base branch master

Showing logs for build [32mseldonio-seldon-core-pr-1369-li-m27bd-58[0m stage [32mpr-build-comment[0m and container [32mstep-step2[0m
+++ dirname ./add-pr-build-comment
++ cd .
++ pwd
+ STARTUP_DIR=/workspace/source/ci
+ REPO_OWNER=SeldonIO
+ REPO_NAME=seldon-core
+ PULL_NUMBER=1369
+ BUILD_NUMBER=58
+ PIPELINE_CONTEXT=lint
++ cat
+++ date
+ COMMENT_MSG='Wed Feb 12 11:43:47 UTC 2020
The logs for [lint] [58] will show after the pipeline context has finished.  
https://github.com/SeldonIO/seldon-core/blob/gh-pages/jenkins-x/logs/SeldonIO/seldon-core/PR-1369/58.log

impatient try  
** get build logs SeldonIO/seldon-core/PR-1369 --build=58'
+ ** step pr comment --owner=SeldonIO --repository=seldon-core --pull-request=1369 '--comment=Wed Feb 12 11:43:47 UTC 2020
The logs for [lint] [58] will show after the pipeline context has finished.  
https://github.com/SeldonIO/seldon-core/blob/gh-pages/jenkins-x/logs/SeldonIO/seldon-core/PR-1369/58.log

impatient try  
** get build logs SeldonIO/seldon-core/PR-1369 --build=58'

Showing logs for build [32mseldonio-seldon-core-pr-1369-li-m27bd-58[0m stage [32mpr-build-comment[0m and container [32mstep-source-mkdir-seldonio-seldon-core-pr-1369-li-fw8h2[0m
{"level":"warn","ts":1581507829.6873713,"logger":"fallback-logger","caller":"logging/config.go:69","msg":"Fetch GitHub commit ID from kodata failed: open /var/run/ko/HEAD: no such file or directory"}
{"level":"info","ts":1581507829.6918654,"logger":"fallback-logger","caller":"bash/main.go:64","msg":"Successfully executed command \"sh -c mkdir -p /pvc/pr-build-comment/workspace\"; output "}

Showing logs for build [32mseldonio-seldon-core-pr-1369-li-m27bd-58[0m stage [32mpr-build-comment[0m and container [32mstep-source-copy-seldonio-seldon-core-pr-1369-li-4m9v5[0m
{"level":"warn","ts":1581507829.9733934,"logger":"fallback-logger","caller":"logging/config.go:69","msg":"Fetch GitHub commit ID from kodata failed: open /var/run/ko/HEAD: no such file or directory"}
{"level":"info","ts":1581507830.2619815,"logger":"fallback-logger","caller":"bash/main.go:64","msg":"Successfully executed command \"sh -c cp -r source/. /pvc/pr-build-comment/workspace\"; output "}

Showing logs for build [32mseldonio-seldon-core-pr-1369-li-m27bd-58[0m stage [32mpython-lint-task[0m and container [32mstep-credential-initializer-t5zzn[0m
{"level":"warn","ts":1581507841.0732653,"logger":"fallback-logger","caller":"logging/config.go:69","msg":"Fetch GitHub commit ID from kodata failed: \"ref: refs/heads/0.8.0-**-support-backwards-incompats\" is not a valid GitHub commit ID"}
{"level":"info","ts":1581507841.073647,"logger":"fallback-logger","caller":"creds-init/main.go:40","msg":"Credentials initialized."}

Showing logs for build [32mseldonio-seldon-core-pr-1369-li-m27bd-58[0m stage [32mpython-lint-task[0m and container [32mstep-working-dir-initializer-cffmv[0m
{"level":"warn","ts":1581507842.4357145,"logger":"fallback-logger","caller":"logging/config.go:69","msg":"Fetch GitHub commit ID from kodata failed: open /var/run/ko/HEAD: no such file or directory"}
{"level":"info","ts":1581507842.4374673,"logger":"fallback-logger","caller":"bash/main.go:64","msg":"Successfully executed command \"sh -c mkdir -p /workspace/source\"; output "}

Showing logs for build [32mseldonio-seldon-core-pr-1369-li-m27bd-58[0m stage [32mpython-lint-task[0m and container [32mstep-place-tools[0m

Showing logs for build [32mseldonio-seldon-core-pr-1369-li-m27bd-58[0m stage [32mpython-lint-task[0m and container [32mstep-create-dir-workspace-zwwth[0m
{"level":"warn","ts":1581507845.721946,"logger":"fallback-logger","caller":"logging/config.go:69","msg":"Fetch GitHub commit ID from kodata failed: open /var/run/ko/HEAD: no such file or directory"}
{"level":"info","ts":1581507845.7245073,"logger":"fallback-logger","caller":"bash/main.go:64","msg":"Successfully executed command \"sh -c mkdir -p /workspace/source\"; output "}

Showing logs for build [32mseldonio-seldon-core-pr-1369-li-m27bd-58[0m stage [32mpython-lint-task[0m and container [32mstep-source-copy-workspace-jtdsk[0m
{"level":"warn","ts":1581507846.0437346,"logger":"fallback-logger","caller":"logging/config.go:69","msg":"Fetch GitHub commit ID from kodata failed: open /var/run/ko/HEAD: no such file or directory"}
{"level":"info","ts":1581507849.3480294,"logger":"fallback-logger","caller":"bash/main.go:64","msg":"Successfully executed command \"sh -c cp -r /pvc/pr-build-comment/workspace/. /workspace/source\"; output "}

Showing logs for build [32mseldonio-seldon-core-pr-1369-li-m27bd-58[0m stage [32mpython-lint-task[0m and container [32mstep-python-lint[0m
make: Entering directory '/workspace/source/python'
pip install black==19.3b0
Collecting black==19.3b0
  Downloading black-19.3b0-py36-none-any.whl (89 kB)
Collecting toml>=0.9.4
  Downloading toml-0.10.0-py2.py3-none-any.whl (25 kB)
Collecting attrs>=18.1.0
  Downloading attrs-19.3.0-py2.py3-none-any.whl (39 kB)
Collecting appdirs
  Downloading appdirs-1.4.3-py2.py3-none-any.whl (12 kB)
Collecting click>=6.5
  Downloading Click-7.0-py2.py3-none-any.whl (81 kB)
Installing collected packages: toml, attrs, appdirs, click, black
Successfully installed appdirs-1.4.3 attrs-19.3.0 black-19.3b0 click-7.0 toml-0.10.0
black \
	--check ./ ../testing \
	--exclude "(testing/scripts/proto|seldon_core/proto/|.eggs|.tox)"
All done! ✨ 🍰 ✨
54 files would be left unchanged.
make: Leaving directory '/workspace/source/python'
