
Showing logs for build [32mmeta-seldonio-seldon-core-pr-14-mntnz-10[0m stage [32mmeta-pipeline[0m and container [32mstep-credential-initializer-chv2p[0m
{"level":"warn","ts":1581951043.9384642,"logger":"fallback-logger","caller":"logging/config.go:69","msg":"Fetch GitHub commit ID from kodata failed: \"ref: refs/heads/0.8.0-**-support-backwards-incompats\" is not a valid GitHub commit ID"}
{"level":"info","ts":1581951043.938944,"logger":"fallback-logger","caller":"creds-init/main.go:40","msg":"Credentials initialized."}

Showing logs for build [32mmeta-seldonio-seldon-core-pr-14-mntnz-10[0m stage [32mmeta-pipeline[0m and container [32mstep-working-dir-initializer-5529z[0m
{"level":"warn","ts":1581951044.988516,"logger":"fallback-logger","caller":"logging/config.go:69","msg":"Fetch GitHub commit ID from kodata failed: open /var/run/ko/HEAD: no such file or directory"}
{"level":"info","ts":1581951044.9907265,"logger":"fallback-logger","caller":"bash/main.go:64","msg":"Successfully executed command \"sh -c mkdir -p /workspace/source\"; output "}

Showing logs for build [32mmeta-seldonio-seldon-core-pr-14-mntnz-10[0m stage [32mmeta-pipeline[0m and container [32mstep-place-tools[0m

Showing logs for build [32mmeta-seldonio-seldon-core-pr-14-mntnz-10[0m stage [32mmeta-pipeline[0m and container [32mstep-git-source-meta-seldonio-seldon-core-pr-14-tz5vw[0m
{"level":"warn","ts":1581951051.1037216,"logger":"fallback-logger","caller":"logging/config.go:69","msg":"Fetch GitHub commit ID from kodata failed: \"ref: refs/heads/0.8.0-**-support-backwards-incompats\" is not a valid GitHub commit ID"}
{"level":"info","ts":1581951054.9551373,"logger":"fallback-logger","caller":"git/git.go:103","msg":"Successfully cloned https://github.com/SeldonIO/seldon-core.git @ b89a42b22e9a94b1140463eafb37d4ab593a7c89 in path /workspace/source"}

Showing logs for build [32mmeta-seldonio-seldon-core-pr-14-mntnz-10[0m stage [32mmeta-pipeline[0m and container [32mstep-git-merge[0m
Using SHAs from PULL_REFS=master:b89a42b22e9a94b1140463eafb37d4ab593a7c89,1443:fc993cad1dd5720f6a37739a3d3e2cc0f1b36afb
DEBUG: ran git fetch --unshallow origin fc993cad1dd5720f6a37739a3d3e2cc0f1b36afb: b89a42b22e9a94b1140463eafb37d4ab593a7c89: in 
DEBUG: ran git checkout master in 
DEBUG: ran git reset --hard b89a42b22e9a94b1140463eafb37d4ab593a7c89 in 
DEBUG: ran clean --force -d . in 
DEBUG: ran git merge fc993cad1dd5720f6a37739a3d3e2cc0f1b36afb in 
Merged SHA 5ce87d60a29d679ce97abcce686b555aeb3c2290 with commit message 'Merge commit 'fc993cad1dd5720f6a37739a3d3e2cc0f1b36afb'' into base branch master
Merged SHA fc993cad1dd5720f6a37739a3d3e2cc0f1b36afb with commit message 'Fix JX syntax' into base branch master
Merged SHA fc070065d55d11f12502b0b8daad5bf7466c136e with commit message 'parallel <--> steps' into base branch master
Merged SHA b9e48c5752cbd565912fe183ab1dc19b24638587 with commit message 'pip install -r python/requirements-dev.txt' into base branch master
Merged SHA bf15d99002c9e4b01281ba92934447401bf2431c with commit message 'Update jenkins-x-lint.yml' into base branch master
Merged SHA a9fb8fde9338bdaeb217d357b86bb57d5e8c8d10 with commit message 'setup.cfg: Create a flake8 section' into base branch master
Merged SHA ae00123c24e4627139e5064c50741f407ba148b0 with commit message 'requirements-dev.txt: Add black and flake8' into base branch master
Merged SHA 343261e82e62bd2f16d5ac713b1a6f33a8d4f0f2 with commit message 'Use flake8 to find syntax errors and undefined names' into base branch master

Showing logs for build [32mmeta-seldonio-seldon-core-pr-14-mntnz-10[0m stage [32mmeta-pipeline[0m and container [32mstep-merge-pull-refs[0m
DEBUG: ran git fetch origin fc993cad1dd5720f6a37739a3d3e2cc0f1b36afb: b89a42b22e9a94b1140463eafb37d4ab593a7c89: in 
DEBUG: Unshallowed git repo in 
DEBUG: ran git checkout master in 
DEBUG: ran git reset --hard b89a42b22e9a94b1140463eafb37d4ab593a7c89 in 
DEBUG: ran clean --force -d . in 
DEBUG: ran git merge fc993cad1dd5720f6a37739a3d3e2cc0f1b36afb in 
Merged SHA 936966686cc2b6de169ed51f5ea03f2dea6fb177 with commit message 'Merge commit 'fc993cad1dd5720f6a37739a3d3e2cc0f1b36afb'' into base branch master
Merged SHA fc993cad1dd5720f6a37739a3d3e2cc0f1b36afb with commit message 'Fix JX syntax' into base branch master
Merged SHA fc070065d55d11f12502b0b8daad5bf7466c136e with commit message 'parallel <--> steps' into base branch master
Merged SHA b9e48c5752cbd565912fe183ab1dc19b24638587 with commit message 'pip install -r python/requirements-dev.txt' into base branch master
Merged SHA bf15d99002c9e4b01281ba92934447401bf2431c with commit message 'Update jenkins-x-lint.yml' into base branch master
Merged SHA a9fb8fde9338bdaeb217d357b86bb57d5e8c8d10 with commit message 'setup.cfg: Create a flake8 section' into base branch master
Merged SHA ae00123c24e4627139e5064c50741f407ba148b0 with commit message 'requirements-dev.txt: Add black and flake8' into base branch master
Merged SHA 343261e82e62bd2f16d5ac713b1a6f33a8d4f0f2 with commit message 'Use flake8 to find syntax errors and undefined names' into base branch master

Showing logs for build [32mmeta-seldonio-seldon-core-pr-14-mntnz-10[0m stage [32mmeta-pipeline[0m and container [32mstep-create-effective-pipeline[0m
error: failed to load project config in dir /workspace/source: Validation failures in YAML file /workspace/source/jenkins-x-lint.yml:
pipelineConfig.pipelines.pullRequest.pipeline.stages.1.stages.0: Additional property args is not allowed
pipelineConfig.pipelines.pullRequest.pipeline.stages.1.stages.0: Additional property command is not allowed
pipelineConfig.pipelines.pullRequest.pipeline.stages.1.stages.1.parallel.0: Additional property args is not allowed
pipelineConfig.pipelines.pullRequest.pipeline.stages.1.stages.1.parallel.0: Additional property command is not allowed
pipelineConfig.pipelines.pullRequest.pipeline.stages.1.stages.1.parallel.1: Additional property command is not allowed
[31m
Pipeline failed on stage 'meta-pipeline' : container 'step-create-effective-pipeline'. The execution of the pipeline has stopped.[0m
