
Showing logs for build [32mseldonio-seldon-core-pr-1443-li-6c5ls-2[0m stage [32mpr-build-comment[0m and container [32mstep-credential-initializer-w54px[0m
{"level":"warn","ts":1581942159.5420682,"logger":"fallback-logger","caller":"logging/config.go:69","msg":"Fetch GitHub commit ID from kodata failed: \"ref: refs/heads/0.8.0-**-support-backwards-incompats\" is not a valid GitHub commit ID"}
{"level":"info","ts":1581942159.5427096,"logger":"fallback-logger","caller":"creds-init/main.go:40","msg":"Credentials initialized."}

Showing logs for build [32mseldonio-seldon-core-pr-1443-li-6c5ls-2[0m stage [32mpr-build-comment[0m and container [32mstep-working-dir-initializer-tmbx8[0m
{"level":"warn","ts":1581942160.5936205,"logger":"fallback-logger","caller":"logging/config.go:69","msg":"Fetch GitHub commit ID from kodata failed: open /var/run/ko/HEAD: no such file or directory"}
{"level":"info","ts":1581942160.5951936,"logger":"fallback-logger","caller":"bash/main.go:64","msg":"Successfully executed command \"sh -c mkdir -p /workspace/source\"; output "}

Showing logs for build [32mseldonio-seldon-core-pr-1443-li-6c5ls-2[0m stage [32mpr-build-comment[0m and container [32mstep-place-tools[0m

Showing logs for build [32mseldonio-seldon-core-pr-1443-li-6c5ls-2[0m stage [32mpr-build-comment[0m and container [32mstep-create-dir-workspace-86n7q[0m
{"level":"warn","ts":1581942166.9005063,"logger":"fallback-logger","caller":"logging/config.go:69","msg":"Fetch GitHub commit ID from kodata failed: open /var/run/ko/HEAD: no such file or directory"}
{"level":"info","ts":1581942166.9033659,"logger":"fallback-logger","caller":"bash/main.go:64","msg":"Successfully executed command \"sh -c mkdir -p source\"; output "}

Showing logs for build [32mseldonio-seldon-core-pr-1443-li-6c5ls-2[0m stage [32mpr-build-comment[0m and container [32mstep-git-source-seldonio-seldon-core-pr-1443-li-ktxg9[0m
{"level":"warn","ts":1581942167.2004054,"logger":"fallback-logger","caller":"logging/config.go:69","msg":"Fetch GitHub commit ID from kodata failed: \"ref: refs/heads/0.8.0-**-support-backwards-incompats\" is not a valid GitHub commit ID"}
{"level":"info","ts":1581942170.4484935,"logger":"fallback-logger","caller":"git/git.go:103","msg":"Successfully cloned https://github.com/SeldonIO/seldon-core.git @ master in path /workspace/source"}

Showing logs for build [32mseldonio-seldon-core-pr-1443-li-6c5ls-2[0m stage [32mpr-build-comment[0m and container [32mstep-git-merge[0m
Using SHAs from PULL_REFS=master:b89a42b22e9a94b1140463eafb37d4ab593a7c89,1443:bf15d99002c9e4b01281ba92934447401bf2431c
DEBUG: ran git fetch --unshallow origin bf15d99002c9e4b01281ba92934447401bf2431c: b89a42b22e9a94b1140463eafb37d4ab593a7c89: in 
DEBUG: ran git checkout master in 
DEBUG: ran git reset --hard b89a42b22e9a94b1140463eafb37d4ab593a7c89 in 
DEBUG: ran clean --force -d . in 
DEBUG: ran git merge bf15d99002c9e4b01281ba92934447401bf2431c in 
Merged SHA 2c65af09889e3fc63e6b19865aae54cd46c77b34 with commit message 'Merge commit 'bf15d99002c9e4b01281ba92934447401bf2431c'' into base branch master
Merged SHA bf15d99002c9e4b01281ba92934447401bf2431c with commit message 'Update jenkins-x-lint.yml' into base branch master
Merged SHA a9fb8fde9338bdaeb217d357b86bb57d5e8c8d10 with commit message 'setup.cfg: Create a flake8 section' into base branch master
Merged SHA ae00123c24e4627139e5064c50741f407ba148b0 with commit message 'requirements-dev.txt: Add black and flake8' into base branch master
Merged SHA 343261e82e62bd2f16d5ac713b1a6f33a8d4f0f2 with commit message 'Use flake8 to find syntax errors and undefined names' into base branch master

Showing logs for build [32mseldonio-seldon-core-pr-1443-li-6c5ls-2[0m stage [32mpr-build-comment[0m and container [32mstep-step2[0m
+++ dirname ./add-pr-build-comment
++ cd .
++ pwd
+ STARTUP_DIR=/workspace/source/ci
+ REPO_OWNER=SeldonIO
+ REPO_NAME=seldon-core
+ PULL_NUMBER=1443
+ BUILD_NUMBER=2
+ PIPELINE_CONTEXT=lint
++ cat
+++ date
+ COMMENT_MSG='Mon Feb 17 12:22:57 UTC 2020
The logs for [lint] [2] will show after the pipeline context has finished.  
https://github.com/SeldonIO/seldon-core/blob/gh-pages/jenkins-x/logs/SeldonIO/seldon-core/PR-1443/2.log

impatient try  
** get build logs SeldonIO/seldon-core/PR-1443 --build=2'
+ ** step pr comment --owner=SeldonIO --repository=seldon-core --pull-request=1443 '--comment=Mon Feb 17 12:22:57 UTC 2020
The logs for [lint] [2] will show after the pipeline context has finished.  
https://github.com/SeldonIO/seldon-core/blob/gh-pages/jenkins-x/logs/SeldonIO/seldon-core/PR-1443/2.log

impatient try  
** get build logs SeldonIO/seldon-core/PR-1443 --build=2'

Showing logs for build [32mseldonio-seldon-core-pr-1443-li-6c5ls-2[0m stage [32mpr-build-comment[0m and container [32mstep-source-mkdir-seldonio-seldon-core-pr-1443-li-l5f7x[0m
{"level":"warn","ts":1581942180.0144544,"logger":"fallback-logger","caller":"logging/config.go:69","msg":"Fetch GitHub commit ID from kodata failed: open /var/run/ko/HEAD: no such file or directory"}
{"level":"info","ts":1581942180.0175753,"logger":"fallback-logger","caller":"bash/main.go:64","msg":"Successfully executed command \"sh -c mkdir -p /pvc/pr-build-comment/workspace\"; output "}

Showing logs for build [32mseldonio-seldon-core-pr-1443-li-6c5ls-2[0m stage [32mpr-build-comment[0m and container [32mstep-source-copy-seldonio-seldon-core-pr-1443-li-4jfdz[0m
{"level":"warn","ts":1581942180.271132,"logger":"fallback-logger","caller":"logging/config.go:69","msg":"Fetch GitHub commit ID from kodata failed: open /var/run/ko/HEAD: no such file or directory"}
{"level":"info","ts":1581942180.5184,"logger":"fallback-logger","caller":"bash/main.go:64","msg":"Successfully executed command \"sh -c cp -r source/. /pvc/pr-build-comment/workspace\"; output "}

Showing logs for build [32mseldonio-seldon-core-pr-1443-li-6c5ls-2[0m stage [32mpython-lint-task[0m and container [32mstep-credential-initializer-6mpjd[0m
{"level":"warn","ts":1581942193.3046827,"logger":"fallback-logger","caller":"logging/config.go:69","msg":"Fetch GitHub commit ID from kodata failed: \"ref: refs/heads/0.8.0-**-support-backwards-incompats\" is not a valid GitHub commit ID"}
{"level":"info","ts":1581942193.3053105,"logger":"fallback-logger","caller":"creds-init/main.go:40","msg":"Credentials initialized."}

Showing logs for build [32mseldonio-seldon-core-pr-1443-li-6c5ls-2[0m stage [32mpython-lint-task[0m and container [32mstep-working-dir-initializer-m2rn4[0m
{"level":"warn","ts":1581942194.2853017,"logger":"fallback-logger","caller":"logging/config.go:69","msg":"Fetch GitHub commit ID from kodata failed: open /var/run/ko/HEAD: no such file or directory"}
{"level":"info","ts":1581942194.2875297,"logger":"fallback-logger","caller":"bash/main.go:64","msg":"Successfully executed command \"sh -c mkdir -p /workspace/source\"; output "}

Showing logs for build [32mseldonio-seldon-core-pr-1443-li-6c5ls-2[0m stage [32mpython-lint-task[0m and container [32mstep-place-tools[0m

Showing logs for build [32mseldonio-seldon-core-pr-1443-li-6c5ls-2[0m stage [32mpython-lint-task[0m and container [32mstep-create-dir-workspace-z874g[0m
{"level":"warn","ts":1581942274.47735,"logger":"fallback-logger","caller":"logging/config.go:69","msg":"Fetch GitHub commit ID from kodata failed: open /var/run/ko/HEAD: no such file or directory"}
{"level":"info","ts":1581942274.4793978,"logger":"fallback-logger","caller":"bash/main.go:64","msg":"Successfully executed command \"sh -c mkdir -p /workspace/source\"; output "}

Showing logs for build [32mseldonio-seldon-core-pr-1443-li-6c5ls-2[0m stage [32mpython-lint-task[0m and container [32mstep-source-copy-workspace-vqdns[0m
{"level":"warn","ts":1581942274.7715683,"logger":"fallback-logger","caller":"logging/config.go:69","msg":"Fetch GitHub commit ID from kodata failed: open /var/run/ko/HEAD: no such file or directory"}
{"level":"info","ts":1581942287.9378915,"logger":"fallback-logger","caller":"bash/main.go:64","msg":"Successfully executed command \"sh -c cp -r /pvc/pr-build-comment/workspace/. /workspace/source\"; output "}

Showing logs for build [32mseldonio-seldon-core-pr-1443-li-6c5ls-2[0m stage [32mpython-lint-task[0m and container [32mstep-python-lint[0m
make: Entering directory '/workspace/source/python'
pip install black==19.3b0
Collecting black==19.3b0
  Downloading black-19.3b0-py36-none-any.whl (89 kB)
Collecting toml>=0.9.4
  Downloading toml-0.10.0-py2.py3-none-any.whl (25 kB)
Collecting attrs>=18.1.0
  Downloading attrs-19.3.0-py2.py3-none-any.whl (39 kB)
Collecting appdirs
  Downloading appdirs-1.4.3-py2.py3-none-any.whl (12 kB)
Collecting click>=6.5
  Downloading Click-7.0-py2.py3-none-any.whl (81 kB)
Installing collected packages: toml, attrs, appdirs, click, black
Successfully installed appdirs-1.4.3 attrs-19.3.0 black-19.3b0 click-7.0 toml-0.10.0
black \
	--check ./ ../testing \
	--exclude "(testing/scripts/proto|seldon_core/proto/|.eggs|.tox)"
All done! ✨ 🍰 ✨
55 files would be left unchanged.
make: Leaving directory '/workspace/source/python'

Showing logs for build [32mseldonio-seldon-core-pr-1443-li-6c5ls-2[0m stage [32mpython-lint-task[0m and container [32mstep-python-lint-with-flake8[0m
/bin/sh: 1: flake8: not found
[31m
Pipeline failed on stage 'python-lint-task' : container 'step-python-lint-with-flake8'. The execution of the pipeline has stopped.[0m
