
Showing logs for build [32mmeta-seldonio-seldon-core-pr-14-hw75n-8[0m stage [32mmeta-pipeline[0m and container [32mstep-credential-initializer-p2lxt[0m
{"level":"warn","ts":1581947620.8105323,"logger":"fallback-logger","caller":"logging/config.go:69","msg":"Fetch GitHub commit ID from kodata failed: \"ref: refs/heads/0.8.0-**-support-backwards-incompats\" is not a valid GitHub commit ID"}
{"level":"info","ts":1581947620.8109803,"logger":"fallback-logger","caller":"creds-init/main.go:40","msg":"Credentials initialized."}

Showing logs for build [32mmeta-seldonio-seldon-core-pr-14-hw75n-8[0m stage [32mmeta-pipeline[0m and container [32mstep-working-dir-initializer-57lb5[0m
{"level":"warn","ts":1581947621.8756945,"logger":"fallback-logger","caller":"logging/config.go:69","msg":"Fetch GitHub commit ID from kodata failed: open /var/run/ko/HEAD: no such file or directory"}
{"level":"info","ts":1581947621.87703,"logger":"fallback-logger","caller":"bash/main.go:64","msg":"Successfully executed command \"sh -c mkdir -p /workspace/source\"; output "}

Showing logs for build [32mmeta-seldonio-seldon-core-pr-14-hw75n-8[0m stage [32mmeta-pipeline[0m and container [32mstep-place-tools[0m

Showing logs for build [32mmeta-seldonio-seldon-core-pr-14-hw75n-8[0m stage [32mmeta-pipeline[0m and container [32mstep-git-source-meta-seldonio-seldon-core-pr-14-tkdlk[0m
{"level":"warn","ts":1581947628.031135,"logger":"fallback-logger","caller":"logging/config.go:69","msg":"Fetch GitHub commit ID from kodata failed: \"ref: refs/heads/0.8.0-**-support-backwards-incompats\" is not a valid GitHub commit ID"}
{"level":"info","ts":1581947630.6680586,"logger":"fallback-logger","caller":"git/git.go:103","msg":"Successfully cloned https://github.com/SeldonIO/seldon-core.git @ b89a42b22e9a94b1140463eafb37d4ab593a7c89 in path /workspace/source"}

Showing logs for build [32mmeta-seldonio-seldon-core-pr-14-hw75n-8[0m stage [32mmeta-pipeline[0m and container [32mstep-git-merge[0m
Using SHAs from PULL_REFS=master:b89a42b22e9a94b1140463eafb37d4ab593a7c89,1443:fc070065d55d11f12502b0b8daad5bf7466c136e
DEBUG: ran git fetch --unshallow origin fc070065d55d11f12502b0b8daad5bf7466c136e: b89a42b22e9a94b1140463eafb37d4ab593a7c89: in 
DEBUG: ran git checkout master in 
DEBUG: ran git reset --hard b89a42b22e9a94b1140463eafb37d4ab593a7c89 in 
DEBUG: ran clean --force -d . in 
DEBUG: ran git merge fc070065d55d11f12502b0b8daad5bf7466c136e in 
Merged SHA 017accca7232bd259c5e6787d6df5bb3ebdb59ae with commit message 'Merge commit 'fc070065d55d11f12502b0b8daad5bf7466c136e'' into base branch master
Merged SHA fc070065d55d11f12502b0b8daad5bf7466c136e with commit message 'parallel <--> steps' into base branch master
Merged SHA b9e48c5752cbd565912fe183ab1dc19b24638587 with commit message 'pip install -r python/requirements-dev.txt' into base branch master
Merged SHA bf15d99002c9e4b01281ba92934447401bf2431c with commit message 'Update jenkins-x-lint.yml' into base branch master
Merged SHA a9fb8fde9338bdaeb217d357b86bb57d5e8c8d10 with commit message 'setup.cfg: Create a flake8 section' into base branch master
Merged SHA ae00123c24e4627139e5064c50741f407ba148b0 with commit message 'requirements-dev.txt: Add black and flake8' into base branch master
Merged SHA 343261e82e62bd2f16d5ac713b1a6f33a8d4f0f2 with commit message 'Use flake8 to find syntax errors and undefined names' into base branch master

Showing logs for build [32mmeta-seldonio-seldon-core-pr-14-hw75n-8[0m stage [32mmeta-pipeline[0m and container [32mstep-merge-pull-refs[0m
DEBUG: ran git fetch origin fc070065d55d11f12502b0b8daad5bf7466c136e: b89a42b22e9a94b1140463eafb37d4ab593a7c89: in 
DEBUG: Unshallowed git repo in 
DEBUG: ran git checkout master in 
DEBUG: ran git reset --hard b89a42b22e9a94b1140463eafb37d4ab593a7c89 in 
DEBUG: ran clean --force -d . in 
DEBUG: ran git merge fc070065d55d11f12502b0b8daad5bf7466c136e in 
Merged SHA c06bb2accf8f2913adda8baa6a591b22763e0cfc with commit message 'Merge commit 'fc070065d55d11f12502b0b8daad5bf7466c136e'' into base branch master
Merged SHA fc070065d55d11f12502b0b8daad5bf7466c136e with commit message 'parallel <--> steps' into base branch master
Merged SHA b9e48c5752cbd565912fe183ab1dc19b24638587 with commit message 'pip install -r python/requirements-dev.txt' into base branch master
Merged SHA bf15d99002c9e4b01281ba92934447401bf2431c with commit message 'Update jenkins-x-lint.yml' into base branch master
Merged SHA a9fb8fde9338bdaeb217d357b86bb57d5e8c8d10 with commit message 'setup.cfg: Create a flake8 section' into base branch master
Merged SHA ae00123c24e4627139e5064c50741f407ba148b0 with commit message 'requirements-dev.txt: Add black and flake8' into base branch master
Merged SHA 343261e82e62bd2f16d5ac713b1a6f33a8d4f0f2 with commit message 'Use flake8 to find syntax errors and undefined names' into base branch master

Showing logs for build [32mmeta-seldonio-seldon-core-pr-14-hw75n-8[0m stage [32mmeta-pipeline[0m and container [32mstep-create-effective-pipeline[0m
error: failed to load project config in dir /workspace/source: failed to validate YAML file /workspace/source/jenkins-x-lint.yml due to yaml: line 18: mapping values are not allowed in this context
[31m
Pipeline failed on stage 'meta-pipeline' : container 'step-create-effective-pipeline'. The execution of the pipeline has stopped.[0m
