
Showing logs for build [32mseldonio-seldon-core-pr-1430-li-vhlhr-2[0m stage [32mpr-build-comment[0m and container [32mstep-credential-initializer-zbgt8[0m
{"level":"warn","ts":1581522703.3619893,"logger":"fallback-logger","caller":"logging/config.go:69","msg":"Fetch GitHub commit ID from kodata failed: \"ref: refs/heads/0.8.0-**-support-backwards-incompats\" is not a valid GitHub commit ID"}
{"level":"info","ts":1581522703.362931,"logger":"fallback-logger","caller":"creds-init/main.go:40","msg":"Credentials initialized."}

Showing logs for build [32mseldonio-seldon-core-pr-1430-li-vhlhr-2[0m stage [32mpr-build-comment[0m and container [32mstep-working-dir-initializer-4wjhg[0m
{"level":"warn","ts":1581522704.3519778,"logger":"fallback-logger","caller":"logging/config.go:69","msg":"Fetch GitHub commit ID from kodata failed: open /var/run/ko/HEAD: no such file or directory"}
{"level":"info","ts":1581522704.3535352,"logger":"fallback-logger","caller":"bash/main.go:64","msg":"Successfully executed command \"sh -c mkdir -p /workspace/source\"; output "}

Showing logs for build [32mseldonio-seldon-core-pr-1430-li-vhlhr-2[0m stage [32mpr-build-comment[0m and container [32mstep-place-tools[0m

Showing logs for build [32mseldonio-seldon-core-pr-1430-li-vhlhr-2[0m stage [32mpr-build-comment[0m and container [32mstep-create-dir-workspace-q8fp5[0m
{"level":"warn","ts":1581522710.3932168,"logger":"fallback-logger","caller":"logging/config.go:69","msg":"Fetch GitHub commit ID from kodata failed: open /var/run/ko/HEAD: no such file or directory"}
{"level":"info","ts":1581522710.3946652,"logger":"fallback-logger","caller":"bash/main.go:64","msg":"Successfully executed command \"sh -c mkdir -p source\"; output "}

Showing logs for build [32mseldonio-seldon-core-pr-1430-li-vhlhr-2[0m stage [32mpr-build-comment[0m and container [32mstep-git-source-seldonio-seldon-core-pr-1430-li-7rhf9[0m
{"level":"warn","ts":1581522710.6251466,"logger":"fallback-logger","caller":"logging/config.go:69","msg":"Fetch GitHub commit ID from kodata failed: \"ref: refs/heads/0.8.0-**-support-backwards-incompats\" is not a valid GitHub commit ID"}
{"level":"info","ts":1581522714.1374996,"logger":"fallback-logger","caller":"git/git.go:103","msg":"Successfully cloned https://github.com/SeldonIO/seldon-core.git @ master in path /workspace/source"}

Showing logs for build [32mseldonio-seldon-core-pr-1430-li-vhlhr-2[0m stage [32mpr-build-comment[0m and container [32mstep-git-merge[0m
Using SHAs from PULL_REFS=master:ef722f9c0223c3f597dd598d0f58781fecdb95ba,1430:abe088316cab4bb752801b12a733608b3632b127
DEBUG: ran git fetch --unshallow origin abe088316cab4bb752801b12a733608b3632b127: ef722f9c0223c3f597dd598d0f58781fecdb95ba: in 
DEBUG: ran git checkout master in 
DEBUG: ran git reset --hard ef722f9c0223c3f597dd598d0f58781fecdb95ba in 
DEBUG: ran clean --force -d . in 
DEBUG: ran git merge abe088316cab4bb752801b12a733608b3632b127 in 
Merged SHA 5c711fb3ee048a1b7299445d5a41210a3b41909b with commit message 'Merge commit 'abe088316cab4bb752801b12a733608b3632b127'' into base branch master
Merged SHA abe088316cab4bb752801b12a733608b3632b127 with commit message 'WIP remove redundand names in labels' into base branch master
Merged SHA 879cbc49da01675a09affcff7515d0a6f6440c32 with commit message 'Merge remote-tracking branch 'upstream/master'' into base branch master
Merged SHA 619b8074d469ebbd49f6843a46b2bba580bb4700 with commit message 'Merge remote-tracking branch 'upstream/master'' into base branch master
Merged SHA 8e422a8c34d1d1358f23bd795d589bc0d1d20b06 with commit message 'Remove tilde to get exact helm dependencies' into base branch master

Showing logs for build [32mseldonio-seldon-core-pr-1430-li-vhlhr-2[0m stage [32mpr-build-comment[0m and container [32mstep-step2[0m
+++ dirname ./add-pr-build-comment
++ cd .
++ pwd
+ STARTUP_DIR=/workspace/source/ci
+ REPO_OWNER=SeldonIO
+ REPO_NAME=seldon-core
+ PULL_NUMBER=1430
+ BUILD_NUMBER=2
+ PIPELINE_CONTEXT=lint
++ cat
+++ date
+ COMMENT_MSG='Wed Feb 12 15:52:00 UTC 2020
The logs for [lint] [2] will show after the pipeline context has finished.  
https://github.com/SeldonIO/seldon-core/blob/gh-pages/jenkins-x/logs/SeldonIO/seldon-core/PR-1430/2.log

impatient try  
** get build logs SeldonIO/seldon-core/PR-1430 --build=2'
+ ** step pr comment --owner=SeldonIO --repository=seldon-core --pull-request=1430 '--comment=Wed Feb 12 15:52:00 UTC 2020
The logs for [lint] [2] will show after the pipeline context has finished.  
https://github.com/SeldonIO/seldon-core/blob/gh-pages/jenkins-x/logs/SeldonIO/seldon-core/PR-1430/2.log

impatient try  
** get build logs SeldonIO/seldon-core/PR-1430 --build=2'

Showing logs for build [32mseldonio-seldon-core-pr-1430-li-vhlhr-2[0m stage [32mpr-build-comment[0m and container [32mstep-source-mkdir-seldonio-seldon-core-pr-1430-li-46m4n[0m
{"level":"warn","ts":1581522723.282273,"logger":"fallback-logger","caller":"logging/config.go:69","msg":"Fetch GitHub commit ID from kodata failed: open /var/run/ko/HEAD: no such file or directory"}
{"level":"info","ts":1581522723.2853758,"logger":"fallback-logger","caller":"bash/main.go:64","msg":"Successfully executed command \"sh -c mkdir -p /pvc/pr-build-comment/workspace\"; output "}

Showing logs for build [32mseldonio-seldon-core-pr-1430-li-vhlhr-2[0m stage [32mpr-build-comment[0m and container [32mstep-source-copy-seldonio-seldon-core-pr-1430-li-7f9t4[0m
{"level":"warn","ts":1581522723.4927244,"logger":"fallback-logger","caller":"logging/config.go:69","msg":"Fetch GitHub commit ID from kodata failed: open /var/run/ko/HEAD: no such file or directory"}
{"level":"info","ts":1581522723.7295012,"logger":"fallback-logger","caller":"bash/main.go:64","msg":"Successfully executed command \"sh -c cp -r source/. /pvc/pr-build-comment/workspace\"; output "}

Showing logs for build [32mseldonio-seldon-core-pr-1430-li-vhlhr-2[0m stage [32mpython-lint-task[0m and container [32mstep-credential-initializer-rn5c9[0m
{"level":"warn","ts":1581522727.2539737,"logger":"fallback-logger","caller":"logging/config.go:69","msg":"Fetch GitHub commit ID from kodata failed: \"ref: refs/heads/0.8.0-**-support-backwards-incompats\" is not a valid GitHub commit ID"}
{"level":"info","ts":1581522727.2543976,"logger":"fallback-logger","caller":"creds-init/main.go:40","msg":"Credentials initialized."}

Showing logs for build [32mseldonio-seldon-core-pr-1430-li-vhlhr-2[0m stage [32mpython-lint-task[0m and container [32mstep-working-dir-initializer-7mst5[0m
{"level":"warn","ts":1581522728.5839148,"logger":"fallback-logger","caller":"logging/config.go:69","msg":"Fetch GitHub commit ID from kodata failed: open /var/run/ko/HEAD: no such file or directory"}
{"level":"info","ts":1581522728.5857518,"logger":"fallback-logger","caller":"bash/main.go:64","msg":"Successfully executed command \"sh -c mkdir -p /workspace/source\"; output "}

Showing logs for build [32mseldonio-seldon-core-pr-1430-li-vhlhr-2[0m stage [32mpython-lint-task[0m and container [32mstep-place-tools[0m

Showing logs for build [32mseldonio-seldon-core-pr-1430-li-vhlhr-2[0m stage [32mpython-lint-task[0m and container [32mstep-create-dir-workspace-d4wh8[0m
{"level":"warn","ts":1581522733.6263974,"logger":"fallback-logger","caller":"logging/config.go:69","msg":"Fetch GitHub commit ID from kodata failed: open /var/run/ko/HEAD: no such file or directory"}
{"level":"info","ts":1581522733.6280644,"logger":"fallback-logger","caller":"bash/main.go:64","msg":"Successfully executed command \"sh -c mkdir -p /workspace/source\"; output "}

Showing logs for build [32mseldonio-seldon-core-pr-1430-li-vhlhr-2[0m stage [32mpython-lint-task[0m and container [32mstep-source-copy-workspace-n44jh[0m
{"level":"warn","ts":1581522733.868381,"logger":"fallback-logger","caller":"logging/config.go:69","msg":"Fetch GitHub commit ID from kodata failed: open /var/run/ko/HEAD: no such file or directory"}
{"level":"info","ts":1581522737.306342,"logger":"fallback-logger","caller":"bash/main.go:64","msg":"Successfully executed command \"sh -c cp -r /pvc/pr-build-comment/workspace/. /workspace/source\"; output "}

Showing logs for build [32mseldonio-seldon-core-pr-1430-li-vhlhr-2[0m stage [32mpython-lint-task[0m and container [32mstep-python-lint[0m
make: Entering directory '/workspace/source/python'
pip install black==19.3b0
Collecting black==19.3b0
  Downloading black-19.3b0-py36-none-any.whl (89 kB)
Collecting toml>=0.9.4
  Downloading toml-0.10.0-py2.py3-none-any.whl (25 kB)
Collecting attrs>=18.1.0
  Downloading attrs-19.3.0-py2.py3-none-any.whl (39 kB)
Collecting click>=6.5
  Downloading Click-7.0-py2.py3-none-any.whl (81 kB)
Collecting appdirs
  Downloading appdirs-1.4.3-py2.py3-none-any.whl (12 kB)
Installing collected packages: toml, attrs, click, appdirs, black
Successfully installed appdirs-1.4.3 attrs-19.3.0 black-19.3b0 click-7.0 toml-0.10.0
black \
	--check ./ ../testing \
	--exclude "(testing/scripts/proto|seldon_core/proto/|.eggs|.tox)"
All done! ✨ 🍰 ✨
54 files would be left unchanged.
make: Leaving directory '/workspace/source/python'
