
Showing logs for build [32mmeta-seldonio-seldon-core-pr-14-msrjt-8[0m stage [32mmeta-pipeline[0m and container [32mstep-credential-initializer-5dvmr[0m
{"level":"warn","ts":1581948021.6506605,"logger":"fallback-logger","caller":"logging/config.go:69","msg":"Fetch GitHub commit ID from kodata failed: \"ref: refs/heads/0.8.0-**-support-backwards-incompats\" is not a valid GitHub commit ID"}
{"level":"info","ts":1581948021.6514058,"logger":"fallback-logger","caller":"creds-init/main.go:40","msg":"Credentials initialized."}

Showing logs for build [32mmeta-seldonio-seldon-core-pr-14-msrjt-8[0m stage [32mmeta-pipeline[0m and container [32mstep-working-dir-initializer-hbrft[0m
{"level":"warn","ts":1581948022.846131,"logger":"fallback-logger","caller":"logging/config.go:69","msg":"Fetch GitHub commit ID from kodata failed: open /var/run/ko/HEAD: no such file or directory"}
{"level":"info","ts":1581948022.8478038,"logger":"fallback-logger","caller":"bash/main.go:64","msg":"Successfully executed command \"sh -c mkdir -p /workspace/source\"; output "}

Showing logs for build [32mmeta-seldonio-seldon-core-pr-14-msrjt-8[0m stage [32mmeta-pipeline[0m and container [32mstep-place-tools[0m

Showing logs for build [32mmeta-seldonio-seldon-core-pr-14-msrjt-8[0m stage [32mmeta-pipeline[0m and container [32mstep-git-source-meta-seldonio-seldon-core-pr-14-p5drz[0m
{"level":"warn","ts":1581948110.958611,"logger":"fallback-logger","caller":"logging/config.go:69","msg":"Fetch GitHub commit ID from kodata failed: \"ref: refs/heads/0.8.0-**-support-backwards-incompats\" is not a valid GitHub commit ID"}
{"level":"info","ts":1581948117.356124,"logger":"fallback-logger","caller":"git/git.go:103","msg":"Successfully cloned https://github.com/SeldonIO/seldon-core.git @ b89a42b22e9a94b1140463eafb37d4ab593a7c89 in path /workspace/source"}

Showing logs for build [32mmeta-seldonio-seldon-core-pr-14-msrjt-8[0m stage [32mmeta-pipeline[0m and container [32mstep-git-merge[0m
Using SHAs from PULL_REFS=master:b89a42b22e9a94b1140463eafb37d4ab593a7c89,1430:ce63be42a192b62ce09e1395e0ccb1cfc52cc396
DEBUG: ran git fetch --unshallow origin ce63be42a192b62ce09e1395e0ccb1cfc52cc396: b89a42b22e9a94b1140463eafb37d4ab593a7c89: in 
DEBUG: ran git checkout master in 
DEBUG: ran git reset --hard b89a42b22e9a94b1140463eafb37d4ab593a7c89 in 
DEBUG: ran clean --force -d . in 
error: error during merge: merging ce63be42a192b62ce09e1395e0ccb1cfc52cc396 into master: git output: Auto-merging helm-charts/seldon-single-model/values.yaml
Auto-merging helm-charts/seldon-single-model/templates/model.json
Auto-merging helm-charts/seldon-core-analytics/Chart.yaml
CONFLICT (content): Merge conflict in helm-charts/seldon-core-analytics/Chart.yaml
Auto-merging .gitignore
Automatic merge failed; fix conflicts and then commit the result.: failed to run 'git merge ce63be42a192b62ce09e1395e0ccb1cfc52cc396' command in directory '', output: 'Auto-merging helm-charts/seldon-single-model/values.yaml
Auto-merging helm-charts/seldon-single-model/templates/model.json
Auto-merging helm-charts/seldon-core-analytics/Chart.yaml
CONFLICT (content): Merge conflict in helm-charts/seldon-core-analytics/Chart.yaml
Auto-merging .gitignore
Automatic merge failed; fix conflicts and then commit the result.'
[31m
Pipeline failed on stage 'meta-pipeline' : container 'step-git-merge'. The execution of the pipeline has stopped.[0m
