
Showing logs for build [32mseldonio-seldon-core-pr-2325-se-55pqk-3[0m stage [32mpr-build-comment[0m and container [32mstep-credential-initializer-p56tv[0m
{"level":"info","ts":1598373391.7772293,"logger":"fallback-logger","caller":"logging/config.go:69","msg":"Fetch GitHub commit ID from kodata failed: open /var/run/ko/refs/heads/0.8.0-ns-support: no such file or directory"}
{"level":"info","ts":1598373391.7783933,"logger":"fallback-logger","caller":"creds-init/main.go:40","msg":"Credentials initialized."}

Showing logs for build [32mseldonio-seldon-core-pr-2325-se-55pqk-3[0m stage [32mpr-build-comment[0m and container [32mstep-working-dir-initializer-5s855[0m
{"level":"info","ts":1598373393.1950526,"logger":"fallback-logger","caller":"logging/config.go:69","msg":"Fetch GitHub commit ID from kodata failed: open /var/run/ko/HEAD: no such file or directory"}
{"level":"info","ts":1598373393.1972883,"logger":"fallback-logger","caller":"bash/main.go:64","msg":"Successfully executed command \"sh -c mkdir -p /workspace/source\"; output "}

Showing logs for build [32mseldonio-seldon-core-pr-2325-se-55pqk-3[0m stage [32mpr-build-comment[0m and container [32mstep-place-tools[0m

Showing logs for build [32mseldonio-seldon-core-pr-2325-se-55pqk-3[0m stage [32mpr-build-comment[0m and container [32mstep-create-dir-workspace-cfgkm[0m
{"level":"info","ts":1598373407.5736768,"logger":"fallback-logger","caller":"logging/config.go:69","msg":"Fetch GitHub commit ID from kodata failed: open /var/run/ko/HEAD: no such file or directory"}
{"level":"info","ts":1598373407.5766408,"logger":"fallback-logger","caller":"bash/main.go:64","msg":"Successfully executed command \"sh -c mkdir -p source\"; output "}

Showing logs for build [32mseldonio-seldon-core-pr-2325-se-55pqk-3[0m stage [32mpr-build-comment[0m and container [32mstep-git-source-seldonio-seldon-core-pr-2325-se-55pqk-zs7fn[0m
{"level":"info","ts":1598373407.9009044,"logger":"fallback-logger","caller":"logging/config.go:69","msg":"Fetch GitHub commit ID from kodata failed: open /var/run/ko/refs/heads/0.8.0-ns-support: no such file or directory"}
{"level":"info","ts":1598373414.8925626,"logger":"fallback-logger","caller":"git/git.go:103","msg":"Successfully cloned https://github.com/SeldonIO/seldon-core.git @ master in path /workspace/source"}

Showing logs for build [32mseldonio-seldon-core-pr-2325-se-55pqk-3[0m stage [32mpr-build-comment[0m and container [32mstep-setup-builder-home[0m

Showing logs for build [32mseldonio-seldon-core-pr-2325-se-55pqk-3[0m stage [32mpr-build-comment[0m and container [32mstep-git-merge[0m
Using SHAs from PULL_REFS=master:001b7e403c03eaecdbe42b3c75c490a2be5cef48,2325:53ea83f978f15d941bee426930409e691ac2e93f
DEBUG: LC_ALL=C JX_LOG_LEVEL=error git fetch origin --unshallow 53ea83f978f15d941bee426930409e691ac2e93f: 001b7e403c03eaecdbe42b3c75c490a2be5cef48:
DEBUG: ran git fetch --unshallow origin 53ea83f978f15d941bee426930409e691ac2e93f: 001b7e403c03eaecdbe42b3c75c490a2be5cef48: in 
DEBUG: LC_ALL=C JX_LOG_LEVEL=error git branch
DEBUG: LC_ALL=C JX_LOG_LEVEL=error git checkout master
DEBUG: ran git checkout master in 
DEBUG: LC_ALL=C JX_LOG_LEVEL=error git reset --hard 001b7e403c03eaecdbe42b3c75c490a2be5cef48
DEBUG: ran git reset --hard 001b7e403c03eaecdbe42b3c75c490a2be5cef48 in 
DEBUG: LC_ALL=C JX_LOG_LEVEL=error git clean -fd .
DEBUG: ran clean --force -d . in 
DEBUG: LC_ALL=C JX_LOG_LEVEL=error git merge 53ea83f978f15d941bee426930409e691ac2e93f
DEBUG: ran git merge 53ea83f978f15d941bee426930409e691ac2e93f in 
DEBUG: LC_ALL=C JX_LOG_LEVEL=error git log --format=%H%x1f%an%x1f%ae%x1f%cn%x1f%ce%x1f%s%n%b%x1e 001b7e403c03eaecdbe42b3c75c490a2be5cef48..HEAD
Merged SHA 53ea83f978f15d941bee426930409e691ac2e93f with commit message 'Updating Security CI Script after requirements.txt all moved to setup.py' into base branch master

Showing logs for build [32mseldonio-seldon-core-pr-2325-se-55pqk-3[0m stage [32mpr-build-comment[0m and container [32mstep-step2[0m
+++ dirname ./add-pr-build-comment
++ cd .
++ pwd
+ STARTUP_DIR=/workspace/source/ci
+ REPO_OWNER=SeldonIO
+ REPO_NAME=seldon-core
+ PULL_NUMBER=2325
+ BUILD_NUMBER=3
+ PIPELINE_CONTEXT=securitychecks
++ cat
+++ date
+ COMMENT_MSG='Tue Aug 25 16:37:07 UTC 2020
The logs for [securitychecks] [3] will show after the pipeline context has finished.  
https://github.com/SeldonIO/seldon-core/blob/gh-pages/jenkins-x/logs/SeldonIO/seldon-core/PR-2325/3.log

impatient try  
** get build logs SeldonIO/seldon-core/PR-2325 --build=3'
+ ** step pr comment --owner=SeldonIO --repository=seldon-core --pull-request=2325 '--comment=Tue Aug 25 16:37:07 UTC 2020
The logs for [securitychecks] [3] will show after the pipeline context has finished.  
https://github.com/SeldonIO/seldon-core/blob/gh-pages/jenkins-x/logs/SeldonIO/seldon-core/PR-2325/3.log

impatient try  
** get build logs SeldonIO/seldon-core/PR-2325 --build=3'

Showing logs for build [32mseldonio-seldon-core-pr-2325-se-55pqk-3[0m stage [32mpr-build-comment[0m and container [32mstep-source-mkdir-seldonio-seldon-core-pr-2325-se-55pqk-7jlmw[0m
{"level":"info","ts":1598373429.418498,"logger":"fallback-logger","caller":"logging/config.go:69","msg":"Fetch GitHub commit ID from kodata failed: open /var/run/ko/HEAD: no such file or directory"}
{"level":"info","ts":1598373429.5301754,"logger":"fallback-logger","caller":"bash/main.go:64","msg":"Successfully executed command \"sh -c mkdir -p /pvc/pr-build-comment/workspace\"; output "}

Showing logs for build [32mseldonio-seldon-core-pr-2325-se-55pqk-3[0m stage [32mpr-build-comment[0m and container [32mstep-source-copy-seldonio-seldon-core-pr-2325-se-55pqk-qjtcn[0m
{"level":"info","ts":1598373429.7867656,"logger":"fallback-logger","caller":"logging/config.go:69","msg":"Fetch GitHub commit ID from kodata failed: open /var/run/ko/HEAD: no such file or directory"}
{"level":"info","ts":1598373431.0596576,"logger":"fallback-logger","caller":"bash/main.go:64","msg":"Successfully executed command \"sh -c cp -r source/. /pvc/pr-build-comment/workspace\"; output "}

Showing logs for build [32mseldonio-seldon-core-pr-2325-se-55pqk-3[0m stage [32mrun-executor-tests[0m and container [32mstep-credential-initializer-llb6n[0m
{"level":"info","ts":1598373444.068187,"logger":"fallback-logger","caller":"logging/config.go:69","msg":"Fetch GitHub commit ID from kodata failed: open /var/run/ko/refs/heads/0.8.0-ns-support: no such file or directory"}
{"level":"info","ts":1598373444.0694036,"logger":"fallback-logger","caller":"creds-init/main.go:40","msg":"Credentials initialized."}

Showing logs for build [32mseldonio-seldon-core-pr-2325-se-55pqk-3[0m stage [32mrun-executor-tests[0m and container [32mstep-working-dir-initializer-m2l7m[0m
{"level":"info","ts":1598373445.5491102,"logger":"fallback-logger","caller":"logging/config.go:69","msg":"Fetch GitHub commit ID from kodata failed: open /var/run/ko/HEAD: no such file or directory"}
{"level":"info","ts":1598373445.5539184,"logger":"fallback-logger","caller":"bash/main.go:64","msg":"Successfully executed command \"sh -c mkdir -p /workspace/source\"; output "}

Showing logs for build [32mseldonio-seldon-core-pr-2325-se-55pqk-3[0m stage [32mrun-executor-tests[0m and container [32mstep-place-tools[0m

Showing logs for build [32mseldonio-seldon-core-pr-2325-se-55pqk-3[0m stage [32mrun-executor-tests[0m and container [32mstep-create-dir-workspace-7vm7q[0m
{"level":"info","ts":1598373454.2233822,"logger":"fallback-logger","caller":"logging/config.go:69","msg":"Fetch GitHub commit ID from kodata failed: open /var/run/ko/HEAD: no such file or directory"}
{"level":"info","ts":1598373454.2283149,"logger":"fallback-logger","caller":"bash/main.go:64","msg":"Successfully executed command \"sh -c mkdir -p /workspace/source\"; output "}

Showing logs for build [32mseldonio-seldon-core-pr-2325-se-55pqk-3[0m stage [32mrun-executor-tests[0m and container [32mstep-source-copy-workspace-gxldq[0m
{"level":"info","ts":1598373454.6005743,"logger":"fallback-logger","caller":"logging/config.go:69","msg":"Fetch GitHub commit ID from kodata failed: open /var/run/ko/HEAD: no such file or directory"}
{"level":"info","ts":1598373455.3878958,"logger":"fallback-logger","caller":"bash/main.go:64","msg":"Successfully executed command \"sh -c cp -r /pvc/pr-build-comment/workspace/. /workspace/source\"; output "}

Showing logs for build [32mseldonio-seldon-core-pr-2325-se-55pqk-3[0m stage [32mrun-executor-tests[0m and container [32mstep-setup-builder-home[0m

Showing logs for build [32mseldonio-seldon-core-pr-2325-se-55pqk-3[0m stage [32mrun-executor-tests[0m and container [32mstep-step2[0m

Testing /workspace/source/executor...

Organization:      as-swz
Package manager:   gomodules
Target file:       go.mod
Project name:      github.com/seldonio/seldon-core/executor
Open source:       no
Project path:      /workspace/source/executor
Licenses:          enabled

✓ Tested 433 dependencies for known issues, no vulnerable paths found.

-------------------------------------------------------

Testing /workspace/source/executor...

Organization:      as-swz
Package manager:   gomodules
Target file:       hack/tools/go.mod
Project name:      sigs.k8s.io/kind/hack/tools
Open source:       no
Project path:      /workspace/source/executor
Licenses:          enabled

✓ Tested 203 dependencies for known issues, no vulnerable paths found.

-------------------------------------------------------

Testing /workspace/source/executor...

Organization:      as-swz
Package manager:   gomodules
Target file:       operator/go.mod
Project name:      github.com/seldonio/seldon-core/operator
Open source:       no
Project path:      /workspace/source/executor
Licenses:          enabled

✓ Tested 345 dependencies for known issues, no vulnerable paths found.

-------------------------------------------------------

Testing /workspace/source/executor...

Organization:      as-swz
Package manager:   gomodules
Target file:       operator/hack/tools/go.mod
Project name:      sigs.k8s.io/kind/hack/tools
Open source:       no
Project path:      /workspace/source/executor
Licenses:          enabled

✓ Tested 219 dependencies for known issues, no vulnerable paths found.

-------------------------------------------------------

Testing /workspace/source/executor...

Organization:      as-swz
Package manager:   gomodules
Target file:       proto/tensorflow/core/go.mod
Project name:      github.com/tensorflow/tensorflow/tensorflow/go/core
Open source:       no
Project path:      /workspace/source/executor
Licenses:          enabled

✓ Tested 32 dependencies for known issues, no vulnerable paths found.


Tested 5 projects, no vulnerable paths were found.


You are approaching your monthly limit of 200 private tests for your as-swz org.
To learn more about our plans and increase your tests limit visit https://snyk.io/plans.

Showing logs for build [32mseldonio-seldon-core-pr-2325-se-55pqk-3[0m stage [32mrun-operator-tests[0m and container [32mstep-credential-initializer-qgtzn[0m
{"level":"info","ts":1598373444.1867044,"logger":"fallback-logger","caller":"logging/config.go:69","msg":"Fetch GitHub commit ID from kodata failed: open /var/run/ko/refs/heads/0.8.0-ns-support: no such file or directory"}
{"level":"info","ts":1598373444.1879025,"logger":"fallback-logger","caller":"creds-init/main.go:40","msg":"Credentials initialized."}

Showing logs for build [32mseldonio-seldon-core-pr-2325-se-55pqk-3[0m stage [32mrun-operator-tests[0m and container [32mstep-working-dir-initializer-bjxqk[0m
{"level":"info","ts":1598373445.5064445,"logger":"fallback-logger","caller":"logging/config.go:69","msg":"Fetch GitHub commit ID from kodata failed: open /var/run/ko/HEAD: no such file or directory"}
{"level":"info","ts":1598373445.5194664,"logger":"fallback-logger","caller":"bash/main.go:64","msg":"Successfully executed command \"sh -c mkdir -p /workspace/source\"; output "}

Showing logs for build [32mseldonio-seldon-core-pr-2325-se-55pqk-3[0m stage [32mrun-operator-tests[0m and container [32mstep-place-tools[0m

Showing logs for build [32mseldonio-seldon-core-pr-2325-se-55pqk-3[0m stage [32mrun-operator-tests[0m and container [32mstep-create-dir-workspace-hzgk9[0m
{"level":"info","ts":1598373455.2692509,"logger":"fallback-logger","caller":"logging/config.go:69","msg":"Fetch GitHub commit ID from kodata failed: open /var/run/ko/HEAD: no such file or directory"}
{"level":"info","ts":1598373455.2728238,"logger":"fallback-logger","caller":"bash/main.go:64","msg":"Successfully executed command \"sh -c mkdir -p /workspace/source\"; output "}

Showing logs for build [32mseldonio-seldon-core-pr-2325-se-55pqk-3[0m stage [32mrun-operator-tests[0m and container [32mstep-source-copy-workspace-bwg2f[0m
{"level":"info","ts":1598373455.6307774,"logger":"fallback-logger","caller":"logging/config.go:69","msg":"Fetch GitHub commit ID from kodata failed: open /var/run/ko/HEAD: no such file or directory"}
{"level":"info","ts":1598373456.4895735,"logger":"fallback-logger","caller":"bash/main.go:64","msg":"Successfully executed command \"sh -c cp -r /pvc/pr-build-comment/workspace/. /workspace/source\"; output "}

Showing logs for build [32mseldonio-seldon-core-pr-2325-se-55pqk-3[0m stage [32mrun-operator-tests[0m and container [32mstep-setup-builder-home[0m

Showing logs for build [32mseldonio-seldon-core-pr-2325-se-55pqk-3[0m stage [32mrun-operator-tests[0m and container [32mstep-step2[0m

Testing /workspace/source/operator...

Organization:      as-swz
Package manager:   gomodules
Target file:       go.mod
Project name:      github.com/seldonio/seldon-core/operator
Open source:       no
Project path:      /workspace/source/operator
Licenses:          enabled

✓ Tested 345 dependencies for known issues, no vulnerable paths found.

-------------------------------------------------------

Testing /workspace/source/operator...

Organization:      as-swz
Package manager:   gomodules
Target file:       hack/tools/go.mod
Project name:      sigs.k8s.io/kind/hack/tools
Open source:       no
Project path:      /workspace/source/operator
Licenses:          enabled

✓ Tested 219 dependencies for known issues, no vulnerable paths found.


Tested 2 projects, no vulnerable paths were found.


You are approaching your monthly limit of 200 private tests for your as-swz org.
To learn more about our plans and increase your tests limit visit https://snyk.io/plans.

Showing logs for build [32mseldonio-seldon-core-pr-2325-se-55pqk-3[0m stage [32mrun-python-tests[0m and container [32mstep-credential-initializer-tgz5z[0m
{"level":"info","ts":1598373444.0471716,"logger":"fallback-logger","caller":"logging/config.go:69","msg":"Fetch GitHub commit ID from kodata failed: open /var/run/ko/refs/heads/0.8.0-ns-support: no such file or directory"}
{"level":"info","ts":1598373444.0484378,"logger":"fallback-logger","caller":"creds-init/main.go:40","msg":"Credentials initialized."}

Showing logs for build [32mseldonio-seldon-core-pr-2325-se-55pqk-3[0m stage [32mrun-python-tests[0m and container [32mstep-working-dir-initializer-4wmnk[0m
{"level":"info","ts":1598373445.5617173,"logger":"fallback-logger","caller":"logging/config.go:69","msg":"Fetch GitHub commit ID from kodata failed: open /var/run/ko/HEAD: no such file or directory"}
{"level":"info","ts":1598373445.5678046,"logger":"fallback-logger","caller":"bash/main.go:64","msg":"Successfully executed command \"sh -c mkdir -p /workspace/source\"; output "}

Showing logs for build [32mseldonio-seldon-core-pr-2325-se-55pqk-3[0m stage [32mrun-python-tests[0m and container [32mstep-place-tools[0m

Showing logs for build [32mseldonio-seldon-core-pr-2325-se-55pqk-3[0m stage [32mrun-python-tests[0m and container [32mstep-create-dir-workspace-wfzn8[0m
{"level":"info","ts":1598373457.6906533,"logger":"fallback-logger","caller":"logging/config.go:69","msg":"Fetch GitHub commit ID from kodata failed: open /var/run/ko/HEAD: no such file or directory"}
{"level":"info","ts":1598373457.6943007,"logger":"fallback-logger","caller":"bash/main.go:64","msg":"Successfully executed command \"sh -c mkdir -p /workspace/source\"; output "}

Showing logs for build [32mseldonio-seldon-core-pr-2325-se-55pqk-3[0m stage [32mrun-python-tests[0m and container [32mstep-source-copy-workspace-2sbfh[0m
{"level":"info","ts":1598373458.5016248,"logger":"fallback-logger","caller":"logging/config.go:69","msg":"Fetch GitHub commit ID from kodata failed: open /var/run/ko/HEAD: no such file or directory"}
{"level":"info","ts":1598373460.157888,"logger":"fallback-logger","caller":"bash/main.go:64","msg":"Successfully executed command \"sh -c cp -r /pvc/pr-build-comment/workspace/. /workspace/source\"; output "}

Showing logs for build [32mseldonio-seldon-core-pr-2325-se-55pqk-3[0m stage [32mrun-python-tests[0m and container [32mstep-setup-builder-home[0m

Showing logs for build [32mseldonio-seldon-core-pr-2325-se-55pqk-3[0m stage [32mrun-python-tests[0m and container [32mstep-step2[0m
pip install -e .
Obtaining file:///workspace/source/python
Collecting Flask<2.0.0
  Downloading Flask-1.1.2-py2.py3-none-any.whl (94 kB)
Collecting jsonschema<4.0.0
  Downloading jsonschema-3.2.0-py2.py3-none-any.whl (56 kB)
Collecting Flask-cors<4.0.0
  Downloading Flask_Cors-3.0.8-py2.py3-none-any.whl (14 kB)
Collecting redis<4.0.0
  Downloading redis-3.5.3-py2.py3-none-any.whl (72 kB)
Collecting requests<3.0.0
  Downloading requests-2.24.0-py2.py3-none-any.whl (61 kB)
Collecting numpy<2.0.0
  Downloading numpy-1.19.1-cp37-cp37m-manylinux2010_x86_64.whl (14.5 MB)
Collecting flatbuffers<2.0.0
  Downloading flatbuffers-1.12-py2.py3-none-any.whl (15 kB)
Collecting protobuf<4.0.0
  Downloading protobuf-3.13.0-cp37-cp37m-manylinux1_x86_64.whl (1.3 MB)
Collecting grpcio<2.0.0
  Downloading grpcio-1.31.0-cp37-cp37m-manylinux2014_x86_64.whl (3.4 MB)
Collecting Flask-OpenTracing<1.2.0,>=1.1.0
  Downloading Flask-OpenTracing-1.1.0.tar.gz (8.2 kB)
Collecting opentracing<2.4.0,>=2.2.0
  Downloading opentracing-2.3.0.tar.gz (48 kB)
Collecting jaeger-client<4.4.0,>=4.1.0
  Downloading jaeger-client-4.3.0.tar.gz (81 kB)
Collecting grpcio-opentracing<1.2.0,>=1.1.4
  Downloading grpcio_opentracing-1.1.4-py3-none-any.whl (14 kB)
Collecting PyYAML<5.4
  Downloading PyYAML-5.3.1.tar.gz (269 kB)
Collecting gunicorn<20.1.0,>=19.9.0
  Downloading gunicorn-20.0.4-py2.py3-none-any.whl (77 kB)
Requirement already satisfied: setuptools>=41.0.0 in /usr/local/lib/python3.7/site-packages (from seldon-core==1.2.3.dev0) (49.6.0)
Collecting prometheus_client<0.9.0,>=0.7.1
  Downloading prometheus_client-0.8.0-py2.py3-none-any.whl (53 kB)
Collecting click>=5.1
  Downloading click-7.1.2-py2.py3-none-any.whl (82 kB)
Collecting itsdangerous>=0.24
  Downloading itsdangerous-1.1.0-py2.py3-none-any.whl (16 kB)
Collecting Jinja2>=2.10.1
  Downloading Jinja2-2.11.2-py2.py3-none-any.whl (125 kB)
Collecting Werkzeug>=0.15
  Downloading Werkzeug-1.0.1-py2.py3-none-any.whl (298 kB)
Collecting pyrsistent>=0.14.0
  Downloading pyrsistent-0.16.0.tar.gz (108 kB)
Collecting importlib-metadata; python_version < "3.8"
  Downloading importlib_metadata-1.7.0-py2.py3-none-any.whl (31 kB)
Collecting attrs>=17.4.0
  Downloading attrs-20.1.0-py2.py3-none-any.whl (49 kB)
Collecting six>=1.11.0
  Downloading six-1.15.0-py2.py3-none-any.whl (10 kB)
Collecting idna<3,>=2.5
  Downloading idna-2.10-py2.py3-none-any.whl (58 kB)
Collecting chardet<4,>=3.0.2
  Downloading chardet-3.0.4-py2.py3-none-any.whl (133 kB)
Collecting certifi>=2017.4.17
  Downloading certifi-2020.6.20-py2.py3-none-any.whl (156 kB)
Collecting urllib3!=1.25.0,!=1.25.1,<1.26,>=1.21.1
  Downloading urllib3-1.25.10-py2.py3-none-any.whl (127 kB)
Collecting threadloop<2,>=1
  Downloading threadloop-1.0.2.tar.gz (4.9 kB)
Collecting thrift
  Downloading thrift-0.13.0.tar.gz (59 kB)
Collecting tornado>=4.3
  Downloading tornado-6.0.4.tar.gz (496 kB)
Collecting MarkupSafe>=0.23
  Downloading MarkupSafe-1.1.1-cp37-cp37m-manylinux1_x86_64.whl (27 kB)
Collecting zipp>=0.5
  Downloading zipp-3.1.0-py3-none-any.whl (4.9 kB)
Building wheels for collected packages: Flask-OpenTracing, opentracing, jaeger-client, PyYAML, pyrsistent, threadloop, thrift, tornado
  Building wheel for Flask-OpenTracing (setup.py): started
  Building wheel for Flask-OpenTracing (setup.py): finished with status 'done'
  Created wheel for Flask-OpenTracing: filename=Flask_OpenTracing-1.1.0-py3-none-any.whl size=9071 sha256=2f197f9e0ae7ea5deca6c352cbe66e1a2dd94f32d7626f40039bb9a895d576e0
  Stored in directory: /builder/home/.cache/pip/wheels/42/22/cd/ccb93fa68f4a01fb6c10082f97bcb2af9eb8e43565ce38a292
  Building wheel for opentracing (setup.py): started
  Building wheel for opentracing (setup.py): finished with status 'done'
  Created wheel for opentracing: filename=opentracing-2.3.0-py3-none-any.whl size=51346 sha256=194717681d2a6f9e5709d601919d85ad467eea93941c0c73729103b0a566ccf5
  Stored in directory: /builder/home/.cache/pip/wheels/19/c5/4b/b030afc055aa78698cd96eb4b168b7f91bd9254191bf4e9f9f
  Building wheel for jaeger-client (setup.py): started
  Building wheel for jaeger-client (setup.py): finished with status 'done'
  Created wheel for jaeger-client: filename=jaeger_client-4.3.0-py3-none-any.whl size=64290 sha256=731588e47aa990ecc63a2150f6ac314563bb39f84b1bb46bfe1404e696861122
  Stored in directory: /builder/home/.cache/pip/wheels/4b/b9/d9/efe18893b02a4bc5abb68e0174d4ab10147f7f184dd170758e
  Building wheel for PyYAML (setup.py): started
  Building wheel for PyYAML (setup.py): finished with status 'done'
  Created wheel for PyYAML: filename=PyYAML-5.3.1-cp37-cp37m-linux_x86_64.whl size=471247 sha256=597946b207e500ba5ddee95a49ca17e07fc755a161a1f9452f7619e59742c710
  Stored in directory: /builder/home/.cache/pip/wheels/5e/03/1e/e1e954795d6f35dfc7b637fe2277bff021303bd9570ecea653
  Building wheel for pyrsistent (setup.py): started
  Building wheel for pyrsistent (setup.py): finished with status 'done'
  Created wheel for pyrsistent: filename=pyrsistent-0.16.0-cp37-cp37m-linux_x86_64.whl size=124350 sha256=a730e1a4fecd6c999213247473329fb98b7a9a7303797d18d13772e1d11acec5
  Stored in directory: /builder/home/.cache/pip/wheels/22/52/11/f0920f95c23ed7d2d0b05f2b7b2f4509e87a20cfe8ea43d987
  Building wheel for threadloop (setup.py): started
  Building wheel for threadloop (setup.py): finished with status 'done'
  Created wheel for threadloop: filename=threadloop-1.0.2-py3-none-any.whl size=3425 sha256=31ddd1843bfb522e6ed07470ab5e15500ebccbe2569fcaaf534607132420ecd2
  Stored in directory: /builder/home/.cache/pip/wheels/08/93/e3/037c2555d98964d9ca537dabb39827a2b72470a679b5c0de37
  Building wheel for thrift (setup.py): started
  Building wheel for thrift (setup.py): finished with status 'done'
  Created wheel for thrift: filename=thrift-0.13.0-cp37-cp37m-linux_x86_64.whl size=486862 sha256=c763ed8eccf0a37f6670b6ddf8b1efb7b7227eb585e12f4ac2af34966f78b283
  Stored in directory: /builder/home/.cache/pip/wheels/79/35/5a/19f5dadf91f62bd783aaa8385f700de9bc14772e09ab0f006a
  Building wheel for tornado (setup.py): started
  Building wheel for tornado (setup.py): finished with status 'done'
  Created wheel for tornado: filename=tornado-6.0.4-cp37-cp37m-linux_x86_64.whl size=428918 sha256=1a49d14707ac0c2a4fe9cc7ea1d7faf728b4a643262b6a437b44aac29b23741d
  Stored in directory: /builder/home/.cache/pip/wheels/7d/14/fa/d88fb5da77d813ea0ffca38a2ab2a052874e9e1142bad0b348
Successfully built Flask-OpenTracing opentracing jaeger-client PyYAML pyrsistent threadloop thrift tornado
Installing collected packages: click, itsdangerous, MarkupSafe, Jinja2, Werkzeug, Flask, six, pyrsistent, zipp, importlib-metadata, attrs, jsonschema, Flask-cors, redis, idna, chardet, certifi, urllib3, requests, numpy, flatbuffers, protobuf, grpcio, opentracing, Flask-OpenTracing, tornado, threadloop, thrift, jaeger-client, grpcio-opentracing, PyYAML, gunicorn, prometheus-client, seldon-core
  Running setup.py develop for seldon-core
Successfully installed Flask-1.1.2 Flask-OpenTracing-1.1.0 Flask-cors-3.0.8 Jinja2-2.11.2 MarkupSafe-1.1.1 PyYAML-5.3.1 Werkzeug-1.0.1 attrs-20.1.0 certifi-2020.6.20 chardet-3.0.4 click-7.1.2 flatbuffers-1.12 grpcio-1.31.0 grpcio-opentracing-1.1.4 gunicorn-20.0.4 idna-2.10 importlib-metadata-1.7.0 itsdangerous-1.1.0 jaeger-client-4.3.0 jsonschema-3.2.0 numpy-1.19.1 opentracing-2.3.0 prometheus-client-0.8.0 protobuf-3.13.0 pyrsistent-0.16.0 redis-3.5.3 requests-2.24.0 seldon-core six-1.15.0 threadloop-1.0.2 thrift-0.13.0 tornado-6.0.4 urllib3-1.25.10 zipp-3.1.0

Testing /workspace/source/python...

CustomError: Could not detect supported target files in /workspace/source/python.
Please see our documentation for supported languages and target files: https://support.snyk.io/hc/en-us/articles/360000911957-Language-support and make sure you are in the right directory.

[31m
Pipeline failed on stage 'run-python-tests' : container 'step-step2'. The execution of the pipeline has stopped.[0m
