
Showing logs for build [32mseldonio-seldon-core-pr-1433-li-bznvw-2[0m stage [32mpr-build-comment[0m and container [32mstep-credential-initializer-mprm6[0m
{"level":"warn","ts":1581590114.395572,"logger":"fallback-logger","caller":"logging/config.go:69","msg":"Fetch GitHub commit ID from kodata failed: \"ref: refs/heads/0.8.0-**-support-backwards-incompats\" is not a valid GitHub commit ID"}
{"level":"info","ts":1581590114.396058,"logger":"fallback-logger","caller":"creds-init/main.go:40","msg":"Credentials initialized."}

Showing logs for build [32mseldonio-seldon-core-pr-1433-li-bznvw-2[0m stage [32mpr-build-comment[0m and container [32mstep-working-dir-initializer-jwgs8[0m
{"level":"warn","ts":1581590115.435115,"logger":"fallback-logger","caller":"logging/config.go:69","msg":"Fetch GitHub commit ID from kodata failed: open /var/run/ko/HEAD: no such file or directory"}
{"level":"info","ts":1581590115.4366329,"logger":"fallback-logger","caller":"bash/main.go:64","msg":"Successfully executed command \"sh -c mkdir -p /workspace/source\"; output "}

Showing logs for build [32mseldonio-seldon-core-pr-1433-li-bznvw-2[0m stage [32mpr-build-comment[0m and container [32mstep-place-tools[0m

Showing logs for build [32mseldonio-seldon-core-pr-1433-li-bznvw-2[0m stage [32mpr-build-comment[0m and container [32mstep-create-dir-workspace-x2559[0m
{"level":"warn","ts":1581590120.4923358,"logger":"fallback-logger","caller":"logging/config.go:69","msg":"Fetch GitHub commit ID from kodata failed: open /var/run/ko/HEAD: no such file or directory"}
{"level":"info","ts":1581590120.4940224,"logger":"fallback-logger","caller":"bash/main.go:64","msg":"Successfully executed command \"sh -c mkdir -p source\"; output "}

Showing logs for build [32mseldonio-seldon-core-pr-1433-li-bznvw-2[0m stage [32mpr-build-comment[0m and container [32mstep-git-source-seldonio-seldon-core-pr-1433-li-nnhxg[0m
{"level":"warn","ts":1581590120.73718,"logger":"fallback-logger","caller":"logging/config.go:69","msg":"Fetch GitHub commit ID from kodata failed: \"ref: refs/heads/0.8.0-**-support-backwards-incompats\" is not a valid GitHub commit ID"}
{"level":"info","ts":1581590124.1379786,"logger":"fallback-logger","caller":"git/git.go:103","msg":"Successfully cloned https://github.com/SeldonIO/seldon-core.git @ master in path /workspace/source"}

Showing logs for build [32mseldonio-seldon-core-pr-1433-li-bznvw-2[0m stage [32mpr-build-comment[0m and container [32mstep-git-merge[0m
Using SHAs from PULL_REFS=master:cbcb125caf615fb857ecc5dfb598e2f7dee6248f,1433:64da6486798fa65e607f6a92d5ef7821c6769fcd
DEBUG: ran git fetch --unshallow origin 64da6486798fa65e607f6a92d5ef7821c6769fcd: cbcb125caf615fb857ecc5dfb598e2f7dee6248f: in 
DEBUG: ran git checkout master in 
DEBUG: ran git reset --hard cbcb125caf615fb857ecc5dfb598e2f7dee6248f in 
DEBUG: ran clean --force -d . in 
DEBUG: ran git merge 64da6486798fa65e607f6a92d5ef7821c6769fcd in 
Merged SHA 64da6486798fa65e607f6a92d5ef7821c6769fcd with commit message 'Run with python interpreter present' into base branch master

Showing logs for build [32mseldonio-seldon-core-pr-1433-li-bznvw-2[0m stage [32mpr-build-comment[0m and container [32mstep-step2[0m
+++ dirname ./add-pr-build-comment
++ cd .
++ pwd
+ STARTUP_DIR=/workspace/source/ci
+ REPO_OWNER=SeldonIO
+ REPO_NAME=seldon-core
+ PULL_NUMBER=1433
+ BUILD_NUMBER=2
+ PIPELINE_CONTEXT=lint
++ cat
+++ date
+ COMMENT_MSG='Thu Feb 13 10:35:30 UTC 2020
The logs for [lint] [2] will show after the pipeline context has finished.  
https://github.com/SeldonIO/seldon-core/blob/gh-pages/jenkins-x/logs/SeldonIO/seldon-core/PR-1433/2.log

impatient try  
** get build logs SeldonIO/seldon-core/PR-1433 --build=2'
+ ** step pr comment --owner=SeldonIO --repository=seldon-core --pull-request=1433 '--comment=Thu Feb 13 10:35:30 UTC 2020
The logs for [lint] [2] will show after the pipeline context has finished.  
https://github.com/SeldonIO/seldon-core/blob/gh-pages/jenkins-x/logs/SeldonIO/seldon-core/PR-1433/2.log

impatient try  
** get build logs SeldonIO/seldon-core/PR-1433 --build=2'

Showing logs for build [32mseldonio-seldon-core-pr-1433-li-bznvw-2[0m stage [32mpr-build-comment[0m and container [32mstep-source-mkdir-seldonio-seldon-core-pr-1433-li-brppr[0m
{"level":"warn","ts":1581590132.6259391,"logger":"fallback-logger","caller":"logging/config.go:69","msg":"Fetch GitHub commit ID from kodata failed: open /var/run/ko/HEAD: no such file or directory"}
{"level":"info","ts":1581590132.6315765,"logger":"fallback-logger","caller":"bash/main.go:64","msg":"Successfully executed command \"sh -c mkdir -p /pvc/pr-build-comment/workspace\"; output "}

Showing logs for build [32mseldonio-seldon-core-pr-1433-li-bznvw-2[0m stage [32mpr-build-comment[0m and container [32mstep-source-copy-seldonio-seldon-core-pr-1433-li-lv27b[0m
{"level":"warn","ts":1581590132.8587172,"logger":"fallback-logger","caller":"logging/config.go:69","msg":"Fetch GitHub commit ID from kodata failed: open /var/run/ko/HEAD: no such file or directory"}
{"level":"info","ts":1581590133.1443858,"logger":"fallback-logger","caller":"bash/main.go:64","msg":"Successfully executed command \"sh -c cp -r source/. /pvc/pr-build-comment/workspace\"; output "}

Showing logs for build [32mseldonio-seldon-core-pr-1433-li-bznvw-2[0m stage [32mpython-lint-task[0m and container [32mstep-credential-initializer-sc5nq[0m
{"level":"warn","ts":1581590146.626921,"logger":"fallback-logger","caller":"logging/config.go:69","msg":"Fetch GitHub commit ID from kodata failed: \"ref: refs/heads/0.8.0-**-support-backwards-incompats\" is not a valid GitHub commit ID"}
{"level":"info","ts":1581590146.6274538,"logger":"fallback-logger","caller":"creds-init/main.go:40","msg":"Credentials initialized."}

Showing logs for build [32mseldonio-seldon-core-pr-1433-li-bznvw-2[0m stage [32mpython-lint-task[0m and container [32mstep-working-dir-initializer-2b9wn[0m
{"level":"warn","ts":1581590146.967373,"logger":"fallback-logger","caller":"logging/config.go:69","msg":"Fetch GitHub commit ID from kodata failed: open /var/run/ko/HEAD: no such file or directory"}
{"level":"info","ts":1581590146.9696639,"logger":"fallback-logger","caller":"bash/main.go:64","msg":"Successfully executed command \"sh -c mkdir -p /workspace/source\"; output "}

Showing logs for build [32mseldonio-seldon-core-pr-1433-li-bznvw-2[0m stage [32mpython-lint-task[0m and container [32mstep-place-tools[0m

Showing logs for build [32mseldonio-seldon-core-pr-1433-li-bznvw-2[0m stage [32mpython-lint-task[0m and container [32mstep-create-dir-workspace-r4fjq[0m
{"level":"warn","ts":1581590152.0704474,"logger":"fallback-logger","caller":"logging/config.go:69","msg":"Fetch GitHub commit ID from kodata failed: open /var/run/ko/HEAD: no such file or directory"}
{"level":"info","ts":1581590152.0728803,"logger":"fallback-logger","caller":"bash/main.go:64","msg":"Successfully executed command \"sh -c mkdir -p /workspace/source\"; output "}

Showing logs for build [32mseldonio-seldon-core-pr-1433-li-bznvw-2[0m stage [32mpython-lint-task[0m and container [32mstep-source-copy-workspace-2s4lc[0m
{"level":"warn","ts":1581590152.3818223,"logger":"fallback-logger","caller":"logging/config.go:69","msg":"Fetch GitHub commit ID from kodata failed: open /var/run/ko/HEAD: no such file or directory"}
{"level":"info","ts":1581590156.4760191,"logger":"fallback-logger","caller":"bash/main.go:64","msg":"Successfully executed command \"sh -c cp -r /pvc/pr-build-comment/workspace/. /workspace/source\"; output "}

Showing logs for build [32mseldonio-seldon-core-pr-1433-li-bznvw-2[0m stage [32mpython-lint-task[0m and container [32mstep-python-lint[0m
make: Entering directory '/workspace/source/python'
pip install black==19.3b0
Collecting black==19.3b0
  Downloading black-19.3b0-py36-none-any.whl (89 kB)
Collecting click>=6.5
  Downloading Click-7.0-py2.py3-none-any.whl (81 kB)
Collecting attrs>=18.1.0
  Downloading attrs-19.3.0-py2.py3-none-any.whl (39 kB)
Collecting appdirs
  Downloading appdirs-1.4.3-py2.py3-none-any.whl (12 kB)
Collecting toml>=0.9.4
  Downloading toml-0.10.0-py2.py3-none-any.whl (25 kB)
Installing collected packages: click, attrs, appdirs, toml, black
Successfully installed appdirs-1.4.3 attrs-19.3.0 black-19.3b0 click-7.0 toml-0.10.0
black \
	--check ./ ../testing \
	--exclude "(testing/scripts/proto|seldon_core/proto/|.eggs|.tox)"
All done! ✨ 🍰 ✨
54 files would be left unchanged.
make: Leaving directory '/workspace/source/python'
