
Showing logs for build [32mmeta-seldonio-seldon-core-pr-28-6mzn2-3[0m stage [32mmeta-pipeline[0m and container [32mstep-credential-initializer-lfzbk[0m
{"level":"info","ts":1611687859.98766,"logger":"fallback-logger","caller":"logging/config.go:69","msg":"Fetch GitHub commit ID from kodata failed: open /var/run/ko/refs/heads/0.8.0-ns-support: no such file or directory"}
{"level":"info","ts":1611687859.9880853,"logger":"fallback-logger","caller":"creds-init/main.go:40","msg":"Credentials initialized."}

Showing logs for build [32mmeta-seldonio-seldon-core-pr-28-6mzn2-3[0m stage [32mmeta-pipeline[0m and container [32mstep-working-dir-initializer-mgs8z[0m
{"level":"info","ts":1611687861.5916965,"logger":"fallback-logger","caller":"logging/config.go:69","msg":"Fetch GitHub commit ID from kodata failed: open /var/run/ko/HEAD: no such file or directory"}
{"level":"info","ts":1611687861.6032448,"logger":"fallback-logger","caller":"bash/main.go:64","msg":"Successfully executed command \"sh -c mkdir -p /workspace/source\"; output "}

Showing logs for build [32mmeta-seldonio-seldon-core-pr-28-6mzn2-3[0m stage [32mmeta-pipeline[0m and container [32mstep-place-tools[0m

Showing logs for build [32mmeta-seldonio-seldon-core-pr-28-6mzn2-3[0m stage [32mmeta-pipeline[0m and container [32mstep-git-source-meta-seldonio-seldon-core-pr-28-6mzn2-dmdlk[0m
{"level":"info","ts":1611687878.5394402,"logger":"fallback-logger","caller":"logging/config.go:69","msg":"Fetch GitHub commit ID from kodata failed: open /var/run/ko/refs/heads/0.8.0-ns-support: no such file or directory"}
{"level":"info","ts":1611687883.6648479,"logger":"fallback-logger","caller":"git/git.go:103","msg":"Successfully cloned https://github.com/SeldonIO/seldon-core.git @ 964f6211285ef401df356b281ffaf03ca60618d7 in path /workspace/source"}

Showing logs for build [32mmeta-seldonio-seldon-core-pr-28-6mzn2-3[0m stage [32mmeta-pipeline[0m and container [32mstep-setup-builder-home[0m

Showing logs for build [32mmeta-seldonio-seldon-core-pr-28-6mzn2-3[0m stage [32mmeta-pipeline[0m and container [32mstep-git-merge[0m
Using SHAs from PULL_REFS=master:964f6211285ef401df356b281ffaf03ca60618d7,2892:a6a502d2967040d743d7273ec3704d5d86bde690
DEBUG: LC_ALL=C JX_LOG_LEVEL=error git fetch origin --unshallow a6a502d2967040d743d7273ec3704d5d86bde690: 964f6211285ef401df356b281ffaf03ca60618d7:
DEBUG: ran git fetch --unshallow origin a6a502d2967040d743d7273ec3704d5d86bde690: 964f6211285ef401df356b281ffaf03ca60618d7: in 
DEBUG: LC_ALL=C JX_LOG_LEVEL=error git branch
DEBUG: JX_LOG_LEVEL=error LC_ALL=C git checkout master
DEBUG: ran git checkout master in 
DEBUG: LC_ALL=C JX_LOG_LEVEL=error git reset --hard 964f6211285ef401df356b281ffaf03ca60618d7
DEBUG: ran git reset --hard 964f6211285ef401df356b281ffaf03ca60618d7 in 
DEBUG: LC_ALL=C JX_LOG_LEVEL=error git clean -fd .
DEBUG: ran clean --force -d . in 
DEBUG: LC_ALL=C JX_LOG_LEVEL=error git merge a6a502d2967040d743d7273ec3704d5d86bde690
DEBUG: ran git merge a6a502d2967040d743d7273ec3704d5d86bde690 in 
DEBUG: LC_ALL=C JX_LOG_LEVEL=error git log --format=%H%x1f%an%x1f%ae%x1f%cn%x1f%ce%x1f%s%n%b%x1e 964f6211285ef401df356b281ffaf03ca60618d7..HEAD
Merged SHA 282adf0964cea9d16be32a3fe19cb28d8efcc7aa with commit message 'Merge commit 'a6a502d2967040d743d7273ec3704d5d86bde690'' into base branch master
Merged SHA a6a502d2967040d743d7273ec3704d5d86bde690 with commit message 'Added runs on' into base branch master
Merged SHA da2401887f57eb2eca66a0b29d1e5487c140cdb5 with commit message 'Typo fix' into base branch master

Showing logs for build [32mmeta-seldonio-seldon-core-pr-28-6mzn2-3[0m stage [32mmeta-pipeline[0m and container [32mstep-merge-pull-refs[0m
DEBUG: LC_ALL=C JX_LOG_LEVEL=error git fetch origin --unshallow a6a502d2967040d743d7273ec3704d5d86bde690: 964f6211285ef401df356b281ffaf03ca60618d7:
DEBUG: LC_ALL=C JX_LOG_LEVEL=error git fetch origin a6a502d2967040d743d7273ec3704d5d86bde690: 964f6211285ef401df356b281ffaf03ca60618d7:
DEBUG: ran git fetch origin a6a502d2967040d743d7273ec3704d5d86bde690: 964f6211285ef401df356b281ffaf03ca60618d7: in 
DEBUG: LC_ALL=C JX_LOG_LEVEL=error git rev-parse --is-shallow-repository
DEBUG: Unshallowed git repo in 
DEBUG: LC_ALL=C JX_LOG_LEVEL=error git branch
DEBUG: LC_ALL=C JX_LOG_LEVEL=error git checkout master
DEBUG: ran git checkout master in 
DEBUG: LC_ALL=C JX_LOG_LEVEL=error git reset --hard 964f6211285ef401df356b281ffaf03ca60618d7
DEBUG: ran git reset --hard 964f6211285ef401df356b281ffaf03ca60618d7 in 
DEBUG: LC_ALL=C JX_LOG_LEVEL=error git clean -fd .
DEBUG: ran clean --force -d . in 
DEBUG: LC_ALL=C JX_LOG_LEVEL=error git merge a6a502d2967040d743d7273ec3704d5d86bde690
DEBUG: ran git merge a6a502d2967040d743d7273ec3704d5d86bde690 in 
DEBUG: LC_ALL=C JX_LOG_LEVEL=error git log --format=%H%x1f%an%x1f%ae%x1f%cn%x1f%ce%x1f%s%n%b%x1e 964f6211285ef401df356b281ffaf03ca60618d7..HEAD
Merged SHA 0f3ee9b3aaaf76017452f53a3ac63334bafeabf8 with commit message 'Merge commit 'a6a502d2967040d743d7273ec3704d5d86bde690'' into base branch master
Merged SHA a6a502d2967040d743d7273ec3704d5d86bde690 with commit message 'Added runs on' into base branch master
Merged SHA da2401887f57eb2eca66a0b29d1e5487c140cdb5 with commit message 'Typo fix' into base branch master

Showing logs for build [32mmeta-seldonio-seldon-core-pr-28-6mzn2-3[0m stage [32mmeta-pipeline[0m and container [32mstep-create-effective-pipeline[0m
Effective pipeline written to jenkins-x-pr-build-effective.yml

Showing logs for build [32mmeta-seldonio-seldon-core-pr-28-6mzn2-3[0m stage [32mmeta-pipeline[0m and container [32mstep-create-tekton-crds[0m
error: failed to generate Tekton CRDs: unable to extract the requested pipeline: no pipeline defined for kind pullrequest
[31m
Pipeline failed on stage 'meta-pipeline' : container 'step-create-tekton-crds'. The execution of the pipeline has stopped.[0m
