
Showing logs for build [32mmeta-seldonio-seldon-core-pr-28-56pqz-5[0m stage [32mmeta-pipeline[0m and container [32mstep-credential-initializer-pfhh6[0m
{"level":"info","ts":1611688364.6808019,"logger":"fallback-logger","caller":"logging/config.go:69","msg":"Fetch GitHub commit ID from kodata failed: open /var/run/ko/refs/heads/0.8.0-ns-support: no such file or directory"}
{"level":"info","ts":1611688364.6813602,"logger":"fallback-logger","caller":"creds-init/main.go:40","msg":"Credentials initialized."}

Showing logs for build [32mmeta-seldonio-seldon-core-pr-28-56pqz-5[0m stage [32mmeta-pipeline[0m and container [32mstep-working-dir-initializer-zlzgw[0m
{"level":"info","ts":1611688373.6282787,"logger":"fallback-logger","caller":"logging/config.go:69","msg":"Fetch GitHub commit ID from kodata failed: open /var/run/ko/HEAD: no such file or directory"}
{"level":"info","ts":1611688373.629777,"logger":"fallback-logger","caller":"bash/main.go:64","msg":"Successfully executed command \"sh -c mkdir -p /workspace/source\"; output "}

Showing logs for build [32mmeta-seldonio-seldon-core-pr-28-56pqz-5[0m stage [32mmeta-pipeline[0m and container [32mstep-place-tools[0m

Showing logs for build [32mmeta-seldonio-seldon-core-pr-28-56pqz-5[0m stage [32mmeta-pipeline[0m and container [32mstep-git-source-meta-seldonio-seldon-core-pr-28-56pqz-dt24m[0m
{"level":"info","ts":1611688400.850887,"logger":"fallback-logger","caller":"logging/config.go:69","msg":"Fetch GitHub commit ID from kodata failed: open /var/run/ko/refs/heads/0.8.0-ns-support: no such file or directory"}
{"level":"info","ts":1611688410.7768703,"logger":"fallback-logger","caller":"git/git.go:103","msg":"Successfully cloned https://github.com/SeldonIO/seldon-core.git @ 964f6211285ef401df356b281ffaf03ca60618d7 in path /workspace/source"}

Showing logs for build [32mmeta-seldonio-seldon-core-pr-28-56pqz-5[0m stage [32mmeta-pipeline[0m and container [32mstep-setup-builder-home[0m

Showing logs for build [32mmeta-seldonio-seldon-core-pr-28-56pqz-5[0m stage [32mmeta-pipeline[0m and container [32mstep-git-merge[0m
Using SHAs from PULL_REFS=master:964f6211285ef401df356b281ffaf03ca60618d7,2892:bb37d4a62df922973b86ad30f15d40e7828aee30
DEBUG: LC_ALL=C JX_LOG_LEVEL=error git fetch origin --unshallow bb37d4a62df922973b86ad30f15d40e7828aee30: 964f6211285ef401df356b281ffaf03ca60618d7:
DEBUG: ran git fetch --unshallow origin bb37d4a62df922973b86ad30f15d40e7828aee30: 964f6211285ef401df356b281ffaf03ca60618d7: in 
DEBUG: LC_ALL=C JX_LOG_LEVEL=error git branch
DEBUG: LC_ALL=C JX_LOG_LEVEL=error git checkout master
DEBUG: ran git checkout master in 
DEBUG: LC_ALL=C JX_LOG_LEVEL=error git reset --hard 964f6211285ef401df356b281ffaf03ca60618d7
DEBUG: ran git reset --hard 964f6211285ef401df356b281ffaf03ca60618d7 in 
DEBUG: LC_ALL=C JX_LOG_LEVEL=error git clean -fd .
DEBUG: ran clean --force -d . in 
DEBUG: LC_ALL=C JX_LOG_LEVEL=error git merge bb37d4a62df922973b86ad30f15d40e7828aee30
DEBUG: ran git merge bb37d4a62df922973b86ad30f15d40e7828aee30 in 
DEBUG: LC_ALL=C JX_LOG_LEVEL=error git log --format=%H%x1f%an%x1f%ae%x1f%cn%x1f%ce%x1f%s%n%b%x1e 964f6211285ef401df356b281ffaf03ca60618d7..HEAD
Merged SHA bb37d4a62df922973b86ad30f15d40e7828aee30 with commit message 'Fixed typos and added lint' into base branch master
Merged SHA d86f203297fdc6fb89a6c0d40b731127f327bd0e with commit message 'Added runs on' into base branch master
Merged SHA 1e2df126e2f29b92ebc608de8ad89f50f0ee1e63 with commit message 'Typo fix' into base branch master

Showing logs for build [32mmeta-seldonio-seldon-core-pr-28-56pqz-5[0m stage [32mmeta-pipeline[0m and container [32mstep-merge-pull-refs[0m
DEBUG: LC_ALL=C JX_LOG_LEVEL=error git fetch origin --unshallow bb37d4a62df922973b86ad30f15d40e7828aee30: 964f6211285ef401df356b281ffaf03ca60618d7:
DEBUG: LC_ALL=C JX_LOG_LEVEL=error git fetch origin bb37d4a62df922973b86ad30f15d40e7828aee30: 964f6211285ef401df356b281ffaf03ca60618d7:
DEBUG: ran git fetch origin bb37d4a62df922973b86ad30f15d40e7828aee30: 964f6211285ef401df356b281ffaf03ca60618d7: in 
DEBUG: LC_ALL=C JX_LOG_LEVEL=error git rev-parse --is-shallow-repository
DEBUG: Unshallowed git repo in 
DEBUG: LC_ALL=C JX_LOG_LEVEL=error git branch
DEBUG: LC_ALL=C JX_LOG_LEVEL=error git checkout master
DEBUG: ran git checkout master in 
DEBUG: LC_ALL=C JX_LOG_LEVEL=error git reset --hard 964f6211285ef401df356b281ffaf03ca60618d7
DEBUG: ran git reset --hard 964f6211285ef401df356b281ffaf03ca60618d7 in 
DEBUG: LC_ALL=C JX_LOG_LEVEL=error git clean -fd .
DEBUG: ran clean --force -d . in 
DEBUG: JX_LOG_LEVEL=error LC_ALL=C git merge bb37d4a62df922973b86ad30f15d40e7828aee30
DEBUG: ran git merge bb37d4a62df922973b86ad30f15d40e7828aee30 in 
DEBUG: LC_ALL=C JX_LOG_LEVEL=error git log --format=%H%x1f%an%x1f%ae%x1f%cn%x1f%ce%x1f%s%n%b%x1e 964f6211285ef401df356b281ffaf03ca60618d7..HEAD
Merged SHA bb37d4a62df922973b86ad30f15d40e7828aee30 with commit message 'Fixed typos and added lint' into base branch master
Merged SHA d86f203297fdc6fb89a6c0d40b731127f327bd0e with commit message 'Added runs on' into base branch master
Merged SHA 1e2df126e2f29b92ebc608de8ad89f50f0ee1e63 with commit message 'Typo fix' into base branch master

Showing logs for build [32mmeta-seldonio-seldon-core-pr-28-56pqz-5[0m stage [32mmeta-pipeline[0m and container [32mstep-create-effective-pipeline[0m
Effective pipeline written to jenkins-x-pr-build-effective.yml

Showing logs for build [32mmeta-seldonio-seldon-core-pr-28-56pqz-5[0m stage [32mmeta-pipeline[0m and container [32mstep-create-tekton-crds[0m
error: failed to generate Tekton CRDs: unable to extract the requested pipeline: no pipeline defined for kind pullrequest
[31m
Pipeline failed on stage 'meta-pipeline' : container 'step-create-tekton-crds'. The execution of the pipeline has stopped.[0m
