
Showing logs for build [32mmeta-seldonio-seldon-core-creat-qrpjf-5[0m stage [32mmeta-pipeline[0m and container [32mstep-credential-initializer-ghdm4[0m
{"level":"info","ts":1597312807.8695614,"logger":"fallback-logger","caller":"logging/config.go:69","msg":"Fetch GitHub commit ID from kodata failed: open /var/run/ko/refs/heads/0.8.0-ns-support: no such file or directory"}
{"level":"info","ts":1597312807.870236,"logger":"fallback-logger","caller":"creds-init/main.go:40","msg":"Credentials initialized."}

Showing logs for build [32mmeta-seldonio-seldon-core-creat-qrpjf-5[0m stage [32mmeta-pipeline[0m and container [32mstep-working-dir-initializer-k855d[0m
{"level":"info","ts":1597312809.3124073,"logger":"fallback-logger","caller":"logging/config.go:69","msg":"Fetch GitHub commit ID from kodata failed: open /var/run/ko/HEAD: no such file or directory"}
{"level":"info","ts":1597312809.314121,"logger":"fallback-logger","caller":"bash/main.go:64","msg":"Successfully executed command \"sh -c mkdir -p /workspace/source\"; output "}

Showing logs for build [32mmeta-seldonio-seldon-core-creat-qrpjf-5[0m stage [32mmeta-pipeline[0m and container [32mstep-place-tools[0m

Showing logs for build [32mmeta-seldonio-seldon-core-creat-qrpjf-5[0m stage [32mmeta-pipeline[0m and container [32mstep-git-source-meta-seldonio-seldon-core-creat-qrpjf-4gpx7[0m
Unable to retrieve container logs for docker://8a93cdbe0fe0bca58c4b4d13cd3bbd5fbc60ed04187aa0db1f5eefb72d000da2

Showing logs for build [32mmeta-seldonio-seldon-core-creat-qrpjf-5[0m stage [32mmeta-pipeline[0m and container [32mstep-setup-builder-home[0m
Unable to retrieve container logs for docker://0ae6e1a95a7ab0713ed9834313d9e1c43037abcc933ef5d23068e3af294dbfe8

Showing logs for build [32mmeta-seldonio-seldon-core-creat-qrpjf-5[0m stage [32mmeta-pipeline[0m and container [32mstep-git-merge[0m
Unable to retrieve container logs for docker://9a08d62a063826506bf8046d6390666763888dc85393d0699a5cc4b587885645

Showing logs for build [32mmeta-seldonio-seldon-core-creat-qrpjf-5[0m stage [32mmeta-pipeline[0m and container [32mstep-merge-pull-refs[0m
Unable to retrieve container logs for docker://0e42ba71d4a0cee521cf19f9d892581ae6c220ea928963e165be842836a934be

Showing logs for build [32mmeta-seldonio-seldon-core-creat-qrpjf-5[0m stage [32mmeta-pipeline[0m and container [32mstep-create-effective-pipeline[0m
Unable to retrieve container logs for docker://29b74f046a3485951cbd2bf0ac3e0494211171460760346f36087180bd9cd8c2

Showing logs for build [32mmeta-seldonio-seldon-core-creat-qrpjf-5[0m stage [32mmeta-pipeline[0m and container [32mstep-create-tekton-crds[0m
Unable to retrieve container logs for docker://5dc3d55124ef7514d64bd44f25e32fb152e4e771e2844654edf98cc53ea92a6a
[31m
Pipeline failed on stage 'meta-pipeline' : container 'step-create-tekton-crds'. The execution of the pipeline has stopped.[0m
