
Showing logs for build [32mmeta-seldonio-seldon-core-pr-28-xmpqc-2[0m stage [32mmeta-pipeline[0m and container [32mstep-credential-initializer-8j49c[0m
{"level":"info","ts":1611694443.3411534,"logger":"fallback-logger","caller":"logging/config.go:69","msg":"Fetch GitHub commit ID from kodata failed: open /var/run/ko/refs/heads/0.8.0-ns-support: no such file or directory"}
{"level":"info","ts":1611694443.3434014,"logger":"fallback-logger","caller":"creds-init/main.go:40","msg":"Credentials initialized."}

Showing logs for build [32mmeta-seldonio-seldon-core-pr-28-xmpqc-2[0m stage [32mmeta-pipeline[0m and container [32mstep-working-dir-initializer-pqbct[0m
{"level":"info","ts":1611694444.0132065,"logger":"fallback-logger","caller":"logging/config.go:69","msg":"Fetch GitHub commit ID from kodata failed: open /var/run/ko/HEAD: no such file or directory"}
{"level":"info","ts":1611694444.0167649,"logger":"fallback-logger","caller":"bash/main.go:64","msg":"Successfully executed command \"sh -c mkdir -p /workspace/source\"; output "}

Showing logs for build [32mmeta-seldonio-seldon-core-pr-28-xmpqc-2[0m stage [32mmeta-pipeline[0m and container [32mstep-place-tools[0m

Showing logs for build [32mmeta-seldonio-seldon-core-pr-28-xmpqc-2[0m stage [32mmeta-pipeline[0m and container [32mstep-git-source-meta-seldonio-seldon-core-pr-28-xmpqc-2thg7[0m
{"level":"info","ts":1611694451.0379171,"logger":"fallback-logger","caller":"logging/config.go:69","msg":"Fetch GitHub commit ID from kodata failed: open /var/run/ko/refs/heads/0.8.0-ns-support: no such file or directory"}
{"level":"info","ts":1611694461.0629475,"logger":"fallback-logger","caller":"git/git.go:103","msg":"Successfully cloned https://github.com/SeldonIO/seldon-core.git @ fbf7a7771491b6210539f11e3e827df07ea0dbed in path /workspace/source"}

Showing logs for build [32mmeta-seldonio-seldon-core-pr-28-xmpqc-2[0m stage [32mmeta-pipeline[0m and container [32mstep-setup-builder-home[0m

Showing logs for build [32mmeta-seldonio-seldon-core-pr-28-xmpqc-2[0m stage [32mmeta-pipeline[0m and container [32mstep-git-merge[0m
Using SHAs from PULL_REFS=master:fbf7a7771491b6210539f11e3e827df07ea0dbed,2893:38a3d4569e139a839ab3fb341155feb5f0b906f9
DEBUG: LC_ALL=C JX_LOG_LEVEL=error git fetch origin --unshallow 38a3d4569e139a839ab3fb341155feb5f0b906f9: fbf7a7771491b6210539f11e3e827df07ea0dbed:
DEBUG: ran git fetch --unshallow origin 38a3d4569e139a839ab3fb341155feb5f0b906f9: fbf7a7771491b6210539f11e3e827df07ea0dbed: in 
DEBUG: LC_ALL=C JX_LOG_LEVEL=error git branch
DEBUG: LC_ALL=C JX_LOG_LEVEL=error git checkout master
DEBUG: ran git checkout master in 
DEBUG: LC_ALL=C JX_LOG_LEVEL=error git reset --hard fbf7a7771491b6210539f11e3e827df07ea0dbed
DEBUG: ran git reset --hard fbf7a7771491b6210539f11e3e827df07ea0dbed in 
DEBUG: LC_ALL=C JX_LOG_LEVEL=error git clean -fd .
DEBUG: ran clean --force -d . in 
DEBUG: LC_ALL=C JX_LOG_LEVEL=error git merge 38a3d4569e139a839ab3fb341155feb5f0b906f9
DEBUG: ran git merge 38a3d4569e139a839ab3fb341155feb5f0b906f9 in 
DEBUG: LC_ALL=C JX_LOG_LEVEL=error git log --format=%H%x1f%an%x1f%ae%x1f%cn%x1f%ce%x1f%s%n%b%x1e fbf7a7771491b6210539f11e3e827df07ea0dbed..HEAD
Merged SHA 05272b78546cc2e8f8df88163777cc7966953176 with commit message 'Merge commit '38a3d4569e139a839ab3fb341155feb5f0b906f9'' into base branch master
Merged SHA 38a3d4569e139a839ab3fb341155feb5f0b906f9 with commit message 'Added notebooks' into base branch master
Merged SHA 16d75ba62fc96307e2e98a49055eaaae4ac639f2 with commit message 'Added env' into base branch master

Showing logs for build [32mmeta-seldonio-seldon-core-pr-28-xmpqc-2[0m stage [32mmeta-pipeline[0m and container [32mstep-merge-pull-refs[0m
DEBUG: LC_ALL=C JX_LOG_LEVEL=error git fetch origin --unshallow 38a3d4569e139a839ab3fb341155feb5f0b906f9: fbf7a7771491b6210539f11e3e827df07ea0dbed:
DEBUG: LC_ALL=C JX_LOG_LEVEL=error git fetch origin 38a3d4569e139a839ab3fb341155feb5f0b906f9: fbf7a7771491b6210539f11e3e827df07ea0dbed:
DEBUG: ran git fetch origin 38a3d4569e139a839ab3fb341155feb5f0b906f9: fbf7a7771491b6210539f11e3e827df07ea0dbed: in 
DEBUG: LC_ALL=C JX_LOG_LEVEL=error git rev-parse --is-shallow-repository
DEBUG: Unshallowed git repo in 
DEBUG: LC_ALL=C JX_LOG_LEVEL=error git branch
DEBUG: LC_ALL=C JX_LOG_LEVEL=error git checkout master
DEBUG: ran git checkout master in 
DEBUG: LC_ALL=C JX_LOG_LEVEL=error git reset --hard fbf7a7771491b6210539f11e3e827df07ea0dbed
DEBUG: ran git reset --hard fbf7a7771491b6210539f11e3e827df07ea0dbed in 
DEBUG: LC_ALL=C JX_LOG_LEVEL=error git clean -fd .
DEBUG: ran clean --force -d . in 
DEBUG: LC_ALL=C JX_LOG_LEVEL=error git merge 38a3d4569e139a839ab3fb341155feb5f0b906f9
DEBUG: ran git merge 38a3d4569e139a839ab3fb341155feb5f0b906f9 in 
DEBUG: LC_ALL=C JX_LOG_LEVEL=error git log --format=%H%x1f%an%x1f%ae%x1f%cn%x1f%ce%x1f%s%n%b%x1e fbf7a7771491b6210539f11e3e827df07ea0dbed..HEAD
Merged SHA b60e1d6ada9136a0ef5a46189b8912696cbe7c35 with commit message 'Merge commit '38a3d4569e139a839ab3fb341155feb5f0b906f9'' into base branch master
Merged SHA 38a3d4569e139a839ab3fb341155feb5f0b906f9 with commit message 'Added notebooks' into base branch master
Merged SHA 16d75ba62fc96307e2e98a49055eaaae4ac639f2 with commit message 'Added env' into base branch master

Showing logs for build [32mmeta-seldonio-seldon-core-pr-28-xmpqc-2[0m stage [32mmeta-pipeline[0m and container [32mstep-create-effective-pipeline[0m
Effective pipeline written to jenkins-x-lint-effective.yml

Showing logs for build [32mmeta-seldonio-seldon-core-pr-28-xmpqc-2[0m stage [32mmeta-pipeline[0m and container [32mstep-create-tekton-crds[0m
error: failed to generate Tekton CRDs: unable to extract the requested pipeline: no pipeline defined for kind pullrequest
[31m
Pipeline failed on stage 'meta-pipeline' : container 'step-create-tekton-crds'. The execution of the pipeline has stopped.[0m
