
Showing logs for build [32mseldonio-seldon-core-pr-2026-li-5shxx-2[0m stage [32mpr-build-comment[0m and container [32mstep-credential-initializer-xd96s[0m
{"level":"warn","ts":1593505582.8585608,"logger":"fallback-logger","caller":"logging/config.go:69","msg":"Fetch GitHub commit ID from kodata failed: \"ref: refs/heads/0.8.0-**-support-backwards-incompats\" is not a valid GitHub commit ID"}
{"level":"info","ts":1593505582.870568,"logger":"fallback-logger","caller":"creds-init/main.go:40","msg":"Credentials initialized."}

Showing logs for build [32mseldonio-seldon-core-pr-2026-li-5shxx-2[0m stage [32mpr-build-comment[0m and container [32mstep-working-dir-initializer-m54mx[0m
{"level":"warn","ts":1593505587.1211514,"logger":"fallback-logger","caller":"logging/config.go:69","msg":"Fetch GitHub commit ID from kodata failed: open /var/run/ko/HEAD: no such file or directory"}
{"level":"info","ts":1593505587.1257823,"logger":"fallback-logger","caller":"bash/main.go:64","msg":"Successfully executed command \"sh -c mkdir -p /workspace/source\"; output "}

Showing logs for build [32mseldonio-seldon-core-pr-2026-li-5shxx-2[0m stage [32mpr-build-comment[0m and container [32mstep-place-tools[0m

Showing logs for build [32mseldonio-seldon-core-pr-2026-li-5shxx-2[0m stage [32mpr-build-comment[0m and container [32mstep-create-dir-workspace-jvfc6[0m
{"level":"warn","ts":1593505635.937962,"logger":"fallback-logger","caller":"logging/config.go:69","msg":"Fetch GitHub commit ID from kodata failed: open /var/run/ko/HEAD: no such file or directory"}
{"level":"info","ts":1593505635.9701266,"logger":"fallback-logger","caller":"bash/main.go:64","msg":"Successfully executed command \"sh -c mkdir -p source\"; output "}

Showing logs for build [32mseldonio-seldon-core-pr-2026-li-5shxx-2[0m stage [32mpr-build-comment[0m and container [32mstep-git-source-seldonio-seldon-core-pr-2026-li-h5624[0m
{"level":"warn","ts":1593505636.1517837,"logger":"fallback-logger","caller":"logging/config.go:69","msg":"Fetch GitHub commit ID from kodata failed: \"ref: refs/heads/0.8.0-**-support-backwards-incompats\" is not a valid GitHub commit ID"}
{"level":"info","ts":1593505652.9936361,"logger":"fallback-logger","caller":"git/git.go:103","msg":"Successfully cloned https://github.com/SeldonIO/seldon-core.git @ master in path /workspace/source"}

Showing logs for build [32mseldonio-seldon-core-pr-2026-li-5shxx-2[0m stage [32mpr-build-comment[0m and container [32mstep-git-merge[0m
Using SHAs from PULL_REFS=master:04ee26abd2767a65fb2a0b4fac94b2c7e2db4ead,2026:24087de097bfb3683e37365ddbd57912f186d449
DEBUG: ran git fetch --unshallow origin 24087de097bfb3683e37365ddbd57912f186d449: 04ee26abd2767a65fb2a0b4fac94b2c7e2db4ead: in 
DEBUG: ran git checkout master in 
DEBUG: ran git reset --hard 04ee26abd2767a65fb2a0b4fac94b2c7e2db4ead in 
DEBUG: ran clean --force -d . in 
DEBUG: ran git merge 24087de097bfb3683e37365ddbd57912f186d449 in 
Merged SHA c408ce32df0048b6f24e23edc6699dc9049b4a00 with commit message 'Merge commit '24087de097bfb3683e37365ddbd57912f186d449'' into base branch master
Merged SHA 24087de097bfb3683e37365ddbd57912f186d449 with commit message 'Bump jackson.version from 2.10.0 to 2.11.1 in /engine' into base branch master

Showing logs for build [32mseldonio-seldon-core-pr-2026-li-5shxx-2[0m stage [32mpr-build-comment[0m and container [32mstep-step2[0m
+++ dirname ./add-pr-build-comment
++ cd .
++ pwd
+ STARTUP_DIR=/workspace/source/ci
+ REPO_OWNER=SeldonIO
+ REPO_NAME=seldon-core
+ PULL_NUMBER=2026
+ BUILD_NUMBER=2
+ PIPELINE_CONTEXT=lint
++ cat
+++ date
+ COMMENT_MSG='Tue Jun 30 08:27:59 UTC 2020
The logs for [lint] [2] will show after the pipeline context has finished.  
https://github.com/SeldonIO/seldon-core/blob/gh-pages/jenkins-x/logs/SeldonIO/seldon-core/PR-2026/2.log

impatient try  
** get build logs SeldonIO/seldon-core/PR-2026 --build=2'
+ ** step pr comment --owner=SeldonIO --repository=seldon-core --pull-request=2026 '--comment=Tue Jun 30 08:27:59 UTC 2020
The logs for [lint] [2] will show after the pipeline context has finished.  
https://github.com/SeldonIO/seldon-core/blob/gh-pages/jenkins-x/logs/SeldonIO/seldon-core/PR-2026/2.log

impatient try  
** get build logs SeldonIO/seldon-core/PR-2026 --build=2'

Showing logs for build [32mseldonio-seldon-core-pr-2026-li-5shxx-2[0m stage [32mpr-build-comment[0m and container [32mstep-source-mkdir-seldonio-seldon-core-pr-2026-li-kvdkb[0m
{"level":"warn","ts":1593505683.0073526,"logger":"fallback-logger","caller":"logging/config.go:69","msg":"Fetch GitHub commit ID from kodata failed: open /var/run/ko/HEAD: no such file or directory"}
{"level":"info","ts":1593505683.188177,"logger":"fallback-logger","caller":"bash/main.go:64","msg":"Successfully executed command \"sh -c mkdir -p /pvc/pr-build-comment/workspace\"; output "}

Showing logs for build [32mseldonio-seldon-core-pr-2026-li-5shxx-2[0m stage [32mpr-build-comment[0m and container [32mstep-source-copy-seldonio-seldon-core-pr-2026-li-2mj2p[0m
{"level":"warn","ts":1593505683.902173,"logger":"fallback-logger","caller":"logging/config.go:69","msg":"Fetch GitHub commit ID from kodata failed: open /var/run/ko/HEAD: no such file or directory"}
{"level":"info","ts":1593505685.4735253,"logger":"fallback-logger","caller":"bash/main.go:64","msg":"Successfully executed command \"sh -c cp -r source/. /pvc/pr-build-comment/workspace\"; output "}

Showing logs for build [32mseldonio-seldon-core-pr-2026-li-5shxx-2[0m stage [32mlint-python[0m and container [32mstep-credential-initializer-9rpp4[0m
{"level":"warn","ts":1593506058.1743484,"logger":"fallback-logger","caller":"logging/config.go:69","msg":"Fetch GitHub commit ID from kodata failed: \"ref: refs/heads/0.8.0-**-support-backwards-incompats\" is not a valid GitHub commit ID"}
{"level":"info","ts":1593506058.174957,"logger":"fallback-logger","caller":"creds-init/main.go:40","msg":"Credentials initialized."}

Showing logs for build [32mseldonio-seldon-core-pr-2026-li-5shxx-2[0m stage [32mlint-python[0m and container [32mstep-working-dir-initializer-hknzn[0m
{"level":"warn","ts":1593506078.5180542,"logger":"fallback-logger","caller":"logging/config.go:69","msg":"Fetch GitHub commit ID from kodata failed: open /var/run/ko/HEAD: no such file or directory"}
{"level":"info","ts":1593506078.5378733,"logger":"fallback-logger","caller":"bash/main.go:64","msg":"Successfully executed command \"sh -c mkdir -p /workspace/source\"; output "}

Showing logs for build [32mseldonio-seldon-core-pr-2026-li-5shxx-2[0m stage [32mlint-python[0m and container [32mstep-place-tools[0m

Showing logs for build [32mseldonio-seldon-core-pr-2026-li-5shxx-2[0m stage [32mlint-python[0m and container [32mstep-create-dir-workspace-dghhz[0m
{"level":"warn","ts":1593506289.4740534,"logger":"fallback-logger","caller":"logging/config.go:69","msg":"Fetch GitHub commit ID from kodata failed: open /var/run/ko/HEAD: no such file or directory"}
{"level":"info","ts":1593506289.4754906,"logger":"fallback-logger","caller":"bash/main.go:64","msg":"Successfully executed command \"sh -c mkdir -p /workspace/source\"; output "}
[31m
Pipeline failed on stage 'lint-python' : container 'step-create-dir-workspace-dghhz'. The execution of the pipeline has stopped.[0m
