
Showing logs for build [32mseldonio-seldon-core-pr-1457-li-nwckt-2[0m stage [32mpr-build-comment[0m and container [32mstep-credential-initializer-cz9pv[0m
{"level":"warn","ts":1581941340.0925546,"logger":"fallback-logger","caller":"logging/config.go:69","msg":"Fetch GitHub commit ID from kodata failed: \"ref: refs/heads/0.8.0-**-support-backwards-incompats\" is not a valid GitHub commit ID"}
{"level":"info","ts":1581941340.0931525,"logger":"fallback-logger","caller":"creds-init/main.go:40","msg":"Credentials initialized."}

Showing logs for build [32mseldonio-seldon-core-pr-1457-li-nwckt-2[0m stage [32mpr-build-comment[0m and container [32mstep-working-dir-initializer-8xgbf[0m
{"level":"warn","ts":1581941340.437518,"logger":"fallback-logger","caller":"logging/config.go:69","msg":"Fetch GitHub commit ID from kodata failed: open /var/run/ko/HEAD: no such file or directory"}
{"level":"info","ts":1581941340.4391341,"logger":"fallback-logger","caller":"bash/main.go:64","msg":"Successfully executed command \"sh -c mkdir -p /workspace/source\"; output "}

Showing logs for build [32mseldonio-seldon-core-pr-1457-li-nwckt-2[0m stage [32mpr-build-comment[0m and container [32mstep-place-tools[0m

Showing logs for build [32mseldonio-seldon-core-pr-1457-li-nwckt-2[0m stage [32mpr-build-comment[0m and container [32mstep-create-dir-workspace-ptqjs[0m
{"level":"warn","ts":1581941346.521223,"logger":"fallback-logger","caller":"logging/config.go:69","msg":"Fetch GitHub commit ID from kodata failed: open /var/run/ko/HEAD: no such file or directory"}
{"level":"info","ts":1581941346.5229964,"logger":"fallback-logger","caller":"bash/main.go:64","msg":"Successfully executed command \"sh -c mkdir -p source\"; output "}

Showing logs for build [32mseldonio-seldon-core-pr-1457-li-nwckt-2[0m stage [32mpr-build-comment[0m and container [32mstep-git-source-seldonio-seldon-core-pr-1457-li-79jl2[0m
{"level":"warn","ts":1581941346.7624376,"logger":"fallback-logger","caller":"logging/config.go:69","msg":"Fetch GitHub commit ID from kodata failed: \"ref: refs/heads/0.8.0-**-support-backwards-incompats\" is not a valid GitHub commit ID"}
{"level":"info","ts":1581941350.0998766,"logger":"fallback-logger","caller":"git/git.go:103","msg":"Successfully cloned https://github.com/SeldonIO/seldon-core.git @ master in path /workspace/source"}

Showing logs for build [32mseldonio-seldon-core-pr-1457-li-nwckt-2[0m stage [32mpr-build-comment[0m and container [32mstep-git-merge[0m
Using SHAs from PULL_REFS=master:6f4eafa2f20a4df14a4f5b0aafee22f9f4f990c0,1457:32a1efe181bff1608722b8edb634f4c000de3df5
DEBUG: ran git fetch --unshallow origin 32a1efe181bff1608722b8edb634f4c000de3df5: 6f4eafa2f20a4df14a4f5b0aafee22f9f4f990c0: in 
DEBUG: ran git checkout master in 
DEBUG: ran git reset --hard 6f4eafa2f20a4df14a4f5b0aafee22f9f4f990c0 in 
DEBUG: ran clean --force -d . in 
DEBUG: ran git merge 32a1efe181bff1608722b8edb634f4c000de3df5 in 
Merged SHA ed168f4d0785c0143290ca3336961d635bcdf37c with commit message 'Merge commit '32a1efe181bff1608722b8edb634f4c000de3df5'' into base branch master
Merged SHA 32a1efe181bff1608722b8edb634f4c000de3df5 with commit message 'improve reliability of req logging under high load' into base branch master

Showing logs for build [32mseldonio-seldon-core-pr-1457-li-nwckt-2[0m stage [32mpr-build-comment[0m and container [32mstep-step2[0m
+++ dirname ./add-pr-build-comment
++ cd .
++ pwd
+ STARTUP_DIR=/workspace/source/ci
+ REPO_OWNER=SeldonIO
+ REPO_NAME=seldon-core
+ PULL_NUMBER=1457
+ BUILD_NUMBER=2
+ PIPELINE_CONTEXT=lint
++ cat
+++ date
+ COMMENT_MSG='Mon Feb 17 12:09:16 UTC 2020
The logs for [lint] [2] will show after the pipeline context has finished.  
https://github.com/SeldonIO/seldon-core/blob/gh-pages/jenkins-x/logs/SeldonIO/seldon-core/PR-1457/2.log

impatient try  
** get build logs SeldonIO/seldon-core/PR-1457 --build=2'
+ ** step pr comment --owner=SeldonIO --repository=seldon-core --pull-request=1457 '--comment=Mon Feb 17 12:09:16 UTC 2020
The logs for [lint] [2] will show after the pipeline context has finished.  
https://github.com/SeldonIO/seldon-core/blob/gh-pages/jenkins-x/logs/SeldonIO/seldon-core/PR-1457/2.log

impatient try  
** get build logs SeldonIO/seldon-core/PR-1457 --build=2'

Showing logs for build [32mseldonio-seldon-core-pr-1457-li-nwckt-2[0m stage [32mpr-build-comment[0m and container [32mstep-source-mkdir-seldonio-seldon-core-pr-1457-li-s8qh6[0m
{"level":"warn","ts":1581941362.4362442,"logger":"fallback-logger","caller":"logging/config.go:69","msg":"Fetch GitHub commit ID from kodata failed: open /var/run/ko/HEAD: no such file or directory"}
{"level":"info","ts":1581941362.439229,"logger":"fallback-logger","caller":"bash/main.go:64","msg":"Successfully executed command \"sh -c mkdir -p /pvc/pr-build-comment/workspace\"; output "}

Showing logs for build [32mseldonio-seldon-core-pr-1457-li-nwckt-2[0m stage [32mpr-build-comment[0m and container [32mstep-source-copy-seldonio-seldon-core-pr-1457-li-rzssn[0m
{"level":"warn","ts":1581941362.6553488,"logger":"fallback-logger","caller":"logging/config.go:69","msg":"Fetch GitHub commit ID from kodata failed: open /var/run/ko/HEAD: no such file or directory"}
{"level":"info","ts":1581941362.9094608,"logger":"fallback-logger","caller":"bash/main.go:64","msg":"Successfully executed command \"sh -c cp -r source/. /pvc/pr-build-comment/workspace\"; output "}

Showing logs for build [32mseldonio-seldon-core-pr-1457-li-nwckt-2[0m stage [32mpython-lint-task[0m and container [32mstep-credential-initializer-ppt2s[0m
{"level":"warn","ts":1581941371.3129156,"logger":"fallback-logger","caller":"logging/config.go:69","msg":"Fetch GitHub commit ID from kodata failed: \"ref: refs/heads/0.8.0-**-support-backwards-incompats\" is not a valid GitHub commit ID"}
{"level":"info","ts":1581941371.313378,"logger":"fallback-logger","caller":"creds-init/main.go:40","msg":"Credentials initialized."}

Showing logs for build [32mseldonio-seldon-core-pr-1457-li-nwckt-2[0m stage [32mpython-lint-task[0m and container [32mstep-working-dir-initializer-24kkv[0m
{"level":"warn","ts":1581941372.2730176,"logger":"fallback-logger","caller":"logging/config.go:69","msg":"Fetch GitHub commit ID from kodata failed: open /var/run/ko/HEAD: no such file or directory"}
{"level":"info","ts":1581941372.2746115,"logger":"fallback-logger","caller":"bash/main.go:64","msg":"Successfully executed command \"sh -c mkdir -p /workspace/source\"; output "}

Showing logs for build [32mseldonio-seldon-core-pr-1457-li-nwckt-2[0m stage [32mpython-lint-task[0m and container [32mstep-place-tools[0m

Showing logs for build [32mseldonio-seldon-core-pr-1457-li-nwckt-2[0m stage [32mpython-lint-task[0m and container [32mstep-create-dir-workspace-6wnxz[0m
{"level":"warn","ts":1581941445.4165988,"logger":"fallback-logger","caller":"logging/config.go:69","msg":"Fetch GitHub commit ID from kodata failed: open /var/run/ko/HEAD: no such file or directory"}
{"level":"info","ts":1581941445.4182317,"logger":"fallback-logger","caller":"bash/main.go:64","msg":"Successfully executed command \"sh -c mkdir -p /workspace/source\"; output "}

Showing logs for build [32mseldonio-seldon-core-pr-1457-li-nwckt-2[0m stage [32mpython-lint-task[0m and container [32mstep-source-copy-workspace-2zrpz[0m
{"level":"warn","ts":1581941445.6555736,"logger":"fallback-logger","caller":"logging/config.go:69","msg":"Fetch GitHub commit ID from kodata failed: open /var/run/ko/HEAD: no such file or directory"}
{"level":"info","ts":1581941448.2226174,"logger":"fallback-logger","caller":"bash/main.go:64","msg":"Successfully executed command \"sh -c cp -r /pvc/pr-build-comment/workspace/. /workspace/source\"; output "}

Showing logs for build [32mseldonio-seldon-core-pr-1457-li-nwckt-2[0m stage [32mpython-lint-task[0m and container [32mstep-python-lint[0m
make: Entering directory '/workspace/source/python'
pip install black==19.3b0
Collecting black==19.3b0
  Downloading black-19.3b0-py36-none-any.whl (89 kB)
Collecting toml>=0.9.4
  Downloading toml-0.10.0-py2.py3-none-any.whl (25 kB)
Collecting attrs>=18.1.0
  Downloading attrs-19.3.0-py2.py3-none-any.whl (39 kB)
Collecting click>=6.5
  Downloading Click-7.0-py2.py3-none-any.whl (81 kB)
Collecting appdirs
  Downloading appdirs-1.4.3-py2.py3-none-any.whl (12 kB)
Installing collected packages: toml, attrs, click, appdirs, black
Successfully installed appdirs-1.4.3 attrs-19.3.0 black-19.3b0 click-7.0 toml-0.10.0
black \
	--check ./ ../testing \
	--exclude "(testing/scripts/proto|seldon_core/proto/|.eggs|.tox)"
All done! ✨ 🍰 ✨
55 files would be left unchanged.
make: Leaving directory '/workspace/source/python'
